Running 1 Experiments..

Hyperparameters: 
 - dataset                 cifar10
 - net                     lenet_cifar
 - n_clients               1000
 - n_data                  None
 - communication_rounds    1
 - local_epochs            1
 - participation_rate      0.01
 - classes_per_client      0
 - batch_size              128
 - balancedness            1.0
 - pretrained              None
 - save_model              None
 - log_frequency           1
 - log_path                /manyclients/
 - finished                False
 - log_id                  57458

Files already downloaded and verified
Files already downloaded and verified
Data split:
 - Client 0: [8 2 5 4 8 3 6 3 8 3]
 - Client 1: [8 6 4 4 3 5 5 4 4 7]
 - Client 2: [8 4 5 5 3 3 4 6 5 7]
 - Client 3: [2 8 4 5 4 7 4 7 8 1]
 - Client 4: [7 8 5 2 4 5 4 6 4 5]
 - Client 5: [6 6 3 7 2 6 5 3 7 5]
 - Client 6: [4 8 7 3 6 6 5 3 2 6]
 - Client 7: [4 5 7 4 6 7 4 4 5 4]
 - Client 8: [5 2 4 4 2 9 6 5 5 8]
 - Client 9: [7 2 4 7 5 4 3 6 5 7]
 - Client 10: [ 4  2  2 12  5  5  5  8  4  3]
 - Client 11: [6 3 9 3 6 5 6 3 7 2]
 - Client 12: [ 2  5  4  5  8  3  6  2 10  5]
 - Client 13: [4 6 8 1 3 6 6 4 3 9]
 - Client 14: [ 3  2  9  4  3  5  3  7 11  3]
 - Client 15: [6 4 3 1 6 6 4 7 7 6]
 - Client 16: [7 3 4 4 4 4 6 6 3 9]
 - Client 17: [9 4 2 5 9 2 6 5 5 3]
 - Client 18: [4 2 3 6 6 8 4 3 6 8]
 - Client 19: [5 5 5 7 5 7 5 5 2 4]
 - Client 20: [5 4 7 3 4 5 8 4 8 2]
 - Client 21: [8 2 3 6 4 3 6 5 8 5]
 - Client 22: [6 6 5 2 3 9 8 2 5 4]
 - Client 23: [2 5 1 5 9 6 6 6 9 1]
 - Client 24: [13  6  4  2  2  3  3  6  7  4]
 - Client 25: [4 6 4 6 4 3 5 5 5 8]
 - Client 26: [5 6 6 5 3 4 3 7 8 3]
 - Client 27: [6 3 4 5 4 1 5 8 8 6]
 - Client 28: [8 5 7 4 5 7 1 6 4 3]
 - Client 29: [ 6  6  4 11  3  6  2  2  5  5]
 - Client 30: [ 8  5  1 11  7  3  3  5  1  6]
 - Client 31: [6 3 3 2 7 7 2 8 5 7]
 - Client 32: [ 4  5  5  8  2  6  2  3  4 11]
 - Client 33: [7 7 3 6 4 5 6 2 2 8]
 - Client 34: [9 4 3 5 4 5 3 7 5 5]
 - Client 35: [5 5 1 8 3 4 9 2 7 6]
 - Client 36: [3 8 6 7 7 3 2 4 6 4]
 - Client 37: [7 7 7 5 3 3 5 3 5 5]
 - Client 38: [6 4 7 4 2 6 6 6 6 3]
 - Client 39: [9 6 8 2 4 2 5 3 7 4]
 - Client 40: [8 6 7 4 7 3 8 1 3 3]
 - Client 41: [4 3 8 7 5 4 7 1 7 4]
 - Client 42: [6 2 2 4 4 6 4 5 8 9]
 - Client 43: [ 2  3 11  6  4  6  5  4  6  3]
 - Client 44: [5 4 4 2 5 4 5 7 9 5]
 - Client 45: [3 8 4 5 3 3 7 7 8 2]
 - Client 46: [4 4 4 8 3 4 7 3 6 7]
 - Client 47: [6 3 4 5 7 3 5 2 9 6]
 - Client 48: [ 2  7 12  4  5  1  2  5  9  3]
 - Client 49: [6 4 7 6 3 4 8 3 4 5]
 - Client 50: [ 1  8  3  3 11  4  7  4  6  3]
 - Client 51: [8 9 4 1 5 4 3 7 5 4]
 - Client 52: [ 6  3  7  3 11  2  4  3  4  7]
 - Client 53: [5 5 5 4 2 3 8 5 6 7]
 - Client 54: [ 4  2 11  8  1  7  2  5  5  5]
 - Client 55: [8 5 2 9 2 3 4 9 3 5]
 - Client 56: [6 7 7 5 4 5 3 5 4 4]
 - Client 57: [6 5 2 4 2 3 6 7 7 8]
 - Client 58: [1 4 4 7 3 7 8 5 3 8]
 - Client 59: [6 8 6 1 6 3 7 5 2 6]
 - Client 60: [6 4 3 3 5 6 6 4 7 6]
 - Client 61: [ 3  8  4  7  5  3  4  4 10  2]
 - Client 62: [1 1 4 3 8 8 5 6 7 7]
 - Client 63: [6 4 8 3 6 5 4 4 6 4]
 - Client 64: [5 2 9 8 4 5 5 2 4 6]
 - Client 65: [3 5 6 5 5 5 6 7 3 5]
 - Client 66: [5 6 5 3 5 5 7 2 9 3]
 - Client 67: [6 7 4 3 2 9 4 8 3 4]
 - Client 68: [4 3 2 6 5 5 7 7 6 5]
 - Client 69: [4 8 5 3 5 8 7 1 7 2]
 - Client 70: [12  7  5  6  4  2  4  3  6  1]
 - Client 71: [ 5  2  5  7  4  4  6  4  3 10]
 - Client 72: [6 5 4 8 3 6 5 3 2 8]
 - Client 73: [ 7  5  4  4 11  1  4  5  7  2]
 - Client 74: [4 4 3 6 5 1 5 7 7 8]
 - Client 75: [5 5 6 7 5 4 4 2 7 5]
 - Client 76: [4 8 2 6 8 9 2 4 3 4]
 - Client 77: [3 5 3 5 5 8 6 5 5 5]
 - Client 78: [8 3 5 4 4 4 5 9 4 4]
 - Client 79: [3 5 1 5 5 5 7 8 3 8]
 - Client 80: [6 6 5 8 2 6 4 6 4 3]
 - Client 81: [7 4 4 7 7 6 2 3 4 6]
 - Client 82: [5 2 8 4 2 5 7 9 5 3]
 - Client 83: [8 3 5 3 5 4 4 7 8 3]
 - Client 84: [5 7 4 2 6 9 5 4 1 7]
 - Client 85: [5 4 7 4 4 6 5 7 6 2]
 - Client 86: [5 6 7 7 4 6 5 2 7 1]
 - Client 87: [4 4 5 6 6 6 2 3 7 7]
 - Client 88: [5 3 5 5 4 7 6 6 5 4]
 - Client 89: [3 8 1 4 6 4 4 5 6 9]
 - Client 90: [9 3 5 6 2 6 2 8 5 4]
 - Client 91: [3 6 5 3 5 4 7 4 6 7]
 - Client 92: [8 2 5 6 8 2 7 5 5 2]
 - Client 93: [ 6 10  3  4  7  4  6  2  4  4]
 - Client 94: [3 6 7 4 5 5 5 3 9 3]
 - Client 95: [5 4 6 4 2 4 6 5 9 5]
 - Client 96: [6 5 3 7 4 5 9 4 1 6]
 - Client 97: [4 6 7 5 9 5 1 5 6 2]
 - Client 98: [7 2 6 3 8 8 6 2 4 4]
 - Client 99: [ 8  3  6  2  5  6 11  4  1  4]
 - Client 100: [8 5 7 5 0 6 2 5 7 5]
 - Client 101: [ 5  5  8 10  5  2  4  4  4  3]
 - Client 102: [4 2 4 6 5 1 8 7 7 6]
 - Client 103: [5 7 3 1 6 3 6 8 7 4]
 - Client 104: [3 2 4 6 6 9 5 2 8 5]
 - Client 105: [5 6 7 4 5 3 8 4 5 3]
 - Client 106: [ 5  6  4  2 11  2  6  8  4  2]
 - Client 107: [ 5  4  5 11  8  3  1  3  6  4]
 - Client 108: [8 6 7 4 6 5 5 1 5 3]
 - Client 109: [8 6 5 3 5 6 2 4 5 6]
 - Client 110: [ 2  4  3  6  4  6  7 10  5  3]
 - Client 111: [5 3 6 6 6 4 7 2 6 5]
 - Client 112: [3 4 8 3 5 7 5 4 3 8]
 - Client 113: [4 7 3 6 8 4 9 3 4 2]
 - Client 114: [3 6 5 3 5 8 2 4 7 7]
 - Client 115: [3 2 4 7 7 3 8 7 4 5]
 - Client 116: [3 3 6 4 5 6 4 5 8 6]
 - Client 117: [5 4 4 5 3 7 6 6 2 8]
 - Client 118: [ 9  4  5  4 10  5  4  2  5  2]
 - Client 119: [2 5 6 4 7 7 5 3 4 7]
 - Client 120: [0 7 4 3 2 5 9 5 6 9]
 - Client 121: [2 8 2 5 9 3 6 8 5 2]
 - Client 122: [ 4  3  1  5  7 11  1  5  3 10]
 - Client 123: [ 2  9  5 11  4  4  3  5  4  3]
 - Client 124: [6 6 5 5 3 4 2 6 8 5]
 - Client 125: [9 6 6 3 4 4 3 3 6 6]
 - Client 126: [5 4 7 5 6 7 4 5 5 2]
 - Client 127: [ 5  4  6  6  3  4 10  4  4  4]
 - Client 128: [7 4 3 6 5 9 5 2 3 6]
 - Client 129: [6 5 4 9 6 6 5 2 4 3]
 - Client 130: [4 4 4 7 6 8 4 3 4 6]
 - Client 131: [7 8 5 4 6 4 3 4 5 4]
 - Client 132: [ 3  6  4 10  1  4  5  5  7  5]
 - Client 133: [8 5 8 5 2 2 8 2 6 4]
 - Client 134: [7 5 5 8 6 5 4 1 3 6]
 - Client 135: [ 3  5  4  7  2  5  6  2  5 11]
 - Client 136: [5 3 3 3 5 8 6 7 8 2]
 - Client 137: [5 4 4 3 7 2 7 5 6 7]
 - Client 138: [6 5 5 3 4 3 7 8 5 4]
 - Client 139: [4 4 5 8 5 5 4 4 9 2]
 - Client 140: [7 3 7 6 3 1 7 4 7 5]
 - Client 141: [1 5 4 6 6 8 6 4 6 4]
 - Client 142: [ 2  5  5  7 11  7  7  1  2  3]
 - Client 143: [3 7 2 5 4 6 7 5 8 3]
 - Client 144: [4 7 6 8 5 5 2 0 8 5]
 - Client 145: [9 7 1 5 7 2 8 4 3 4]
 - Client 146: [ 6 10  1  7  2  3  6  4  8  3]
 - Client 147: [5 6 4 5 5 5 4 6 6 4]
 - Client 148: [7 6 9 2 5 3 5 3 5 5]
 - Client 149: [6 5 8 3 4 5 5 5 5 4]
 - Client 150: [7 7 5 5 3 7 1 4 4 7]
 - Client 151: [5 5 4 7 7 2 5 5 3 7]
 - Client 152: [3 7 5 6 8 5 6 2 6 2]
 - Client 153: [10  5  2  4  6  6  3  4  5  5]
 - Client 154: [4 6 8 4 5 5 3 5 4 6]
 - Client 155: [3 3 4 5 7 7 5 8 6 2]
 - Client 156: [ 7  3  5  2  5  3  8  2  4 11]
 - Client 157: [4 8 7 4 2 3 5 4 6 7]
 - Client 158: [2 5 8 6 1 9 4 6 4 5]
 - Client 159: [5 4 5 6 3 6 7 6 4 4]
 - Client 160: [3 4 6 4 5 5 7 6 4 6]
 - Client 161: [ 5  6  4  4  3  4  7 10  6  1]
 - Client 162: [6 3 2 2 7 6 7 5 6 6]
 - Client 163: [4 6 4 8 4 4 4 4 8 4]
 - Client 164: [ 3  6  6  2  2  7  3  5  5 11]
 - Client 165: [ 4  3  2  7  5  5  4 11  5  4]
 - Client 166: [2 4 7 6 6 3 4 7 6 5]
 - Client 167: [5 5 4 8 8 5 3 4 5 3]
 - Client 168: [7 7 4 6 7 3 6 3 4 3]
 - Client 169: [6 7 3 7 6 3 6 4 5 3]
 - Client 170: [6 2 2 6 9 5 5 7 2 6]
 - Client 171: [4 5 2 8 8 2 6 7 4 4]
 - Client 172: [4 7 8 2 4 6 4 8 4 3]
 - Client 173: [8 4 4 5 4 5 6 5 6 3]
 - Client 174: [3 7 2 7 7 5 4 5 5 5]
 - Client 175: [ 5  3  4  6 11  4  6  3  3  5]
 - Client 176: [4 7 5 9 4 6 4 4 3 4]
 - Client 177: [3 5 6 4 7 6 4 5 5 5]
 - Client 178: [5 4 7 7 3 5 2 9 2 6]
 - Client 179: [5 6 3 2 5 4 4 7 6 8]
 - Client 180: [ 9  6  3  1  2  5  7  5  2 10]
 - Client 181: [2 7 8 4 4 3 6 4 7 5]
 - Client 182: [3 4 4 5 6 3 5 4 9 7]
 - Client 183: [5 8 3 4 3 8 7 5 1 6]
 - Client 184: [8 5 2 3 8 6 4 5 4 5]
 - Client 185: [ 6  7  3  7  3  3 11  5  3  2]
 - Client 186: [5 3 2 7 7 6 6 6 6 2]
 - Client 187: [9 7 4 3 2 8 7 3 2 5]
 - Client 188: [ 7  2  5 12  3  5  7  3  3  3]
 - Client 189: [ 2  5  5  6 11  6  6  1  2  6]
 - Client 190: [ 7  5  6  5 10  2  4  4  3  4]
 - Client 191: [10  3  7  6  4  4  3  6  3  4]
 - Client 192: [ 1  7  7  6  2  0 10  4  7  6]
 - Client 193: [4 6 1 6 6 6 5 6 7 3]
 - Client 194: [ 4  6 10  5  4  3  5  8  3  2]
 - Client 195: [3 6 6 7 2 3 6 5 7 5]
 - Client 196: [ 2  3  2  3  5 11 12  3  5  4]
 - Client 197: [3 5 6 4 6 3 3 7 7 6]
 - Client 198: [6 4 7 6 3 4 7 5 3 5]
 - Client 199: [3 3 7 6 6 4 5 4 6 6]
 - Client 200: [8 5 5 4 3 3 3 5 6 8]
 - Client 201: [6 6 5 2 6 6 4 6 2 7]
 - Client 202: [8 6 3 6 4 2 3 4 7 7]
 - Client 203: [5 6 2 7 1 3 5 8 7 6]
 - Client 204: [9 3 6 5 2 7 6 4 3 5]
 - Client 205: [ 3  7  5  2 11  2  6  3  2  9]
 - Client 206: [ 5  1  3  6  3  7  4  7  3 11]
 - Client 207: [5 5 6 5 6 5 2 5 5 6]
 - Client 208: [2 5 5 4 6 8 6 3 6 5]
 - Client 209: [2 2 5 9 8 7 3 4 5 5]
 - Client 210: [4 7 9 4 2 2 6 4 7 5]
 - Client 211: [5 7 3 3 3 9 2 8 5 5]
 - Client 212: [10  3  6  5  8  5  1  7  3  2]
 - Client 213: [3 9 4 8 6 5 2 3 4 6]
 - Client 214: [4 4 7 4 2 8 9 2 5 5]
 - Client 215: [4 3 6 9 3 3 5 4 5 8]
 - Client 216: [7 3 3 2 5 6 5 9 4 6]
 - Client 217: [12  6  3  5  3  5  2  6  6  2]
 - Client 218: [6 6 6 7 3 4 5 6 3 4]
 - Client 219: [ 6  3  7  4  4  6  2 11  6  1]
 - Client 220: [3 5 3 4 3 8 8 5 5 6]
 - Client 221: [4 5 4 4 6 7 5 4 4 7]
 - Client 222: [4 8 4 6 5 5 5 4 3 6]
 - Client 223: [2 7 5 6 4 6 2 9 5 4]
 - Client 224: [4 4 3 5 4 6 9 5 3 7]
 - Client 225: [ 5 11  5  3  0  3  9  4  7  3]
 - Client 226: [4 4 7 5 9 5 4 7 4 1]
 - Client 227: [3 5 7 8 6 6 2 5 4 4]
 - Client 228: [ 3  2  4  5  9  2  7  1 12  5]
 - Client 229: [6 6 5 4 9 6 4 4 3 3]
 - Client 230: [5 4 6 4 6 8 5 5 3 4]
 - Client 231: [6 3 6 9 8 4 1 8 3 2]
 - Client 232: [4 5 4 2 8 6 6 5 3 7]
 - Client 233: [6 3 4 5 5 7 6 3 6 5]
 - Client 234: [4 4 7 7 6 3 5 3 4 7]
 - Client 235: [ 2 11  1  7  5  5  5  6  4  4]
 - Client 236: [ 7  4  5  6  3  5  4 10  4  2]
 - Client 237: [4 3 5 3 7 7 6 5 4 6]
 - Client 238: [0 9 4 5 6 6 3 8 5 4]
 - Client 239: [5 7 9 3 5 3 5 6 4 3]
 - Client 240: [ 3  4  3  5  4  6  4  5 11  5]
 - Client 241: [4 4 5 6 6 4 5 5 3 8]
 - Client 242: [4 6 2 5 3 6 5 7 4 8]
 - Client 243: [3 4 6 6 4 5 4 6 8 4]
 - Client 244: [ 6 10  6  4  5  3  6  5  3  2]
 - Client 245: [6 9 2 9 2 4 4 7 1 6]
 - Client 246: [7 3 4 9 5 4 4 7 2 5]
 - Client 247: [ 5  2  2  4  4  6  7 10  7  3]
 - Client 248: [7 3 7 3 5 6 9 4 5 1]
 - Client 249: [ 4  6  3  3  1  2  8 11  4  8]
 - Client 250: [7 5 3 9 5 3 3 6 3 6]
 - Client 251: [ 5  4 10  3  7  2  5  6  5  3]
 - Client 252: [ 6  1  8  6  6 10  6  4  2  1]
 - Client 253: [2 4 9 2 7 2 6 8 7 3]
 - Client 254: [ 6  5  8  1  5 10  5  3  3  4]
 - Client 255: [10  5  5  5  4  4  4  6  6  1]
 - Client 256: [4 2 4 6 6 8 5 5 4 6]
 - Client 257: [7 5 3 2 7 4 2 8 9 3]
 - Client 258: [ 3  2  3  4  5  2  6  7 11  7]
 - Client 259: [6 4 5 8 4 2 5 6 2 8]
 - Client 260: [ 6  5 11  3  4  3  4  5  8  1]
 - Client 261: [5 6 5 3 2 6 8 4 6 5]
 - Client 262: [2 6 7 2 9 6 8 3 2 5]
 - Client 263: [6 4 5 4 8 3 6 3 7 4]
 - Client 264: [7 8 4 2 5 3 7 3 2 9]
 - Client 265: [5 2 5 5 5 2 8 7 4 7]
 - Client 266: [ 7  5  3 11  8  8  4  1  0  3]
 - Client 267: [5 7 7 3 8 6 1 3 6 4]
 - Client 268: [5 3 5 5 1 9 6 5 6 5]
 - Client 269: [5 5 6 5 4 4 4 6 6 5]
 - Client 270: [7 3 4 7 5 3 6 4 7 4]
 - Client 271: [ 8 10  4  9  2  1  2  6  5  3]
 - Client 272: [ 5  4 10  5  5  6  6  3  3  3]
 - Client 273: [2 5 7 6 8 5 4 4 5 4]
 - Client 274: [4 7 3 5 5 5 6 7 4 4]
 - Client 275: [5 1 3 7 6 6 8 5 1 8]
 - Client 276: [ 6  2  5  2  6  4  3 10  4  8]
 - Client 277: [2 7 6 6 5 5 3 4 7 5]
 - Client 278: [ 4  0  8  6  5  4  6  2  4 11]
 - Client 279: [5 4 3 8 5 5 8 5 2 5]
 - Client 280: [7 6 5 3 3 2 7 5 3 9]
 - Client 281: [5 6 2 6 1 7 7 6 3 7]
 - Client 282: [7 8 4 5 1 8 3 5 4 5]
 - Client 283: [4 5 2 4 9 3 5 6 4 8]
 - Client 284: [2 9 5 4 9 4 6 7 2 2]
 - Client 285: [5 7 3 6 6 6 3 5 4 5]
 - Client 286: [3 4 6 4 3 6 4 8 4 8]
 - Client 287: [0 9 6 6 2 6 5 5 7 4]
 - Client 288: [ 2  8  5  5  3 10  4  3  4  6]
 - Client 289: [3 3 6 5 4 3 5 7 8 6]
 - Client 290: [ 3  3  7  2  1  3 12  5  7  7]
 - Client 291: [4 5 4 7 4 5 5 9 6 1]
 - Client 292: [2 5 7 8 4 2 4 7 6 5]
 - Client 293: [7 5 7 5 2 3 6 4 7 4]
 - Client 294: [3 5 4 6 7 7 3 5 5 5]
 - Client 295: [4 8 9 6 7 3 3 2 4 4]
 - Client 296: [4 4 5 7 2 5 2 6 8 7]
 - Client 297: [4 6 8 5 3 4 6 5 4 5]
 - Client 298: [8 5 3 4 4 5 4 6 6 5]
 - Client 299: [5 3 8 2 6 8 6 6 2 4]
 - Client 300: [ 6  5  5  7  2 10  5  2  5  3]
 - Client 301: [6 6 4 6 6 3 5 5 2 7]
 - Client 302: [ 6  1 10  7  7  3  7  3  4  2]
 - Client 303: [7 2 4 4 6 4 8 5 6 4]
 - Client 304: [1 2 3 6 5 5 9 7 8 4]
 - Client 305: [4 6 7 6 3 6 2 4 3 9]
 - Client 306: [3 1 7 6 4 7 7 2 8 5]
 - Client 307: [4 5 9 5 3 4 6 6 5 3]
 - Client 308: [6 4 7 7 4 6 5 4 2 5]
 - Client 309: [7 8 1 6 5 5 7 4 2 5]
 - Client 310: [ 5  4  5 10  7  2  4  6  5  2]
 - Client 311: [5 3 7 4 5 4 3 8 3 8]
 - Client 312: [3 6 7 4 3 3 8 4 5 7]
 - Client 313: [6 7 8 3 5 2 5 8 1 5]
 - Client 314: [10  5  6  4  6  8  3  2  2  4]
 - Client 315: [6 4 4 5 3 5 6 7 4 6]
 - Client 316: [3 3 4 7 6 9 7 4 6 1]
 - Client 317: [4 5 4 7 5 3 4 7 6 5]
 - Client 318: [ 3  6  6  1 10  3  2  9  6  4]
 - Client 319: [4 4 7 7 6 2 4 4 5 7]
 - Client 320: [ 9  2  4  5  4  1 10  3  7  5]
 - Client 321: [4 2 5 5 5 7 3 5 7 7]
 - Client 322: [5 7 5 5 6 2 5 6 2 7]
 - Client 323: [8 6 4 4 2 9 6 5 2 4]
 - Client 324: [ 5  3 11  2  6  2  6  7  1  7]
 - Client 325: [4 7 6 4 1 5 6 5 8 4]
 - Client 326: [7 5 2 5 6 5 7 9 4 0]
 - Client 327: [6 9 4 5 6 2 5 4 2 7]
 - Client 328: [ 3  4  2  5  3  6 10  8  4  5]
 - Client 329: [8 6 4 5 7 7 1 6 4 2]
 - Client 330: [4 8 9 4 4 4 5 3 4 5]
 - Client 331: [7 7 4 4 7 6 3 5 3 4]
 - Client 332: [8 5 1 3 4 5 5 5 7 7]
 - Client 333: [ 4  4  5  4  3 11  1  6  8  4]
 - Client 334: [4 7 5 4 6 4 4 6 5 5]
 - Client 335: [3 5 4 3 6 5 6 6 6 6]
 - Client 336: [9 7 1 4 4 6 4 8 1 6]
 - Client 337: [6 3 4 4 9 4 6 3 5 6]
 - Client 338: [6 3 6 5 3 6 6 4 5 6]
 - Client 339: [ 4  4  2  6  2  8  3 12  4  5]
 - Client 340: [4 7 4 5 4 9 8 3 1 5]
 - Client 341: [3 7 5 2 4 7 8 7 3 4]
 - Client 342: [ 4  6  6  3 11  4  5  2  4  5]
 - Client 343: [3 3 2 6 4 4 9 6 7 6]
 - Client 344: [ 2 10  6  5  5  3  4  3  6  6]
 - Client 345: [3 3 5 4 8 4 3 6 8 6]
 - Client 346: [ 4  5 16  4  3  2  4  3  5  4]
 - Client 347: [7 2 3 5 7 4 7 5 4 6]
 - Client 348: [7 6 2 4 3 2 6 6 6 8]
 - Client 349: [4 4 6 3 4 5 8 6 5 5]
 - Client 350: [3 1 9 6 3 7 3 6 6 6]
 - Client 351: [3 8 5 8 4 5 8 5 2 2]
 - Client 352: [5 3 8 5 5 5 1 6 6 6]
 - Client 353: [ 1  3  2  7  3 10  7  3  7  7]
 - Client 354: [7 8 6 6 4 7 2 4 4 2]
 - Client 355: [ 5  3  2 10  4  7  5  6  4  4]
 - Client 356: [3 5 7 2 2 8 6 6 3 8]
 - Client 357: [3 7 4 3 6 7 3 4 9 4]
 - Client 358: [ 3  5  9  3  2 11  4  6  2  5]
 - Client 359: [4 7 3 5 5 6 8 5 1 6]
 - Client 360: [ 1  4  8 10  6  6  5  4  2  4]
 - Client 361: [2 9 4 2 6 3 7 3 9 5]
 - Client 362: [4 6 6 2 1 5 6 8 5 7]
 - Client 363: [5 7 5 2 4 2 6 8 5 6]
 - Client 364: [4 5 4 4 3 6 7 4 8 5]
 - Client 365: [3 7 7 1 3 5 7 8 4 5]
 - Client 366: [ 3  3  6  4  5  2  7  6  4 10]
 - Client 367: [5 4 3 6 7 4 7 5 6 3]
 - Client 368: [3 4 2 5 3 3 9 8 6 7]
 - Client 369: [8 4 4 3 5 5 7 5 7 2]
 - Client 370: [11  1  6  1  4  4  5  7  6  5]
 - Client 371: [6 3 4 6 6 7 4 4 5 5]
 - Client 372: [ 2  3  8  6  6  4 10  4  4  3]
 - Client 373: [4 5 5 6 5 6 3 5 6 5]
 - Client 374: [4 7 4 4 6 6 4 6 2 7]
 - Client 375: [6 4 8 3 4 3 8 3 6 5]
 - Client 376: [7 7 7 6 5 4 3 4 5 2]
 - Client 377: [ 5  2  7 10  6  3  8  1  3  5]
 - Client 378: [7 3 6 1 5 6 5 6 4 7]
 - Client 379: [ 6  7  4  3  8  2  6  2 11  1]
 - Client 380: [ 3  5  4  2  6  7  5 12  3  3]
 - Client 381: [2 8 8 4 9 4 8 1 4 2]
 - Client 382: [5 7 4 6 4 7 3 6 4 4]
 - Client 383: [4 4 4 1 5 7 5 8 6 6]
 - Client 384: [ 7  2  2  6  8  5  2  3  4 11]
 - Client 385: [5 5 4 8 3 3 3 5 7 7]
 - Client 386: [5 4 2 4 3 8 6 6 4 8]
 - Client 387: [4 5 4 6 8 4 2 4 6 7]
 - Client 388: [5 6 5 4 7 5 3 5 5 5]
 - Client 389: [6 2 8 5 0 4 6 4 8 7]
 - Client 390: [5 0 6 5 4 7 8 3 4 8]
 - Client 391: [6 5 6 5 2 4 5 7 7 3]
 - Client 392: [8 8 6 5 1 4 5 1 3 9]
 - Client 393: [5 6 7 4 3 5 5 6 1 8]
 - Client 394: [3 4 4 6 7 7 5 9 4 1]
 - Client 395: [6 5 9 4 4 3 6 3 8 2]
 - Client 396: [4 5 8 9 2 6 2 5 4 5]
 - Client 397: [7 5 8 3 4 6 6 5 4 2]
 - Client 398: [8 5 4 5 4 4 4 8 4 4]
 - Client 399: [5 3 7 6 4 4 7 4 3 7]
 - Client 400: [5 6 3 7 4 6 8 1 5 5]
 - Client 401: [11  5  5  3  7  3  3  5  4  4]
 - Client 402: [5 7 6 1 5 7 5 6 4 4]
 - Client 403: [7 3 1 6 6 6 8 3 6 4]
 - Client 404: [ 3  3  8  8  3  4  0  7 10  4]
 - Client 405: [ 3  2  5  3  6  3  6  8  4 10]
 - Client 406: [3 1 7 7 3 8 2 8 9 2]
 - Client 407: [3 3 4 8 8 5 7 6 4 2]
 - Client 408: [4 4 9 8 3 7 4 1 5 5]
 - Client 409: [ 3  8  4  5  3  3  6  3 10  5]
 - Client 410: [3 9 4 5 6 7 3 3 3 7]
 - Client 411: [ 3  6  6  5  3 10  4  4  4  5]
 - Client 412: [ 6  1  8  2 10  6  4  3  5  5]
 - Client 413: [ 9  7  5  3  3  4  4  1  4 10]
 - Client 414: [7 2 5 7 5 3 5 6 4 6]
 - Client 415: [4 6 4 2 8 4 3 6 8 5]
 - Client 416: [9 3 5 4 4 3 3 7 6 6]
 - Client 417: [10  3  6  4  8  4  6  4  2  3]
 - Client 418: [4 5 8 6 3 4 7 4 2 7]
 - Client 419: [2 7 6 7 7 3 3 4 4 7]
 - Client 420: [8 7 6 5 5 1 5 6 5 2]
 - Client 421: [4 6 5 5 4 4 5 5 5 7]
 - Client 422: [ 6  5  4 11  7  2  4  4  3  4]
 - Client 423: [ 3  4  3  5  2  6  4  6  6 11]
 - Client 424: [ 2  4  6  2  5  6  3  9 11  2]
 - Client 425: [ 6  6  6  1  4  6  4  3  3 11]
 - Client 426: [3 8 5 5 7 5 3 5 5 4]
 - Client 427: [4 2 3 7 9 5 8 4 4 4]
 - Client 428: [2 3 7 6 7 7 5 2 5 6]
 - Client 429: [ 3  4  4  5 10  1  5  9  4  5]
 - Client 430: [3 5 5 6 9 4 6 4 3 5]
 - Client 431: [6 3 8 5 5 3 3 4 6 7]
 - Client 432: [4 5 9 4 2 6 5 6 5 4]
 - Client 433: [5 4 2 4 5 4 4 8 7 7]
 - Client 434: [4 7 8 3 8 1 4 8 2 5]
 - Client 435: [2 4 5 6 7 6 9 5 5 1]
 - Client 436: [ 5  3  3  7  6  5  1  5  5 10]
 - Client 437: [8 7 6 3 5 8 1 0 7 5]
 - Client 438: [ 5  5 13  3  4  4  3  2  6  5]
 - Client 439: [ 3  8  4 10  2  4  3  7  3  6]
 - Client 440: [4 4 6 5 8 4 2 7 3 7]
 - Client 441: [3 4 4 4 9 6 2 4 5 9]
 - Client 442: [5 6 2 6 2 6 7 4 3 9]
 - Client 443: [5 3 9 4 6 5 5 2 5 6]
 - Client 444: [5 6 5 2 3 4 5 6 6 8]
 - Client 445: [2 3 7 4 5 6 7 5 6 5]
 - Client 446: [7 6 6 2 7 4 6 2 5 5]
 - Client 447: [4 5 5 2 5 4 9 5 6 5]
 - Client 448: [3 3 3 9 5 3 8 3 6 7]
 - Client 449: [3 2 4 4 9 6 7 4 5 6]
 - Client 450: [6 3 6 2 8 5 6 4 4 6]
 - Client 451: [5 6 5 3 5 7 6 4 5 4]
 - Client 452: [6 2 4 8 5 6 2 3 9 5]
 - Client 453: [ 7  3  5  6  4  5  6  0 10  4]
 - Client 454: [7 7 6 4 2 2 6 6 4 6]
 - Client 455: [8 5 0 5 3 4 8 2 6 9]
 - Client 456: [ 5  5  5 10  4  4  4  4  4  5]
 - Client 457: [4 6 5 8 8 4 4 6 2 3]
 - Client 458: [ 3  5  4  3  5  7 11  5  3  4]
 - Client 459: [ 6  5  2  1 10  4  5 10  5  2]
 - Client 460: [6 7 4 4 8 7 3 6 2 3]
 - Client 461: [ 7 11  4  2  2  2  8  5  5  4]
 - Client 462: [5 3 3 8 6 5 5 4 5 6]
 - Client 463: [6 4 6 6 2 8 2 7 6 3]
 - Client 464: [6 3 8 4 6 4 6 5 6 2]
 - Client 465: [4 2 5 7 3 8 2 5 6 8]
 - Client 466: [7 5 6 4 6 2 2 3 8 7]
 - Client 467: [5 4 7 5 5 5 2 9 4 4]
 - Client 468: [3 4 4 6 4 5 7 6 8 3]
 - Client 469: [ 6  3  4  5  3  6  2 10  9  2]
 - Client 470: [9 4 3 7 3 4 1 3 7 9]
 - Client 471: [4 6 8 3 6 3 5 8 3 4]
 - Client 472: [5 8 2 3 8 5 4 7 4 4]
 - Client 473: [6 2 4 5 8 7 7 4 4 3]
 - Client 474: [3 5 5 6 2 3 5 7 8 6]
 - Client 475: [10  4  4  6  4  5  5  4  6  2]
 - Client 476: [3 4 3 8 5 4 4 6 7 6]
 - Client 477: [ 6  4  3  6  4  6  1 11  4  5]
 - Client 478: [7 6 5 5 6 5 5 4 4 3]
 - Client 479: [5 3 6 1 7 6 5 8 2 7]
 - Client 480: [ 5  5  5  3  4  2  3 10  9  4]
 - Client 481: [4 4 4 5 4 7 4 5 9 4]
 - Client 482: [5 3 9 9 5 1 3 5 7 3]
 - Client 483: [4 8 4 5 4 9 7 3 3 3]
 - Client 484: [7 3 6 4 3 6 8 6 2 5]
 - Client 485: [4 7 5 3 4 3 5 5 7 7]
 - Client 486: [5 2 4 5 5 9 5 4 6 5]
 - Client 487: [ 3  7  6  1  3  4  3  3 11  9]
 - Client 488: [ 6  4  7  2 10  5  1  3  5  7]
 - Client 489: [ 3  3  5  6  2  3  6  8 13  1]
 - Client 490: [5 8 3 3 5 6 3 8 4 5]
 - Client 491: [ 4  3 10  5  7  5  2  3  4  7]
 - Client 492: [ 4  4  7  5  3  7  2  4 10  4]
 - Client 493: [ 3  6 10  1  1  6  9  6  3  5]
 - Client 494: [4 7 6 7 2 4 9 3 7 1]
 - Client 495: [4 3 8 5 4 9 1 5 5 6]
 - Client 496: [2 6 7 4 8 3 2 9 5 4]
 - Client 497: [ 5  5  8  3  1  5  2 12  6  3]
 - Client 498: [8 5 4 9 8 3 4 3 1 5]
 - Client 499: [2 8 7 5 6 4 5 6 5 2]
 - Client 500: [3 4 8 5 6 5 4 2 8 5]
 - Client 501: [4 4 7 8 4 5 5 9 2 2]
 - Client 502: [3 5 3 6 5 3 3 9 8 5]
 - Client 503: [4 2 5 8 5 9 3 2 5 7]
 - Client 504: [ 5  5  5  4  8  3  5  4  1 10]
 - Client 505: [7 4 7 1 6 2 5 5 7 6]
 - Client 506: [4 6 8 5 5 4 4 4 5 5]
 - Client 507: [9 6 7 7 4 3 3 3 4 4]
 - Client 508: [ 2  5  7  5  5  4  6 11  2  3]
 - Client 509: [9 3 6 7 3 4 5 4 4 5]
 - Client 510: [5 8 5 3 8 3 9 5 4 0]
 - Client 511: [4 7 7 5 4 6 6 4 5 2]
 - Client 512: [ 4  7 10  2  7  3  2  9  3  3]
 - Client 513: [ 6 11  3  1  8  5  5  3  4  4]
 - Client 514: [5 5 4 5 7 5 4 6 9 0]
 - Client 515: [2 6 6 4 4 5 6 9 3 5]
 - Client 516: [9 4 6 1 6 6 3 9 2 4]
 - Client 517: [5 6 5 2 5 5 5 5 5 7]
 - Client 518: [3 5 5 6 8 6 2 5 5 5]
 - Client 519: [ 6  3  5 10  6  3  4  4  4  5]
 - Client 520: [ 3  4  4  6  6  6  2  1 10  8]
 - Client 521: [4 5 7 4 3 4 3 8 4 8]
 - Client 522: [2 4 8 3 8 2 4 4 6 9]
 - Client 523: [4 4 7 7 7 4 8 5 1 3]
 - Client 524: [ 4  2  2  3  6  6  7  2 12  6]
 - Client 525: [ 3  2  3  4  2  7  1  9  8 11]
 - Client 526: [2 7 6 8 7 4 4 2 9 1]
 - Client 527: [10  7  1  7  5  5  4  3  8  0]
 - Client 528: [6 7 2 3 7 3 4 7 9 2]
 - Client 529: [6 4 6 2 3 6 5 6 6 6]
 - Client 530: [2 5 7 4 4 4 7 6 8 3]
 - Client 531: [ 5  2  4  4 10  7  4  3  6  5]
 - Client 532: [9 3 2 9 0 6 4 4 8 5]
 - Client 533: [5 4 1 6 2 6 8 6 6 6]
 - Client 534: [ 4  3  4  5  6  7  1  5  5 10]
 - Client 535: [5 1 4 4 5 6 7 6 8 4]
 - Client 536: [8 4 8 6 6 4 3 1 5 5]
 - Client 537: [5 6 3 8 2 6 5 5 5 5]
 - Client 538: [4 5 4 7 6 2 7 4 7 4]
 - Client 539: [8 8 3 5 3 6 3 3 6 5]
 - Client 540: [4 5 8 6 8 3 7 4 2 3]
 - Client 541: [5 6 8 3 2 4 7 7 5 3]
 - Client 542: [7 6 3 4 7 4 4 5 4 6]
 - Client 543: [4 5 9 2 8 4 5 6 2 5]
 - Client 544: [5 6 6 4 7 8 4 1 7 2]
 - Client 545: [3 7 7 3 3 5 6 6 7 3]
 - Client 546: [8 5 3 6 3 6 2 7 6 4]
 - Client 547: [5 2 6 5 2 9 5 4 5 7]
 - Client 548: [5 6 7 5 3 6 7 2 5 4]
 - Client 549: [6 2 3 5 4 7 4 5 6 8]
 - Client 550: [ 3 10  3  5  2  2  9  5  7  4]
 - Client 551: [4 6 4 3 4 6 6 2 8 7]
 - Client 552: [ 3  6 11  4  2  5  6  9  1  3]
 - Client 553: [3 5 4 9 7 3 3 4 3 9]
 - Client 554: [7 6 7 4 6 5 5 2 5 3]
 - Client 555: [6 4 5 7 4 1 5 6 3 9]
 - Client 556: [ 6  5  1  5  6  5  6 12  3  1]
 - Client 557: [5 7 4 3 2 4 6 8 3 8]
 - Client 558: [3 6 7 6 4 4 6 5 5 4]
 - Client 559: [2 7 4 5 5 8 5 3 6 5]
 - Client 560: [4 6 8 4 9 1 4 8 4 2]
 - Client 561: [3 6 4 3 5 4 9 7 5 4]
 - Client 562: [6 6 3 5 3 4 6 4 7 6]
 - Client 563: [4 2 3 8 6 2 5 5 8 7]
 - Client 564: [5 5 7 5 6 5 4 3 5 5]
 - Client 565: [5 4 5 8 3 4 3 4 5 9]
 - Client 566: [4 3 4 3 4 5 9 4 9 5]
 - Client 567: [2 3 6 4 7 4 6 6 8 4]
 - Client 568: [3 6 8 2 5 3 3 9 8 3]
 - Client 569: [6 4 4 5 6 6 7 6 3 3]
 - Client 570: [5 6 9 4 1 5 9 5 4 2]
 - Client 571: [ 1  3  4  6  7  9  4  3  3 10]
 - Client 572: [4 4 4 8 7 6 3 1 7 6]
 - Client 573: [6 1 3 6 6 7 5 5 6 5]
 - Client 574: [5 2 4 4 5 7 9 6 6 2]
 - Client 575: [3 6 9 6 2 2 8 4 6 4]
 - Client 576: [6 4 5 5 6 5 5 7 4 3]
 - Client 577: [ 6  4  3  5  5  4 10  4  6  3]
 - Client 578: [12  2  6  1  6  1  4  6  6  6]
 - Client 579: [3 5 4 3 6 7 9 1 6 6]
 - Client 580: [4 8 4 3 4 5 4 7 5 6]
 - Client 581: [ 5  3  5  5  3 10  7  6  5  1]
 - Client 582: [ 7  4 10  1  5  6  3  5  7  2]
 - Client 583: [5 8 5 5 5 4 4 3 8 3]
 - Client 584: [ 4  4  5  3  5  6  3  4 10  6]
 - Client 585: [2 7 5 6 6 5 6 5 6 2]
 - Client 586: [5 7 6 5 5 5 6 1 2 8]
 - Client 587: [9 5 2 2 6 5 6 4 4 7]
 - Client 588: [ 9  4  3  1  3 10  2  8  5  5]
 - Client 589: [6 5 6 9 4 4 2 6 3 5]
 - Client 590: [3 2 6 6 7 4 6 2 8 6]
 - Client 591: [5 7 7 1 4 9 2 4 8 3]
 - Client 592: [6 4 7 4 5 8 1 4 5 6]
 - Client 593: [5 5 4 6 4 4 3 4 6 9]
 - Client 594: [5 5 5 6 3 3 3 8 4 8]
 - Client 595: [5 5 6 7 8 3 6 4 6 0]
 - Client 596: [ 6 10  5  4  3  4  7  1  3  7]
 - Client 597: [5 5 2 6 7 6 4 3 9 3]
 - Client 598: [7 6 6 6 4 4 7 3 3 4]
 - Client 599: [ 5  3  4 10  5  3  5  3  9  3]
 - Client 600: [ 3  7  5  2  7  2 10  6  4  4]
 - Client 601: [6 7 4 7 2 4 7 0 6 7]
 - Client 602: [ 3  1 10  5  5  7  7  3  6  3]
 - Client 603: [5 4 6 3 6 6 2 3 8 7]
 - Client 604: [5 5 8 4 7 3 7 5 4 2]
 - Client 605: [4 4 7 8 6 5 6 3 3 4]
 - Client 606: [ 4  3  1  4  9 11  3  7  4  4]
 - Client 607: [6 8 6 6 7 3 1 5 5 3]
 - Client 608: [2 2 5 4 6 7 8 5 4 7]
 - Client 609: [5 4 4 7 6 4 5 3 3 9]
 - Client 610: [0 5 2 7 7 5 7 5 3 9]
 - Client 611: [4 7 5 8 5 4 5 4 4 4]
 - Client 612: [4 7 2 3 9 2 4 6 7 6]
 - Client 613: [ 6 10  4  7  3  4  3  3  5  5]
 - Client 614: [4 2 6 5 5 5 4 7 9 3]
 - Client 615: [6 6 3 5 8 4 4 4 5 5]
 - Client 616: [9 2 2 6 5 4 6 9 3 4]
 - Client 617: [6 4 7 6 5 6 5 4 2 5]
 - Client 618: [3 2 7 5 6 6 7 5 3 6]
 - Client 619: [ 4  7  5  3  4 14  1  3  6  3]
 - Client 620: [8 3 3 4 7 4 7 4 4 6]
 - Client 621: [3 5 6 5 7 3 8 2 5 6]
 - Client 622: [1 4 3 8 6 5 7 6 6 4]
 - Client 623: [ 3  4  5  6  5  1 11  4  8  3]
 - Client 624: [10  3  2  5  7  4  4  7  6  2]
 - Client 625: [8 4 1 4 8 8 7 5 2 3]
 - Client 626: [ 5  2  8 10  4  6  1  7  3  4]
 - Client 627: [ 4 10  3  4  4  9  5  5  5  1]
 - Client 628: [ 3 10  3  5  2  5  3  9  7  3]
 - Client 629: [3 4 5 5 3 8 5 6 4 7]
 - Client 630: [ 3  7  7  4  2  5 10  4  3  5]
 - Client 631: [5 5 7 3 1 7 9 5 6 2]
 - Client 632: [4 6 6 5 9 2 3 4 5 6]
 - Client 633: [2 5 5 1 6 5 8 4 7 7]
 - Client 634: [1 4 3 6 8 7 3 5 5 8]
 - Client 635: [2 9 6 3 3 6 6 4 6 5]
 - Client 636: [2 9 3 7 5 5 3 4 7 5]
 - Client 637: [8 6 4 4 2 3 4 8 5 6]
 - Client 638: [4 1 9 2 1 7 9 4 6 7]
 - Client 639: [9 3 5 6 4 7 3 3 4 6]
 - Client 640: [4 7 8 5 1 3 4 5 6 7]
 - Client 641: [ 7  6  2  5  2  5  2  5  5 11]
 - Client 642: [6 3 5 3 3 8 4 8 4 6]
 - Client 643: [5 5 3 4 4 9 7 5 5 3]
 - Client 644: [8 8 2 4 5 4 4 2 8 5]
 - Client 645: [ 3  5  6 10  3  6  2  4  4  7]
 - Client 646: [1 5 7 6 4 4 6 4 7 6]
 - Client 647: [ 8  4  3 14  2  6  1  3  6  3]
 - Client 648: [7 4 7 4 7 7 6 4 1 3]
 - Client 649: [ 3  2 11  6  4  1  9  4  5  5]
 - Client 650: [1 9 2 7 7 8 2 5 5 4]
 - Client 651: [9 2 5 5 6 8 5 3 4 3]
 - Client 652: [6 4 7 1 6 4 4 6 4 8]
 - Client 653: [4 3 5 7 4 4 8 5 5 5]
 - Client 654: [ 6  4  4  3  6  2  7  6 10  2]
 - Client 655: [ 5  4  4  3  9  1  5  3 10  6]
 - Client 656: [ 4  1  5  4  7  7  3 10  4  5]
 - Client 657: [4 3 5 5 3 4 7 9 3 7]
 - Client 658: [2 5 7 9 4 3 4 6 5 5]
 - Client 659: [5 5 7 5 3 4 5 7 5 4]
 - Client 660: [5 5 7 3 7 4 4 4 4 7]
 - Client 661: [6 3 3 2 9 4 5 5 8 5]
 - Client 662: [7 4 7 2 7 4 5 2 7 5]
 - Client 663: [4 8 7 8 2 4 2 8 3 4]
 - Client 664: [7 3 3 3 6 8 8 0 7 5]
 - Client 665: [4 8 2 4 8 3 8 5 3 5]
 - Client 666: [3 9 6 4 5 8 4 2 3 6]
 - Client 667: [2 1 6 3 6 7 8 4 7 6]
 - Client 668: [5 6 3 9 6 6 1 6 4 4]
 - Client 669: [2 5 8 5 7 6 2 6 5 4]
 - Client 670: [4 4 3 9 6 5 6 5 5 3]
 - Client 671: [ 4  4  7  4  3  2 11  8  5  2]
 - Client 672: [4 7 5 9 6 2 4 5 4 4]
 - Client 673: [5 3 8 5 4 7 2 4 7 5]
 - Client 674: [4 4 7 6 7 3 1 5 8 5]
 - Client 675: [6 6 4 5 7 7 6 4 3 2]
 - Client 676: [4 4 4 6 6 4 5 4 5 8]
 - Client 677: [4 7 8 5 6 6 2 7 3 2]
 - Client 678: [9 2 4 8 4 6 2 5 9 1]
 - Client 679: [5 4 8 2 8 4 5 6 3 5]
 - Client 680: [ 7  3  2  5  5  3  4 10  4  7]
 - Client 681: [8 2 5 4 4 4 5 5 5 8]
 - Client 682: [ 4  8  2  3  2 10  5  5  5  6]
 - Client 683: [6 2 5 6 6 4 4 5 4 8]
 - Client 684: [2 2 3 7 6 7 7 2 5 9]
 - Client 685: [5 4 4 7 6 4 4 6 3 7]
 - Client 686: [10  3  6  5  5  5  6  2  3  5]
 - Client 687: [ 5  2  4 12  2  2  6  7  4  6]
 - Client 688: [4 5 3 8 3 8 6 7 4 2]
 - Client 689: [ 4  8  5 11  3  8  2  2  4  3]
 - Client 690: [2 3 8 6 7 5 5 2 5 7]
 - Client 691: [12  2  7  3  5  9  6  2  1  3]
 - Client 692: [ 2  4  3  4 13  4  5  3  5  7]
 - Client 693: [ 3  5  3 12  3  4  4  3  6  7]
 - Client 694: [ 4  5  1 10  4  8  6  9  1  2]
 - Client 695: [10  3  5  6  4  6  4  2  6  4]
 - Client 696: [6 6 3 5 4 9 6 1 2 8]
 - Client 697: [4 5 1 7 8 3 9 6 0 7]
 - Client 698: [7 6 4 5 4 5 3 4 6 6]
 - Client 699: [ 9  3  6  5  2 10  5  5  2  3]
 - Client 700: [ 4  4  5 12  4  6  7  3  2  3]
 - Client 701: [6 3 2 6 8 7 7 5 3 3]
 - Client 702: [6 5 8 2 8 5 4 6 1 5]
 - Client 703: [2 5 5 6 4 4 9 4 5 6]
 - Client 704: [4 6 4 2 9 1 6 9 5 4]
 - Client 705: [6 4 6 7 8 4 4 4 2 5]
 - Client 706: [ 3  4  2  5 13  5  6  5  5  2]
 - Client 707: [6 6 9 2 8 3 1 2 6 7]
 - Client 708: [8 6 4 2 6 3 7 4 2 8]
 - Client 709: [3 7 5 6 4 5 2 5 8 5]
 - Client 710: [ 7 11  2  5  1  8  6  3  5  2]
 - Client 711: [ 4  7  3  4  4  5  6  3  4 10]
 - Client 712: [5 6 4 6 7 8 3 5 3 3]
 - Client 713: [ 5 10  3  4  5  5  4  4  6  4]
 - Client 714: [12  3  4  6  9  5  3  3  1  4]
 - Client 715: [ 5 10  2  6  4  3  6  2  6  6]
 - Client 716: [2 8 5 3 6 6 3 4 8 5]
 - Client 717: [1 5 7 5 3 6 9 6 1 7]
 - Client 718: [8 4 5 6 3 7 4 3 6 4]
 - Client 719: [3 3 6 7 6 7 5 5 2 6]
 - Client 720: [11  4  5  6  3  4  1  2  6  8]
 - Client 721: [4 5 6 5 4 8 1 6 8 3]
 - Client 722: [2 6 5 2 9 5 2 4 8 7]
 - Client 723: [7 3 3 7 4 4 7 4 5 6]
 - Client 724: [7 6 5 8 7 2 4 4 3 4]
 - Client 725: [ 3  6  1  6  7 12  4  4  3  4]
 - Client 726: [ 5  5  2  5  5  5  6 10  4  3]
 - Client 727: [6 9 4 5 8 3 5 0 6 4]
 - Client 728: [ 5  4  1 12  8  3  4  6  3  4]
 - Client 729: [ 2  4  4 10  4  5  6  3  4  8]
 - Client 730: [ 6  6 10  5  4  7  4  4  1  3]
 - Client 731: [3 8 3 5 2 7 9 4 3 6]
 - Client 732: [4 7 8 4 3 5 6 5 4 4]
 - Client 733: [4 3 5 5 3 9 6 7 5 3]
 - Client 734: [6 2 4 7 4 6 3 6 5 7]
 - Client 735: [4 5 8 4 5 3 7 6 2 6]
 - Client 736: [3 2 6 5 3 5 6 7 5 8]
 - Client 737: [5 3 4 4 6 8 5 8 4 3]
 - Client 738: [2 8 3 7 3 6 6 6 5 4]
 - Client 739: [4 4 5 5 3 9 4 7 3 6]
 - Client 740: [ 3  7  1  5 11  4  4  9  4  2]
 - Client 741: [ 5  4 10  1  7  4  4  5  5  5]
 - Client 742: [5 5 9 8 1 6 3 3 3 7]
 - Client 743: [10  4  3  9  3  6  3  4  2  6]
 - Client 744: [ 5 10  6  1  6  4  3  6  3  6]
 - Client 745: [ 6 10  9  4  5  2  3  2  4  5]
 - Client 746: [3 9 3 6 7 2 3 4 9 4]
 - Client 747: [ 7  1  5  5 10  7  4  2  7  2]
 - Client 748: [8 7 2 8 4 5 2 4 6 4]
 - Client 749: [2 2 7 2 3 6 9 7 5 7]
 - Client 750: [3 5 2 4 7 4 6 5 8 6]
 - Client 751: [2 6 3 1 5 5 5 8 7 8]
 - Client 752: [7 6 4 7 2 3 7 7 4 3]
 - Client 753: [9 2 4 7 1 4 3 8 4 8]
 - Client 754: [4 6 3 7 6 5 8 4 5 2]
 - Client 755: [8 7 3 3 2 8 7 8 1 3]
 - Client 756: [ 7 10  2  4  5  5  0  4  9  4]
 - Client 757: [ 4  5  3  5  6  7  4 10  3  3]
 - Client 758: [5 4 5 6 5 5 8 2 5 5]
 - Client 759: [8 8 1 2 9 3 5 5 3 6]
 - Client 760: [1 5 5 3 3 6 6 7 8 6]
 - Client 761: [ 4 10  5  5  6  4  7  3  3  3]
 - Client 762: [7 4 6 6 5 7 2 4 3 6]
 - Client 763: [ 5  8  6  2  5  3  2  1 11  7]
 - Client 764: [6 3 6 8 6 4 5 4 4 4]
 - Client 765: [5 4 7 7 4 5 7 4 5 2]
 - Client 766: [5 5 4 2 6 7 8 6 4 3]
 - Client 767: [6 5 4 7 5 6 6 5 3 3]
 - Client 768: [9 5 3 8 5 6 4 2 4 4]
 - Client 769: [3 4 6 6 4 8 2 4 5 8]
 - Client 770: [7 5 3 6 7 5 4 4 5 4]
 - Client 771: [4 1 5 6 4 2 6 7 8 7]
 - Client 772: [5 4 3 3 7 3 6 8 5 6]
 - Client 773: [4 7 4 5 4 9 5 2 5 5]
 - Client 774: [5 2 6 2 7 5 8 3 5 7]
 - Client 775: [1 3 7 8 4 3 7 4 7 6]
 - Client 776: [3 7 6 6 5 5 6 3 5 4]
 - Client 777: [5 2 6 4 2 5 5 6 7 8]
 - Client 778: [5 3 5 8 4 5 7 4 4 5]
 - Client 779: [ 4  6  4  5 10  1  4  8  5  3]
 - Client 780: [4 8 3 4 4 7 7 3 5 5]
 - Client 781: [5 8 5 2 2 6 2 9 7 4]
 - Client 782: [6 4 6 6 3 5 3 8 4 5]
 - Client 783: [4 4 8 1 6 8 5 7 3 4]
 - Client 784: [2 3 3 8 5 6 4 5 9 5]
 - Client 785: [3 3 4 7 4 7 7 5 6 4]
 - Client 786: [8 5 3 4 5 1 7 8 6 3]
 - Client 787: [5 6 4 7 2 9 6 4 7 0]
 - Client 788: [ 6  1  4  1  7  8  2 10  6  5]
 - Client 789: [ 5  5  4  3  8 11  4  5  1  4]
 - Client 790: [5 6 2 7 3 3 3 6 7 8]
 - Client 791: [6 7 4 5 4 8 3 2 5 6]
 - Client 792: [2 5 2 7 9 8 8 2 2 5]
 - Client 793: [8 7 5 7 2 2 5 2 8 4]
 - Client 794: [5 5 7 6 2 5 7 3 5 5]
 - Client 795: [4 5 3 6 4 3 4 6 8 7]
 - Client 796: [9 7 3 3 6 3 7 3 5 4]
 - Client 797: [8 8 6 0 3 6 6 1 4 8]
 - Client 798: [5 4 5 8 9 2 2 5 4 6]
 - Client 799: [7 4 3 5 8 2 4 5 7 5]
 - Client 800: [6 7 8 3 3 4 7 1 7 4]
 - Client 801: [5 4 6 7 4 5 5 5 4 5]
 - Client 802: [9 4 6 6 6 4 3 2 5 5]
 - Client 803: [7 5 6 4 2 7 7 5 1 6]
 - Client 804: [ 7  2  4  4 11  2  4  6  3  7]
 - Client 805: [6 4 3 8 7 6 2 7 2 5]
 - Client 806: [12  1  2  5  3  5  9  3  7  3]
 - Client 807: [5 4 3 7 5 7 5 6 5 3]
 - Client 808: [4 6 4 5 2 6 3 8 7 5]
 - Client 809: [6 4 5 5 5 6 6 4 6 3]
 - Client 810: [7 4 3 5 7 5 3 5 4 7]
 - Client 811: [4 4 3 5 8 6 7 6 2 5]
 - Client 812: [2 6 5 4 4 4 7 8 4 6]
 - Client 813: [5 6 2 6 6 5 3 8 2 7]
 - Client 814: [7 4 7 4 7 2 6 6 3 4]
 - Client 815: [5 3 6 5 2 5 5 9 6 4]
 - Client 816: [2 5 1 8 6 2 5 7 8 6]
 - Client 817: [3 6 6 7 6 4 5 6 2 5]
 - Client 818: [10  4  4  3  3  9  2 10  4  1]
 - Client 819: [8 5 6 8 7 6 2 3 3 2]
 - Client 820: [ 7  2  6  1  5  5 11  4  4  5]
 - Client 821: [ 6  4  0  5 12  1  3  6  7  6]
 - Client 822: [6 5 8 3 6 3 7 3 3 6]
 - Client 823: [ 4  5  7  3  2  4  6 10  5  4]
 - Client 824: [10  4  3  9  7  3  6  3  3  2]
 - Client 825: [6 6 1 6 9 3 3 5 5 6]
 - Client 826: [ 2  5  7  4 13  1  3  4  5  6]
 - Client 827: [5 4 5 4 4 8 3 8 5 4]
 - Client 828: [9 5 5 4 7 2 5 1 5 7]
 - Client 829: [4 6 7 3 6 7 4 4 4 5]
 - Client 830: [2 7 3 4 5 3 8 6 7 5]
 - Client 831: [ 5  6  6  4  4  6  4  3  2 10]
 - Client 832: [8 4 5 4 2 8 7 3 5 4]
 - Client 833: [ 1  4  4  5  3  6 12  5  5  5]
 - Client 834: [8 6 3 4 4 3 4 8 1 9]
 - Client 835: [5 2 4 5 4 3 7 5 9 6]
 - Client 836: [3 6 3 8 6 3 6 5 8 2]
 - Client 837: [5 6 5 6 3 3 5 3 7 7]
 - Client 838: [8 1 4 5 5 8 3 5 5 6]
 - Client 839: [10  5  4  5  4  5  7  3  1  6]
 - Client 840: [5 8 4 6 1 4 6 5 5 6]
 - Client 841: [6 8 6 4 4 3 6 2 7 4]
 - Client 842: [7 7 4 5 1 5 3 4 7 7]
 - Client 843: [1 6 8 3 4 8 8 6 3 3]
 - Client 844: [4 9 2 5 5 5 4 3 7 6]
 - Client 845: [ 3  4  9  5  4  4  2  4  5 10]
 - Client 846: [6 7 4 5 5 7 4 6 1 5]
 - Client 847: [9 5 6 1 3 6 6 3 3 8]
 - Client 848: [2 5 5 5 6 6 4 4 9 4]
 - Client 849: [ 3  5 11  3  4  2  7  5  6  4]
 - Client 850: [ 4 11  3  6  3  6  5  4  4  4]
 - Client 851: [ 6  3  4  1  6 11  8  4  2  5]
 - Client 852: [6 3 6 4 3 5 6 5 4 8]
 - Client 853: [5 4 7 4 4 6 6 7 3 4]
 - Client 854: [7 7 8 4 4 3 4 5 6 2]
 - Client 855: [4 6 4 4 6 4 5 6 8 3]
 - Client 856: [8 4 6 1 1 9 4 4 6 7]
 - Client 857: [ 2  5 10  7  4  4  6  4  4  4]
 - Client 858: [6 3 6 7 3 3 4 4 7 7]
 - Client 859: [5 6 3 2 4 5 7 5 5 8]
 - Client 860: [ 4  4  2  3  3  8  9  3  4 10]
 - Client 861: [5 3 3 7 5 5 7 7 3 5]
 - Client 862: [5 6 3 3 4 5 7 9 4 4]
 - Client 863: [6 8 5 5 8 4 6 5 1 2]
 - Client 864: [ 1  4 10  1  4  4  5  6  9  6]
 - Client 865: [1 7 3 6 6 2 3 7 7 8]
 - Client 866: [ 4  6  5  2 10  6  3  3  7  4]
 - Client 867: [7 3 4 5 5 4 6 6 3 7]
 - Client 868: [3 4 4 6 7 8 5 4 6 3]
 - Client 869: [6 6 1 5 4 6 8 6 4 4]
 - Client 870: [4 5 2 6 4 5 5 4 8 7]
 - Client 871: [3 6 8 8 4 1 4 5 5 6]
 - Client 872: [3 9 7 1 3 6 5 3 4 9]
 - Client 873: [8 5 7 5 7 4 6 0 3 5]
 - Client 874: [7 5 4 4 2 9 6 4 5 4]
 - Client 875: [10  5  4  6  1  5  3  8  6  2]
 - Client 876: [11  2  5  7  2  6  6  3  7  1]
 - Client 877: [0 8 7 5 3 2 3 9 4 9]
 - Client 878: [ 2  6  2  4  2  5  7 10  7  5]
 - Client 879: [1 6 3 9 4 5 3 8 6 5]
 - Client 880: [4 4 8 5 4 3 6 4 7 5]
 - Client 881: [3 8 6 6 4 5 7 3 4 4]
 - Client 882: [2 5 7 6 7 4 5 3 5 6]
 - Client 883: [7 6 2 1 4 5 5 7 6 7]
 - Client 884: [ 3 10  5  4  3  4  6  2 10  3]
 - Client 885: [6 3 8 3 3 5 4 4 7 7]
 - Client 886: [ 3  4  2  3  5  6  6 12  4  5]
 - Client 887: [9 3 5 6 7 3 2 8 2 5]
 - Client 888: [3 3 7 2 9 6 6 3 7 4]
 - Client 889: [4 8 2 4 7 7 4 4 3 7]
 - Client 890: [ 1  6 11  6  3  6  3  4  3  7]
 - Client 891: [6 6 5 6 7 6 3 3 3 5]
 - Client 892: [7 8 5 4 4 4 4 5 1 8]
 - Client 893: [5 5 6 8 5 7 2 5 2 5]
 - Client 894: [3 6 4 4 7 7 4 3 4 8]
 - Client 895: [4 6 5 5 0 9 9 4 2 6]
 - Client 896: [8 3 7 5 4 5 5 8 4 1]
 - Client 897: [5 7 4 7 5 5 5 4 4 4]
 - Client 898: [ 6 10  3  1  3  9  3  6  8  1]
 - Client 899: [ 2  6  7  6 10  7  2  4  1  5]
 - Client 900: [4 2 7 4 3 6 3 9 7 5]
 - Client 901: [ 5  8  3  1  8 10  5  3  4  3]
 - Client 902: [7 6 2 6 7 5 6 4 3 4]
 - Client 903: [4 4 5 2 8 8 4 4 5 6]
 - Client 904: [2 6 5 7 6 5 4 3 5 7]
 - Client 905: [ 4  3  5  6 10  2  6  4  3  7]
 - Client 906: [6 4 4 3 2 8 5 5 5 8]
 - Client 907: [9 7 3 7 8 5 3 1 4 3]
 - Client 908: [3 6 4 6 7 5 5 0 7 7]
 - Client 909: [5 7 4 6 6 4 2 9 2 5]
 - Client 910: [6 8 6 4 6 2 7 0 8 3]
 - Client 911: [3 6 7 2 7 7 3 1 7 7]
 - Client 912: [5 8 3 4 5 7 4 8 3 3]
 - Client 913: [3 5 2 3 7 3 8 7 6 6]
 - Client 914: [7 4 3 5 8 5 4 4 2 8]
 - Client 915: [3 0 4 9 7 4 8 7 3 5]
 - Client 916: [7 8 1 6 5 7 4 6 2 4]
 - Client 917: [5 7 4 6 3 1 6 3 8 7]
 - Client 918: [3 4 7 9 4 3 3 5 8 4]
 - Client 919: [5 8 4 6 4 2 6 4 7 4]
 - Client 920: [4 7 5 8 1 4 4 6 6 5]
 - Client 921: [5 7 3 5 4 7 4 6 5 4]
 - Client 922: [7 5 8 3 4 2 3 8 4 6]
 - Client 923: [5 2 3 8 8 3 9 5 3 4]
 - Client 924: [2 7 9 7 6 2 5 6 3 3]
 - Client 925: [0 4 5 5 5 5 4 6 7 9]
 - Client 926: [10  7  5  1  5  7  3  1  6  5]
 - Client 927: [ 6  4  7  1  7  2  1  9 10  3]
 - Client 928: [4 6 2 8 5 6 4 6 2 7]
 - Client 929: [ 4  4  4  4 11  4  5  7  3  4]
 - Client 930: [ 4  8  2  3  4  2  6 10  6  5]
 - Client 931: [ 6  5  3  6  3  4  5  4 10  4]
 - Client 932: [6 3 5 1 5 7 4 9 6 4]
 - Client 933: [6 5 6 7 5 4 7 2 1 7]
 - Client 934: [4 6 4 6 8 5 5 4 4 4]
 - Client 935: [ 4  3  8  4  6  6  4 11  2  2]
 - Client 936: [2 2 8 5 3 7 7 7 5 4]
 - Client 937: [7 5 4 8 6 3 6 3 4 4]
 - Client 938: [5 6 6 5 2 6 7 2 7 4]
 - Client 939: [3 1 9 4 4 7 3 4 7 8]
 - Client 940: [5 5 4 5 1 5 5 5 8 7]
 - Client 941: [ 5  4  6  3 10  5  5  3  3  6]
 - Client 942: [7 4 4 7 4 3 7 5 6 3]
 - Client 943: [7 6 9 2 3 4 4 8 5 2]
 - Client 944: [11  2  8  4  4  5  2  2  6  6]
 - Client 945: [4 6 8 4 2 9 7 3 6 1]
 - Client 946: [7 4 4 9 5 2 3 8 3 5]
 - Client 947: [5 6 8 3 3 4 2 5 6 8]
 - Client 948: [6 3 5 3 8 7 2 4 4 8]
 - Client 949: [6 7 9 2 7 2 1 5 4 7]
 - Client 950: [ 3  5  4 12  4  3  5  4  1  9]
 - Client 951: [ 3  5  3 11  3  2  8  7  6  2]
 - Client 952: [7 3 5 3 5 7 5 6 6 3]
 - Client 953: [6 6 5 4 6 3 5 9 5 1]
 - Client 954: [1 5 5 7 8 4 4 7 5 4]
 - Client 955: [4 6 2 5 6 7 6 6 6 2]
 - Client 956: [10  8  3  3  1  6  2  7  3  7]
 - Client 957: [3 4 7 6 6 7 6 3 3 5]
 - Client 958: [2 4 4 6 3 8 7 7 5 4]
 - Client 959: [2 9 6 6 4 3 4 7 4 5]
 - Client 960: [ 3  4 10  2  9  6  2  3  5  6]
 - Client 961: [7 5 6 3 5 5 8 2 6 3]
 - Client 962: [5 7 6 4 3 8 3 5 5 4]
 - Client 963: [ 4  5 10  5  5  3  5  5  4  4]
 - Client 964: [9 6 3 2 4 5 0 9 7 5]
 - Client 965: [6 6 6 8 4 6 4 3 7 0]
 - Client 966: [8 7 0 4 7 7 2 6 3 6]
 - Client 967: [5 5 7 4 6 4 6 2 5 6]
 - Client 968: [6 4 8 5 4 8 4 5 3 3]
 - Client 969: [ 4  6  3  3  9  2 10  5  7  1]
 - Client 970: [5 6 3 5 4 5 3 7 8 4]
 - Client 971: [6 4 3 4 2 6 6 8 3 8]
 - Client 972: [7 4 5 2 4 6 5 5 5 7]
 - Client 973: [3 5 3 7 4 8 5 9 3 3]
 - Client 974: [7 4 4 7 5 4 3 3 7 6]
 - Client 975: [ 2  4  2  3  4  8  3 11  5  8]
 - Client 976: [ 3 10  6  5  6  6  0  7  2  5]
 - Client 977: [9 7 5 4 4 5 5 3 4 4]
 - Client 978: [9 2 3 4 5 7 3 3 9 5]
 - Client 979: [10  5  6  3  8  4  1  2  4  7]
 - Client 980: [8 5 5 4 4 2 8 7 5 2]
 - Client 981: [6 9 7 5 1 3 5 5 2 7]
 - Client 982: [6 8 4 4 3 6 4 3 7 5]
 - Client 983: [2 9 9 3 1 4 6 9 4 3]
 - Client 984: [7 2 4 3 4 4 5 7 7 7]
 - Client 985: [5 3 7 0 6 4 9 9 2 5]
 - Client 986: [2 5 8 5 5 6 7 6 3 3]
 - Client 987: [4 7 6 6 5 2 6 3 6 5]
 - Client 988: [4 8 5 7 6 2 5 4 4 5]
 - Client 989: [5 5 5 5 4 4 7 7 3 5]
 - Client 990: [4 5 5 4 4 4 8 4 4 8]
 - Client 991: [5 7 8 4 5 3 4 7 4 3]
 - Client 992: [5 6 6 5 4 7 4 3 8 2]
 - Client 993: [8 4 3 7 5 8 3 3 4 5]
 - Client 994: [4 6 1 3 7 4 9 8 3 5]
 - Client 995: [4 6 5 5 8 4 4 3 4 7]
 - Client 996: [9 5 4 1 3 8 3 7 3 7]
 - Client 997: [5 4 4 7 5 5 5 4 6 5]
 - Client 998: [ 6  6  3  6  5 10  0  2  5  7]
 - Client 999: [3 4 3 8 3 5 6 8 3 7]

Model:
 - conv1.weight                   [6, 3, 5, 5]
 - conv1.bias                     [6]
 - conv2.weight                   [16, 6, 5, 5]
 - conv2.bias                     [16]
 - fc1.weight                     [120, 400]
 - fc1.bias                       [120]
 - fc2.weight                     [84, 120]
 - fc2.bias                       [84]
 - fc3.weight                     [10, 84]
 - fc3.bias                       [10]
Total number of Parameters:  62006

Start Distributed Training..

Experiment: main (1/1)
{'communication_round': 1, 'lr': 0.002, 'epochs': 1}
{'client_train_loss': 2.3014750480651855}
{'server_val_accuracy': 0.1026}
Saved results to  /mnt/output//manyclients/xp_57458.npz
Remaining Time (approx.): 00:00:00 [100.00%]

