Running 1 Experiments..

Hyperparameters: 
 - dataset                 cifar10
 - net                     lenet_cifar
 - n_clients               1000
 - n_data                  None
 - communication_rounds    1
 - local_epochs            1
 - participation_rate      0.01
 - classes_per_client      0
 - batch_size              128
 - balancedness            1.0
 - pretrained              None
 - save_model              None
 - log_frequency           1
 - log_path                /manyclients
 - finished                False
 - log_id                  13452

Files already downloaded and verified
Files already downloaded and verified
Data split:
 - Client 0: [3 8 3 6 6 8 5 3 5 3]
 - Client 1: [3 7 6 5 3 3 7 4 7 5]
 - Client 2: [6 4 7 3 6 4 5 6 3 6]
 - Client 3: [ 7  5  4  1  5 13  4  3  2  6]
 - Client 4: [4 6 7 7 2 7 3 5 3 6]
 - Client 5: [5 3 5 4 6 4 6 5 5 7]
 - Client 6: [ 3  9  4  5  4  2  3  5 10  5]
 - Client 7: [ 2  3  6  3  4  6  4 11  4  7]
 - Client 8: [5 9 7 5 1 4 4 7 2 6]
 - Client 9: [2 3 8 2 6 6 9 4 6 4]
 - Client 10: [3 5 5 3 8 3 8 5 2 8]
 - Client 11: [7 1 8 3 2 9 7 6 2 5]
 - Client 12: [5 5 4 9 6 6 5 2 5 3]
 - Client 13: [6 7 3 7 4 4 8 3 4 4]
 - Client 14: [9 3 3 5 9 3 1 9 4 4]
 - Client 15: [7 5 3 4 6 3 4 5 6 7]
 - Client 16: [ 3  6  8  4  2  4  4  6 10  3]
 - Client 17: [5 8 7 3 6 6 2 1 5 7]
 - Client 18: [ 3  4  4  7  3  1  6  8  4 10]
 - Client 19: [5 4 4 6 4 5 4 7 4 7]
 - Client 20: [ 4 11  6  3  6  3  5  3  3  6]
 - Client 21: [6 6 3 5 4 7 2 3 6 8]
 - Client 22: [3 2 8 3 9 6 3 3 6 7]
 - Client 23: [ 5  3  5 10  4  3  3  5  8  4]
 - Client 24: [3 8 7 6 2 3 4 6 6 5]
 - Client 25: [4 3 9 6 6 3 7 4 4 4]
 - Client 26: [ 3  2  5  3  6  4  5 10  7  5]
 - Client 27: [2 6 3 4 6 4 5 6 6 8]
 - Client 28: [5 4 6 5 5 5 4 7 5 4]
 - Client 29: [ 5  4 11  2  2  6  3  5  7  5]
 - Client 30: [6 3 8 6 3 6 7 1 7 3]
 - Client 31: [4 7 4 5 7 5 3 4 5 6]
 - Client 32: [4 5 7 5 6 6 4 6 5 2]
 - Client 33: [ 8 11  7  4  7  4  2  3  2  2]
 - Client 34: [6 6 5 7 3 1 6 7 4 5]
 - Client 35: [ 4  2 11  9  5  2  5  4  4  4]
 - Client 36: [4 5 8 5 8 4 1 4 4 7]
 - Client 37: [ 1  9  5  5  2  5 12  3  4  4]
 - Client 38: [5 4 6 8 3 4 6 5 5 4]
 - Client 39: [ 7  2  4  5  3  6 12  4  2  5]
 - Client 40: [9 3 1 3 4 5 9 7 4 5]
 - Client 41: [5 4 4 3 2 7 8 6 7 4]
 - Client 42: [7 2 4 6 7 3 6 4 7 4]
 - Client 43: [ 6  3  4  5 12  9  3  1  4  3]
 - Client 44: [2 4 8 6 7 2 8 3 5 5]
 - Client 45: [7 5 5 8 4 7 7 3 3 1]
 - Client 46: [ 6  2  2  7  0  5 10  3  9  6]
 - Client 47: [ 4  9  4  4  4  1  5 11  4  4]
 - Client 48: [ 4  3  1  3 13  8  5  3  5  5]
 - Client 49: [7 5 5 5 6 3 4 5 1 9]
 - Client 50: [7 2 3 3 6 5 4 4 9 7]
 - Client 51: [7 7 7 3 8 6 2 3 4 3]
 - Client 52: [ 4  7  1  3  3 12  2  4  5  9]
 - Client 53: [ 2  4  7  4  3 10  5  7  2  6]
 - Client 54: [ 4  3  3  4  7  6  5 10  5  3]
 - Client 55: [6 1 1 8 4 5 9 3 7 6]
 - Client 56: [3 7 4 2 6 7 3 6 9 3]
 - Client 57: [8 3 7 5 2 6 7 1 3 8]
 - Client 58: [7 8 8 4 6 2 6 5 3 1]
 - Client 59: [6 6 4 5 4 5 5 4 5 6]
 - Client 60: [7 2 1 9 6 5 4 7 4 5]
 - Client 61: [10  4  6  4  5  3  1  7  7  3]
 - Client 62: [3 8 4 7 6 4 2 5 4 7]
 - Client 63: [8 5 3 6 4 4 4 1 6 9]
 - Client 64: [6 7 7 5 6 4 6 3 2 4]
 - Client 65: [2 5 5 3 7 3 3 7 9 6]
 - Client 66: [9 4 6 9 5 3 2 6 2 4]
 - Client 67: [3 3 5 8 4 3 5 5 6 8]
 - Client 68: [6 3 7 7 3 4 4 9 3 4]
 - Client 69: [6 6 3 7 7 8 4 4 0 5]
 - Client 70: [8 8 5 3 5 3 6 5 3 4]
 - Client 71: [6 7 5 1 5 7 3 8 3 5]
 - Client 72: [2 4 4 5 4 9 5 3 6 8]
 - Client 73: [4 5 5 5 6 6 2 5 4 8]
 - Client 74: [2 5 3 6 7 3 3 6 6 9]
 - Client 75: [ 4  5  9  3  0  6 11  3  5  4]
 - Client 76: [6 4 9 3 5 9 6 1 2 5]
 - Client 77: [ 6 12  4  1  4  7  0  7  4  5]
 - Client 78: [6 3 9 5 3 3 6 9 3 3]
 - Client 79: [5 1 6 6 3 7 8 4 4 6]
 - Client 80: [ 5  4  2  2 11  8  5  7  1  5]
 - Client 81: [2 2 6 7 5 4 5 7 6 6]
 - Client 82: [4 9 4 5 2 3 8 5 6 4]
 - Client 83: [9 5 8 3 4 5 5 4 3 4]
 - Client 84: [5 3 5 6 4 7 4 8 2 6]
 - Client 85: [5 6 2 5 6 6 4 6 5 5]
 - Client 86: [8 7 5 5 3 8 3 2 7 2]
 - Client 87: [2 8 5 4 4 7 5 8 4 3]
 - Client 88: [9 5 3 3 4 3 8 8 4 3]
 - Client 89: [7 4 8 2 7 3 6 5 5 3]
 - Client 90: [3 7 6 2 5 8 6 6 6 1]
 - Client 91: [5 5 4 6 7 5 7 5 4 2]
 - Client 92: [5 4 2 5 2 7 9 9 4 3]
 - Client 93: [ 7  2 11  6  3  3  2  5  5  6]
 - Client 94: [3 5 5 9 5 6 7 2 5 3]
 - Client 95: [5 3 7 5 6 6 4 5 6 3]
 - Client 96: [7 5 5 2 4 7 3 7 3 7]
 - Client 97: [4 5 4 7 4 3 3 4 9 7]
 - Client 98: [ 2  5  4  6  5  4  2 13  4  5]
 - Client 99: [5 8 7 3 3 6 3 4 7 4]
 - Client 100: [4 8 7 4 6 2 3 8 4 4]
 - Client 101: [5 4 2 1 5 9 5 4 7 8]
 - Client 102: [7 6 5 2 6 4 4 6 5 5]
 - Client 103: [ 3  5  4  3  2  3 11  5  9  5]
 - Client 104: [3 9 5 9 6 5 6 0 4 3]
 - Client 105: [ 2 11  3  4  6  8  0  4  9  3]
 - Client 106: [ 2  3  7  6  4  4  3 10  4  7]
 - Client 107: [ 6  5  4  1  2  6  6 11  7  2]
 - Client 108: [8 6 4 1 3 7 5 7 1 8]
 - Client 109: [1 3 5 5 8 6 6 6 8 2]
 - Client 110: [6 6 4 5 5 7 8 6 1 2]
 - Client 111: [ 5  5  3  3  4  6 11  5  7  1]
 - Client 112: [4 6 6 5 5 1 4 8 7 4]
 - Client 113: [4 6 6 6 1 5 7 9 2 4]
 - Client 114: [4 4 4 7 9 5 4 3 7 3]
 - Client 115: [2 3 4 4 8 9 5 2 8 5]
 - Client 116: [4 8 2 6 7 7 4 5 4 3]
 - Client 117: [8 6 6 5 4 4 2 6 3 6]
 - Client 118: [3 8 5 3 6 2 9 7 3 4]
 - Client 119: [6 6 5 8 5 4 5 3 4 4]
 - Client 120: [3 3 4 7 5 3 7 3 7 8]
 - Client 121: [ 1  7  6  2  3 10  7  5  4  5]
 - Client 122: [ 4  5  5 10  3  3  4  5  6  5]
 - Client 123: [6 4 4 7 7 5 2 7 4 4]
 - Client 124: [9 6 4 6 1 2 8 2 5 7]
 - Client 125: [7 4 8 4 2 7 3 6 6 3]
 - Client 126: [2 5 4 8 3 8 7 3 3 7]
 - Client 127: [ 7  5  1  3 10  1  6  6  7  4]
 - Client 128: [3 8 4 5 7 4 7 4 7 1]
 - Client 129: [4 5 5 5 6 8 3 9 3 2]
 - Client 130: [5 7 4 5 4 6 4 5 6 4]
 - Client 131: [4 3 5 5 6 6 4 8 5 4]
 - Client 132: [2 6 7 6 7 7 2 0 5 8]
 - Client 133: [5 3 7 5 5 4 4 5 5 7]
 - Client 134: [ 5  3  9  1 10  3  6  2  5  6]
 - Client 135: [9 6 5 5 4 4 3 4 6 4]
 - Client 136: [4 0 5 8 4 8 4 7 5 5]
 - Client 137: [ 8  3 10  2  3  3  4 10  4  3]
 - Client 138: [ 2  5  6 13  3  5  5  2  5  4]
 - Client 139: [6 5 5 7 3 3 3 8 7 3]
 - Client 140: [2 8 7 2 5 5 6 8 4 3]
 - Client 141: [ 3  5  5  3  6  7  5  3 10  3]
 - Client 142: [ 8  4  1  8 10  1  3  7  5  3]
 - Client 143: [10  7  2  5  7  0  3  9  4  3]
 - Client 144: [2 6 4 6 7 2 7 3 4 9]
 - Client 145: [4 2 4 6 7 5 7 5 6 4]
 - Client 146: [8 3 7 3 6 2 7 4 6 4]
 - Client 147: [3 6 2 9 2 7 6 7 3 5]
 - Client 148: [7 4 3 7 5 7 3 6 2 6]
 - Client 149: [6 1 6 9 3 3 6 5 6 5]
 - Client 150: [7 7 2 5 2 5 6 6 8 2]
 - Client 151: [5 7 6 7 6 3 3 4 6 3]
 - Client 152: [ 7  4  1  3  6  7  4  4  4 10]
 - Client 153: [6 9 7 4 1 6 5 7 2 3]
 - Client 154: [7 5 6 4 6 5 4 3 8 2]
 - Client 155: [6 8 3 6 5 5 5 2 9 1]
 - Client 156: [ 5  3  6  4  3 11  4  4  2  8]
 - Client 157: [ 4  1  5  4  5  5 12  4  2  8]
 - Client 158: [2 3 4 7 4 3 8 6 7 6]
 - Client 159: [6 5 7 3 3 4 7 5 7 3]
 - Client 160: [5 7 3 6 5 2 7 4 7 4]
 - Client 161: [10  3  3  4  6  6  3  5  7  3]
 - Client 162: [7 7 5 5 3 3 4 5 8 3]
 - Client 163: [ 7  3  4  4  4  3 12  5  2  6]
 - Client 164: [6 6 7 4 3 6 4 7 4 3]
 - Client 165: [6 6 8 2 5 4 5 4 8 2]
 - Client 166: [7 1 7 4 6 8 5 4 7 1]
 - Client 167: [6 2 9 3 5 3 6 7 7 2]
 - Client 168: [ 6  2  4  6  6  7  3  2 10  4]
 - Client 169: [4 6 3 5 9 6 2 4 5 6]
 - Client 170: [4 5 3 4 7 6 5 8 2 6]
 - Client 171: [ 3  5  3  8  3  4  3  5  4 12]
 - Client 172: [ 5  3 10  7  6  5  7  1  2  4]
 - Client 173: [11  0  3  5  2  5 12  4  4  4]
 - Client 174: [5 2 6 7 5 6 3 6 4 6]
 - Client 175: [2 6 9 3 4 7 2 6 6 5]
 - Client 176: [7 8 6 3 7 4 3 4 4 4]
 - Client 177: [3 7 3 6 4 3 5 4 7 8]
 - Client 178: [5 2 3 8 3 6 6 4 7 6]
 - Client 179: [6 3 4 5 5 7 6 6 3 5]
 - Client 180: [7 3 6 7 4 7 4 4 2 6]
 - Client 181: [4 3 8 6 7 3 4 6 5 4]
 - Client 182: [3 4 8 4 4 5 5 8 3 6]
 - Client 183: [7 7 9 4 7 2 2 3 4 5]
 - Client 184: [8 4 5 9 3 1 5 3 6 6]
 - Client 185: [8 3 3 3 5 5 6 8 4 5]
 - Client 186: [2 9 6 5 8 3 5 3 4 5]
 - Client 187: [ 2  4  4  4  4  5 10  7  2  8]
 - Client 188: [5 5 2 6 4 9 3 5 4 7]
 - Client 189: [ 3  5  3  6  8 10  4  4  3  4]
 - Client 190: [ 5  4  4  2  5  6  4  7  3 10]
 - Client 191: [5 6 7 4 6 4 6 5 4 3]
 - Client 192: [3 6 4 7 6 6 4 5 6 3]
 - Client 193: [4 6 5 2 7 7 3 7 4 5]
 - Client 194: [1 6 3 7 7 4 3 8 9 2]
 - Client 195: [4 6 8 5 5 3 8 4 4 3]
 - Client 196: [ 4  1  2  5  2 12  7  3  9  5]
 - Client 197: [1 6 8 5 4 9 6 3 5 3]
 - Client 198: [ 2  4 10  7  5  6  2  3  4  7]
 - Client 199: [7 4 7 4 6 8 4 2 3 5]
 - Client 200: [ 3  4  6  6 11  3  5  6  4  2]
 - Client 201: [3 3 5 8 5 4 6 5 5 6]
 - Client 202: [ 4  1  3  6  6 11  5  2  6  6]
 - Client 203: [7 6 7 5 0 7 5 2 5 6]
 - Client 204: [8 3 5 7 3 4 6 7 6 1]
 - Client 205: [4 5 6 8 7 7 2 4 2 5]
 - Client 206: [5 2 4 2 6 7 7 4 6 7]
 - Client 207: [4 1 6 8 2 5 5 9 6 4]
 - Client 208: [1 8 7 4 3 4 4 6 7 6]
 - Client 209: [3 4 8 4 6 6 6 3 7 3]
 - Client 210: [1 5 6 7 5 5 4 4 8 5]
 - Client 211: [ 4  3  4  5 11  2 11  4  4  2]
 - Client 212: [4 4 8 2 6 5 3 4 7 7]
 - Client 213: [2 7 6 4 6 3 7 6 5 4]
 - Client 214: [4 6 5 2 4 8 5 6 3 7]
 - Client 215: [6 3 6 3 4 4 6 7 5 6]
 - Client 216: [4 8 4 7 3 6 9 2 3 4]
 - Client 217: [7 4 6 8 2 4 5 4 6 4]
 - Client 218: [7 3 3 8 6 2 6 3 5 7]
 - Client 219: [5 2 5 6 5 7 6 4 4 6]
 - Client 220: [4 2 4 5 4 7 4 9 3 8]
 - Client 221: [3 4 5 5 4 3 9 4 4 9]
 - Client 222: [ 4  6  4  5 10  3  4  5  6  3]
 - Client 223: [5 6 8 4 7 2 7 3 4 4]
 - Client 224: [4 6 4 6 8 8 6 1 6 1]
 - Client 225: [6 4 7 9 5 4 3 4 4 4]
 - Client 226: [3 3 4 7 2 9 8 2 7 5]
 - Client 227: [5 6 4 5 5 3 3 5 5 9]
 - Client 228: [ 1  8  5  3  5  7  3 10  3  5]
 - Client 229: [7 1 6 8 8 5 2 5 5 3]
 - Client 230: [5 5 1 4 8 2 5 4 7 9]
 - Client 231: [6 7 3 2 5 4 5 4 7 7]
 - Client 232: [6 2 5 6 8 6 5 3 6 3]
 - Client 233: [ 6  3  8 10  4  1  5  2  6  5]
 - Client 234: [ 4  0  3  6  2  7  5 10  5  8]
 - Client 235: [5 4 4 4 7 3 5 5 8 5]
 - Client 236: [7 3 6 5 5 6 3 7 5 3]
 - Client 237: [ 5  3 10  7  5  4  6  3  3  4]
 - Client 238: [ 4  9  2  7  0  4  3  5  4 12]
 - Client 239: [4 7 2 5 5 6 8 6 2 5]
 - Client 240: [ 6 10  6  2  3  5  5  3  3  7]
 - Client 241: [5 5 4 3 7 8 3 5 4 6]
 - Client 242: [2 9 4 5 4 4 4 4 7 7]
 - Client 243: [7 6 7 3 6 3 6 4 4 4]
 - Client 244: [5 4 6 6 3 4 4 6 6 6]
 - Client 245: [10  2  4  5  5  4  7  8  1  4]
 - Client 246: [3 4 9 8 2 5 5 4 7 3]
 - Client 247: [4 4 6 5 7 6 3 5 6 4]
 - Client 248: [8 4 1 9 4 8 2 5 5 4]
 - Client 249: [ 3  4  5 11  4  4  2  3  8  6]
 - Client 250: [7 3 3 3 2 5 5 4 9 9]
 - Client 251: [5 6 2 4 6 7 5 1 7 7]
 - Client 252: [6 2 4 5 5 4 9 7 1 7]
 - Client 253: [6 4 8 1 4 4 5 7 7 4]
 - Client 254: [ 8  1 10  8  1  3  6  5  4  4]
 - Client 255: [5 4 5 4 3 3 6 6 6 8]
 - Client 256: [4 6 5 6 6 5 3 6 5 4]
 - Client 257: [3 7 6 5 7 2 6 6 5 3]
 - Client 258: [7 3 5 1 3 2 8 6 6 9]
 - Client 259: [9 2 6 4 3 6 7 5 7 1]
 - Client 260: [3 4 6 8 6 6 9 1 4 3]
 - Client 261: [5 4 7 5 6 6 7 0 9 1]
 - Client 262: [4 6 1 1 7 7 9 8 4 3]
 - Client 263: [ 4  3 11  2  3  4  6  7  4  6]
 - Client 264: [ 6  6  4  1  5  3 10  4  5  6]
 - Client 265: [6 2 7 6 4 7 4 6 6 2]
 - Client 266: [6 7 4 4 3 8 6 4 5 3]
 - Client 267: [ 4  3  6  4  5  6  7 10  3  2]
 - Client 268: [3 8 9 6 4 6 1 1 4 8]
 - Client 269: [6 0 4 6 6 7 5 4 9 3]
 - Client 270: [9 4 6 6 4 2 4 6 7 2]
 - Client 271: [4 8 3 5 3 3 7 4 6 7]
 - Client 272: [5 1 7 9 4 7 5 2 3 7]
 - Client 273: [ 6  5  1  6  3  8  3 10  5  3]
 - Client 274: [6 8 7 1 2 2 7 9 5 3]
 - Client 275: [4 6 4 3 4 3 5 7 7 7]
 - Client 276: [6 4 4 5 2 6 5 7 6 5]
 - Client 277: [5 7 5 4 4 5 5 6 4 5]
 - Client 278: [4 5 4 8 6 4 6 6 2 5]
 - Client 279: [ 5 12  1  5  3  4  5  2  5  8]
 - Client 280: [ 4  5  6  3 10  2  7  5  2  6]
 - Client 281: [5 2 4 7 9 4 6 3 8 2]
 - Client 282: [ 2 10  1  6  5  7  6  5  4  4]
 - Client 283: [6 6 6 6 5 1 7 5 2 6]
 - Client 284: [5 5 8 4 2 4 2 5 7 8]
 - Client 285: [5 5 1 6 5 5 5 7 7 4]
 - Client 286: [ 5 10  4  3  6  3  5  2  4  8]
 - Client 287: [10  5  7  3  1  7  3  2  3  9]
 - Client 288: [3 4 6 5 3 6 9 7 4 3]
 - Client 289: [5 5 3 1 5 8 5 4 8 6]
 - Client 290: [1 6 8 3 4 7 4 2 8 7]
 - Client 291: [8 4 2 5 2 7 5 3 5 9]
 - Client 292: [3 5 5 5 3 7 7 5 5 5]
 - Client 293: [ 5  6 11  3  4  4  2  6  6  3]
 - Client 294: [ 6  3  8  4 10  2  4  4  5  4]
 - Client 295: [5 1 3 8 7 5 4 5 4 8]
 - Client 296: [4 4 7 6 9 2 4 3 5 6]
 - Client 297: [4 5 7 6 9 3 4 2 6 4]
 - Client 298: [7 7 2 2 5 5 6 3 6 7]
 - Client 299: [4 2 6 4 5 9 5 7 2 6]
 - Client 300: [6 7 6 5 9 3 3 4 1 6]
 - Client 301: [ 5 10  1  3  4  6  4  3  5  9]
 - Client 302: [3 5 9 4 6 5 3 6 3 6]
 - Client 303: [3 8 2 1 6 7 8 3 7 5]
 - Client 304: [6 5 3 3 3 8 6 7 5 4]
 - Client 305: [4 7 1 8 4 6 3 4 6 7]
 - Client 306: [4 6 5 3 7 4 4 3 8 6]
 - Client 307: [4 9 1 2 5 5 5 9 4 6]
 - Client 308: [6 9 5 5 5 2 5 7 5 1]
 - Client 309: [1 4 5 7 4 5 7 7 5 5]
 - Client 310: [8 7 3 4 3 2 2 4 8 9]
 - Client 311: [ 3 10  7  3  3  7  4  5  5  3]
 - Client 312: [3 3 7 4 5 7 6 3 8 4]
 - Client 313: [7 6 3 5 7 4 6 3 6 3]
 - Client 314: [8 4 6 3 6 7 4 3 7 2]
 - Client 315: [ 5  3 13  8  3  5  6  3  2  2]
 - Client 316: [9 2 4 9 3 6 6 5 2 4]
 - Client 317: [5 5 0 6 6 7 7 4 4 6]
 - Client 318: [ 7  4  4  5  1  5 11  6  2  5]
 - Client 319: [5 7 4 7 5 2 5 6 4 5]
 - Client 320: [4 6 1 5 5 5 7 4 5 8]
 - Client 321: [3 4 6 8 7 4 3 4 7 4]
 - Client 322: [5 5 6 4 8 5 2 4 7 4]
 - Client 323: [6 7 5 5 5 2 4 5 7 4]
 - Client 324: [4 8 4 5 5 5 6 3 6 4]
 - Client 325: [ 3  4  2  3  7  3  6  7 12  3]
 - Client 326: [6 5 6 3 6 5 3 8 4 4]
 - Client 327: [4 5 7 3 3 4 8 6 2 8]
 - Client 328: [2 9 6 6 7 5 4 2 5 4]
 - Client 329: [5 5 8 6 1 4 6 7 2 6]
 - Client 330: [6 8 5 3 4 5 3 2 8 6]
 - Client 331: [2 7 3 4 3 6 9 4 4 8]
 - Client 332: [4 4 6 7 3 1 4 9 7 5]
 - Client 333: [2 5 7 5 5 2 8 7 3 6]
 - Client 334: [ 2  2  4  6  3  6  4 12  9  2]
 - Client 335: [ 4 11  3  5  4  7  4  5  3  4]
 - Client 336: [10  3  2  3 10  6  6  3  2  5]
 - Client 337: [8 5 3 6 6 4 4 1 9 4]
 - Client 338: [6 6 5 5 2 8 3 5 8 2]
 - Client 339: [8 3 5 3 4 8 4 4 4 7]
 - Client 340: [3 6 5 4 6 8 3 4 6 5]
 - Client 341: [ 8  3 10  4  6  5  3  4  5  2]
 - Client 342: [6 3 6 2 8 4 2 5 9 5]
 - Client 343: [7 5 7 6 5 4 3 5 5 3]
 - Client 344: [3 3 8 5 5 6 8 7 3 2]
 - Client 345: [5 6 5 5 6 4 4 4 4 7]
 - Client 346: [9 6 3 3 3 5 5 5 6 5]
 - Client 347: [6 6 4 2 4 7 5 5 8 3]
 - Client 348: [8 1 5 4 4 6 5 7 5 5]
 - Client 349: [6 4 5 4 7 5 6 4 3 6]
 - Client 350: [3 7 2 5 5 7 8 4 6 3]
 - Client 351: [9 3 6 6 5 5 4 3 4 5]
 - Client 352: [4 6 5 7 4 3 3 8 3 7]
 - Client 353: [ 3  4  1  6  3  8  7 11  2  5]
 - Client 354: [1 5 6 2 8 6 2 7 4 9]
 - Client 355: [ 1 11  7  4  6 10  0  2  4  5]
 - Client 356: [6 2 2 4 7 4 7 7 6 5]
 - Client 357: [5 2 5 7 7 6 3 7 5 3]
 - Client 358: [ 5  5  6  4  3  2 11  6  2  6]
 - Client 359: [6 5 5 3 7 8 7 1 4 4]
 - Client 360: [5 4 8 8 5 3 2 5 5 5]
 - Client 361: [2 5 3 7 6 5 9 3 6 4]
 - Client 362: [ 3  7  2 10  6  5  4  3  5  5]
 - Client 363: [6 6 4 3 2 3 4 9 7 6]
 - Client 364: [9 3 2 9 7 3 5 3 6 3]
 - Client 365: [ 0 10  2  6  8  3  6  5  8  2]
 - Client 366: [5 2 4 4 7 4 6 4 9 5]
 - Client 367: [ 5 11  6  3  3  4  9  6  1  2]
 - Client 368: [4 4 4 6 4 5 7 6 5 5]
 - Client 369: [ 4  1  9 10  1  8  2  8  4  3]
 - Client 370: [9 3 6 7 5 2 1 6 2 9]
 - Client 371: [ 4  4  3  5 10  6  6  4  4  4]
 - Client 372: [1 7 6 8 2 8 3 5 8 2]
 - Client 373: [6 5 7 7 7 5 3 5 1 4]
 - Client 374: [3 5 2 3 7 6 7 8 6 3]
 - Client 375: [4 6 9 3 3 1 7 5 5 7]
 - Client 376: [6 3 4 6 6 5 4 4 8 4]
 - Client 377: [5 6 3 3 3 6 4 8 6 6]
 - Client 378: [0 3 6 4 8 6 5 7 4 7]
 - Client 379: [5 6 5 5 8 5 5 2 5 4]
 - Client 380: [7 7 6 8 2 4 7 3 4 2]
 - Client 381: [10  7  7  6  1  5  3  3  5  3]
 - Client 382: [4 5 5 4 7 3 5 6 7 4]
 - Client 383: [5 5 2 8 4 4 7 5 4 6]
 - Client 384: [3 4 8 7 6 3 6 3 4 6]
 - Client 385: [6 4 4 3 5 4 8 5 4 7]
 - Client 386: [6 4 5 8 7 2 5 3 6 4]
 - Client 387: [ 2 10  5  2 10  3  3  6  3  6]
 - Client 388: [7 4 7 4 0 6 2 6 6 8]
 - Client 389: [6 7 0 3 4 8 2 6 6 8]
 - Client 390: [7 4 5 5 5 5 4 9 3 3]
 - Client 391: [ 6 10  2  4  6  3  4  3  5  7]
 - Client 392: [ 4  4  5  4 10  3  3  4  5  8]
 - Client 393: [6 4 5 6 3 5 3 5 8 5]
 - Client 394: [6 5 5 3 4 6 6 6 5 4]
 - Client 395: [ 3  4  6  3  4 10  6  5  3  6]
 - Client 396: [6 5 6 1 5 6 6 3 4 8]
 - Client 397: [2 2 5 8 5 6 8 1 9 4]
 - Client 398: [ 4  5  3  8  2  4  5  5  2 12]
 - Client 399: [1 5 6 3 8 7 2 5 9 4]
 - Client 400: [7 3 4 8 2 5 6 6 4 5]
 - Client 401: [2 6 5 6 4 6 7 2 8 4]
 - Client 402: [9 4 4 5 3 5 5 4 6 5]
 - Client 403: [6 6 6 6 4 2 2 5 8 5]
 - Client 404: [8 5 4 7 5 3 2 3 8 5]
 - Client 405: [ 4  4  4  5  2  7  5  6  3 10]
 - Client 406: [ 3  3  3  4  3  6  7 10  6  5]
 - Client 407: [4 5 3 4 8 7 6 5 5 3]
 - Client 408: [ 3  5  5  3  2  8  5  4 11  4]
 - Client 409: [8 5 7 2 7 2 5 5 7 2]
 - Client 410: [5 3 2 9 5 4 5 9 2 6]
 - Client 411: [2 9 5 4 7 4 3 3 7 6]
 - Client 412: [9 5 4 5 7 6 2 3 7 2]
 - Client 413: [ 5  9 10  0  7  3  3  3  3  7]
 - Client 414: [ 7  9  2 10  1  5  4  7  1  4]
 - Client 415: [5 6 7 4 3 5 5 4 6 5]
 - Client 416: [ 4  5  6  1  3 10  6  2  7  6]
 - Client 417: [6 4 8 4 5 5 2 4 4 8]
 - Client 418: [5 4 4 6 6 6 3 7 8 1]
 - Client 419: [7 5 4 9 6 6 3 3 6 1]
 - Client 420: [6 6 2 4 6 4 3 7 8 4]
 - Client 421: [9 6 9 3 2 4 4 4 5 4]
 - Client 422: [4 5 8 3 4 5 6 5 4 6]
 - Client 423: [3 4 9 3 8 2 8 2 6 5]
 - Client 424: [5 5 5 5 7 1 6 8 3 5]
 - Client 425: [4 7 4 5 5 4 4 4 6 7]
 - Client 426: [7 1 4 4 6 2 8 4 8 6]
 - Client 427: [5 7 6 3 2 4 7 6 5 5]
 - Client 428: [6 6 4 5 3 7 6 5 3 5]
 - Client 429: [ 5 10  6  2  2  4  6  5  7  3]
 - Client 430: [6 4 3 4 9 8 3 4 5 4]
 - Client 431: [3 2 6 8 3 3 8 8 2 7]
 - Client 432: [3 6 5 6 5 4 4 5 5 7]
 - Client 433: [ 4  7  3  4  5  2 10  8  4  3]
 - Client 434: [5 8 5 5 9 1 2 7 3 5]
 - Client 435: [6 4 6 5 6 8 8 4 2 1]
 - Client 436: [6 3 5 4 1 5 6 5 7 8]
 - Client 437: [10  8  5  5  3  5  5  4  1  4]
 - Client 438: [ 3  5  5  4  2  3 10  6  5  7]
 - Client 439: [8 4 8 5 5 5 4 2 3 6]
 - Client 440: [3 3 5 6 7 6 6 2 9 3]
 - Client 441: [ 6  5  3  6  3  4  5 10  4  4]
 - Client 442: [10  5  5  3  5  4  3  5  4  6]
 - Client 443: [ 3  5 12  5  8  2  5  1  3  6]
 - Client 444: [3 3 3 7 6 7 4 5 5 7]
 - Client 445: [ 6  6  4  3 10  6  3  8  2  2]
 - Client 446: [3 5 9 7 5 2 5 4 3 7]
 - Client 447: [4 3 5 6 3 8 9 7 4 1]
 - Client 448: [ 3  7  6  5  1  3  5  5  5 10]
 - Client 449: [3 4 7 5 4 4 5 4 7 7]
 - Client 450: [9 5 3 2 5 5 4 4 4 9]
 - Client 451: [3 5 6 6 4 4 7 4 5 6]
 - Client 452: [7 6 3 2 4 5 8 2 7 6]
 - Client 453: [ 5  2  5  6 10  5  5  4  4  4]
 - Client 454: [3 3 4 3 3 7 7 9 7 4]
 - Client 455: [6 6 6 3 4 2 6 3 8 6]
 - Client 456: [7 3 6 3 1 6 7 9 3 5]
 - Client 457: [8 4 5 3 4 6 3 4 9 4]
 - Client 458: [6 6 7 3 2 7 2 4 8 5]
 - Client 459: [5 6 6 2 1 3 8 5 7 7]
 - Client 460: [ 6  2  2  3  8 10  8  1  3  7]
 - Client 461: [8 7 5 4 6 2 0 6 8 4]
 - Client 462: [2 6 4 5 4 7 8 6 2 6]
 - Client 463: [9 4 5 2 5 2 5 6 6 6]
 - Client 464: [ 4  6  4  1  3  7 10  1 11  3]
 - Client 465: [6 3 3 6 4 6 8 4 5 5]
 - Client 466: [8 4 9 3 5 3 5 4 5 4]
 - Client 467: [3 4 6 2 5 7 5 6 6 6]
 - Client 468: [7 8 2 5 4 2 7 5 5 5]
 - Client 469: [ 7  6  4  4  4  7  3 10  2  3]
 - Client 470: [ 1 10  3  8  3  6  6  2  5  6]
 - Client 471: [4 4 5 9 5 2 4 8 4 5]
 - Client 472: [7 3 5 5 8 5 4 5 5 3]
 - Client 473: [3 6 6 5 6 8 2 4 4 6]
 - Client 474: [2 6 6 7 1 3 6 3 8 8]
 - Client 475: [3 5 4 2 6 6 6 5 6 7]
 - Client 476: [4 8 4 6 2 7 2 9 2 6]
 - Client 477: [6 4 4 5 7 4 5 4 6 5]
 - Client 478: [4 4 5 4 4 5 8 3 9 4]
 - Client 479: [ 4 11  3  1  4  3  9  7  3  5]
 - Client 480: [ 1  5  5  1  5 11  9  6  3  4]
 - Client 481: [7 8 4 3 5 4 6 4 6 3]
 - Client 482: [5 4 8 7 6 3 5 6 5 1]
 - Client 483: [4 3 7 5 7 6 8 3 4 3]
 - Client 484: [5 7 8 4 2 6 5 5 4 4]
 - Client 485: [3 2 8 6 4 7 7 2 2 9]
 - Client 486: [ 4  6  4  4 10  3  6  5  5  3]
 - Client 487: [ 7  8 10  3  4  2  5  2  5  4]
 - Client 488: [6 4 6 4 2 4 8 6 5 5]
 - Client 489: [7 4 8 1 5 4 4 6 5 6]
 - Client 490: [5 4 1 4 5 5 6 8 5 7]
 - Client 491: [6 5 4 7 3 6 3 5 5 6]
 - Client 492: [ 6  4  6  5  2  4  2  5 10  6]
 - Client 493: [6 7 4 8 8 0 4 4 6 3]
 - Client 494: [3 6 5 5 4 5 5 6 5 6]
 - Client 495: [ 2  3  3  4  5 10  3  8  8  4]
 - Client 496: [7 8 4 4 5 4 7 5 3 3]
 - Client 497: [5 7 5 4 6 3 5 6 4 5]
 - Client 498: [4 6 5 2 5 2 8 6 4 8]
 - Client 499: [4 7 1 6 3 6 4 9 3 7]
 - Client 500: [ 3  4  6 10  3  5  6  4  5  4]
 - Client 501: [4 4 9 5 4 6 4 8 6 0]
 - Client 502: [5 3 7 8 5 2 3 6 6 5]
 - Client 503: [ 6  1  5  8  6  3  6  2  3 10]
 - Client 504: [ 6  5  3 11  5  1  8  4  1  6]
 - Client 505: [3 5 9 5 3 4 7 5 6 3]
 - Client 506: [5 3 4 4 4 6 7 3 6 8]
 - Client 507: [6 7 5 1 5 6 1 6 5 8]
 - Client 508: [ 5  2  3  6  3  5 10 10  3  3]
 - Client 509: [5 7 2 7 5 5 6 2 3 8]
 - Client 510: [0 9 4 4 2 5 3 8 9 6]
 - Client 511: [8 2 6 7 5 4 3 2 6 7]
 - Client 512: [5 4 8 5 4 6 3 5 5 5]
 - Client 513: [6 4 3 4 6 4 6 7 4 6]
 - Client 514: [9 7 8 3 3 4 2 5 5 4]
 - Client 515: [5 6 3 2 7 5 6 5 6 5]
 - Client 516: [9 1 9 2 3 5 5 2 5 9]
 - Client 517: [6 5 5 6 2 2 9 4 3 8]
 - Client 518: [3 5 6 3 5 3 3 9 7 6]
 - Client 519: [2 5 8 6 5 7 5 6 4 2]
 - Client 520: [ 4  4  6  5  6  3  5  2 13  2]
 - Client 521: [4 4 6 6 5 7 5 4 3 6]
 - Client 522: [4 3 5 7 6 5 3 7 5 5]
 - Client 523: [5 7 4 4 6 7 2 5 7 3]
 - Client 524: [3 5 4 6 5 8 7 3 4 5]
 - Client 525: [ 3  5  4  3  5  5  4 11  2  8]
 - Client 526: [8 3 9 3 6 5 2 4 4 6]
 - Client 527: [8 4 7 3 2 5 6 3 3 9]
 - Client 528: [ 4 11  4  5  7  6  0  4  3  6]
 - Client 529: [ 5 10  3  3  8  5  2  3  7  4]
 - Client 530: [4 4 7 7 8 5 2 6 3 4]
 - Client 531: [6 4 4 4 5 3 3 5 9 7]
 - Client 532: [8 3 6 1 4 6 5 4 8 5]
 - Client 533: [12  4  2  7  3  1  4  8  5  4]
 - Client 534: [7 4 5 7 4 4 3 5 5 6]
 - Client 535: [5 3 4 5 7 3 4 5 6 8]
 - Client 536: [ 4  5  3  4 12  6  4  3  3  6]
 - Client 537: [4 8 6 5 1 5 9 4 4 4]
 - Client 538: [5 3 9 5 5 3 6 4 5 5]
 - Client 539: [5 8 5 1 3 6 7 5 3 7]
 - Client 540: [ 8  3  3  6  4  2  2 10  6  6]
 - Client 541: [8 2 6 7 3 4 2 6 7 5]
 - Client 542: [5 4 5 7 4 5 9 2 2 7]
 - Client 543: [7 3 3 6 5 7 5 4 7 3]
 - Client 544: [6 6 4 2 6 6 2 8 3 7]
 - Client 545: [5 5 1 4 5 4 7 7 5 7]
 - Client 546: [9 5 5 5 7 4 3 2 2 8]
 - Client 547: [4 7 5 1 3 8 5 7 3 7]
 - Client 548: [6 6 4 5 7 5 5 6 5 1]
 - Client 549: [4 5 6 6 3 3 6 9 4 4]
 - Client 550: [ 4  5  4 10  4  6  5  4  3  5]
 - Client 551: [6 5 8 1 7 4 3 6 6 4]
 - Client 552: [ 5  6  0  2  7  7  3  5  4 11]
 - Client 553: [4 2 4 4 7 4 6 6 5 8]
 - Client 554: [3 3 7 6 2 5 6 4 8 6]
 - Client 555: [10  8  5  3  5  2  7  3  4  3]
 - Client 556: [4 3 5 5 8 6 2 6 4 7]
 - Client 557: [7 4 4 4 8 4 4 3 5 7]
 - Client 558: [5 2 7 3 7 7 5 5 6 3]
 - Client 559: [8 5 2 6 3 4 8 4 6 4]
 - Client 560: [8 1 6 6 4 5 3 7 1 9]
 - Client 561: [4 3 3 8 4 4 5 8 4 7]
 - Client 562: [ 3  3  9  4  3  9  1  4 10  4]
 - Client 563: [3 4 4 8 8 4 8 1 7 3]
 - Client 564: [3 7 4 5 8 3 5 6 4 5]
 - Client 565: [4 5 5 6 4 8 2 6 7 3]
 - Client 566: [ 4  3  3  5  6  7 11  4  4  3]
 - Client 567: [4 5 8 6 5 4 4 9 4 1]
 - Client 568: [5 3 4 7 5 7 3 7 5 4]
 - Client 569: [6 4 4 6 7 7 4 4 3 5]
 - Client 570: [4 5 8 4 1 7 9 2 7 3]
 - Client 571: [ 3  4  1  8 12  5  6  1  4  6]
 - Client 572: [8 6 5 7 3 3 3 3 4 8]
 - Client 573: [11  3  2  5  6  6  4  4  4  5]
 - Client 574: [ 4  6  5  3  2  2 12  6  6  4]
 - Client 575: [3 5 6 4 7 7 5 5 5 3]
 - Client 576: [2 5 5 6 7 5 7 4 4 5]
 - Client 577: [3 6 3 4 5 9 1 8 8 3]
 - Client 578: [7 5 4 2 6 7 2 8 4 5]
 - Client 579: [7 5 2 4 7 2 4 7 5 7]
 - Client 580: [11  3  4  5  6  5  7  2  4  3]
 - Client 581: [9 5 4 9 3 4 3 6 2 5]
 - Client 582: [8 3 3 7 4 6 6 6 3 4]
 - Client 583: [5 8 3 5 3 6 9 4 3 4]
 - Client 584: [ 1  7  5  3  7  4  2  7  4 10]
 - Client 585: [9 5 6 7 4 2 6 5 4 2]
 - Client 586: [5 5 6 9 2 4 6 6 3 4]
 - Client 587: [4 8 3 6 5 9 4 3 4 4]
 - Client 588: [11  2  7  7  2  2  4  3  5  7]
 - Client 589: [5 7 6 3 9 2 3 7 4 4]
 - Client 590: [4 3 3 7 6 3 5 6 4 9]
 - Client 591: [7 4 5 8 8 7 1 2 6 2]
 - Client 592: [ 5  2  5  7  3  2  6  7  3 10]
 - Client 593: [3 9 6 9 2 3 4 5 4 5]
 - Client 594: [2 5 9 6 2 7 6 3 7 3]
 - Client 595: [3 5 3 7 4 2 5 6 7 8]
 - Client 596: [2 4 7 8 6 4 6 6 3 4]
 - Client 597: [10  4  5  6  6  2  5  5  1  6]
 - Client 598: [ 4  1  9  5  5  2  1 11 10  2]
 - Client 599: [4 0 6 8 5 6 5 6 4 6]
 - Client 600: [5 8 4 5 6 3 3 8 5 3]
 - Client 601: [ 4 10  1  8  6  3  3  7  2  6]
 - Client 602: [7 8 4 7 5 5 4 1 6 3]
 - Client 603: [1 7 4 7 4 7 9 3 5 3]
 - Client 604: [5 9 8 4 3 5 4 3 2 7]
 - Client 605: [6 2 4 3 6 7 7 6 3 6]
 - Client 606: [5 4 4 5 6 4 7 6 6 3]
 - Client 607: [ 5  3  5  3  5  2  6 10  6  5]
 - Client 608: [5 6 3 3 5 7 5 6 3 7]
 - Client 609: [ 7  2  4  5  5  3  4  6 10  4]
 - Client 610: [4 3 7 5 4 6 7 6 5 3]
 - Client 611: [3 7 3 6 5 3 3 6 7 7]
 - Client 612: [8 7 1 4 6 4 6 7 2 5]
 - Client 613: [5 6 8 3 5 3 6 4 6 4]
 - Client 614: [7 5 2 4 4 7 7 8 3 3]
 - Client 615: [ 5  3  6  5  2 11  4  5  4  5]
 - Client 616: [ 5  6  8  6  1  3  8  2  1 10]
 - Client 617: [4 3 3 6 8 5 6 8 3 4]
 - Client 618: [ 5  3  4  5  7 10  4  1  6  5]
 - Client 619: [ 4  6  2  0  4  7 10  5  4  8]
 - Client 620: [ 3  4  6  9  4 10  5  3  2  4]
 - Client 621: [ 2  5  7  2  3  4 11  6  6  4]
 - Client 622: [5 5 7 5 3 7 4 5 5 4]
 - Client 623: [6 8 4 6 1 6 5 8 4 2]
 - Client 624: [3 4 2 4 8 3 7 5 5 9]
 - Client 625: [5 5 6 8 5 3 6 6 5 1]
 - Client 626: [5 5 6 8 3 4 4 2 8 5]
 - Client 627: [6 4 5 4 9 5 2 2 9 4]
 - Client 628: [6 5 5 4 6 6 5 5 3 5]
 - Client 629: [3 4 6 4 4 5 4 6 5 9]
 - Client 630: [4 6 6 4 7 1 5 6 5 6]
 - Client 631: [7 9 4 4 4 6 6 2 4 4]
 - Client 632: [3 5 3 5 7 6 4 6 3 8]
 - Client 633: [4 7 4 4 7 7 3 4 6 4]
 - Client 634: [3 6 2 7 4 6 4 8 4 6]
 - Client 635: [7 8 7 2 5 6 3 5 4 3]
 - Client 636: [ 6  7  3  2 10  4  4  7  5  2]
 - Client 637: [5 4 4 9 6 5 5 4 2 6]
 - Client 638: [ 3  3  3  9  6 10  4  5  2  5]
 - Client 639: [8 4 2 6 7 5 1 7 5 5]
 - Client 640: [6 3 2 7 4 4 2 5 8 9]
 - Client 641: [ 4  4  4  6  3  4  7  3 10  5]
 - Client 642: [6 8 7 4 6 6 4 0 5 4]
 - Client 643: [6 2 4 8 6 5 6 4 3 6]
 - Client 644: [11  4  3  4  5  8  3  6  2  4]
 - Client 645: [5 4 9 5 6 4 7 5 3 2]
 - Client 646: [ 6  7  4 10  0  4  9  3  2  5]
 - Client 647: [6 5 6 5 4 7 1 6 5 5]
 - Client 648: [6 4 2 4 4 7 5 7 4 7]
 - Client 649: [ 4  4  4  9 10  4  7  5  2  1]
 - Client 650: [6 3 1 3 9 2 8 6 6 6]
 - Client 651: [3 6 8 7 3 5 4 4 7 3]
 - Client 652: [ 6  6  7  6  0  5  3  6  1 10]
 - Client 653: [6 3 4 5 5 5 6 6 3 7]
 - Client 654: [4 7 4 6 4 6 5 3 4 7]
 - Client 655: [ 5  3  6  6  5  8  1  3  3 10]
 - Client 656: [ 7  5  4  6  3  6  3  4 10  2]
 - Client 657: [5 1 3 5 9 8 7 3 6 3]
 - Client 658: [4 4 7 4 7 2 9 5 6 2]
 - Client 659: [7 7 3 5 5 4 1 7 5 6]
 - Client 660: [8 7 5 5 4 1 8 5 5 2]
 - Client 661: [8 6 3 2 4 5 4 4 7 7]
 - Client 662: [0 4 9 4 4 7 8 7 4 3]
 - Client 663: [4 7 5 3 2 7 2 4 8 8]
 - Client 664: [4 4 6 8 3 3 8 3 4 7]
 - Client 665: [2 1 6 8 8 5 4 5 4 7]
 - Client 666: [2 5 3 6 1 7 5 3 9 9]
 - Client 667: [5 3 7 5 5 8 4 5 4 4]
 - Client 668: [5 1 7 6 7 4 5 5 8 2]
 - Client 669: [6 5 7 2 9 3 2 6 7 3]
 - Client 670: [6 4 7 4 6 3 6 6 3 5]
 - Client 671: [ 3  4  7 10  5  3  2  2  7  7]
 - Client 672: [4 5 1 7 4 9 6 5 5 4]
 - Client 673: [7 3 6 6 4 4 7 3 4 6]
 - Client 674: [4 4 3 3 5 8 5 7 6 5]
 - Client 675: [8 3 4 9 4 8 4 4 2 4]
 - Client 676: [6 4 4 5 6 9 5 2 4 5]
 - Client 677: [5 4 5 4 3 5 3 9 7 5]
 - Client 678: [5 1 7 4 6 9 5 6 5 2]
 - Client 679: [6 4 6 6 7 6 5 4 3 3]
 - Client 680: [6 3 6 6 3 5 3 7 3 8]
 - Client 681: [7 5 2 3 6 5 5 5 9 3]
 - Client 682: [8 5 3 5 2 6 5 4 6 6]
 - Client 683: [8 8 2 6 4 5 6 4 5 2]
 - Client 684: [ 8  5  3  8  2 10  5  1  4  4]
 - Client 685: [7 5 3 3 5 5 3 4 6 9]
 - Client 686: [6 8 6 5 3 3 2 7 5 5]
 - Client 687: [4 6 4 5 7 2 5 5 7 5]
 - Client 688: [ 5  3  3  9  3  3 11  5  5  3]
 - Client 689: [4 5 6 6 5 6 6 4 7 1]
 - Client 690: [4 8 4 4 8 4 3 5 3 7]
 - Client 691: [ 4  5 10  1  2  7  6  5  6  4]
 - Client 692: [2 5 8 2 9 4 4 4 4 8]
 - Client 693: [4 4 3 5 3 6 4 7 7 7]
 - Client 694: [ 4  7  6  2  3 10  4  3  4  7]
 - Client 695: [11  6  5  4  3  6  4  5  3  3]
 - Client 696: [8 8 2 2 7 3 4 1 8 7]
 - Client 697: [6 3 7 4 8 3 2 7 3 7]
 - Client 698: [5 6 4 4 6 3 8 9 2 3]
 - Client 699: [3 3 2 7 7 6 4 6 8 4]
 - Client 700: [ 4 11  2  4  3  9  6  3  6  2]
 - Client 701: [7 2 3 8 7 5 5 5 1 7]
 - Client 702: [5 2 7 4 2 5 8 5 9 3]
 - Client 703: [ 2 10  4  6  5 10  1  2  6  4]
 - Client 704: [3 3 6 4 7 6 3 5 5 8]
 - Client 705: [2 5 3 9 6 5 3 6 6 5]
 - Client 706: [ 5  3  5  3  6  4 11  6  4  3]
 - Client 707: [6 6 4 7 4 6 1 9 3 4]
 - Client 708: [5 5 4 7 2 5 6 5 6 5]
 - Client 709: [ 5  3 10  4  5  5  7  5  2  4]
 - Client 710: [6 7 3 5 3 8 4 6 5 3]
 - Client 711: [5 3 4 4 6 5 5 7 4 7]
 - Client 712: [3 5 4 3 7 4 6 4 8 6]
 - Client 713: [3 1 5 5 7 6 4 4 6 9]
 - Client 714: [7 5 9 4 4 4 3 4 5 5]
 - Client 715: [ 4 13  7  2  2  5  5  6  5  1]
 - Client 716: [ 5 12  6  7  0  3  3  6  6  2]
 - Client 717: [ 5  8  8  3 11  0  5  2  2  6]
 - Client 718: [2 8 6 4 5 6 1 7 7 4]
 - Client 719: [7 6 4 4 4 3 5 6 4 7]
 - Client 720: [6 3 4 4 6 7 3 9 4 4]
 - Client 721: [ 5  4  5  3  5  4  3  1  8 12]
 - Client 722: [0 6 5 6 8 7 4 3 4 7]
 - Client 723: [4 6 7 4 2 5 5 3 7 7]
 - Client 724: [4 7 5 6 2 4 8 2 8 4]
 - Client 725: [ 9  4  5  3 10  3  5  5  5  1]
 - Client 726: [8 4 7 6 7 5 3 3 3 4]
 - Client 727: [4 2 6 6 4 5 5 8 5 5]
 - Client 728: [6 6 4 4 4 8 6 7 3 2]
 - Client 729: [4 6 2 6 4 5 4 6 9 4]
 - Client 730: [7 6 5 5 0 8 4 5 7 3]
 - Client 731: [ 8  4  4 10  6  4  0  5  6  3]
 - Client 732: [4 8 5 4 5 5 5 6 5 3]
 - Client 733: [3 7 4 6 5 5 6 3 3 8]
 - Client 734: [4 7 3 4 6 4 4 8 6 4]
 - Client 735: [3 4 3 9 5 3 6 4 8 5]
 - Client 736: [4 5 8 5 4 3 5 5 8 3]
 - Client 737: [ 5  3  3  5  6  8  3  3 11  3]
 - Client 738: [3 5 4 5 4 5 5 8 6 5]
 - Client 739: [ 1  1  5  8  5  4  6 10  4  6]
 - Client 740: [10  5  2  7  6  2  5  2  7  4]
 - Client 741: [4 6 7 3 4 7 4 7 4 4]
 - Client 742: [5 5 4 7 5 4 3 6 5 6]
 - Client 743: [ 6  5 10  5  4  7  4  3  2  4]
 - Client 744: [ 3  4  4  1  6  8 10  2  8  4]
 - Client 745: [2 8 3 7 6 6 4 2 7 5]
 - Client 746: [4 4 4 6 7 8 2 4 6 5]
 - Client 747: [4 6 5 7 3 5 1 6 4 9]
 - Client 748: [ 5  5  2 11  7  5  3  4  4  4]
 - Client 749: [6 7 6 4 4 3 5 7 4 4]
 - Client 750: [ 5 12  3  6  5  6  4  4  1  4]
 - Client 751: [ 8 12  5  3  6  4  1  5  3  3]
 - Client 752: [ 1 10  5  6  5  3  4  5  8  3]
 - Client 753: [2 5 3 7 5 3 6 7 6 6]
 - Client 754: [2 7 6 4 4 4 7 5 6 5]
 - Client 755: [5 4 5 8 4 3 8 2 7 4]
 - Client 756: [5 7 4 5 8 2 6 5 5 3]
 - Client 757: [ 2  5  3  6  3  6  4  6 10  5]
 - Client 758: [ 4  4  5  8  7 11  3  3  1  4]
 - Client 759: [2 6 6 8 7 3 3 8 3 4]
 - Client 760: [6 6 6 4 7 5 4 3 2 7]
 - Client 761: [2 6 7 3 4 6 6 4 8 4]
 - Client 762: [5 2 9 3 7 8 6 7 1 2]
 - Client 763: [ 5 11  3  7  5  3  5  2  3  6]
 - Client 764: [3 6 6 5 4 9 4 5 4 4]
 - Client 765: [6 3 7 6 3 5 4 6 4 6]
 - Client 766: [5 5 3 6 5 6 6 6 5 3]
 - Client 767: [6 4 6 7 4 3 7 1 5 7]
 - Client 768: [3 8 5 2 7 2 5 3 9 6]
 - Client 769: [3 3 9 6 5 6 3 3 6 6]
 - Client 770: [ 3  2  5  6  2  3 12  5  7  5]
 - Client 771: [ 8 10  4  2  4  3  5  2  6  6]
 - Client 772: [6 6 9 5 5 4 3 4 1 7]
 - Client 773: [8 6 5 6 1 4 7 4 2 7]
 - Client 774: [5 6 4 4 5 2 6 7 7 4]
 - Client 775: [0 8 5 9 3 6 5 6 3 5]
 - Client 776: [3 6 2 5 8 3 4 5 6 8]
 - Client 777: [5 5 5 5 6 6 8 4 2 4]
 - Client 778: [9 6 1 8 3 4 5 3 7 4]
 - Client 779: [4 9 4 3 9 3 6 6 3 3]
 - Client 780: [8 1 5 5 5 5 3 5 7 6]
 - Client 781: [4 9 3 3 3 7 3 6 8 4]
 - Client 782: [2 6 6 8 3 2 6 5 6 6]
 - Client 783: [6 2 3 8 8 1 8 6 5 3]
 - Client 784: [ 4  5  6  4  4  5  4  5  2 11]
 - Client 785: [1 8 7 4 3 6 2 7 7 5]
 - Client 786: [8 5 8 4 3 1 9 5 4 3]
 - Client 787: [5 6 4 7 6 4 4 4 8 2]
 - Client 788: [5 6 7 5 7 3 5 4 6 2]
 - Client 789: [6 7 6 6 5 4 1 7 7 1]
 - Client 790: [6 1 6 4 9 4 6 3 7 4]
 - Client 791: [8 3 4 3 5 4 3 6 9 5]
 - Client 792: [ 4  9  4  7  2  4  5 10  4  1]
 - Client 793: [5 6 4 8 7 5 2 6 3 4]
 - Client 794: [3 4 1 6 7 7 5 6 5 6]
 - Client 795: [9 5 3 6 6 2 7 1 5 6]
 - Client 796: [5 6 8 3 5 4 7 5 3 4]
 - Client 797: [5 3 6 6 7 4 7 1 5 6]
 - Client 798: [4 7 8 2 3 8 6 3 4 5]
 - Client 799: [3 7 9 6 5 6 4 5 3 2]
 - Client 800: [ 6  5  0  1  9 10  5  2  3  9]
 - Client 801: [4 3 6 7 8 4 4 8 3 3]
 - Client 802: [4 7 6 3 4 6 6 5 7 2]
 - Client 803: [5 4 6 6 6 3 4 5 8 3]
 - Client 804: [5 2 4 3 3 9 5 4 9 6]
 - Client 805: [3 4 6 3 6 4 6 8 4 6]
 - Client 806: [3 6 6 5 7 3 3 4 9 4]
 - Client 807: [ 2  4  8  0 10  9  2  8  3  4]
 - Client 808: [ 3  2  2  5  8  6  2  6  6 10]
 - Client 809: [2 7 7 6 5 6 6 6 2 3]
 - Client 810: [8 5 8 3 5 6 4 4 4 3]
 - Client 811: [6 5 5 6 4 7 6 6 1 4]
 - Client 812: [ 1  7  8  3  3 10  6  2  7  3]
 - Client 813: [5 6 5 6 6 2 4 9 3 4]
 - Client 814: [ 8 10  3  6  0  5  4  9  2  3]
 - Client 815: [5 3 4 4 4 3 6 7 5 9]
 - Client 816: [ 7  8  2  3  6  4 10  4  2  4]
 - Client 817: [5 2 6 8 2 7 7 3 7 3]
 - Client 818: [8 6 1 6 6 5 4 6 2 6]
 - Client 819: [6 3 2 5 2 5 4 9 7 7]
 - Client 820: [4 6 7 6 5 3 4 5 4 6]
 - Client 821: [3 4 7 5 1 6 7 5 5 7]
 - Client 822: [3 6 5 6 5 6 4 7 3 5]
 - Client 823: [5 5 6 3 8 8 4 2 3 6]
 - Client 824: [9 3 3 4 6 6 6 6 4 3]
 - Client 825: [4 7 5 2 4 7 5 7 1 8]
 - Client 826: [10  4  8  3  3  6  4  8  2  2]
 - Client 827: [5 4 7 7 9 3 2 4 3 6]
 - Client 828: [1 3 3 8 7 4 4 6 7 7]
 - Client 829: [6 6 4 2 7 5 4 8 1 7]
 - Client 830: [3 7 5 9 9 2 3 2 7 3]
 - Client 831: [4 4 7 4 9 6 7 4 1 4]
 - Client 832: [10  4  0  4  4  7  9  1  6  5]
 - Client 833: [4 4 6 4 2 3 7 5 8 7]
 - Client 834: [4 2 5 7 2 3 5 9 8 5]
 - Client 835: [0 7 7 4 7 6 6 3 6 4]
 - Client 836: [7 4 3 5 4 2 4 6 8 7]
 - Client 837: [5 8 2 3 7 4 4 3 7 7]
 - Client 838: [10  5  4  4  4  7  3  5  3  5]
 - Client 839: [6 8 4 6 6 4 3 2 4 7]
 - Client 840: [ 5  3  7  5  5  4  3  3  5 10]
 - Client 841: [4 4 2 6 8 6 5 6 4 5]
 - Client 842: [5 1 7 4 8 6 2 7 5 5]
 - Client 843: [7 5 5 5 6 5 5 7 3 2]
 - Client 844: [5 6 6 4 4 6 4 5 4 6]
 - Client 845: [3 6 9 3 9 5 2 6 4 3]
 - Client 846: [1 6 6 4 7 7 8 7 2 2]
 - Client 847: [2 3 7 5 8 7 5 5 2 6]
 - Client 848: [ 3 10  7  6  4  6  1  6  3  4]
 - Client 849: [1 4 8 4 7 6 4 2 5 9]
 - Client 850: [6 5 2 5 5 5 8 4 6 4]
 - Client 851: [6 5 6 6 8 7 4 3 4 1]
 - Client 852: [ 6  1  6 11  4  3  6  6  3  4]
 - Client 853: [3 5 3 6 7 7 7 2 2 8]
 - Client 854: [ 1  2  5  5  5  4 10  8  1  9]
 - Client 855: [6 4 3 4 5 5 3 5 7 8]
 - Client 856: [6 6 4 4 7 1 5 7 5 5]
 - Client 857: [7 7 1 3 4 4 8 4 6 6]
 - Client 858: [8 2 7 5 7 5 5 3 2 6]
 - Client 859: [5 3 3 4 8 6 5 4 6 6]
 - Client 860: [2 3 6 6 7 5 7 3 7 4]
 - Client 861: [1 5 9 6 6 1 5 5 5 7]
 - Client 862: [7 6 4 6 2 9 3 4 3 6]
 - Client 863: [6 2 5 8 7 4 8 3 4 3]
 - Client 864: [5 6 2 5 4 4 7 6 5 6]
 - Client 865: [4 2 6 3 4 7 4 7 5 8]
 - Client 866: [4 6 7 3 3 6 4 8 7 2]
 - Client 867: [5 4 6 5 6 4 6 2 6 6]
 - Client 868: [3 4 6 6 8 4 6 3 6 4]
 - Client 869: [ 3  3  5  7  2  6  5 11  2  6]
 - Client 870: [3 3 4 4 7 7 7 6 2 7]
 - Client 871: [6 6 4 6 3 6 5 7 1 6]
 - Client 872: [7 4 5 6 5 5 5 7 2 4]
 - Client 873: [ 4  5  6  1 10  3  4  6  8  3]
 - Client 874: [9 6 4 4 9 2 3 4 5 4]
 - Client 875: [ 4 10  8  4  4  3  1  2  7  7]
 - Client 876: [6 4 6 3 4 4 9 4 8 2]
 - Client 877: [ 2  7  5  3  4  4  5  5 10  5]
 - Client 878: [2 4 8 6 3 4 6 3 6 8]
 - Client 879: [ 2  4  3  8  6  4 10  3  4  6]
 - Client 880: [6 8 2 4 8 5 4 1 4 8]
 - Client 881: [4 6 6 6 4 7 5 5 2 5]
 - Client 882: [5 5 1 3 5 5 7 4 8 7]
 - Client 883: [6 3 8 3 3 8 3 7 5 4]
 - Client 884: [6 6 4 5 3 5 6 7 3 5]
 - Client 885: [3 8 6 5 5 3 6 5 5 4]
 - Client 886: [2 6 4 6 2 8 2 9 6 5]
 - Client 887: [6 2 6 3 7 5 5 5 5 6]
 - Client 888: [4 1 6 5 8 5 4 5 8 4]
 - Client 889: [8 5 4 6 3 4 6 4 4 6]
 - Client 890: [3 7 8 4 4 7 6 5 4 2]
 - Client 891: [2 3 3 6 6 5 7 4 6 8]
 - Client 892: [7 9 8 3 2 7 4 2 5 3]
 - Client 893: [5 4 8 3 6 2 5 5 6 6]
 - Client 894: [ 5 11  3  9  6  4  5  1  5  1]
 - Client 895: [3 4 8 5 5 4 5 3 6 7]
 - Client 896: [7 3 6 3 7 7 3 7 5 2]
 - Client 897: [6 1 3 7 6 6 7 9 3 2]
 - Client 898: [6 4 4 5 5 5 6 6 5 4]
 - Client 899: [8 3 1 4 7 2 4 8 6 7]
 - Client 900: [4 4 5 3 7 8 4 4 6 5]
 - Client 901: [6 6 5 9 4 3 3 6 4 4]
 - Client 902: [ 3 12  5  4  6  4  3  3  6  4]
 - Client 903: [4 5 4 4 5 6 6 5 6 5]
 - Client 904: [6 7 4 7 6 6 7 5 1 1]
 - Client 905: [3 3 3 6 9 6 7 5 3 5]
 - Client 906: [2 9 6 3 3 3 3 7 7 7]
 - Client 907: [3 1 3 5 9 8 4 5 7 5]
 - Client 908: [3 2 4 8 8 4 5 2 7 7]
 - Client 909: [6 4 3 5 8 3 5 6 6 4]
 - Client 910: [ 3  3  6  2 10  7  5  4  6  4]
 - Client 911: [ 1 10  4  3  8  4  3  5  6  6]
 - Client 912: [6 3 9 3 4 6 5 7 4 3]
 - Client 913: [6 5 3 5 4 5 8 3 7 4]
 - Client 914: [5 7 4 6 6 5 7 2 4 4]
 - Client 915: [7 5 8 3 4 6 2 4 4 7]
 - Client 916: [6 3 8 2 5 5 3 7 6 5]
 - Client 917: [5 5 3 4 8 8 3 3 3 8]
 - Client 918: [5 2 6 2 6 4 5 8 4 8]
 - Client 919: [6 6 3 6 3 6 7 3 4 6]
 - Client 920: [6 5 5 3 6 4 4 7 6 4]
 - Client 921: [6 4 7 5 6 7 2 6 5 2]
 - Client 922: [6 3 8 5 4 4 2 8 2 8]
 - Client 923: [7 3 8 6 5 5 4 5 3 4]
 - Client 924: [8 6 1 4 3 2 6 6 7 7]
 - Client 925: [ 5 12  6  6  3  4  6  4  2  2]
 - Client 926: [7 3 7 4 6 3 8 4 6 2]
 - Client 927: [10  5  6  6  5  5  3  3  2  5]
 - Client 928: [2 4 5 5 7 4 5 7 4 7]
 - Client 929: [5 7 7 3 4 5 6 3 4 6]
 - Client 930: [4 4 2 5 6 6 9 9 1 4]
 - Client 931: [2 4 6 3 6 6 5 5 6 7]
 - Client 932: [3 6 3 7 9 2 8 5 5 2]
 - Client 933: [4 4 8 4 9 3 4 4 3 7]
 - Client 934: [5 9 9 4 5 5 2 3 6 2]
 - Client 935: [ 6  4  5  4 10  4  1  3  7  6]
 - Client 936: [7 6 2 3 3 3 7 4 9 6]
 - Client 937: [6 9 1 2 5 8 2 5 7 5]
 - Client 938: [4 4 8 5 9 3 1 5 6 5]
 - Client 939: [5 5 6 5 2 4 4 8 5 6]
 - Client 940: [8 7 7 2 4 3 2 9 1 7]
 - Client 941: [ 0  5  3  8  8  2  2  4  7 11]
 - Client 942: [1 9 6 5 5 3 5 7 2 7]
 - Client 943: [ 3  2  4  6  4  4  5  5 10  7]
 - Client 944: [ 4  5  4 11  1  8  1  3  9  4]
 - Client 945: [6 4 2 1 8 3 6 5 7 8]
 - Client 946: [5 5 7 3 3 8 6 7 2 4]
 - Client 947: [7 4 7 6 2 7 6 5 2 4]
 - Client 948: [3 5 8 5 7 6 6 0 8 2]
 - Client 949: [ 7  2  3  5  7  3  5  3  4 11]
 - Client 950: [4 1 7 4 8 5 5 7 7 2]
 - Client 951: [4 5 5 3 5 7 4 7 7 3]
 - Client 952: [4 7 5 5 0 6 4 3 8 8]
 - Client 953: [ 3  5  3  5  4  5  4  7 10  4]
 - Client 954: [5 1 6 7 7 3 7 1 7 6]
 - Client 955: [3 6 7 9 4 2 6 5 5 3]
 - Client 956: [ 1  7  6  4  3  6 10  4  5  4]
 - Client 957: [ 5  3  5 10  4  3 10  7  3  0]
 - Client 958: [9 4 4 4 2 4 7 7 6 3]
 - Client 959: [10  4  1  6  0  7  5  4  7  6]
 - Client 960: [9 6 6 4 3 4 5 4 6 3]
 - Client 961: [8 5 8 8 3 3 4 3 6 2]
 - Client 962: [8 4 2 5 5 8 6 4 3 5]
 - Client 963: [7 5 2 5 4 4 3 8 8 4]
 - Client 964: [4 7 7 3 7 7 4 4 3 4]
 - Client 965: [8 8 4 6 4 4 2 6 2 6]
 - Client 966: [4 8 5 5 2 6 6 4 5 5]
 - Client 967: [ 6  1  8  5  2  6  6  0  6 10]
 - Client 968: [ 8  3  3  3  7  5  1 11  5  4]
 - Client 969: [3 4 5 3 8 5 9 4 4 5]
 - Client 970: [3 4 3 3 9 5 6 5 7 5]
 - Client 971: [ 2  3  4  6  4 10  5  8  4  4]
 - Client 972: [9 7 4 6 6 4 3 6 3 2]
 - Client 973: [8 4 3 4 2 5 6 8 6 4]
 - Client 974: [6 7 6 5 5 5 6 4 2 4]
 - Client 975: [8 3 6 3 2 5 8 5 8 2]
 - Client 976: [ 3 10  3  7  5  5  5  4  5  3]
 - Client 977: [6 6 5 5 3 5 7 3 8 2]
 - Client 978: [4 3 7 7 2 9 4 2 3 9]
 - Client 979: [ 6  4  5  7 11  3  1  3  3  7]
 - Client 980: [3 8 4 8 5 3 6 4 6 3]
 - Client 981: [4 5 4 1 5 6 8 5 6 6]
 - Client 982: [10  3  2  6  3  5  5  2  9  5]
 - Client 983: [3 3 2 5 8 4 8 5 4 8]
 - Client 984: [7 3 9 5 3 7 6 5 3 2]
 - Client 985: [4 4 2 5 5 7 5 7 8 3]
 - Client 986: [4 4 3 3 9 9 8 2 5 3]
 - Client 987: [ 7  3  3  5  2  4  5  3  8 10]
 - Client 988: [7 5 7 7 2 2 2 4 7 7]
 - Client 989: [ 2 11  3  2  5  4  6  7  6  4]
 - Client 990: [11  3  4  4  6  5  1  4  3  9]
 - Client 991: [3 8 2 7 5 6 4 2 6 7]
 - Client 992: [4 4 7 5 4 8 6 4 2 6]
 - Client 993: [ 4  5  5 10  3  3  4  4  5  7]
 - Client 994: [6 3 4 8 5 7 5 6 2 4]
 - Client 995: [ 4  4 13  5  4  4  6  4  3  3]
 - Client 996: [2 6 5 8 3 6 6 5 8 1]
 - Client 997: [ 4  2  6 11  8  4  5  5  2  3]
 - Client 998: [13  4  2  7  5  0  5  3  6  5]
 - Client 999: [6 3 4 5 6 6 4 7 5 4]

Model:
 - conv1.weight                   [6, 3, 5, 5]
 - conv1.bias                     [6]
 - conv2.weight                   [16, 6, 5, 5]
 - conv2.bias                     [16]
 - fc1.weight                     [120, 400]
 - fc1.bias                       [120]
 - fc2.weight                     [84, 120]
 - fc2.bias                       [84]
 - fc3.weight                     [10, 84]
 - fc3.bias                       [10]
Total number of Parameters:  62006

Start Distributed Training..

Experiment: main (1/1)
{'communication_round': 1, 'lr': 0.002, 'epochs': 1}
{'client_train_loss': 2.31310772895813}
{'server_val_accuracy': 0.1022}
Saved results to  /mnt/output//manyclientsxp_13452.npz
Remaining Time (approx.): 00:00:00 [100.00%]

