Running 2 Experiments..

Hyperparameters: 
 - dataset                 cifar10
 - net                     lenet_cifar
 - n_clients               1000
 - n_data                  None
 - communication_rounds    1
 - local_epochs            1
 - participation_rate      0.01
 - classes_per_client      0
 - batch_size              128
 - balancedness            1.0
 - pretrained              None
 - save_model              None
 - log_frequency           1
 - log_path                manyclients/
 - finished                False
 - log_id                  3511

Files already downloaded and verified
Files already downloaded and verified
Data split:
 - Client 0: [ 4 10  5  4  8  3  6  5  2  3]
 - Client 1: [1 7 5 6 7 3 6 3 7 5]
 - Client 2: [7 2 7 7 6 4 6 3 3 5]
 - Client 3: [6 4 7 8 6 7 2 5 2 3]
 - Client 4: [3 6 6 3 4 7 3 1 8 9]
 - Client 5: [6 7 5 6 7 1 8 3 5 2]
 - Client 6: [2 6 8 8 5 2 5 3 6 5]
 - Client 7: [7 4 6 5 2 9 2 6 2 7]
 - Client 8: [2 3 5 6 5 2 6 4 8 9]
 - Client 9: [6 5 8 6 4 4 4 5 4 4]
 - Client 10: [5 4 4 4 5 5 8 5 7 3]
 - Client 11: [6 2 6 7 1 7 5 5 8 3]
 - Client 12: [6 7 3 5 9 5 3 1 5 6]
 - Client 13: [5 5 5 5 3 2 5 6 5 9]
 - Client 14: [6 2 4 9 2 4 9 6 4 4]
 - Client 15: [7 4 4 7 5 7 2 4 7 3]
 - Client 16: [4 7 6 3 5 7 4 6 6 2]
 - Client 17: [6 3 4 7 7 6 5 6 2 4]
 - Client 18: [5 2 6 2 4 5 9 7 6 4]
 - Client 19: [ 7  5  4  3  3  5  4 10  3  6]
 - Client 20: [9 5 2 8 7 2 3 2 8 4]
 - Client 21: [6 4 5 5 7 2 7 5 5 4]
 - Client 22: [7 8 6 8 5 1 4 3 2 6]
 - Client 23: [10  4  4  5  5  8  4  3  5  2]
 - Client 24: [5 6 1 7 6 4 8 4 6 3]
 - Client 25: [4 7 5 7 1 5 8 6 6 1]
 - Client 26: [3 7 7 3 5 5 7 2 8 3]
 - Client 27: [6 2 4 4 3 9 4 6 8 4]
 - Client 28: [6 4 5 4 2 7 5 6 6 5]
 - Client 29: [6 5 6 3 6 6 5 4 3 6]
 - Client 30: [ 3  5  8  3 10  5  6  2  4  4]
 - Client 31: [6 5 4 3 6 6 6 4 7 3]
 - Client 32: [6 6 3 7 4 2 5 6 4 7]
 - Client 33: [5 6 6 7 4 3 3 4 6 6]
 - Client 34: [6 2 8 6 3 4 2 5 5 9]
 - Client 35: [ 3  4 12  5  4  2  4  9  5  2]
 - Client 36: [ 8  4  4  6  7  2  2 10  2  5]
 - Client 37: [5 4 4 4 5 6 7 5 6 4]
 - Client 38: [6 6 6 4 8 2 8 3 3 4]
 - Client 39: [7 5 4 4 3 4 8 4 3 8]
 - Client 40: [ 7  7  3  2 11  5  1  3  4  7]
 - Client 41: [ 6  3  5  5  3  7  4  3  2 12]
 - Client 42: [ 8  1  2  6  4  3  4  5  6 11]
 - Client 43: [5 8 5 6 4 3 3 3 6 7]
 - Client 44: [3 2 7 5 5 9 4 5 5 5]
 - Client 45: [3 5 3 3 6 5 7 6 3 9]
 - Client 46: [ 6  1  4  5  2  7  3 11  7  4]
 - Client 47: [ 8  1  6  5  4 10  6  3  5  2]
 - Client 48: [7 4 8 4 2 4 3 8 3 7]
 - Client 49: [7 6 6 6 2 5 7 5 4 2]
 - Client 50: [6 2 5 6 6 3 5 2 6 9]
 - Client 51: [ 3  8  5  4  2  3  5  8 10  2]
 - Client 52: [ 7  6  9 10  3  3  4  3  1  4]
 - Client 53: [2 4 6 3 8 3 8 6 1 9]
 - Client 54: [5 6 3 6 5 4 3 4 5 9]
 - Client 55: [6 5 4 3 9 1 4 6 7 5]
 - Client 56: [3 5 4 7 5 5 2 8 7 4]
 - Client 57: [ 3  4  5  3  5  5  8  2 10  5]
 - Client 58: [7 2 2 0 3 6 9 7 7 7]
 - Client 59: [ 1  7 10  3  3  5  3  8  5  5]
 - Client 60: [6 8 5 7 4 2 3 6 6 3]
 - Client 61: [ 3  8 11  2  6  1  9  3  2  5]
 - Client 62: [8 5 3 4 4 8 7 5 4 2]
 - Client 63: [ 1  5  6  5  7 12  4  0  9  1]
 - Client 64: [4 6 6 7 7 3 4 7 3 3]
 - Client 65: [1 9 8 6 5 4 3 4 4 6]
 - Client 66: [6 5 4 3 3 4 8 7 4 6]
 - Client 67: [3 6 5 4 6 1 9 5 4 7]
 - Client 68: [ 7  4  4  1  7  7  3  4  3 10]
 - Client 69: [5 5 3 8 7 0 6 7 4 5]
 - Client 70: [ 1 10  4  5  5  0  5  6  9  5]
 - Client 71: [4 3 8 4 5 4 5 7 7 3]
 - Client 72: [8 6 7 2 6 3 3 2 4 9]
 - Client 73: [1 5 9 5 6 6 4 5 5 4]
 - Client 74: [ 4  6  4 10  6  2  2  3  5  8]
 - Client 75: [7 2 8 6 3 2 5 6 6 5]
 - Client 76: [6 4 2 7 6 8 3 2 4 8]
 - Client 77: [ 4  4  3  6  8  3  3 12  1  6]
 - Client 78: [3 5 8 7 1 2 8 4 6 6]
 - Client 79: [3 3 5 7 7 4 2 6 7 6]
 - Client 80: [6 3 6 6 9 5 4 6 4 1]
 - Client 81: [9 5 4 7 4 3 8 2 7 1]
 - Client 82: [3 5 5 5 9 1 4 3 6 9]
 - Client 83: [3 4 5 4 7 9 5 4 2 7]
 - Client 84: [2 3 6 8 5 6 3 5 8 4]
 - Client 85: [7 2 5 6 5 9 2 7 2 5]
 - Client 86: [6 8 3 2 8 5 7 4 3 4]
 - Client 87: [8 3 4 4 3 3 8 6 5 6]
 - Client 88: [ 2  3  8  5 10  5  8  3  1  5]
 - Client 89: [3 3 5 8 6 3 5 5 7 5]
 - Client 90: [ 0  3 10  4  7  8  3  4  6  5]
 - Client 91: [6 5 5 5 6 4 5 4 4 6]
 - Client 92: [3 4 8 5 3 9 5 2 6 5]
 - Client 93: [10  5  3  5  8  2  1  2 12  2]
 - Client 94: [4 4 4 7 5 6 2 7 6 5]
 - Client 95: [4 5 6 7 4 9 4 4 4 3]
 - Client 96: [4 6 6 3 4 4 7 3 6 7]
 - Client 97: [6 6 5 4 1 4 5 5 7 7]
 - Client 98: [7 4 3 6 5 5 5 4 6 5]
 - Client 99: [1 3 7 6 7 7 5 3 4 7]
 - Client 100: [9 2 3 3 5 5 8 5 5 5]
 - Client 101: [2 4 6 5 5 6 5 6 7 4]
 - Client 102: [2 5 5 4 4 4 7 7 9 3]
 - Client 103: [6 6 5 6 6 6 5 2 7 1]
 - Client 104: [4 4 6 5 6 4 3 9 5 4]
 - Client 105: [3 4 6 7 5 7 4 5 4 5]
 - Client 106: [3 5 6 8 2 6 1 7 8 4]
 - Client 107: [ 4 10  5  2  4  1  7  3  8  6]
 - Client 108: [ 7  2  4  6  7  2  2  6  4 10]
 - Client 109: [6 4 2 7 3 8 4 4 3 9]
 - Client 110: [3 5 6 9 4 4 3 7 4 5]
 - Client 111: [3 6 6 4 2 3 9 6 6 5]
 - Client 112: [4 4 3 7 2 8 4 4 7 7]
 - Client 113: [4 5 8 7 1 5 4 4 7 5]
 - Client 114: [5 6 6 3 6 1 6 8 3 6]
 - Client 115: [2 5 6 6 5 5 7 4 6 4]
 - Client 116: [4 5 4 5 4 3 4 7 7 7]
 - Client 117: [8 4 6 6 8 4 2 2 4 6]
 - Client 118: [5 6 2 8 2 7 6 3 6 5]
 - Client 119: [3 2 5 4 3 6 3 9 8 7]
 - Client 120: [10  3  4  3  8  6  3  4  3  6]
 - Client 121: [3 3 6 9 6 4 6 3 2 8]
 - Client 122: [6 3 2 8 6 2 6 9 5 3]
 - Client 123: [6 5 4 3 6 2 6 8 5 5]
 - Client 124: [3 5 5 9 3 4 3 3 8 7]
 - Client 125: [5 7 3 4 6 6 2 9 2 6]
 - Client 126: [ 3  3  6  6  4  4  4 10  3  7]
 - Client 127: [8 5 1 3 6 7 7 4 4 5]
 - Client 128: [8 2 2 6 5 6 5 4 8 4]
 - Client 129: [4 7 5 8 3 5 7 4 3 4]
 - Client 130: [5 5 7 3 6 9 4 4 5 2]
 - Client 131: [5 6 3 3 7 5 5 6 3 7]
 - Client 132: [6 8 2 6 7 4 1 7 5 4]
 - Client 133: [4 1 6 4 8 5 6 4 8 4]
 - Client 134: [4 2 5 6 5 6 7 6 4 5]
 - Client 135: [6 5 4 3 5 4 8 2 7 6]
 - Client 136: [ 3  2  5  5  4  4  6  2  6 13]
 - Client 137: [7 5 5 3 8 2 6 7 1 6]
 - Client 138: [3 3 4 4 3 6 9 5 6 7]
 - Client 139: [6 6 4 3 6 4 8 4 3 6]
 - Client 140: [4 3 8 7 6 3 7 5 5 2]
 - Client 141: [4 7 6 4 4 4 1 7 8 5]
 - Client 142: [1 4 9 5 7 3 5 4 9 3]
 - Client 143: [5 8 2 7 3 5 6 5 4 5]
 - Client 144: [ 5  3 11  3  4  3  6  5  4  6]
 - Client 145: [ 5  4 10  1  6  2  4 11  5  2]
 - Client 146: [2 4 5 5 6 4 6 3 7 8]
 - Client 147: [4 6 5 8 9 2 3 4 6 3]
 - Client 148: [2 2 7 8 4 3 4 6 9 5]
 - Client 149: [ 4  4  3 10  9  8  4  3  2  3]
 - Client 150: [3 4 4 6 4 5 5 4 9 6]
 - Client 151: [ 6  7  3  3 11  5  4  4  5  2]
 - Client 152: [4 7 4 4 5 4 3 6 9 4]
 - Client 153: [2 5 6 9 5 4 3 5 5 6]
 - Client 154: [ 2 10  2  8  3  2  6  3  9  5]
 - Client 155: [4 6 3 4 9 3 3 4 7 7]
 - Client 156: [2 7 6 3 6 6 3 9 2 6]
 - Client 157: [4 7 3 5 5 8 4 4 6 4]
 - Client 158: [4 3 5 4 7 8 6 3 6 4]
 - Client 159: [5 5 5 4 7 7 7 2 4 4]
 - Client 160: [5 4 2 8 4 3 4 5 7 8]
 - Client 161: [ 6 10  2  6  3  8  2  3  3  7]
 - Client 162: [ 3  4  4  3 10  3  4  7  4  8]
 - Client 163: [5 8 3 6 1 2 6 9 8 2]
 - Client 164: [ 6  4  5  5  3 11  4  4  7  1]
 - Client 165: [ 4  4  5  3 12  3  5  5  6  3]
 - Client 166: [4 4 5 8 4 3 2 9 4 7]
 - Client 167: [4 8 1 8 4 2 6 6 7 4]
 - Client 168: [5 6 7 4 5 7 3 4 4 5]
 - Client 169: [2 9 7 7 3 3 4 5 5 5]
 - Client 170: [5 1 7 5 3 9 4 7 5 4]
 - Client 171: [4 4 4 5 6 6 5 2 5 9]
 - Client 172: [ 4  2  6  4  5  4 10  3  4  8]
 - Client 173: [11  3  6  3  5  3  3  6  4  6]
 - Client 174: [ 5  6 10  5  5  3  6  3  3  4]
 - Client 175: [7 5 3 4 5 5 3 9 6 3]
 - Client 176: [2 4 3 8 5 4 6 5 5 8]
 - Client 177: [6 5 3 8 6 7 4 0 7 4]
 - Client 178: [ 7  4  5  6  5 10  3  2  6  2]
 - Client 179: [9 4 3 6 6 5 7 4 2 4]
 - Client 180: [9 5 6 3 5 7 6 5 2 2]
 - Client 181: [9 4 4 5 1 4 5 3 8 7]
 - Client 182: [7 6 5 3 4 6 6 7 1 5]
 - Client 183: [3 5 5 5 9 3 2 4 9 5]
 - Client 184: [ 7  3  6  4 10  4  5  6  0  5]
 - Client 185: [ 4  4  4  4  6  3  4 12  4  5]
 - Client 186: [7 4 5 4 8 6 3 8 1 4]
 - Client 187: [2 2 7 6 4 7 1 6 9 6]
 - Client 188: [5 5 2 6 7 4 4 5 8 4]
 - Client 189: [10  5  5  4  3 10  1  3  5  4]
 - Client 190: [6 3 4 5 6 2 8 5 5 6]
 - Client 191: [7 5 4 6 5 3 4 2 6 8]
 - Client 192: [7 9 3 5 5 2 3 4 5 7]
 - Client 193: [ 3 10  7  6  4  3  3  7  1  6]
 - Client 194: [8 7 5 4 2 5 4 6 2 7]
 - Client 195: [2 5 4 6 6 7 8 7 3 2]
 - Client 196: [3 8 4 4 6 4 4 5 5 7]
 - Client 197: [ 3  9  3  5  3  6  4  3 10  4]
 - Client 198: [3 4 4 5 9 6 6 8 3 2]
 - Client 199: [4 5 4 4 4 5 7 5 7 5]
 - Client 200: [4 6 2 4 3 6 4 8 8 5]
 - Client 201: [6 7 4 2 9 7 3 4 4 4]
 - Client 202: [5 5 7 4 3 5 4 7 5 5]
 - Client 203: [7 2 2 9 4 7 7 5 3 4]
 - Client 204: [3 4 5 6 4 6 7 1 7 7]
 - Client 205: [7 3 4 5 8 2 5 4 8 4]
 - Client 206: [4 8 5 3 5 8 2 7 3 5]
 - Client 207: [2 5 6 6 7 5 4 5 1 9]
 - Client 208: [5 8 6 4 3 4 2 5 6 7]
 - Client 209: [2 9 6 5 5 5 7 5 3 3]
 - Client 210: [7 5 3 2 6 3 5 8 7 4]
 - Client 211: [5 8 5 5 5 1 7 4 5 5]
 - Client 212: [4 5 4 3 5 5 7 6 7 4]
 - Client 213: [5 6 5 2 5 4 8 6 5 4]
 - Client 214: [6 5 4 7 8 3 5 1 5 6]
 - Client 215: [8 7 2 3 7 7 7 3 4 2]
 - Client 216: [6 7 3 6 8 4 6 7 3 0]
 - Client 217: [0 7 8 7 6 5 5 3 5 4]
 - Client 218: [ 2 10  2  8  5  4  3  6  4  6]
 - Client 219: [5 6 3 3 5 9 3 2 9 5]
 - Client 220: [8 7 3 6 8 2 5 3 3 5]
 - Client 221: [6 7 7 9 4 0 4 6 5 2]
 - Client 222: [3 6 4 8 6 4 3 8 6 2]
 - Client 223: [4 6 2 4 4 5 6 6 5 8]
 - Client 224: [ 4 10  7  2  5  7  5  2  3  5]
 - Client 225: [7 6 7 3 1 7 2 9 2 6]
 - Client 226: [3 6 8 3 5 6 3 6 6 4]
 - Client 227: [5 5 6 7 5 6 8 1 3 4]
 - Client 228: [ 7  5  2  5  6  2  4  3 10  6]
 - Client 229: [5 5 9 3 3 3 6 5 3 8]
 - Client 230: [6 5 9 4 6 5 5 4 3 3]
 - Client 231: [6 4 8 6 4 3 2 9 2 6]
 - Client 232: [ 4  4  5  5 10  3  8  6  3  2]
 - Client 233: [3 6 6 4 4 8 6 5 4 4]
 - Client 234: [14  5  6  4  5  4  4  2  2  4]
 - Client 235: [ 2 13  3  2  5  2  6  7  4  6]
 - Client 236: [5 4 5 3 5 8 2 5 6 7]
 - Client 237: [ 4  3  1  6  5 10  6  2  4  9]
 - Client 238: [8 3 2 5 7 4 6 9 3 3]
 - Client 239: [9 2 4 9 3 2 7 8 4 2]
 - Client 240: [6 7 3 1 5 4 8 5 3 8]
 - Client 241: [5 4 6 4 5 7 5 3 5 6]
 - Client 242: [4 3 4 3 1 7 9 7 5 7]
 - Client 243: [3 3 2 5 1 6 7 7 7 9]
 - Client 244: [ 2  4 10  4  7  5  5  4  2  7]
 - Client 245: [10  6  3  5  7  5  3  2  2  7]
 - Client 246: [3 5 5 6 6 4 5 6 4 6]
 - Client 247: [4 6 3 6 3 9 6 4 8 1]
 - Client 248: [1 6 6 5 5 3 6 6 6 6]
 - Client 249: [ 5  5  6  5  4  3  6  0  5 11]
 - Client 250: [ 2  7  3  2  4  8 10  3  6  5]
 - Client 251: [4 3 3 7 5 7 6 6 4 5]
 - Client 252: [7 3 3 6 5 3 8 2 7 6]
 - Client 253: [ 1  5  8  5  6 10  4  7  4  0]
 - Client 254: [2 5 4 9 3 4 3 7 7 6]
 - Client 255: [5 3 3 3 8 6 4 5 7 6]
 - Client 256: [3 4 5 8 5 6 4 5 6 4]
 - Client 257: [5 5 4 1 6 3 7 6 7 6]
 - Client 258: [6 7 6 5 5 5 5 2 4 5]
 - Client 259: [2 3 5 4 5 7 8 4 5 7]
 - Client 260: [ 7  7  5  3  5 11  3  5  1  3]
 - Client 261: [5 5 8 6 3 1 2 6 5 9]
 - Client 262: [6 4 9 4 2 5 2 2 7 9]
 - Client 263: [3 9 4 6 4 2 6 6 7 3]
 - Client 264: [ 7  6  5  5  5  4  5  2  1 10]
 - Client 265: [4 2 7 6 3 5 5 5 8 5]
 - Client 266: [8 2 6 7 1 5 6 5 2 8]
 - Client 267: [ 4  4  4  7  5  2  4 10  3  7]
 - Client 268: [4 3 4 6 5 2 7 8 4 7]
 - Client 269: [9 2 4 3 9 3 5 4 4 7]
 - Client 270: [5 5 9 4 4 2 4 3 7 7]
 - Client 271: [5 3 8 4 5 5 9 1 8 2]
 - Client 272: [ 8  5  7  3  3 10  1  5  3  5]
 - Client 273: [8 8 7 3 2 4 4 9 4 1]
 - Client 274: [ 3 11  7  5  5  5  4  6  3  1]
 - Client 275: [4 8 6 4 3 8 6 3 4 4]
 - Client 276: [6 6 5 4 1 4 3 7 7 7]
 - Client 277: [ 4  2 10  2  6  8  6  4  6  2]
 - Client 278: [4 3 6 2 9 6 8 1 7 4]
 - Client 279: [3 5 3 5 2 9 6 6 7 4]
 - Client 280: [6 6 2 6 5 3 5 7 7 3]
 - Client 281: [3 7 2 4 5 8 7 8 3 3]
 - Client 282: [4 4 2 8 3 4 8 3 9 5]
 - Client 283: [4 4 4 6 5 3 4 5 8 7]
 - Client 284: [6 2 3 6 9 8 4 3 5 4]
 - Client 285: [ 6  1  5  5  4  8 10  1  6  4]
 - Client 286: [9 8 4 8 3 4 5 2 4 3]
 - Client 287: [7 3 2 4 4 6 4 7 8 5]
 - Client 288: [7 5 3 4 7 4 6 4 4 6]
 - Client 289: [10  8  2  5  2  4  5  7  3  4]
 - Client 290: [4 5 5 1 7 5 7 6 7 3]
 - Client 291: [7 4 7 2 9 2 5 4 6 4]
 - Client 292: [4 5 6 1 2 5 8 7 5 7]
 - Client 293: [5 2 1 6 6 4 8 4 5 9]
 - Client 294: [4 8 9 7 3 4 4 3 2 6]
 - Client 295: [4 6 3 5 7 8 5 6 3 3]
 - Client 296: [5 4 9 6 7 6 3 2 3 5]
 - Client 297: [3 4 4 3 9 8 4 7 2 6]
 - Client 298: [8 5 4 5 3 3 3 6 8 5]
 - Client 299: [4 8 5 4 6 3 2 6 7 5]
 - Client 300: [2 5 5 5 8 4 4 4 9 4]
 - Client 301: [8 7 2 5 2 7 5 3 5 6]
 - Client 302: [6 7 2 3 9 8 3 3 6 3]
 - Client 303: [8 4 3 7 6 7 2 3 5 5]
 - Client 304: [ 6  8  1 10  4  5  4  5  1  6]
 - Client 305: [3 5 6 8 4 3 6 7 2 6]
 - Client 306: [6 5 6 7 5 4 5 4 4 4]
 - Client 307: [7 6 3 5 5 5 3 7 5 4]
 - Client 308: [4 3 7 6 4 3 5 1 8 9]
 - Client 309: [ 3  2  5  5 10  3  8  4  7  3]
 - Client 310: [5 8 5 2 2 3 4 9 8 4]
 - Client 311: [9 2 4 3 5 7 6 5 5 4]
 - Client 312: [4 5 5 8 1 9 4 7 5 2]
 - Client 313: [ 6  7  4  2  5  4  3 11  4  4]
 - Client 314: [ 5  3  6  7 10  8  2  1  5  3]
 - Client 315: [ 5  5  3  6  3  4  7  1  6 10]
 - Client 316: [6 7 5 5 4 5 3 3 3 9]
 - Client 317: [5 4 6 4 7 5 1 6 9 3]
 - Client 318: [4 2 6 4 9 7 6 2 7 3]
 - Client 319: [5 8 3 5 7 2 2 8 3 7]
 - Client 320: [ 4  6  3  4 10  4  7  5  2  5]
 - Client 321: [ 4  4  8  7 10  2  5  4  1  5]
 - Client 322: [4 6 7 4 2 7 3 4 6 7]
 - Client 323: [5 6 3 7 5 8 4 4 4 4]
 - Client 324: [7 4 5 7 1 3 5 9 5 4]
 - Client 325: [3 7 6 2 2 2 5 9 5 9]
 - Client 326: [9 4 8 4 7 3 4 4 4 3]
 - Client 327: [5 2 5 6 5 4 5 8 6 4]
 - Client 328: [4 6 7 6 6 5 6 2 4 4]
 - Client 329: [6 8 3 3 6 8 4 4 3 5]
 - Client 330: [4 8 4 4 5 6 3 7 2 7]
 - Client 331: [7 3 5 5 6 8 3 2 4 7]
 - Client 332: [ 4  3  3  5  8 11  4  4  5  3]
 - Client 333: [3 4 5 3 6 6 7 6 5 5]
 - Client 334: [ 5  4  3  6  8  4 10  4  4  2]
 - Client 335: [5 5 5 8 3 2 6 6 5 5]
 - Client 336: [3 9 4 3 6 9 5 3 4 4]
 - Client 337: [2 6 4 6 5 5 6 8 4 4]
 - Client 338: [2 5 9 7 3 2 3 5 8 6]
 - Client 339: [ 4  4  6  5  4  2 11  4  6  4]
 - Client 340: [ 5  3  3 10 11  3  5  6  3  1]
 - Client 341: [6 7 5 5 3 3 2 6 6 7]
 - Client 342: [2 4 7 5 3 5 5 6 5 8]
 - Client 343: [ 6  3  2  9  1  6  3  3  7 10]
 - Client 344: [6 7 1 7 3 1 7 6 5 7]
 - Client 345: [4 7 4 3 8 5 7 4 4 4]
 - Client 346: [5 6 4 4 6 4 6 5 5 5]
 - Client 347: [4 5 6 2 8 6 7 3 3 6]
 - Client 348: [7 5 3 2 4 7 8 6 4 4]
 - Client 349: [7 3 4 7 3 5 4 4 7 6]
 - Client 350: [6 5 6 4 5 8 2 6 4 4]
 - Client 351: [2 1 5 9 5 4 7 6 5 6]
 - Client 352: [5 6 6 7 6 4 4 6 3 3]
 - Client 353: [5 4 8 5 6 4 2 5 7 4]
 - Client 354: [ 3  3  8  6 12  5  4  5  3  1]
 - Client 355: [ 4 11  3  4  2  9  5  5  3  4]
 - Client 356: [ 2  3  4  7  2 12  2  2  7  9]
 - Client 357: [6 2 4 7 2 7 7 6 5 4]
 - Client 358: [4 2 4 7 4 4 7 8 3 7]
 - Client 359: [3 3 7 6 5 5 9 1 4 7]
 - Client 360: [8 5 4 4 4 2 3 6 6 8]
 - Client 361: [7 2 9 7 1 6 5 5 3 5]
 - Client 362: [3 2 9 6 3 6 4 4 4 9]
 - Client 363: [4 4 7 5 5 8 5 4 2 6]
 - Client 364: [5 6 5 4 5 5 7 5 2 6]
 - Client 365: [3 2 4 6 5 5 8 6 7 4]
 - Client 366: [6 7 5 2 3 8 6 3 7 3]
 - Client 367: [3 3 7 3 7 5 3 6 7 6]
 - Client 368: [6 6 8 4 6 7 1 5 6 1]
 - Client 369: [4 8 4 6 9 8 4 2 3 2]
 - Client 370: [5 4 3 5 7 7 0 6 7 6]
 - Client 371: [7 7 5 6 5 4 4 6 2 4]
 - Client 372: [ 6  2  7  4  3  5  4  3 10  6]
 - Client 373: [5 5 5 5 5 6 3 2 9 5]
 - Client 374: [ 4  2  5 12  4  5  5  3  7  3]
 - Client 375: [4 5 3 7 5 7 4 5 7 3]
 - Client 376: [5 5 1 4 3 7 5 4 9 7]
 - Client 377: [8 7 5 2 7 6 4 6 1 4]
 - Client 378: [5 3 5 1 7 4 7 5 5 8]
 - Client 379: [5 3 8 5 4 3 2 9 4 7]
 - Client 380: [5 2 6 1 5 5 8 7 6 5]
 - Client 381: [3 7 4 7 8 5 5 4 3 4]
 - Client 382: [4 3 6 6 5 4 5 6 3 8]
 - Client 383: [6 5 1 4 8 5 3 4 6 8]
 - Client 384: [ 8 10  4  2  3  7  1  1  7  7]
 - Client 385: [2 8 9 4 5 4 7 2 6 3]
 - Client 386: [5 4 8 9 3 4 3 5 6 3]
 - Client 387: [5 6 3 4 6 2 5 8 4 7]
 - Client 388: [3 6 3 2 3 6 6 8 6 7]
 - Client 389: [6 5 6 5 3 5 4 3 8 5]
 - Client 390: [2 2 5 5 8 6 6 4 6 6]
 - Client 391: [2 8 5 2 7 4 6 5 8 3]
 - Client 392: [ 2  7  1  6 11  6  6  5  4  2]
 - Client 393: [3 4 4 2 4 6 7 7 5 8]
 - Client 394: [3 1 3 4 3 8 7 9 4 8]
 - Client 395: [ 7  3  6  3  5  5  6  1 10  4]
 - Client 396: [11  5  6  4  4  3  4  3  8  2]
 - Client 397: [ 6  7  3  0  7  5 11  3  6  2]
 - Client 398: [6 6 4 4 4 4 6 6 7 3]
 - Client 399: [4 4 5 7 8 2 4 4 5 7]
 - Client 400: [ 3  4  5  2 11  4  5  4  3  9]
 - Client 401: [3 2 2 4 8 6 9 8 4 4]
 - Client 402: [7 3 6 7 4 6 5 8 1 3]
 - Client 403: [4 8 5 4 2 7 5 3 6 6]
 - Client 404: [7 1 8 5 2 5 3 7 5 7]
 - Client 405: [6 3 1 8 7 7 5 1 7 5]
 - Client 406: [10  3 10  4  2  4  4  8  2  3]
 - Client 407: [7 2 8 9 4 2 7 5 3 3]
 - Client 408: [5 2 7 9 5 4 4 5 6 3]
 - Client 409: [ 5  4  5  5  7  6 10  4  1  3]
 - Client 410: [4 7 2 9 5 2 5 5 5 6]
 - Client 411: [6 9 6 4 2 4 4 6 5 4]
 - Client 412: [9 4 6 5 5 7 1 2 8 3]
 - Client 413: [ 5 10  7  5  2  3  5  5  5  3]
 - Client 414: [ 1  4  6 11  8  4  3  5  5  3]
 - Client 415: [7 6 6 7 2 5 7 2 5 3]
 - Client 416: [5 3 9 3 4 7 4 3 7 5]
 - Client 417: [4 2 6 3 4 5 6 7 7 6]
 - Client 418: [4 4 5 4 1 6 4 9 5 8]
 - Client 419: [ 4  4  4 10  7  5  5  6  2  3]
 - Client 420: [7 6 8 6 8 5 3 2 1 4]
 - Client 421: [5 7 3 3 6 5 5 8 6 2]
 - Client 422: [2 7 8 8 6 5 1 5 5 3]
 - Client 423: [11  6  2  7  7  5  6  3  1  2]
 - Client 424: [7 3 2 2 5 6 9 8 4 4]
 - Client 425: [4 3 7 4 5 6 9 6 4 2]
 - Client 426: [9 4 4 5 1 3 5 5 6 8]
 - Client 427: [4 2 7 8 2 5 9 3 4 6]
 - Client 428: [7 3 6 8 3 6 3 4 3 7]
 - Client 429: [ 4  4  5  7 11  2  2  3  7  5]
 - Client 430: [2 1 2 7 6 6 4 8 5 9]
 - Client 431: [4 6 3 4 7 5 4 8 8 1]
 - Client 432: [7 6 2 1 5 8 6 4 5 6]
 - Client 433: [6 9 8 3 3 9 4 2 2 4]
 - Client 434: [4 4 5 6 7 6 4 6 4 4]
 - Client 435: [3 4 8 6 1 7 3 5 5 8]
 - Client 436: [4 5 7 6 5 2 2 4 6 9]
 - Client 437: [ 3  2  6  2  6  1  9 10  6  5]
 - Client 438: [8 7 4 2 7 5 7 4 4 2]
 - Client 439: [ 5  3  9  8  4  3 10  5  1  2]
 - Client 440: [9 4 2 8 5 2 6 6 4 4]
 - Client 441: [5 8 4 5 2 4 3 7 6 6]
 - Client 442: [4 3 3 7 7 5 4 4 8 5]
 - Client 443: [7 5 4 6 7 2 7 5 3 4]
 - Client 444: [4 6 4 7 5 4 4 4 4 8]
 - Client 445: [9 7 4 2 2 7 3 6 5 5]
 - Client 446: [4 2 7 4 4 6 8 7 5 3]
 - Client 447: [4 8 4 6 5 4 8 3 7 1]
 - Client 448: [5 7 5 7 9 3 3 0 5 6]
 - Client 449: [ 7  7  4  7  4  3  3  2 10  3]
 - Client 450: [5 7 7 4 7 6 3 6 3 2]
 - Client 451: [7 5 3 3 7 7 7 6 1 4]
 - Client 452: [4 6 5 6 4 2 8 4 4 7]
 - Client 453: [6 2 5 5 5 9 4 4 3 7]
 - Client 454: [ 6  4  3  7  1  3 14  3  4  5]
 - Client 455: [ 6  4  4  3  5  8  3  4 11  2]
 - Client 456: [6 3 8 4 6 4 8 2 5 4]
 - Client 457: [5 4 6 4 5 5 3 7 6 5]
 - Client 458: [6 6 4 6 3 7 4 6 5 3]
 - Client 459: [4 6 4 3 2 8 9 8 4 2]
 - Client 460: [4 5 3 7 3 6 5 7 5 5]
 - Client 461: [8 3 6 5 7 3 2 8 5 3]
 - Client 462: [7 6 2 5 7 1 8 4 4 6]
 - Client 463: [ 3  9  4  6  2  5  2  6 11  2]
 - Client 464: [5 7 5 6 3 6 8 1 5 4]
 - Client 465: [ 2  5  5  5  6  4 10  5  5  3]
 - Client 466: [3 3 6 8 4 8 3 6 2 7]
 - Client 467: [4 1 8 6 7 6 6 8 2 2]
 - Client 468: [5 3 8 3 6 6 5 4 3 7]
 - Client 469: [9 5 5 3 3 6 4 6 4 5]
 - Client 470: [4 6 5 3 6 4 9 5 5 3]
 - Client 471: [5 8 3 6 3 6 2 8 6 3]
 - Client 472: [7 3 4 6 6 4 8 5 3 4]
 - Client 473: [4 5 1 3 7 5 7 4 9 5]
 - Client 474: [6 5 5 5 9 2 6 4 5 3]
 - Client 475: [2 2 4 6 3 8 4 9 5 7]
 - Client 476: [5 2 4 5 5 4 6 6 5 8]
 - Client 477: [ 3  2  5  2 13  8  2  5  5  5]
 - Client 478: [1 6 4 4 6 6 7 8 4 4]
 - Client 479: [6 6 3 5 4 9 5 7 4 1]
 - Client 480: [3 7 2 9 4 8 5 4 5 3]
 - Client 481: [9 3 8 5 3 3 2 6 5 6]
 - Client 482: [3 7 3 2 4 6 9 8 4 4]
 - Client 483: [5 5 2 4 5 6 5 6 6 6]
 - Client 484: [2 6 3 8 5 2 7 8 4 5]
 - Client 485: [11  3  3  7  6  6  5  3  5  1]
 - Client 486: [4 7 9 4 4 4 5 4 3 6]
 - Client 487: [5 5 6 7 3 1 6 4 7 6]
 - Client 488: [2 1 2 8 9 5 6 5 5 7]
 - Client 489: [4 3 3 4 7 6 5 6 6 6]
 - Client 490: [10  4  9  4  2  4  3  3  4  7]
 - Client 491: [2 8 3 5 4 6 7 5 7 3]
 - Client 492: [4 3 4 3 9 4 4 8 7 4]
 - Client 493: [6 9 6 3 4 5 6 2 4 5]
 - Client 494: [4 2 7 4 5 8 6 3 8 3]
 - Client 495: [3 5 5 3 4 7 9 4 5 5]
 - Client 496: [4 7 2 9 6 3 3 7 5 4]
 - Client 497: [5 3 5 4 9 4 5 4 5 6]
 - Client 498: [8 3 7 6 3 4 5 3 6 5]
 - Client 499: [3 5 1 5 6 9 8 2 9 2]
 - Client 500: [ 8  0  2  6  7  4  5  4  4 10]
 - Client 501: [ 1  3  5  7  6 11  3  7  5  2]
 - Client 502: [2 9 6 7 4 6 6 6 2 2]
 - Client 503: [ 5  9  4 10  0  4  2  4  7  5]
 - Client 504: [6 4 6 3 3 3 6 4 6 9]
 - Client 505: [ 1  5  2  4  5  2  6  8 13  4]
 - Client 506: [2 4 9 1 6 5 8 6 4 5]
 - Client 507: [ 2  3  6  3  7 13  2  3  5  6]
 - Client 508: [ 3  6  3 11  4  5  2  3  6  7]
 - Client 509: [8 5 5 5 1 4 4 8 6 4]
 - Client 510: [ 7  1  3  8  5  6  4 10  3  3]
 - Client 511: [ 2  5  7 10  4  7  4  3  4  4]
 - Client 512: [6 1 5 1 6 5 6 4 9 7]
 - Client 513: [ 1  6  5  5  1 11  8  6  5  2]
 - Client 514: [5 7 5 9 4 5 2 1 7 5]
 - Client 515: [8 2 4 4 3 6 3 6 9 5]
 - Client 516: [3 2 5 6 4 7 4 7 4 8]
 - Client 517: [2 4 4 5 3 4 7 5 8 8]
 - Client 518: [5 6 3 4 6 4 4 5 8 5]
 - Client 519: [8 4 6 0 7 7 1 3 6 8]
 - Client 520: [ 4  8  5  2 10  4  5  4  3  5]
 - Client 521: [ 7  2  3 11  5  4  5  7  2  4]
 - Client 522: [5 6 8 3 6 3 2 6 6 5]
 - Client 523: [5 5 5 4 2 4 4 9 5 7]
 - Client 524: [7 4 3 8 4 3 5 6 3 7]
 - Client 525: [5 8 5 2 6 5 4 3 7 5]
 - Client 526: [ 1 12  6  4  2  4  4  5  5  7]
 - Client 527: [6 4 5 2 4 8 4 7 6 4]
 - Client 528: [ 3  8  3  1  4  4  3 10  7  7]
 - Client 529: [6 9 4 2 8 7 4 4 5 1]
 - Client 530: [9 6 4 3 5 8 5 5 1 4]
 - Client 531: [ 3  4  4 10  9  3  4  6  2  5]
 - Client 532: [ 2  7 10  5  2  2  8  1  9  4]
 - Client 533: [ 4  5  2  9  4  3  4  5 11  3]
 - Client 534: [5 7 6 7 3 4 3 5 6 4]
 - Client 535: [3 7 6 2 4 7 7 2 9 3]
 - Client 536: [3 7 4 6 2 7 3 7 4 7]
 - Client 537: [6 4 3 8 6 4 6 3 3 7]
 - Client 538: [5 5 5 3 7 4 3 7 4 7]
 - Client 539: [5 4 7 4 7 7 5 4 6 1]
 - Client 540: [3 8 5 2 4 8 5 5 3 7]
 - Client 541: [4 4 2 3 8 7 8 6 4 4]
 - Client 542: [ 5 10  4  3  6  3  7  4  3  5]
 - Client 543: [7 7 4 5 4 5 6 1 3 8]
 - Client 544: [4 4 6 5 3 5 8 4 6 5]
 - Client 545: [ 5  3  5  4  4 10  7  4  4  4]
 - Client 546: [11  3  6  5  2  0  6  7  3  7]
 - Client 547: [3 8 4 7 6 3 5 2 6 6]
 - Client 548: [5 6 6 3 6 2 7 2 7 6]
 - Client 549: [3 7 2 3 6 4 9 4 7 5]
 - Client 550: [4 4 7 5 4 4 6 1 6 9]
 - Client 551: [5 8 3 3 5 7 6 6 2 5]
 - Client 552: [ 5  6  4  1  3  5 10  5  3  8]
 - Client 553: [5 4 9 5 8 4 6 5 3 1]
 - Client 554: [5 7 4 4 5 8 6 2 7 2]
 - Client 555: [5 2 4 3 8 5 2 6 6 9]
 - Client 556: [4 6 3 1 4 8 4 8 8 4]
 - Client 557: [2 7 7 2 7 8 3 6 3 5]
 - Client 558: [8 4 5 6 4 6 3 5 5 4]
 - Client 559: [3 6 8 3 5 5 5 5 7 3]
 - Client 560: [11  2  5  6  4  3  4  4  5  6]
 - Client 561: [4 2 9 7 2 6 4 6 5 5]
 - Client 562: [ 6  2  4  5  4 10  4  6  5  4]
 - Client 563: [4 7 6 7 3 3 5 8 4 3]
 - Client 564: [6 5 5 4 5 7 7 4 3 4]
 - Client 565: [5 7 7 5 3 2 3 9 5 4]
 - Client 566: [6 5 5 5 7 5 5 2 2 8]
 - Client 567: [3 2 8 2 3 4 9 9 6 4]
 - Client 568: [4 2 7 6 5 6 8 7 2 3]
 - Client 569: [3 9 5 5 2 6 4 3 7 6]
 - Client 570: [ 4  4  4  4 11  3  1  6  6  7]
 - Client 571: [7 6 5 3 7 6 3 6 7 0]
 - Client 572: [ 3  5  6  3  3  5  2  7 12  4]
 - Client 573: [11  5  5  5  6  3  4  4  4  3]
 - Client 574: [ 4  5  5  4 11  3  1  7  7  3]
 - Client 575: [6 7 5 5 4 4 7 5 3 4]
 - Client 576: [7 5 4 1 7 6 2 7 3 8]
 - Client 577: [ 4  9  5 10  3  2  6  5  4  2]
 - Client 578: [6 6 2 4 4 7 8 6 4 3]
 - Client 579: [4 4 2 8 5 6 8 5 3 5]
 - Client 580: [8 1 6 3 3 7 4 8 4 6]
 - Client 581: [5 7 6 3 4 1 5 7 7 5]
 - Client 582: [ 4  3  5  3  3  7 12  6  5  2]
 - Client 583: [3 4 3 9 7 3 7 4 3 7]
 - Client 584: [5 4 5 3 7 8 2 5 3 8]
 - Client 585: [7 7 7 1 5 2 3 6 5 7]
 - Client 586: [5 6 0 6 5 4 4 7 8 5]
 - Client 587: [9 5 5 2 4 7 3 5 5 5]
 - Client 588: [4 6 3 6 3 8 5 4 6 5]
 - Client 589: [9 7 7 5 5 1 3 6 2 5]
 - Client 590: [ 4 10  9  5  6  2  6  5  2  1]
 - Client 591: [4 6 8 5 3 4 7 3 7 3]
 - Client 592: [5 5 7 6 3 6 6 3 4 5]
 - Client 593: [4 3 5 6 5 3 4 7 6 7]
 - Client 594: [4 5 4 3 4 9 4 4 5 8]
 - Client 595: [ 5  1  7  6  3  3  6  5 10  4]
 - Client 596: [6 8 9 6 6 1 2 2 6 4]
 - Client 597: [ 3 10  3  6  2  4  4  6  3  9]
 - Client 598: [10  1  3  7  3  6  5  8  3  4]
 - Client 599: [7 6 5 9 6 3 2 4 4 4]
 - Client 600: [ 3  2  2  3  2  7  9 10  5  7]
 - Client 601: [4 5 6 4 5 9 5 6 4 2]
 - Client 602: [6 8 4 2 5 6 5 7 2 5]
 - Client 603: [ 5  6  4  1 13  3  8  3  2  5]
 - Client 604: [7 3 9 4 6 6 6 1 3 5]
 - Client 605: [ 6  3 10  0  5  6  5  5  5  5]
 - Client 606: [5 7 7 3 4 2 6 6 7 3]
 - Client 607: [5 1 6 7 3 9 3 6 5 5]
 - Client 608: [4 6 7 3 4 5 5 5 6 5]
 - Client 609: [5 8 2 6 2 5 4 6 5 7]
 - Client 610: [3 7 2 7 4 5 7 4 3 8]
 - Client 611: [7 4 3 3 2 8 6 5 8 4]
 - Client 612: [ 3  2  7  4  4  6 11  1  3  9]
 - Client 613: [6 7 4 4 4 5 6 3 8 3]
 - Client 614: [6 2 7 6 6 8 5 5 2 3]
 - Client 615: [ 5  8 10  2  2  7  4  6  4  2]
 - Client 616: [ 4  5  6  4  2  5  5  4  4 11]
 - Client 617: [9 4 3 5 5 6 5 4 4 5]
 - Client 618: [3 6 5 5 7 3 3 8 2 8]
 - Client 619: [2 5 2 7 9 4 5 6 7 3]
 - Client 620: [4 7 4 5 0 6 4 6 6 8]
 - Client 621: [ 4  9  1  1  6  4  5  5 10  5]
 - Client 622: [4 5 6 6 6 4 3 6 5 5]
 - Client 623: [3 7 4 6 4 4 6 6 6 4]
 - Client 624: [10  4 12  2  2  3  7  3  1  6]
 - Client 625: [2 6 9 3 2 4 6 7 4 7]
 - Client 626: [4 7 5 3 6 8 6 5 3 3]
 - Client 627: [4 5 4 3 6 5 8 7 3 5]
 - Client 628: [5 8 2 6 8 3 6 7 3 2]
 - Client 629: [ 2  6  5  3  1  3  5 13  5  7]
 - Client 630: [ 7  4  4  5  6  5  7 10  1  1]
 - Client 631: [ 5 10  2  5  2  5  6  2 11  2]
 - Client 632: [ 9  1  4  9  7  4 11  0  3  2]
 - Client 633: [ 3  6  4  8  1  1  3  6  8 10]
 - Client 634: [12  5  6  3  2  5  4  2  5  6]
 - Client 635: [7 3 4 2 3 6 7 5 5 8]
 - Client 636: [3 5 4 8 7 5 2 6 4 6]
 - Client 637: [7 5 6 3 3 7 3 5 5 6]
 - Client 638: [6 3 4 5 4 2 4 7 6 9]
 - Client 639: [ 3 11  5  4  3  4  6  5  4  5]
 - Client 640: [9 4 5 3 5 2 5 5 5 7]
 - Client 641: [7 8 3 7 4 5 4 7 2 3]
 - Client 642: [6 6 3 6 4 4 5 7 7 2]
 - Client 643: [ 6  5  3  5  6 10  4  6  3  2]
 - Client 644: [5 6 5 4 6 2 6 7 4 5]
 - Client 645: [4 7 5 5 3 8 2 4 5 7]
 - Client 646: [6 6 3 2 7 7 8 3 5 3]
 - Client 647: [6 4 6 2 4 7 3 6 6 6]
 - Client 648: [ 1  1  4  7  6  4  6 10  7  4]
 - Client 649: [4 7 5 5 4 6 4 7 4 4]
 - Client 650: [1 3 5 3 9 9 7 4 6 3]
 - Client 651: [ 4  5  5  5  3 10  3  9  3  3]
 - Client 652: [1 3 6 7 8 8 5 3 5 4]
 - Client 653: [8 7 3 5 5 1 4 6 6 5]
 - Client 654: [8 4 3 5 6 2 8 2 6 6]
 - Client 655: [5 6 4 3 5 7 5 2 5 8]
 - Client 656: [5 6 1 8 5 7 4 5 5 4]
 - Client 657: [2 6 5 5 6 4 4 9 6 3]
 - Client 658: [3 7 4 6 3 4 5 4 7 7]
 - Client 659: [7 8 4 2 8 2 6 4 4 5]
 - Client 660: [5 8 4 8 3 2 9 5 3 3]
 - Client 661: [ 4 11  5  4  4  5  1  6  6  4]
 - Client 662: [6 3 3 5 6 2 6 7 6 6]
 - Client 663: [6 2 7 2 3 4 5 9 7 5]
 - Client 664: [7 5 3 7 3 5 4 6 4 6]
 - Client 665: [6 5 6 4 4 6 3 3 7 6]
 - Client 666: [6 8 5 4 7 5 4 3 2 6]
 - Client 667: [3 2 6 4 3 8 3 9 6 6]
 - Client 668: [3 4 4 6 6 6 2 8 6 5]
 - Client 669: [ 6  3  8  2  3  4  4 10  6  4]
 - Client 670: [6 4 8 5 2 4 6 5 7 3]
 - Client 671: [1 2 7 3 6 5 5 9 9 3]
 - Client 672: [ 5  2  3  9  6  4  6  3  2 10]
 - Client 673: [6 5 6 4 5 8 6 1 6 3]
 - Client 674: [ 2  7  4  0  5  7  5  5 11  4]
 - Client 675: [3 5 7 3 5 7 4 3 7 6]
 - Client 676: [ 4  1  5  6 10  6  5  5  4  4]
 - Client 677: [7 4 3 8 3 4 2 7 8 4]
 - Client 678: [6 8 6 4 5 5 1 7 2 6]
 - Client 679: [5 8 1 6 5 2 4 6 4 9]
 - Client 680: [12  5  4  9  4  3  1  3  7  2]
 - Client 681: [3 2 7 4 5 4 9 5 6 5]
 - Client 682: [4 5 7 6 8 2 3 5 6 4]
 - Client 683: [4 3 5 6 6 8 3 7 4 4]
 - Client 684: [4 6 3 3 8 4 6 6 5 5]
 - Client 685: [ 7  2  2  5  6 10  5  3  6  4]
 - Client 686: [2 3 3 5 5 3 8 8 6 7]
 - Client 687: [4 2 5 5 5 7 8 5 5 4]
 - Client 688: [1 5 8 6 6 4 8 8 1 3]
 - Client 689: [9 4 5 6 3 1 3 8 7 4]
 - Client 690: [ 4  6  5  2  8  6  7  2  0 10]
 - Client 691: [3 3 4 7 9 3 6 4 7 4]
 - Client 692: [1 5 5 6 6 9 7 3 4 4]
 - Client 693: [5 7 5 5 6 4 4 2 7 5]
 - Client 694: [5 5 3 5 2 8 6 8 7 1]
 - Client 695: [3 6 6 3 5 5 6 6 6 4]
 - Client 696: [ 2  3  7  6  5  2 11  3  6  5]
 - Client 697: [4 4 7 6 8 5 4 3 2 7]
 - Client 698: [4 3 8 7 7 5 5 3 3 5]
 - Client 699: [4 8 5 3 5 7 6 5 4 3]
 - Client 700: [ 4  3  7  4  8  5  4  1 10  4]
 - Client 701: [2 5 5 4 7 7 2 7 6 5]
 - Client 702: [8 2 3 4 4 5 6 5 7 6]
 - Client 703: [9 9 6 3 1 6 5 5 2 4]
 - Client 704: [7 4 9 2 5 2 5 6 5 5]
 - Client 705: [4 6 5 4 1 6 7 8 5 4]
 - Client 706: [5 6 2 9 7 4 3 9 0 5]
 - Client 707: [6 4 9 3 4 2 6 6 6 4]
 - Client 708: [7 6 4 7 5 3 6 3 8 1]
 - Client 709: [5 6 1 2 9 8 4 7 3 5]
 - Client 710: [ 4 10  3  4  4  3  7  3  6  6]
 - Client 711: [ 1  8  3  5  6  3  4  3  7 10]
 - Client 712: [8 4 4 6 2 6 4 2 7 7]
 - Client 713: [3 6 8 3 4 2 7 6 5 6]
 - Client 714: [2 4 5 5 7 5 8 2 8 4]
 - Client 715: [ 4  6  4 10  3  2  2  8  7  4]
 - Client 716: [ 2  5  8  3  7  4 11  3  2  5]
 - Client 717: [ 1  4  4  6  3  2 13  4  8  5]
 - Client 718: [4 2 3 2 8 6 6 8 7 4]
 - Client 719: [7 7 8 3 6 5 2 4 6 2]
 - Client 720: [7 7 5 4 4 3 8 3 3 6]
 - Client 721: [6 5 2 5 5 7 3 7 5 5]
 - Client 722: [6 7 5 4 5 2 6 2 6 7]
 - Client 723: [7 5 5 7 5 6 3 2 6 4]
 - Client 724: [9 6 5 3 9 4 1 4 3 6]
 - Client 725: [4 6 2 5 6 6 4 6 5 6]
 - Client 726: [2 6 6 5 8 8 4 4 1 6]
 - Client 727: [7 4 6 3 4 7 6 6 4 3]
 - Client 728: [ 4  4 10  5  7  4  3  1  6  6]
 - Client 729: [2 3 5 8 4 7 4 5 7 5]
 - Client 730: [7 7 5 8 3 3 3 1 6 7]
 - Client 731: [2 6 3 7 5 5 4 8 8 2]
 - Client 732: [ 1  2  8 10  5  8  6  4  2  4]
 - Client 733: [5 6 6 2 6 5 6 6 3 5]
 - Client 734: [5 4 6 4 1 4 8 3 6 9]
 - Client 735: [3 4 6 7 8 3 9 4 4 2]
 - Client 736: [ 2  5  2  6  5  7 11  2  2  8]
 - Client 737: [6 4 4 5 4 3 6 6 7 5]
 - Client 738: [13  6  2  5  5  2  7  5  2  3]
 - Client 739: [5 7 5 4 6 5 2 7 3 6]
 - Client 740: [9 4 3 6 6 3 7 5 1 6]
 - Client 741: [ 5  3  8  2  4  4 11  4  6  3]
 - Client 742: [6 5 6 6 5 5 3 4 5 5]
 - Client 743: [7 6 3 4 7 4 4 3 7 5]
 - Client 744: [9 6 6 5 3 3 7 2 4 5]
 - Client 745: [7 5 8 9 3 2 6 2 2 6]
 - Client 746: [6 4 7 5 4 5 2 2 8 7]
 - Client 747: [10  3  5  7  8  2  4  6  2  3]
 - Client 748: [5 3 5 5 6 6 6 5 4 5]
 - Client 749: [7 2 5 6 3 3 8 4 4 8]
 - Client 750: [7 8 5 8 5 3 4 3 4 3]
 - Client 751: [ 5 10  6  5  5  4  4  5  6  0]
 - Client 752: [4 4 7 1 5 4 6 3 8 8]
 - Client 753: [5 5 4 9 4 3 5 8 6 1]
 - Client 754: [ 1  6  3  4 10  7  3  7  6  3]
 - Client 755: [5 3 9 4 2 6 1 8 8 4]
 - Client 756: [8 4 8 4 6 1 3 4 8 4]
 - Client 757: [ 7  7  3  2  4  5  6 10  4  2]
 - Client 758: [5 4 3 8 3 5 4 8 2 8]
 - Client 759: [7 5 4 4 5 7 2 3 8 5]
 - Client 760: [5 3 7 4 3 7 3 9 4 5]
 - Client 761: [4 2 7 4 7 7 4 5 6 4]
 - Client 762: [3 4 4 2 5 6 5 9 6 6]
 - Client 763: [5 7 5 3 3 5 5 7 5 5]
 - Client 764: [3 5 5 5 6 2 6 8 7 3]
 - Client 765: [7 5 4 9 6 0 5 4 3 7]
 - Client 766: [5 2 7 5 5 3 4 6 9 4]
 - Client 767: [8 3 3 4 5 2 5 6 8 6]
 - Client 768: [ 5  4  5  5  5  4  3 11  6  2]
 - Client 769: [6 4 4 5 2 7 5 6 3 8]
 - Client 770: [4 2 2 7 3 6 6 5 6 9]
 - Client 771: [5 5 6 6 4 4 5 6 1 8]
 - Client 772: [10  4  8  1  5  3  4  3  6  6]
 - Client 773: [ 2  4  3  6  5  5  2  6  6 11]
 - Client 774: [10  5  5  5  4  5  6  4  2  4]
 - Client 775: [3 8 5 4 6 5 5 5 3 6]
 - Client 776: [5 8 7 6 8 3 3 4 3 3]
 - Client 777: [ 4  4 10  8  4  3  3  4  5  5]
 - Client 778: [5 2 6 5 8 7 5 2 6 4]
 - Client 779: [ 6  5  8  4 11  3  1  5  2  5]
 - Client 780: [3 7 7 7 5 3 3 7 5 3]
 - Client 781: [4 6 5 8 6 3 5 8 2 3]
 - Client 782: [ 4  1  5  7  2 11  4  4  6  6]
 - Client 783: [6 5 4 6 3 3 2 8 6 7]
 - Client 784: [7 3 3 8 7 2 8 2 6 4]
 - Client 785: [ 5 10  6  1  3  5  4  4  5  7]
 - Client 786: [4 5 2 3 4 8 5 6 6 7]
 - Client 787: [5 4 4 4 4 6 3 6 9 5]
 - Client 788: [7 7 2 5 6 6 6 3 5 3]
 - Client 789: [8 3 8 3 4 5 7 2 8 2]
 - Client 790: [5 7 6 3 4 6 4 5 3 7]
 - Client 791: [5 1 6 4 3 7 7 6 6 5]
 - Client 792: [ 3  2  2  2  7  6  8  3 10  7]
 - Client 793: [11  2  4  1  2  6  5  7  8  4]
 - Client 794: [5 5 4 2 7 4 7 8 5 3]
 - Client 795: [5 7 7 6 6 5 4 3 2 5]
 - Client 796: [8 5 5 6 6 6 5 1 5 3]
 - Client 797: [ 6 10  5  3  7  3  3  2  7  4]
 - Client 798: [5 6 5 6 5 4 6 2 5 6]
 - Client 799: [4 5 7 4 5 6 3 5 5 6]
 - Client 800: [6 4 3 7 8 5 3 5 7 2]
 - Client 801: [4 4 2 6 2 8 6 9 3 6]
 - Client 802: [4 6 4 3 4 4 7 6 8 4]
 - Client 803: [ 8  6 10  7  3  4  5  1  2  4]
 - Client 804: [ 3 10  4  4  5  4  3  7  6  4]
 - Client 805: [4 6 5 6 4 5 3 4 5 8]
 - Client 806: [5 9 3 7 8 3 6 5 2 2]
 - Client 807: [ 3  3  3  4 10  8  5  7  3  4]
 - Client 808: [5 6 5 3 7 3 5 5 5 6]
 - Client 809: [ 4  5  5 11  4  5  3  5  3  5]
 - Client 810: [5 5 4 7 4 1 7 6 3 8]
 - Client 811: [5 7 2 6 2 8 0 5 6 9]
 - Client 812: [3 7 5 7 4 6 4 2 5 7]
 - Client 813: [4 8 7 5 2 5 6 5 6 2]
 - Client 814: [1 6 8 9 1 5 7 6 3 4]
 - Client 815: [ 4  5  5  3 11  4  2  6  3  7]
 - Client 816: [4 6 5 3 6 5 5 4 7 5]
 - Client 817: [7 6 7 8 3 3 6 2 3 5]
 - Client 818: [8 7 4 8 2 4 4 3 5 5]
 - Client 819: [3 4 3 6 4 8 3 9 8 2]
 - Client 820: [2 9 2 9 3 6 5 9 2 3]
 - Client 821: [8 3 3 6 7 6 5 3 7 2]
 - Client 822: [9 6 4 4 4 7 5 4 2 5]
 - Client 823: [3 5 7 8 3 6 6 4 6 2]
 - Client 824: [4 6 6 7 7 3 4 6 3 4]
 - Client 825: [6 6 6 3 3 4 4 8 6 4]
 - Client 826: [4 5 6 7 7 7 1 6 2 5]
 - Client 827: [6 3 7 5 7 2 3 3 7 7]
 - Client 828: [3 9 4 6 7 4 3 6 1 7]
 - Client 829: [4 6 9 3 3 7 8 1 4 5]
 - Client 830: [3 4 4 7 7 6 3 5 6 5]
 - Client 831: [8 1 6 4 4 5 4 4 8 6]
 - Client 832: [ 3  4 11  7  9  3  2  7  3  1]
 - Client 833: [ 3 14  6  2  5  1  5  5  1  8]
 - Client 834: [4 3 5 8 6 3 5 3 5 8]
 - Client 835: [ 9 12  3  4  4  5  3  3  2  5]
 - Client 836: [ 3  4 10  6  6  5  3  2  5  6]
 - Client 837: [7 7 5 4 4 7 4 5 3 4]
 - Client 838: [ 4  4  4  3  3 10  8  7  2  5]
 - Client 839: [ 2  3 11  5  6  4  5  7  4  3]
 - Client 840: [6 2 9 5 5 3 5 4 6 5]
 - Client 841: [ 3  5  6  5  2 14  4  1  4  6]
 - Client 842: [7 7 1 5 3 4 9 6 5 3]
 - Client 843: [ 3  1  2  4  6 10  9  3  9  3]
 - Client 844: [5 3 5 7 4 6 3 5 7 5]
 - Client 845: [6 7 4 5 4 6 2 5 4 7]
 - Client 846: [4 4 6 6 5 2 9 4 5 5]
 - Client 847: [6 7 4 6 3 6 6 2 6 4]
 - Client 848: [9 3 5 6 6 2 4 4 5 6]
 - Client 849: [6 6 3 2 5 8 8 5 4 3]
 - Client 850: [4 5 7 3 3 3 5 6 7 7]
 - Client 851: [4 6 6 3 9 5 5 4 5 3]
 - Client 852: [5 6 5 4 2 5 7 7 3 6]
 - Client 853: [ 4  4  6  3  3 10  6  6  5  3]
 - Client 854: [ 7  2 11  7  4  3  0  6  5  5]
 - Client 855: [7 6 5 3 8 2 3 3 5 8]
 - Client 856: [2 6 6 5 6 5 2 5 4 9]
 - Client 857: [ 4  5 11  2  5  7  5  3  2  6]
 - Client 858: [2 6 4 4 9 7 6 3 6 3]
 - Client 859: [5 7 2 2 4 6 5 8 5 6]
 - Client 860: [5 7 5 5 2 6 4 6 7 3]
 - Client 861: [5 5 7 4 5 4 2 9 5 4]
 - Client 862: [6 9 5 2 6 4 4 7 3 4]
 - Client 863: [3 8 9 4 6 3 4 4 8 1]
 - Client 864: [5 1 6 6 5 5 6 5 4 7]
 - Client 865: [ 9  4 10  3  2  4  1  8  3  6]
 - Client 866: [ 3  2  5  1 10  5  7  2  8  7]
 - Client 867: [ 3  4 10  7  4  3  8  2  2  7]
 - Client 868: [ 6  9  8  3  2 12  1  6  1  2]
 - Client 869: [6 7 4 5 4 5 5 2 7 5]
 - Client 870: [5 6 7 9 6 3 2 4 2 6]
 - Client 871: [5 6 3 6 6 3 5 7 6 3]
 - Client 872: [6 4 3 7 4 5 6 2 4 9]
 - Client 873: [3 8 4 6 5 6 4 7 1 6]
 - Client 874: [2 3 7 3 6 4 8 6 6 5]
 - Client 875: [4 3 3 5 7 7 4 5 7 5]
 - Client 876: [7 5 4 6 6 4 5 5 4 4]
 - Client 877: [7 5 6 6 3 2 6 3 6 6]
 - Client 878: [7 4 5 6 6 6 5 4 5 2]
 - Client 879: [ 5  4  6  4  5 11  2  5  6  2]
 - Client 880: [8 8 7 1 5 5 4 6 3 3]
 - Client 881: [ 4  4  5  4  4  5 10  4  6  4]
 - Client 882: [6 5 4 4 5 6 3 5 5 7]
 - Client 883: [2 6 2 6 6 5 8 6 3 6]
 - Client 884: [10  1  4  6  2  7  6  8  1  5]
 - Client 885: [ 7 11  2  3  2  6  4  3  8  4]
 - Client 886: [6 5 4 5 6 5 3 8 4 4]
 - Client 887: [ 3  2  5 12  6  3  5  6  4  4]
 - Client 888: [7 8 6 1 3 2 6 5 7 5]
 - Client 889: [2 5 7 2 5 6 8 2 6 7]
 - Client 890: [1 2 6 5 7 6 5 3 6 9]
 - Client 891: [3 7 5 3 8 2 7 2 6 7]
 - Client 892: [ 2  5  6  5  6  5 11  4  2  4]
 - Client 893: [10  3  2  5  2  6  7  5  6  4]
 - Client 894: [ 6  5  4  3  5  6  6  2  3 10]
 - Client 895: [6 4 5 6 5 5 6 4 5 4]
 - Client 896: [9 3 9 5 1 3 3 3 8 6]
 - Client 897: [6 5 5 8 5 6 3 5 2 5]
 - Client 898: [ 2  5  5 10  4  6  4  4  6  4]
 - Client 899: [10  3  2  5  5  3 11  5  5  1]
 - Client 900: [ 2  1  3  3  5 12  5  6  7  6]
 - Client 901: [4 6 4 7 7 3 5 4 8 2]
 - Client 902: [4 6 4 5 7 5 2 8 6 3]
 - Client 903: [5 2 6 5 4 8 7 5 6 2]
 - Client 904: [7 5 7 4 4 7 3 3 6 4]
 - Client 905: [ 4  8  6 11  1  4  5  3  3  5]
 - Client 906: [ 2  7  1  3  3 10  5  8  6  5]
 - Client 907: [5 6 5 2 7 7 2 6 6 4]
 - Client 908: [ 1  2  6  6  4 10  5  9  3  4]
 - Client 909: [8 3 5 3 3 8 9 2 2 7]
 - Client 910: [3 6 8 5 6 4 3 4 4 7]
 - Client 911: [4 8 4 5 3 6 5 4 7 4]
 - Client 912: [5 5 8 3 4 8 6 6 2 3]
 - Client 913: [ 4  1  5  2  3  7  3 11 11  3]
 - Client 914: [4 5 3 4 7 7 2 3 8 7]
 - Client 915: [3 5 4 9 6 5 3 2 9 4]
 - Client 916: [3 2 7 6 6 5 5 6 4 6]
 - Client 917: [6 5 7 1 7 5 8 1 5 5]
 - Client 918: [4 5 7 5 8 2 5 6 2 6]
 - Client 919: [6 8 6 6 7 1 8 2 2 4]
 - Client 920: [ 4  6  5  2  6  7  2  5  2 11]
 - Client 921: [4 4 4 4 3 8 4 4 8 7]
 - Client 922: [8 4 3 9 4 3 4 4 7 4]
 - Client 923: [3 7 8 6 2 2 2 7 7 6]
 - Client 924: [1 5 6 3 6 8 5 4 5 7]
 - Client 925: [6 4 4 6 5 3 3 4 6 9]
 - Client 926: [4 5 7 4 3 6 7 5 1 8]
 - Client 927: [4 8 2 4 2 4 4 9 5 8]
 - Client 928: [3 2 2 5 8 8 7 4 5 6]
 - Client 929: [5 4 5 7 5 4 3 6 5 6]
 - Client 930: [5 5 7 6 2 7 6 5 6 1]
 - Client 931: [8 5 3 8 4 5 6 6 5 0]
 - Client 932: [7 5 3 6 2 6 4 7 5 5]
 - Client 933: [3 8 8 3 8 5 3 5 3 4]
 - Client 934: [10  2  3  3  3  8  4  4  6  7]
 - Client 935: [11  3  1  8  3  5  8  3  3  5]
 - Client 936: [7 8 3 6 7 8 2 2 1 6]
 - Client 937: [ 2  7 12  3  1  3  3  6  8  5]
 - Client 938: [7 5 6 8 6 8 4 1 1 4]
 - Client 939: [5 7 3 4 5 6 8 2 5 5]
 - Client 940: [4 6 4 6 8 3 3 7 6 3]
 - Client 941: [6 2 2 6 2 6 7 7 5 7]
 - Client 942: [8 7 2 7 2 3 4 8 6 3]
 - Client 943: [8 3 5 3 6 8 3 6 4 4]
 - Client 944: [4 3 5 5 5 8 3 5 6 6]
 - Client 945: [5 7 2 6 8 5 6 2 4 5]
 - Client 946: [ 2  3  5  3  4  6 12  3  8  4]
 - Client 947: [9 6 5 5 3 3 6 2 8 3]
 - Client 948: [7 6 7 0 4 3 6 5 5 7]
 - Client 949: [ 7  5  3 10  3  2  7  4  2  7]
 - Client 950: [6 7 9 2 4 2 8 4 4 4]
 - Client 951: [ 4 10  7  8  6  0  2  4  3  6]
 - Client 952: [9 7 3 3 6 2 8 6 3 3]
 - Client 953: [5 6 3 5 6 5 5 3 8 4]
 - Client 954: [2 6 4 6 6 7 2 6 3 8]
 - Client 955: [ 7  5  8  4  1  4  4  5 10  2]
 - Client 956: [7 4 5 4 2 6 7 5 6 4]
 - Client 957: [4 7 4 7 5 4 9 3 3 4]
 - Client 958: [3 3 6 7 5 6 3 5 4 8]
 - Client 959: [ 6  5  2 11  5  6  7  2  3  3]
 - Client 960: [7 7 8 6 4 4 4 3 3 4]
 - Client 961: [4 5 7 6 4 8 5 4 1 6]
 - Client 962: [5 6 4 5 7 4 5 3 2 9]
 - Client 963: [ 4  5  1  6  0  8  6  4 10  6]
 - Client 964: [10  1  5  4  6  8  5  3  2  6]
 - Client 965: [5 2 9 5 4 7 5 3 5 5]
 - Client 966: [2 6 6 6 8 7 4 4 4 3]
 - Client 967: [ 5  2  4 10  6  7  6  1  4  5]
 - Client 968: [3 6 8 4 4 9 4 5 3 4]
 - Client 969: [ 2  1  8  5  2  6  3 11  7  5]
 - Client 970: [6 3 9 5 6 4 4 3 6 4]
 - Client 971: [6 3 5 5 7 3 4 6 6 5]
 - Client 972: [7 3 4 6 4 4 7 9 4 2]
 - Client 973: [ 5  2  6  2 11  3  5  7  3  6]
 - Client 974: [3 3 4 5 8 7 3 4 5 8]
 - Client 975: [6 6 1 7 5 3 5 4 7 6]
 - Client 976: [5 6 7 3 4 4 1 5 7 8]
 - Client 977: [3 5 6 8 3 6 5 5 4 5]
 - Client 978: [3 2 4 2 9 4 8 6 5 7]
 - Client 979: [7 8 6 4 2 5 4 7 1 6]
 - Client 980: [8 5 0 7 5 4 6 9 2 4]
 - Client 981: [4 2 4 8 5 3 6 3 8 7]
 - Client 982: [9 5 6 4 5 3 5 6 2 5]
 - Client 983: [4 6 4 4 4 8 7 7 3 3]
 - Client 984: [5 4 7 1 2 3 8 7 7 6]
 - Client 985: [5 7 3 4 9 6 2 6 4 4]
 - Client 986: [11  3  7  1  2  6  6  8  2  4]
 - Client 987: [6 7 2 4 5 4 5 7 2 8]
 - Client 988: [4 2 8 5 7 4 5 5 6 4]
 - Client 989: [ 4  4  6 10  2  5  7  6  2  4]
 - Client 990: [ 3  4  3  4  6  6 10  4  5  5]
 - Client 991: [8 6 3 2 5 5 6 3 5 7]
 - Client 992: [9 3 5 6 4 6 4 5 4 4]
 - Client 993: [1 4 7 6 7 5 9 3 3 5]
 - Client 994: [ 8  1  6  2  4  7  4 10  7  1]
 - Client 995: [4 6 4 5 5 4 4 5 7 6]
 - Client 996: [3 6 2 9 3 8 4 7 2 6]
 - Client 997: [3 6 4 5 7 5 4 7 5 4]
 - Client 998: [ 6 11  1  8  3  7  8  2  2  2]
 - Client 999: [5 3 6 6 7 6 2 3 5 7]

Model:
 - conv1.weight                   [6, 3, 5, 5]
 - conv1.bias                     [6]
 - conv2.weight                   [16, 6, 5, 5]
 - conv2.bias                     [16]
 - fc1.weight                     [120, 400]
 - fc1.bias                       [120]
 - fc2.weight                     [84, 120]
 - fc2.bias                       [84]
 - fc3.weight                     [10, 84]
 - fc3.bias                       [10]
Total number of Parameters:  62006

Start Distributed Training..

Experiment: main (1/2)
{'communication_round': 1, 'lr': 0.002, 'epochs': 1}
{'client_train_loss': 2.3021891117095947}
{'server_val_accuracy': 0.1216}
Saved results to  /mnt/output/manyclients/xp_3511.npz
Remaining Time (approx.): 00:00:00 [100.00%]

Hyperparameters: 
 - dataset                 cifar10
 - net                     lenet_cifar
 - n_clients               1000
 - n_data                  None
 - communication_rounds    1
 - local_epochs            1
 - participation_rate      0.01
 - classes_per_client      1
 - batch_size              128
 - balancedness            1.0
 - pretrained              None
 - save_model              None
 - log_frequency           1
 - log_path                manyclients/
 - finished                False
 - log_id                  64031

Files already downloaded and verified
Files already downloaded and verified
Data split:
 - Client 0: [ 0  0 50  0  0  0  0  0  0  0]
 - Client 1: [ 0  0  0  0  0  0 50  0  0  0]
 - Client 2: [ 0  0  0  0  0 50  0  0  0  0]
 - Client 3: [50  0  0  0  0  0  0  0  0  0]
 - Client 4: [ 0  0  0  0  0  0  0  0  0 50]
 - Client 5: [ 0  0 50  0  0  0  0  0  0  0]
 - Client 6: [ 0  0  0  0  0  0  0  0  0 50]
 - Client 7: [ 0  0  0  0 50  0  0  0  0  0]
 - Client 8: [ 0  0  0  0  0  0  0  0  0 50]
 - Client 9: [ 0  0  0  0 50  0  0  0  0  0]
 - Client 10: [ 0  0  0  0  0  0 50  0  0  0]
 - Client 11: [ 0  0  0  0  0  0 50  0  0  0]
 - Client 12: [ 0 50  0  0  0  0  0  0  0  0]
 - Client 13: [50  0  0  0  0  0  0  0  0  0]
 - Client 14: [ 0  0  0  0  0  0  0 50  0  0]
 - Client 15: [ 0  0  0  0  0  0  0 50  0  0]
 - Client 16: [ 0  0  0  0  0  0  0 50  0  0]
 - Client 17: [ 0  0  0  0 50  0  0  0  0  0]
 - Client 18: [ 0  0  0  0  0  0  0 50  0  0]
 - Client 19: [ 0  0  0 50  0  0  0  0  0  0]
 - Client 20: [ 0  0  0  0  0  0  0  0 50  0]
 - Client 21: [ 0 50  0  0  0  0  0  0  0  0]
 - Client 22: [ 0  0  0  0  0  0  0 50  0  0]
 - Client 23: [ 0  0  0  0  0  0  0 50  0  0]
 - Client 24: [ 0  0  0  0  0  0  0  0  0 50]
 - Client 25: [ 0  0  0  0  0  0  0 50  0  0]
 - Client 26: [ 0  0  0  0  0 50  0  0  0  0]
 - Client 27: [ 0  0  0  0  0 50  0  0  0  0]
 - Client 28: [ 0 50  0  0  0  0  0  0  0  0]
 - Client 29: [ 0  0  0  0  0  0  0  0  0 50]
 - Client 30: [50  0  0  0  0  0  0  0  0  0]
 - Client 31: [ 0  0  0  0  0  0  0 50  0  0]
 - Client 32: [ 0 50  0  0  0  0  0  0  0  0]
 - Client 33: [ 0  0 50  0  0  0  0  0  0  0]
 - Client 34: [ 0  0  0  0 50  0  0  0  0  0]
 - Client 35: [ 0  0 50  0  0  0  0  0  0  0]
 - Client 36: [ 0  0  0  0  0 50  0  0  0  0]
 - Client 37: [ 0  0  0  0  0  0  0  0  0 50]
 - Client 38: [50  0  0  0  0  0  0  0  0  0]
 - Client 39: [ 0  0  0  0  0  0 50  0  0  0]
 - Client 40: [ 0  0  0 50  0  0  0  0  0  0]
 - Client 41: [ 0  0  0  0  0 50  0  0  0  0]
 - Client 42: [ 0  0  0  0 50  0  0  0  0  0]
 - Client 43: [ 0  0  0  0  0  0 50  0  0  0]
 - Client 44: [ 0  0  0  0  0  0  0  0  0 50]
 - Client 45: [ 0  0  0 50  0  0  0  0  0  0]
 - Client 46: [ 0  0  0  0  0  0  0  0  0 50]
 - Client 47: [ 0  0 50  0  0  0  0  0  0  0]
 - Client 48: [ 0  0 50  0  0  0  0  0  0  0]
 - Client 49: [ 0  0  0  0 50  0  0  0  0  0]
 - Client 50: [ 0  0  0  0  0  0  0 50  0  0]
 - Client 51: [ 0  0 50  0  0  0  0  0  0  0]
 - Client 52: [ 0 50  0  0  0  0  0  0  0  0]
 - Client 53: [ 0  0  0  0  0 50  0  0  0  0]
 - Client 54: [ 0  0  0  0  0  0  0 50  0  0]
 - Client 55: [ 0  0  0  0  0 50  0  0  0  0]
 - Client 56: [ 0  0  0  0  0  0  0  0 50  0]
 - Client 57: [ 0 50  0  0  0  0  0  0  0  0]
 - Client 58: [ 0 50  0  0  0  0  0  0  0  0]
 - Client 59: [ 0  0  0  0  0  0  0  0  0 50]
 - Client 60: [ 0  0  0  0  0  0  0 50  0  0]
 - Client 61: [ 0  0  0  0  0 50  0  0  0  0]
 - Client 62: [ 0  0  0  0 50  0  0  0  0  0]
 - Client 63: [ 0  0  0 50  0  0  0  0  0  0]
 - Client 64: [ 0  0  0  0  0 50  0  0  0  0]
 - Client 65: [ 0  0  0 50  0  0  0  0  0  0]
 - Client 66: [ 0 50  0  0  0  0  0  0  0  0]
 - Client 67: [50  0  0  0  0  0  0  0  0  0]
 - Client 68: [ 0  0  0 50  0  0  0  0  0  0]
 - Client 69: [ 0  0 50  0  0  0  0  0  0  0]
 - Client 70: [ 0  0  0 50  0  0  0  0  0  0]
 - Client 71: [ 0  0 50  0  0  0  0  0  0  0]
 - Client 72: [ 0  0  0  0  0  0 50  0  0  0]
 - Client 73: [ 0  0  0  0  0  0 50  0  0  0]
 - Client 74: [ 0  0  0  0  0  0  0 50  0  0]
 - Client 75: [ 0  0  0  0  0  0  0 50  0  0]
 - Client 76: [ 0 50  0  0  0  0  0  0  0  0]
 - Client 77: [ 0  0  0  0  0  0  0  0  0 50]
 - Client 78: [ 0  0 50  0  0  0  0  0  0  0]
 - Client 79: [ 0  0  0 50  0  0  0  0  0  0]
 - Client 80: [ 0  0  0  0  0  0  0  0 50  0]
 - Client 81: [ 0  0  0  0  0 50  0  0  0  0]
 - Client 82: [ 0  0  0  0  0  0  0 50  0  0]
 - Client 83: [ 0  0  0 50  0  0  0  0  0  0]
 - Client 84: [ 0  0  0  0  0  0  0  0  0 50]
 - Client 85: [ 0  0  0  0  0  0  0 50  0  0]
 - Client 86: [ 0  0  0  0  0  0  0  0 50  0]
 - Client 87: [ 0  0  0  0  0  0  0 50  0  0]
 - Client 88: [ 0  0  0  0  0  0  0  0  0 50]
 - Client 89: [ 0  0  0  0  0  0  0  0 50  0]
 - Client 90: [ 0  0  0  0  0  0 50  0  0  0]
 - Client 91: [ 0  0  0  0  0 50  0  0  0  0]
 - Client 92: [ 0  0  0  0  0 50  0  0  0  0]
 - Client 93: [ 0  0  0  0  0  0  0  0 50  0]
 - Client 94: [ 0  0  0  0  0 50  0  0  0  0]
 - Client 95: [ 0  0  0  0  0  0  0 50  0  0]
 - Client 96: [ 0  0  0  0  0  0  0  0  0 50]
 - Client 97: [ 0  0  0 50  0  0  0  0  0  0]
 - Client 98: [ 0  0  0  0  0 50  0  0  0  0]
 - Client 99: [ 0  0  0  0  0  0  0  0 50  0]
 - Client 100: [ 0  0 50  0  0  0  0  0  0  0]
 - Client 101: [50  0  0  0  0  0  0  0  0  0]
 - Client 102: [ 0  0  0  0 50  0  0  0  0  0]
 - Client 103: [ 0 50  0  0  0  0  0  0  0  0]
 - Client 104: [50  0  0  0  0  0  0  0  0  0]
 - Client 105: [ 0  0  0 50  0  0  0  0  0  0]
 - Client 106: [50  0  0  0  0  0  0  0  0  0]
 - Client 107: [ 0  0  0  0  0 50  0  0  0  0]
 - Client 108: [ 0  0  0  0  0 50  0  0  0  0]
 - Client 109: [ 0  0  0 50  0  0  0  0  0  0]
 - Client 110: [ 0  0  0  0  0  0 50  0  0  0]
 - Client 111: [ 0 50  0  0  0  0  0  0  0  0]
 - Client 112: [ 0  0  0  0 50  0  0  0  0  0]
 - Client 113: [ 0 50  0  0  0  0  0  0  0  0]
 - Client 114: [50  0  0  0  0  0  0  0  0  0]
 - Client 115: [ 0  0  0  0  0 50  0  0  0  0]
 - Client 116: [ 0  0 50  0  0  0  0  0  0  0]
 - Client 117: [ 0  0  0  0  0 50  0  0  0  0]
 - Client 118: [ 0  0  0  0  0  0  0  0 50  0]
 - Client 119: [ 0  0  0  0  0  0  0  0 50  0]
 - Client 120: [ 0 50  0  0  0  0  0  0  0  0]
 - Client 121: [ 0  0 50  0  0  0  0  0  0  0]
 - Client 122: [50  0  0  0  0  0  0  0  0  0]
 - Client 123: [ 0  0  0  0  0 50  0  0  0  0]
 - Client 124: [ 0  0  0  0 50  0  0  0  0  0]
 - Client 125: [ 0  0  0  0  0  0  0 50  0  0]
 - Client 126: [ 0  0  0  0  0  0  0  0  0 50]
 - Client 127: [ 0  0  0 50  0  0  0  0  0  0]
 - Client 128: [50  0  0  0  0  0  0  0  0  0]
 - Client 129: [ 0  0  0  0  0  0  0 50  0  0]
 - Client 130: [ 0 50  0  0  0  0  0  0  0  0]
 - Client 131: [50  0  0  0  0  0  0  0  0  0]
 - Client 132: [ 0  0  0  0  0  0 50  0  0  0]
 - Client 133: [ 0  0  0  0  0  0 50  0  0  0]
 - Client 134: [ 0  0  0  0 50  0  0  0  0  0]
 - Client 135: [ 0  0  0 50  0  0  0  0  0  0]
 - Client 136: [ 0  0  0  0  0 50  0  0  0  0]
 - Client 137: [ 0  0  0  0  0  0  0  0  0 50]
 - Client 138: [ 0  0  0  0  0  0 50  0  0  0]
 - Client 139: [ 0  0  0  0  0  0 50  0  0  0]
 - Client 140: [50  0  0  0  0  0  0  0  0  0]
 - Client 141: [ 0  0  0  0  0 50  0  0  0  0]
 - Client 142: [ 0  0  0  0  0 50  0  0  0  0]
 - Client 143: [ 0  0  0 50  0  0  0  0  0  0]
 - Client 144: [ 0  0  0 50  0  0  0  0  0  0]
 - Client 145: [ 0  0  0  0  0  0  0  0  0 50]
 - Client 146: [ 0 50  0  0  0  0  0  0  0  0]
 - Client 147: [ 0  0  0  0  0  0  0  0  0 50]
 - Client 148: [ 0  0 50  0  0  0  0  0  0  0]
 - Client 149: [ 0  0  0  0  0  0  0  0  0 50]
 - Client 150: [ 0  0  0 50  0  0  0  0  0  0]
 - Client 151: [ 0  0  0  0  0  0  0  0  0 50]
 - Client 152: [ 0  0  0  0  0  0 50  0  0  0]
 - Client 153: [ 0  0  0  0  0  0 50  0  0  0]
 - Client 154: [ 0  0  0  0 50  0  0  0  0  0]
 - Client 155: [ 0  0  0  0  0 50  0  0  0  0]
 - Client 156: [ 0  0  0  0 50  0  0  0  0  0]
 - Client 157: [ 0  0  0  0  0  0  0  0  0 50]
 - Client 158: [ 0  0 50  0  0  0  0  0  0  0]
 - Client 159: [50  0  0  0  0  0  0  0  0  0]
 - Client 160: [ 0  0  0  0  0  0  0  0  0 50]
 - Client 161: [ 0 50  0  0  0  0  0  0  0  0]
 - Client 162: [ 0  0  0  0  0  0  0  0  0 50]
 - Client 163: [ 0  0  0  0  0  0 50  0  0  0]
 - Client 164: [ 0  0  0 50  0  0  0  0  0  0]
 - Client 165: [ 0  0 50  0  0  0  0  0  0  0]
 - Client 166: [ 0  0  0  0  0  0  0 50  0  0]
 - Client 167: [ 0  0  0  0  0  0  0  0 50  0]
 - Client 168: [ 0  0 50  0  0  0  0  0  0  0]
 - Client 169: [ 0  0  0  0 50  0  0  0  0  0]
 - Client 170: [ 0  0  0  0  0  0  0  0  0 50]
 - Client 171: [ 0  0  0  0  0 50  0  0  0  0]
 - Client 172: [ 0  0  0 50  0  0  0  0  0  0]
 - Client 173: [ 0  0  0  0  0  0  0  0  0 50]
 - Client 174: [50  0  0  0  0  0  0  0  0  0]
 - Client 175: [ 0  0  0  0 50  0  0  0  0  0]
 - Client 176: [ 0  0  0  0  0  0  0 50  0  0]
 - Client 177: [ 0  0  0 50  0  0  0  0  0  0]
 - Client 178: [ 0  0  0  0  0  0  0 50  0  0]
 - Client 179: [50  0  0  0  0  0  0  0  0  0]
 - Client 180: [ 0  0  0  0 50  0  0  0  0  0]
 - Client 181: [ 0  0  0  0  0 50  0  0  0  0]
 - Client 182: [ 0  0  0  0  0  0 50  0  0  0]
 - Client 183: [ 0  0 50  0  0  0  0  0  0  0]
 - Client 184: [ 0  0  0  0 50  0  0  0  0  0]
 - Client 185: [ 0  0 50  0  0  0  0  0  0  0]
 - Client 186: [ 0  0  0  0  0  0  0  0 50  0]
 - Client 187: [ 0  0  0  0  0  0  0  0  0 50]
 - Client 188: [ 0  0  0 50  0  0  0  0  0  0]
 - Client 189: [ 0  0  0  0  0  0  0 50  0  0]
 - Client 190: [ 0 50  0  0  0  0  0  0  0  0]
 - Client 191: [50  0  0  0  0  0  0  0  0  0]
 - Client 192: [ 0 50  0  0  0  0  0  0  0  0]
 - Client 193: [ 0  0  0  0  0  0 50  0  0  0]
 - Client 194: [50  0  0  0  0  0  0  0  0  0]
 - Client 195: [ 0  0 50  0  0  0  0  0  0  0]
 - Client 196: [50  0  0  0  0  0  0  0  0  0]
 - Client 197: [ 0  0  0  0  0 50  0  0  0  0]
 - Client 198: [ 0  0  0  0  0  0  0  0  0 50]
 - Client 199: [ 0  0  0  0  0  0  0  0  0 50]
 - Client 200: [ 0  0  0  0 50  0  0  0  0  0]
 - Client 201: [ 0  0  0  0  0 50  0  0  0  0]
 - Client 202: [ 0  0  0 50  0  0  0  0  0  0]
 - Client 203: [ 0  0  0  0  0 50  0  0  0  0]
 - Client 204: [ 0  0  0  0  0 50  0  0  0  0]
 - Client 205: [50  0  0  0  0  0  0  0  0  0]
 - Client 206: [ 0  0  0  0  0  0  0  0 50  0]
 - Client 207: [ 0 50  0  0  0  0  0  0  0  0]
 - Client 208: [ 0  0  0  0  0  0  0  0  0 50]
 - Client 209: [ 0  0  0  0  0  0  0  0 50  0]
 - Client 210: [ 0 50  0  0  0  0  0  0  0  0]
 - Client 211: [50  0  0  0  0  0  0  0  0  0]
 - Client 212: [ 0  0  0  0  0 50  0  0  0  0]
 - Client 213: [ 0  0  0  0  0  0  0  0 50  0]
 - Client 214: [ 0 50  0  0  0  0  0  0  0  0]
 - Client 215: [ 0 50  0  0  0  0  0  0  0  0]
 - Client 216: [50  0  0  0  0  0  0  0  0  0]
 - Client 217: [ 0 50  0  0  0  0  0  0  0  0]
 - Client 218: [ 0  0  0  0  0 50  0  0  0  0]
 - Client 219: [ 0  0  0  0  0 50  0  0  0  0]
 - Client 220: [ 0  0  0  0  0  0  0  0 50  0]
 - Client 221: [50  0  0  0  0  0  0  0  0  0]
 - Client 222: [50  0  0  0  0  0  0  0  0  0]
 - Client 223: [ 0  0 50  0  0  0  0  0  0  0]
 - Client 224: [ 0  0  0  0 50  0  0  0  0  0]
 - Client 225: [50  0  0  0  0  0  0  0  0  0]
 - Client 226: [ 0  0  0  0  0 50  0  0  0  0]
 - Client 227: [ 0  0  0 50  0  0  0  0  0  0]
 - Client 228: [ 0  0  0 50  0  0  0  0  0  0]
 - Client 229: [ 0  0 50  0  0  0  0  0  0  0]
 - Client 230: [ 0  0  0  0  0  0  0  0 50  0]
 - Client 231: [50  0  0  0  0  0  0  0  0  0]
 - Client 232: [ 0  0  0  0  0  0 50  0  0  0]
 - Client 233: [ 0  0  0  0  0  0 50  0  0  0]
 - Client 234: [ 0  0  0  0  0  0  0 50  0  0]
 - Client 235: [ 0  0  0  0  0  0 50  0  0  0]
 - Client 236: [ 0  0  0  0  0  0 50  0  0  0]
 - Client 237: [ 0  0  0  0  0  0  0 50  0  0]
 - Client 238: [ 0  0  0  0  0 50  0  0  0  0]
 - Client 239: [ 0  0  0 50  0  0  0  0  0  0]
 - Client 240: [ 0 50  0  0  0  0  0  0  0  0]
 - Client 241: [ 0  0  0 50  0  0  0  0  0  0]
 - Client 242: [50  0  0  0  0  0  0  0  0  0]
 - Client 243: [ 0  0  0  0  0 50  0  0  0  0]
 - Client 244: [ 0  0  0  0  0  0  0  0  0 50]
 - Client 245: [ 0  0 50  0  0  0  0  0  0  0]
 - Client 246: [ 0 50  0  0  0  0  0  0  0  0]
 - Client 247: [ 0  0  0  0  0  0 50  0  0  0]
 - Client 248: [ 0  0  0  0  0  0  0  0  0 50]
 - Client 249: [ 0  0  0  0  0 50  0  0  0  0]
 - Client 250: [ 0  0  0  0  0  0  0  0  0 50]
 - Client 251: [ 0  0  0  0  0  0  0  0  0 50]
 - Client 252: [ 0  0  0  0  0  0  0  0 50  0]
 - Client 253: [50  0  0  0  0  0  0  0  0  0]
 - Client 254: [ 0  0 50  0  0  0  0  0  0  0]
 - Client 255: [ 0  0 50  0  0  0  0  0  0  0]
 - Client 256: [ 0  0  0  0  0  0 50  0  0  0]
 - Client 257: [ 0  0 50  0  0  0  0  0  0  0]
 - Client 258: [ 0  0  0  0  0  0  0 50  0  0]
 - Client 259: [50  0  0  0  0  0  0  0  0  0]
 - Client 260: [ 0  0 50  0  0  0  0  0  0  0]
 - Client 261: [ 0  0  0  0  0  0  0 50  0  0]
 - Client 262: [ 0  0  0  0  0  0 50  0  0  0]
 - Client 263: [ 0  0  0  0  0  0  0  0 50  0]
 - Client 264: [ 0  0  0  0 50  0  0  0  0  0]
 - Client 265: [ 0 50  0  0  0  0  0  0  0  0]
 - Client 266: [ 0 50  0  0  0  0  0  0  0  0]
 - Client 267: [ 0  0  0  0  0  0  0  0  0 50]
 - Client 268: [ 0  0  0 50  0  0  0  0  0  0]
 - Client 269: [ 0  0  0  0  0  0 50  0  0  0]
 - Client 270: [ 0  0  0  0  0  0 50  0  0  0]
 - Client 271: [ 0  0  0  0  0  0 50  0  0  0]
 - Client 272: [ 0  0  0  0  0  0  0  0  0 50]
 - Client 273: [50  0  0  0  0  0  0  0  0  0]
 - Client 274: [ 0 50  0  0  0  0  0  0  0  0]
 - Client 275: [ 0  0  0  0  0  0  0  0  0 50]
 - Client 276: [ 0  0  0  0 50  0  0  0  0  0]
 - Client 277: [ 0  0  0 50  0  0  0  0  0  0]
 - Client 278: [ 0  0  0 50  0  0  0  0  0  0]
 - Client 279: [ 0  0  0  0  0  0  0  0  0 50]
 - Client 280: [ 0  0  0  0  0  0  0  0  0 50]
 - Client 281: [ 0 50  0  0  0  0  0  0  0  0]
 - Client 282: [ 0  0  0  0  0  0  0  0 50  0]
 - Client 283: [ 0  0  0  0 50  0  0  0  0  0]
 - Client 284: [ 0  0  0  0 50  0  0  0  0  0]
 - Client 285: [ 0 50  0  0  0  0  0  0  0  0]
 - Client 286: [ 0  0  0 50  0  0  0  0  0  0]
 - Client 287: [ 0  0  0  0 50  0  0  0  0  0]
 - Client 288: [ 0  0  0  0  0  0  0 50  0  0]
 - Client 289: [ 0 50  0  0  0  0  0  0  0  0]
 - Client 290: [ 0  0  0  0  0 50  0  0  0  0]
 - Client 291: [ 0  0  0  0  0  0 50  0  0  0]
 - Client 292: [ 0  0 50  0  0  0  0  0  0  0]
 - Client 293: [ 0  0  0  0  0  0 50  0  0  0]
 - Client 294: [ 0  0  0  0  0  0  0 50  0  0]
 - Client 295: [50  0  0  0  0  0  0  0  0  0]
 - Client 296: [ 0  0  0  0 50  0  0  0  0  0]
 - Client 297: [ 0  0  0  0  0  0  0  0 50  0]
 - Client 298: [ 0  0  0  0  0  0  0  0 50  0]
 - Client 299: [ 0  0  0 50  0  0  0  0  0  0]
 - Client 300: [ 0  0  0  0 50  0  0  0  0  0]
 - Client 301: [ 0  0  0  0 50  0  0  0  0  0]
 - Client 302: [ 0  0  0  0  0  0  0  0  0 50]
 - Client 303: [ 0  0  0  0 50  0  0  0  0  0]
 - Client 304: [ 0  0  0  0  0  0 50  0  0  0]
 - Client 305: [50  0  0  0  0  0  0  0  0  0]
 - Client 306: [ 0  0  0  0 50  0  0  0  0  0]
 - Client 307: [ 0  0  0  0  0  0  0 50  0  0]
 - Client 308: [ 0  0  0  0  0  0  0 50  0  0]
 - Client 309: [ 0 50  0  0  0  0  0  0  0  0]
 - Client 310: [ 0  0  0  0  0  0  0 50  0  0]
 - Client 311: [50  0  0  0  0  0  0  0  0  0]
 - Client 312: [50  0  0  0  0  0  0  0  0  0]
 - Client 313: [ 0 50  0  0  0  0  0  0  0  0]
 - Client 314: [ 0  0  0  0 50  0  0  0  0  0]
 - Client 315: [ 0  0  0  0 50  0  0  0  0  0]
 - Client 316: [ 0  0  0  0  0  0  0  0  0 50]
 - Client 317: [ 0  0  0  0  0 50  0  0  0  0]
 - Client 318: [ 0  0  0  0  0  0  0  0 50  0]
 - Client 319: [ 0  0  0  0  0  0  0 50  0  0]
 - Client 320: [ 0  0  0  0  0  0  0  0 50  0]
 - Client 321: [ 0  0  0 50  0  0  0  0  0  0]
 - Client 322: [ 0  0  0  0 50  0  0  0  0  0]
 - Client 323: [ 0  0  0  0  0  0  0  0 50  0]
 - Client 324: [ 0  0  0  0  0  0 50  0  0  0]
 - Client 325: [ 0  0  0  0  0  0 50  0  0  0]
 - Client 326: [ 0  0  0  0 50  0  0  0  0  0]
 - Client 327: [ 0  0  0  0  0 50  0  0  0  0]
 - Client 328: [ 0  0  0  0  0  0  0 50  0  0]
 - Client 329: [ 0  0  0  0  0  0  0  0 50  0]
 - Client 330: [ 0  0  0 50  0  0  0  0  0  0]
 - Client 331: [ 0  0  0  0  0  0 50  0  0  0]
 - Client 332: [ 0  0  0  0  0 50  0  0  0  0]
 - Client 333: [ 0  0  0 50  0  0  0  0  0  0]
 - Client 334: [50  0  0  0  0  0  0  0  0  0]
 - Client 335: [ 0  0 50  0  0  0  0  0  0  0]
 - Client 336: [ 0  0  0 50  0  0  0  0  0  0]
 - Client 337: [50  0  0  0  0  0  0  0  0  0]
 - Client 338: [ 0  0  0  0  0  0 50  0  0  0]
 - Client 339: [ 0  0  0  0  0  0  0 50  0  0]
 - Client 340: [ 0 50  0  0  0  0  0  0  0  0]
 - Client 341: [ 0  0 50  0  0  0  0  0  0  0]
 - Client 342: [50  0  0  0  0  0  0  0  0  0]
 - Client 343: [ 0  0  0  0  0  0  0 50  0  0]
 - Client 344: [ 0  0  0  0  0  0  0  0  0 50]
 - Client 345: [ 0  0  0  0  0  0  0  0  0 50]
 - Client 346: [ 0  0  0  0  0  0  0  0 50  0]
 - Client 347: [ 0  0  0  0  0  0  0 50  0  0]
 - Client 348: [ 0  0 50  0  0  0  0  0  0  0]
 - Client 349: [50  0  0  0  0  0  0  0  0  0]
 - Client 350: [ 0  0  0  0  0  0 50  0  0  0]
 - Client 351: [ 0 50  0  0  0  0  0  0  0  0]
 - Client 352: [ 0  0  0  0  0 50  0  0  0  0]
 - Client 353: [ 0  0  0 50  0  0  0  0  0  0]
 - Client 354: [ 0  0  0 50  0  0  0  0  0  0]
 - Client 355: [50  0  0  0  0  0  0  0  0  0]
 - Client 356: [ 0 50  0  0  0  0  0  0  0  0]
 - Client 357: [ 0  0  0 50  0  0  0  0  0  0]
 - Client 358: [ 0  0  0  0  0 50  0  0  0  0]
 - Client 359: [ 0  0  0 50  0  0  0  0  0  0]
 - Client 360: [ 0 50  0  0  0  0  0  0  0  0]
 - Client 361: [ 0  0 50  0  0  0  0  0  0  0]
 - Client 362: [ 0  0  0  0  0  0  0  0 50  0]
 - Client 363: [ 0  0  0  0  0  0  0  0 50  0]
 - Client 364: [ 0  0  0  0  0  0  0 50  0  0]
 - Client 365: [ 0  0 50  0  0  0  0  0  0  0]
 - Client 366: [ 0  0 50  0  0  0  0  0  0  0]
 - Client 367: [ 0  0 50  0  0  0  0  0  0  0]
 - Client 368: [ 0  0  0  0  0 50  0  0  0  0]
 - Client 369: [ 0  0  0  0  0 50  0  0  0  0]
 - Client 370: [50  0  0  0  0  0  0  0  0  0]
 - Client 371: [ 0  0  0  0  0  0  0  0  0 50]
 - Client 372: [ 0  0  0  0  0  0  0  0 50  0]
 - Client 373: [50  0  0  0  0  0  0  0  0  0]
 - Client 374: [ 0  0  0  0  0 50  0  0  0  0]
 - Client 375: [ 0  0  0  0  0  0 50  0  0  0]
 - Client 376: [ 0 50  0  0  0  0  0  0  0  0]
 - Client 377: [ 0  0  0  0  0  0  0 50  0  0]
 - Client 378: [ 0  0  0  0  0 50  0  0  0  0]
 - Client 379: [ 0  0  0 50  0  0  0  0  0  0]
 - Client 380: [ 0 50  0  0  0  0  0  0  0  0]
 - Client 381: [ 0  0  0  0  0  0  0 50  0  0]
 - Client 382: [ 0  0  0  0  0  0  0 50  0  0]
 - Client 383: [ 0  0  0  0  0  0  0 50  0  0]
 - Client 384: [50  0  0  0  0  0  0  0  0  0]
 - Client 385: [50  0  0  0  0  0  0  0  0  0]
 - Client 386: [ 0  0  0  0  0  0  0  0  0 50]
 - Client 387: [ 0 50  0  0  0  0  0  0  0  0]
 - Client 388: [ 0  0  0  0  0 50  0  0  0  0]
 - Client 389: [ 0  0  0  0  0  0  0  0  0 50]
 - Client 390: [ 0  0  0  0  0  0  0  0 50  0]
 - Client 391: [ 0  0  0 50  0  0  0  0  0  0]
 - Client 392: [ 0  0 50  0  0  0  0  0  0  0]
 - Client 393: [ 0  0  0  0 50  0  0  0  0  0]
 - Client 394: [ 0  0 50  0  0  0  0  0  0  0]
 - Client 395: [ 0  0  0 50  0  0  0  0  0  0]
 - Client 396: [ 0  0 50  0  0  0  0  0  0  0]
 - Client 397: [50  0  0  0  0  0  0  0  0  0]
 - Client 398: [ 0  0  0  0 50  0  0  0  0  0]
 - Client 399: [ 0  0 50  0  0  0  0  0  0  0]
 - Client 400: [ 0  0  0  0 50  0  0  0  0  0]
 - Client 401: [ 0  0  0  0  0  0  0  0 50  0]
 - Client 402: [ 0  0  0  0  0  0  0  0  0 50]
 - Client 403: [ 0  0  0  0 50  0  0  0  0  0]
 - Client 404: [ 0  0  0  0  0 50  0  0  0  0]
 - Client 405: [ 0  0  0 50  0  0  0  0  0  0]
 - Client 406: [50  0  0  0  0  0  0  0  0  0]
 - Client 407: [ 0  0  0  0  0  0  0  0 50  0]
 - Client 408: [ 0  0  0  0  0  0  0  0  0 50]
 - Client 409: [ 0  0 50  0  0  0  0  0  0  0]
 - Client 410: [ 0  0  0  0  0 50  0  0  0  0]
 - Client 411: [ 0  0  0 50  0  0  0  0  0  0]
 - Client 412: [ 0  0  0  0  0  0  0  0  0 50]
 - Client 413: [ 0  0  0  0  0  0  0  0  0 50]
 - Client 414: [ 0  0 50  0  0  0  0  0  0  0]
 - Client 415: [ 0  0  0  0  0  0  0  0  0 50]
 - Client 416: [ 0  0  0  0 50  0  0  0  0  0]
 - Client 417: [ 0  0  0 50  0  0  0  0  0  0]
 - Client 418: [50  0  0  0  0  0  0  0  0  0]
 - Client 419: [ 0  0  0  0  0  0  0 50  0  0]
 - Client 420: [ 0  0  0 50  0  0  0  0  0  0]
 - Client 421: [50  0  0  0  0  0  0  0  0  0]
 - Client 422: [50  0  0  0  0  0  0  0  0  0]
 - Client 423: [50  0  0  0  0  0  0  0  0  0]
 - Client 424: [ 0  0 50  0  0  0  0  0  0  0]
 - Client 425: [ 0  0  0  0 50  0  0  0  0  0]
 - Client 426: [ 0  0  0  0 50  0  0  0  0  0]
 - Client 427: [ 0  0  0  0  0 50  0  0  0  0]
 - Client 428: [ 0  0  0  0  0  0  0  0  0 50]
 - Client 429: [ 0  0  0  0  0 50  0  0  0  0]
 - Client 430: [ 0  0  0  0  0  0  0  0  0 50]
 - Client 431: [ 0  0  0  0  0 50  0  0  0  0]
 - Client 432: [ 0  0 50  0  0  0  0  0  0  0]
 - Client 433: [ 0  0  0 50  0  0  0  0  0  0]
 - Client 434: [ 0  0  0  0 50  0  0  0  0  0]
 - Client 435: [50  0  0  0  0  0  0  0  0  0]
 - Client 436: [ 0  0  0  0 50  0  0  0  0  0]
 - Client 437: [ 0  0  0  0  0  0 50  0  0  0]
 - Client 438: [ 0  0  0  0  0  0  0  0 50  0]
 - Client 439: [ 0  0  0  0  0 50  0  0  0  0]
 - Client 440: [ 0  0  0  0  0  0  0  0 50  0]
 - Client 441: [ 0  0 50  0  0  0  0  0  0  0]
 - Client 442: [ 0  0  0  0  0 50  0  0  0  0]
 - Client 443: [ 0  0  0  0  0  0  0 50  0  0]
 - Client 444: [ 0  0  0  0  0  0  0  0 50  0]
 - Client 445: [ 0  0  0  0  0 50  0  0  0  0]
 - Client 446: [ 0  0  0 50  0  0  0  0  0  0]
 - Client 447: [ 0  0  0  0  0  0  0 50  0  0]
 - Client 448: [ 0  0 50  0  0  0  0  0  0  0]
 - Client 449: [ 0  0  0 50  0  0  0  0  0  0]
 - Client 450: [ 0  0  0  0 50  0  0  0  0  0]
 - Client 451: [ 0  0  0  0  0 50  0  0  0  0]
 - Client 452: [ 0  0  0  0  0  0  0 50  0  0]
 - Client 453: [ 0 50  0  0  0  0  0  0  0  0]
 - Client 454: [ 0  0  0  0  0  0  0  0 50  0]
 - Client 455: [50  0  0  0  0  0  0  0  0  0]
 - Client 456: [ 0  0 50  0  0  0  0  0  0  0]
 - Client 457: [ 0  0  0  0  0 50  0  0  0  0]
 - Client 458: [ 0  0 50  0  0  0  0  0  0  0]
 - Client 459: [ 0  0  0  0  0  0  0  0 50  0]
 - Client 460: [ 0  0  0  0  0  0  0  0 50  0]
 - Client 461: [ 0  0  0  0 50  0  0  0  0  0]
 - Client 462: [ 0  0  0  0  0  0  0  0 50  0]
 - Client 463: [ 0  0 50  0  0  0  0  0  0  0]
 - Client 464: [ 0  0  0  0  0 50  0  0  0  0]
 - Client 465: [50  0  0  0  0  0  0  0  0  0]
 - Client 466: [ 0  0  0  0  0 50  0  0  0  0]
 - Client 467: [ 0  0  0  0  0  0  0 50  0  0]
 - Client 468: [ 0 50  0  0  0  0  0  0  0  0]
 - Client 469: [ 0  0  0  0  0 50  0  0  0  0]
 - Client 470: [ 0  0  0  0  0  0  0 50  0  0]
 - Client 471: [ 0  0  0 50  0  0  0  0  0  0]
 - Client 472: [ 0  0  0 50  0  0  0  0  0  0]
 - Client 473: [ 0  0  0  0  0  0  0  0  0 50]
 - Client 474: [ 0  0  0  0  0  0  0  0  0 50]
 - Client 475: [ 0  0  0  0  0  0  0 50  0  0]
 - Client 476: [ 0  0  0  0 50  0  0  0  0  0]
 - Client 477: [ 0  0 50  0  0  0  0  0  0  0]
 - Client 478: [ 0  0 50  0  0  0  0  0  0  0]
 - Client 479: [50  0  0  0  0  0  0  0  0  0]
 - Client 480: [ 0  0  0  0  0  0  0 50  0  0]
 - Client 481: [50  0  0  0  0  0  0  0  0  0]
 - Client 482: [ 0  0  0  0  0  0 50  0  0  0]
 - Client 483: [ 0  0  0  0  0  0 50  0  0  0]
 - Client 484: [ 0  0  0  0  0 50  0  0  0  0]
 - Client 485: [ 0  0  0  0  0  0  0 50  0  0]
 - Client 486: [ 0  0  0  0  0  0  0 50  0  0]
 - Client 487: [ 0  0  0  0 50  0  0  0  0  0]
 - Client 488: [50  0  0  0  0  0  0  0  0  0]
 - Client 489: [ 0  0  0  0  0  0  0 50  0  0]
 - Client 490: [ 0  0  0  0  0  0  0 50  0  0]
 - Client 491: [ 0  0  0  0  0  0 50  0  0  0]
 - Client 492: [ 0  0  0  0 50  0  0  0  0  0]
 - Client 493: [ 0  0  0 50  0  0  0  0  0  0]
 - Client 494: [ 0  0  0 50  0  0  0  0  0  0]
 - Client 495: [50  0  0  0  0  0  0  0  0  0]
 - Client 496: [ 0  0 50  0  0  0  0  0  0  0]
 - Client 497: [ 0  0  0 50  0  0  0  0  0  0]
 - Client 498: [ 0  0  0 50  0  0  0  0  0  0]
 - Client 499: [ 0  0 50  0  0  0  0  0  0  0]
 - Client 500: [ 0 50  0  0  0  0  0  0  0  0]
 - Client 501: [ 0  0  0  0 50  0  0  0  0  0]
 - Client 502: [ 0  0  0  0  0  0  0  0  0 50]
 - Client 503: [ 0  0  0  0  0  0 50  0  0  0]
 - Client 504: [ 0  0  0  0  0  0  0  0  0 50]
 - Client 505: [ 0  0  0  0  0 50  0  0  0  0]
 - Client 506: [50  0  0  0  0  0  0  0  0  0]
 - Client 507: [ 0  0  0  0 50  0  0  0  0  0]
 - Client 508: [ 0  0  0  0  0  0  0 50  0  0]
 - Client 509: [50  0  0  0  0  0  0  0  0  0]
 - Client 510: [ 0  0  0  0  0  0  0  0  0 50]
 - Client 511: [ 0 50  0  0  0  0  0  0  0  0]
 - Client 512: [ 0  0  0  0  0  0 50  0  0  0]
 - Client 513: [ 0  0  0 50  0  0  0  0  0  0]
 - Client 514: [ 0  0  0  0  0  0  0 50  0  0]
 - Client 515: [ 0  0  0  0  0  0 50  0  0  0]
 - Client 516: [50  0  0  0  0  0  0  0  0  0]
 - Client 517: [ 0  0  0 50  0  0  0  0  0  0]
 - Client 518: [50  0  0  0  0  0  0  0  0  0]
 - Client 519: [ 0  0  0  0  0  0 50  0  0  0]
 - Client 520: [ 0  0  0  0  0  0  0  0  0 50]
 - Client 521: [ 0  0 50  0  0  0  0  0  0  0]
 - Client 522: [ 0  0  0  0  0  0 50  0  0  0]
 - Client 523: [ 0  0  0  0  0  0  0  0 50  0]
 - Client 524: [ 0  0  0  0  0  0  0  0 50  0]
 - Client 525: [ 0  0  0  0  0  0  0 50  0  0]
 - Client 526: [ 0  0  0  0  0  0  0  0  0 50]
 - Client 527: [ 0  0  0  0 50  0  0  0  0  0]
 - Client 528: [ 0 50  0  0  0  0  0  0  0  0]
 - Client 529: [ 0  0  0 50  0  0  0  0  0  0]
 - Client 530: [ 0  0  0  0  0  0 50  0  0  0]
 - Client 531: [ 0  0  0  0  0  0  0 50  0  0]
 - Client 532: [ 0  0  0  0  0  0  0  0  0 50]
 - Client 533: [ 0  0  0  0  0 50  0  0  0  0]
 - Client 534: [ 0  0  0  0  0  0  0  0 50  0]
 - Client 535: [ 0  0  0  0  0  0  0  0 50  0]
 - Client 536: [ 0  0  0  0 50  0  0  0  0  0]
 - Client 537: [ 0  0  0  0  0  0  0  0 50  0]
 - Client 538: [ 0  0  0  0 50  0  0  0  0  0]
 - Client 539: [ 0 50  0  0  0  0  0  0  0  0]
 - Client 540: [ 0  0  0 50  0  0  0  0  0  0]
 - Client 541: [ 0 50  0  0  0  0  0  0  0  0]
 - Client 542: [ 0  0  0  0  0  0  0 50  0  0]
 - Client 543: [ 0  0  0  0 50  0  0  0  0  0]
 - Client 544: [ 0  0  0  0  0  0  0  0  0 50]
 - Client 545: [ 0  0 50  0  0  0  0  0  0  0]
 - Client 546: [ 0  0  0  0  0  0  0  0  0 50]
 - Client 547: [ 0  0  0  0  0  0  0  0 50  0]
 - Client 548: [ 0  0  0  0 50  0  0  0  0  0]
 - Client 549: [ 0  0  0  0  0 50  0  0  0  0]
 - Client 550: [ 0  0  0  0  0  0  0  0  0 50]
 - Client 551: [ 0  0  0  0  0  0 50  0  0  0]
 - Client 552: [ 0  0  0 50  0  0  0  0  0  0]
 - Client 553: [50  0  0  0  0  0  0  0  0  0]
 - Client 554: [ 0  0  0 50  0  0  0  0  0  0]
 - Client 555: [ 0  0  0  0  0  0  0  0  0 50]
 - Client 556: [ 0  0  0  0  0  0 50  0  0  0]
 - Client 557: [ 0  0  0 50  0  0  0  0  0  0]
 - Client 558: [ 0  0  0  0  0  0  0 50  0  0]
 - Client 559: [ 0  0  0  0  0  0  0 50  0  0]
 - Client 560: [ 0  0  0  0  0 50  0  0  0  0]
 - Client 561: [ 0  0  0  0  0  0 50  0  0  0]
 - Client 562: [ 0  0  0  0  0  0  0 50  0  0]
 - Client 563: [ 0 50  0  0  0  0  0  0  0  0]
 - Client 564: [ 0  0  0  0  0  0  0  0  0 50]
 - Client 565: [ 0 50  0  0  0  0  0  0  0  0]
 - Client 566: [ 0  0  0  0  0 50  0  0  0  0]
 - Client 567: [ 0  0  0 50  0  0  0  0  0  0]
 - Client 568: [ 0 50  0  0  0  0  0  0  0  0]
 - Client 569: [ 0  0  0  0  0  0  0  0 50  0]
 - Client 570: [ 0  0  0  0  0  0  0  0 50  0]
 - Client 571: [ 0  0  0  0  0  0  0  0 50  0]
 - Client 572: [ 0  0  0  0  0  0 50  0  0  0]
 - Client 573: [ 0  0  0  0 50  0  0  0  0  0]
 - Client 574: [ 0  0  0  0  0  0  0 50  0  0]
 - Client 575: [ 0  0  0  0  0  0  0  0 50  0]
 - Client 576: [ 0  0  0  0 50  0  0  0  0  0]
 - Client 577: [ 0  0  0  0  0  0  0  0 50  0]
 - Client 578: [ 0  0  0 50  0  0  0  0  0  0]
 - Client 579: [ 0 50  0  0  0  0  0  0  0  0]
 - Client 580: [ 0  0  0  0  0  0  0  0 50  0]
 - Client 581: [ 0  0  0  0  0  0  0  0  0 50]
 - Client 582: [ 0  0  0  0  0  0  0 50  0  0]
 - Client 583: [ 0  0  0  0  0  0  0  0 50  0]
 - Client 584: [ 0  0  0  0  0  0  0  0 50  0]
 - Client 585: [ 0  0  0  0  0  0 50  0  0  0]
 - Client 586: [ 0  0  0  0 50  0  0  0  0  0]
 - Client 587: [50  0  0  0  0  0  0  0  0  0]
 - Client 588: [ 0  0  0  0  0  0 50  0  0  0]
 - Client 589: [ 0  0  0 50  0  0  0  0  0  0]
 - Client 590: [ 0  0 50  0  0  0  0  0  0  0]
 - Client 591: [50  0  0  0  0  0  0  0  0  0]
 - Client 592: [ 0  0  0  0  0  0 50  0  0  0]
 - Client 593: [ 0  0  0  0  0  0  0  0  0 50]
 - Client 594: [ 0 50  0  0  0  0  0  0  0  0]
 - Client 595: [ 0  0  0  0 50  0  0  0  0  0]
 - Client 596: [ 0  0  0  0 50  0  0  0  0  0]
 - Client 597: [ 0  0 50  0  0  0  0  0  0  0]
 - Client 598: [ 0  0  0  0  0  0  0 50  0  0]
 - Client 599: [ 0 50  0  0  0  0  0  0  0  0]
 - Client 600: [50  0  0  0  0  0  0  0  0  0]
 - Client 601: [ 0  0  0  0  0  0  0  0 50  0]
 - Client 602: [ 0  0  0  0  0  0  0 50  0  0]
 - Client 603: [ 0  0  0  0  0  0  0 50  0  0]
 - Client 604: [ 0  0  0  0  0  0  0  0  0 50]
 - Client 605: [ 0  0  0  0  0  0  0  0 50  0]
 - Client 606: [ 0  0  0 50  0  0  0  0  0  0]
 - Client 607: [ 0  0  0 50  0  0  0  0  0  0]
 - Client 608: [ 0  0  0  0  0  0  0 50  0  0]
 - Client 609: [ 0  0  0  0  0 50  0  0  0  0]
 - Client 610: [ 0 50  0  0  0  0  0  0  0  0]
 - Client 611: [ 0  0  0  0  0 50  0  0  0  0]
 - Client 612: [ 0  0  0  0  0  0  0  0 50  0]
 - Client 613: [50  0  0  0  0  0  0  0  0  0]
 - Client 614: [ 0  0  0  0 50  0  0  0  0  0]
 - Client 615: [ 0  0  0  0  0  0  0 50  0  0]
 - Client 616: [50  0  0  0  0  0  0  0  0  0]
 - Client 617: [ 0 50  0  0  0  0  0  0  0  0]
 - Client 618: [ 0  0  0  0  0  0  0  0 50  0]
 - Client 619: [ 0  0  0  0  0 50  0  0  0  0]
 - Client 620: [50  0  0  0  0  0  0  0  0  0]
 - Client 621: [ 0  0  0  0 50  0  0  0  0  0]
 - Client 622: [ 0  0  0  0 50  0  0  0  0  0]
 - Client 623: [50  0  0  0  0  0  0  0  0  0]
 - Client 624: [ 0  0  0  0  0  0  0 50  0  0]
 - Client 625: [ 0  0  0  0  0  0  0  0 50  0]
 - Client 626: [ 0  0  0  0  0 50  0  0  0  0]
 - Client 627: [ 0 50  0  0  0  0  0  0  0  0]
 - Client 628: [ 0 50  0  0  0  0  0  0  0  0]
 - Client 629: [ 0  0  0 50  0  0  0  0  0  0]
 - Client 630: [ 0  0  0  0  0 50  0  0  0  0]
 - Client 631: [ 0  0  0  0  0  0 50  0  0  0]
 - Client 632: [ 0  0  0  0 50  0  0  0  0  0]
 - Client 633: [ 0  0  0  0  0 50  0  0  0  0]
 - Client 634: [ 0  0  0  0  0  0  0 50  0  0]
 - Client 635: [ 0  0  0 50  0  0  0  0  0  0]
 - Client 636: [ 0  0  0  0  0  0  0 50  0  0]
 - Client 637: [ 0  0  0  0  0  0  0  0 50  0]
 - Client 638: [ 0  0  0  0  0  0  0  0  0 50]
 - Client 639: [ 0  0  0  0  0  0  0  0  0 50]
 - Client 640: [ 0  0  0  0  0 50  0  0  0  0]
 - Client 641: [ 0  0  0 50  0  0  0  0  0  0]
 - Client 642: [ 0 50  0  0  0  0  0  0  0  0]
 - Client 643: [ 0  0 50  0  0  0  0  0  0  0]
 - Client 644: [ 0  0 50  0  0  0  0  0  0  0]
 - Client 645: [ 0  0  0  0 50  0  0  0  0  0]
 - Client 646: [50  0  0  0  0  0  0  0  0  0]
 - Client 647: [50  0  0  0  0  0  0  0  0  0]
 - Client 648: [ 0  0  0  0  0  0  0 50  0  0]
 - Client 649: [ 0  0  0 50  0  0  0  0  0  0]
 - Client 650: [ 0  0  0  0  0  0 50  0  0  0]
 - Client 651: [ 0  0 50  0  0  0  0  0  0  0]
 - Client 652: [ 0 50  0  0  0  0  0  0  0  0]
 - Client 653: [ 0  0 50  0  0  0  0  0  0  0]
 - Client 654: [ 0  0  0  0  0  0  0  0  0 50]
 - Client 655: [ 0  0  0  0 50  0  0  0  0  0]
 - Client 656: [ 0  0 50  0  0  0  0  0  0  0]
 - Client 657: [ 0  0  0  0  0 50  0  0  0  0]
 - Client 658: [ 0  0  0  0  0  0  0 50  0  0]
 - Client 659: [50  0  0  0  0  0  0  0  0  0]
 - Client 660: [ 0  0  0  0  0 50  0  0  0  0]
 - Client 661: [ 0  0  0 50  0  0  0  0  0  0]
 - Client 662: [ 0  0  0  0 50  0  0  0  0  0]
 - Client 663: [ 0  0  0  0  0  0 50  0  0  0]
 - Client 664: [ 0 50  0  0  0  0  0  0  0  0]
 - Client 665: [ 0  0  0  0  0  0  0  0 50  0]
 - Client 666: [ 0  0  0 50  0  0  0  0  0  0]
 - Client 667: [ 0  0  0  0  0  0 50  0  0  0]
 - Client 668: [ 0  0 50  0  0  0  0  0  0  0]
 - Client 669: [ 0 50  0  0  0  0  0  0  0  0]
 - Client 670: [ 0  0  0  0  0  0  0  0  0 50]
 - Client 671: [ 0  0  0  0  0  0  0  0  0 50]
 - Client 672: [ 0  0  0 50  0  0  0  0  0  0]
 - Client 673: [50  0  0  0  0  0  0  0  0  0]
 - Client 674: [ 0  0  0  0  0  0 50  0  0  0]
 - Client 675: [50  0  0  0  0  0  0  0  0  0]
 - Client 676: [ 0  0  0  0  0  0  0  0  0 50]
 - Client 677: [ 0  0  0  0  0  0  0  0 50  0]
 - Client 678: [ 0 50  0  0  0  0  0  0  0  0]
 - Client 679: [ 0  0  0  0 50  0  0  0  0  0]
 - Client 680: [ 0  0  0  0  0  0  0  0  0 50]
 - Client 681: [ 0  0  0  0  0  0 50  0  0  0]
 - Client 682: [ 0  0  0  0  0  0  0  0 50  0]
 - Client 683: [ 0  0  0  0  0  0  0  0 50  0]
 - Client 684: [ 0  0  0  0  0  0 50  0  0  0]
 - Client 685: [ 0  0  0  0 50  0  0  0  0  0]
 - Client 686: [ 0  0  0  0  0  0 50  0  0  0]
 - Client 687: [ 0  0  0  0 50  0  0  0  0  0]
 - Client 688: [ 0 50  0  0  0  0  0  0  0  0]
 - Client 689: [ 0  0  0  0 50  0  0  0  0  0]
 - Client 690: [ 0  0  0 50  0  0  0  0  0  0]
 - Client 691: [ 0  0  0  0  0  0 50  0  0  0]
 - Client 692: [ 0  0  0 50  0  0  0  0  0  0]
 - Client 693: [ 0  0  0  0  0  0  0  0  0 50]
 - Client 694: [ 0  0  0  0  0  0  0 50  0  0]
 - Client 695: [ 0  0  0  0  0  0 50  0  0  0]
 - Client 696: [ 0  0  0  0  0  0  0  0  0 50]
 - Client 697: [ 0  0  0  0  0  0  0  0 50  0]
 - Client 698: [ 0 50  0  0  0  0  0  0  0  0]
 - Client 699: [ 0  0  0  0  0  0  0  0 50  0]
 - Client 700: [ 0  0  0  0  0  0  0  0 50  0]
 - Client 701: [ 0  0  0 50  0  0  0  0  0  0]
 - Client 702: [ 0  0  0 50  0  0  0  0  0  0]
 - Client 703: [50  0  0  0  0  0  0  0  0  0]
 - Client 704: [ 0  0  0  0  0  0  0  0  0 50]
 - Client 705: [ 0  0  0 50  0  0  0  0  0  0]
 - Client 706: [ 0  0  0  0  0 50  0  0  0  0]
 - Client 707: [ 0  0  0  0  0  0  0 50  0  0]
 - Client 708: [ 0  0  0  0  0  0  0  0  0 50]
 - Client 709: [ 0  0 50  0  0  0  0  0  0  0]
 - Client 710: [ 0  0  0  0  0  0  0  0  0 50]
 - Client 711: [ 0  0  0  0  0 50  0  0  0  0]
 - Client 712: [50  0  0  0  0  0  0  0  0  0]
 - Client 713: [ 0  0  0  0  0  0  0  0 50  0]
 - Client 714: [ 0 50  0  0  0  0  0  0  0  0]
 - Client 715: [ 0  0  0  0  0  0  0  0  0 50]
 - Client 716: [ 0  0  0  0 50  0  0  0  0  0]
 - Client 717: [ 0  0  0  0  0  0  0 50  0  0]
 - Client 718: [ 0  0  0  0  0  0  0  0  0 50]
 - Client 719: [ 0  0  0 50  0  0  0  0  0  0]
 - Client 720: [ 0  0  0  0  0 50  0  0  0  0]
 - Client 721: [ 0  0  0  0  0  0  0  0  0 50]
 - Client 722: [ 0  0  0  0  0  0  0  0 50  0]
 - Client 723: [ 0  0  0  0  0 50  0  0  0  0]
 - Client 724: [ 0  0 50  0  0  0  0  0  0  0]
 - Client 725: [ 0  0  0  0  0  0  0 50  0  0]
 - Client 726: [ 0  0  0  0  0  0  0  0  0 50]
 - Client 727: [ 0 50  0  0  0  0  0  0  0  0]
 - Client 728: [ 0  0  0  0  0  0 50  0  0  0]
 - Client 729: [ 0  0  0  0  0  0  0  0  0 50]
 - Client 730: [ 0  0  0 50  0  0  0  0  0  0]
 - Client 731: [ 0  0  0 50  0  0  0  0  0  0]
 - Client 732: [ 0  0  0  0  0  0  0  0  0 50]
 - Client 733: [ 0  0  0  0  0  0  0 50  0  0]
 - Client 734: [ 0  0 50  0  0  0  0  0  0  0]
 - Client 735: [ 0 50  0  0  0  0  0  0  0  0]
 - Client 736: [ 0  0 50  0  0  0  0  0  0  0]
 - Client 737: [50  0  0  0  0  0  0  0  0  0]
 - Client 738: [ 0  0  0  0  0 50  0  0  0  0]
 - Client 739: [ 0  0  0  0  0  0  0 50  0  0]
 - Client 740: [ 0  0  0 50  0  0  0  0  0  0]
 - Client 741: [ 0  0  0  0  0  0  0 50  0  0]
 - Client 742: [ 0  0  0 50  0  0  0  0  0  0]
 - Client 743: [ 0  0  0  0 50  0  0  0  0  0]
 - Client 744: [ 0  0  0  0  0  0  0 50  0  0]
 - Client 745: [ 0  0  0  0 50  0  0  0  0  0]
 - Client 746: [ 0  0  0  0 50  0  0  0  0  0]
 - Client 747: [ 0  0  0  0  0  0 50  0  0  0]
 - Client 748: [ 0  0  0  0  0 50  0  0  0  0]
 - Client 749: [50  0  0  0  0  0  0  0  0  0]
 - Client 750: [ 0  0  0  0 50  0  0  0  0  0]
 - Client 751: [ 0  0  0  0 50  0  0  0  0  0]
 - Client 752: [ 0  0  0 50  0  0  0  0  0  0]
 - Client 753: [ 0  0  0  0 50  0  0  0  0  0]
 - Client 754: [ 0  0  0  0 50  0  0  0  0  0]
 - Client 755: [ 0  0 50  0  0  0  0  0  0  0]
 - Client 756: [ 0  0  0  0  0  0  0 50  0  0]
 - Client 757: [ 0  0  0 50  0  0  0  0  0  0]
 - Client 758: [ 0  0  0  0 50  0  0  0  0  0]
 - Client 759: [ 0  0  0  0 50  0  0  0  0  0]
 - Client 760: [ 0  0  0  0  0  0  0  0  0 50]
 - Client 761: [ 0  0  0  0  0  0  0  0 50  0]
 - Client 762: [ 0  0  0  0  0 50  0  0  0  0]
 - Client 763: [ 0  0  0  0  0  0  0  0 50  0]
 - Client 764: [ 0  0 50  0  0  0  0  0  0  0]
 - Client 765: [50  0  0  0  0  0  0  0  0  0]
 - Client 766: [ 0  0  0  0  0 50  0  0  0  0]
 - Client 767: [ 0  0  0  0  0  0  0 50  0  0]
 - Client 768: [50  0  0  0  0  0  0  0  0  0]
 - Client 769: [ 0  0  0  0  0  0  0 50  0  0]
 - Client 770: [ 0  0  0  0  0  0 50  0  0  0]
 - Client 771: [ 0 50  0  0  0  0  0  0  0  0]
 - Client 772: [ 0  0  0  0  0  0  0  0 50  0]
 - Client 773: [ 0  0  0  0  0  0  0 50  0  0]
 - Client 774: [ 0 50  0  0  0  0  0  0  0  0]
 - Client 775: [ 0 50  0  0  0  0  0  0  0  0]
 - Client 776: [ 0  0  0  0  0 50  0  0  0  0]
 - Client 777: [ 0  0  0  0 50  0  0  0  0  0]
 - Client 778: [ 0  0  0  0  0  0  0  0 50  0]
 - Client 779: [ 0  0  0  0  0  0  0  0  0 50]
 - Client 780: [ 0  0  0  0  0  0 50  0  0  0]
 - Client 781: [50  0  0  0  0  0  0  0  0  0]
 - Client 782: [50  0  0  0  0  0  0  0  0  0]
 - Client 783: [ 0  0  0  0 50  0  0  0  0  0]
 - Client 784: [ 0 50  0  0  0  0  0  0  0  0]
 - Client 785: [ 0  0  0  0  0  0  0  0  0 50]
 - Client 786: [ 0  0  0  0  0  0  0  0  0 50]
 - Client 787: [ 0  0  0  0  0  0  0 50  0  0]
 - Client 788: [ 0  0  0  0  0  0  0 50  0  0]
 - Client 789: [ 0  0  0  0  0  0  0  0  0 50]
 - Client 790: [ 0 50  0  0  0  0  0  0  0  0]
 - Client 791: [ 0 50  0  0  0  0  0  0  0  0]
 - Client 792: [ 0  0  0  0  0 50  0  0  0  0]
 - Client 793: [ 0  0  0  0  0  0  0  0  0 50]
 - Client 794: [ 0  0 50  0  0  0  0  0  0  0]
 - Client 795: [ 0  0  0 50  0  0  0  0  0  0]
 - Client 796: [ 0  0  0  0  0  0  0  0 50  0]
 - Client 797: [ 0  0  0  0  0  0  0 50  0  0]
 - Client 798: [ 0  0  0  0  0  0  0  0 50  0]
 - Client 799: [ 0  0  0  0 50  0  0  0  0  0]
 - Client 800: [ 0  0  0  0  0  0  0  0  0 50]
 - Client 801: [ 0  0  0 50  0  0  0  0  0  0]
 - Client 802: [ 0  0  0  0 50  0  0  0  0  0]
 - Client 803: [ 0  0  0  0 50  0  0  0  0  0]
 - Client 804: [ 0  0  0  0 50  0  0  0  0  0]
 - Client 805: [ 0  0  0  0 50  0  0  0  0  0]
 - Client 806: [ 0  0  0  0  0  0 50  0  0  0]
 - Client 807: [ 0  0  0  0  0 50  0  0  0  0]
 - Client 808: [ 0  0  0  0  0  0  0 50  0  0]
 - Client 809: [ 0  0  0  0  0  0  0  0  0 50]
 - Client 810: [ 0  0  0  0  0  0  0 50  0  0]
 - Client 811: [ 0  0  0  0  0  0  0  0 50  0]
 - Client 812: [ 0  0  0  0  0  0  0  0  0 50]
 - Client 813: [ 0  0  0  0  0  0  0 50  0  0]
 - Client 814: [ 0  0  0  0  0  0  0  0  0 50]
 - Client 815: [ 0  0  0  0 50  0  0  0  0  0]
 - Client 816: [ 0  0  0 50  0  0  0  0  0  0]
 - Client 817: [50  0  0  0  0  0  0  0  0  0]
 - Client 818: [ 0 50  0  0  0  0  0  0  0  0]
 - Client 819: [ 0  0  0  0 50  0  0  0  0  0]
 - Client 820: [ 0  0 50  0  0  0  0  0  0  0]
 - Client 821: [ 0  0  0  0  0  0  0 50  0  0]
 - Client 822: [ 0  0  0  0  0  0 50  0  0  0]
 - Client 823: [ 0  0  0  0  0 50  0  0  0  0]
 - Client 824: [ 0  0  0 50  0  0  0  0  0  0]
 - Client 825: [ 0  0  0  0 50  0  0  0  0  0]
 - Client 826: [ 0  0  0  0  0  0  0 50  0  0]
 - Client 827: [ 0  0 50  0  0  0  0  0  0  0]
 - Client 828: [ 0  0  0  0 50  0  0  0  0  0]
 - Client 829: [ 0  0  0  0  0  0 50  0  0  0]
 - Client 830: [ 0  0  0 50  0  0  0  0  0  0]
 - Client 831: [ 0  0  0  0  0  0  0 50  0  0]
 - Client 832: [ 0  0  0  0 50  0  0  0  0  0]
 - Client 833: [ 0  0  0  0 50  0  0  0  0  0]
 - Client 834: [ 0  0  0  0  0  0 50  0  0  0]
 - Client 835: [50  0  0  0  0  0  0  0  0  0]
 - Client 836: [ 0  0  0  0 50  0  0  0  0  0]
 - Client 837: [ 0  0 50  0  0  0  0  0  0  0]
 - Client 838: [ 0  0  0  0  0  0  0 50  0  0]
 - Client 839: [ 0  0 50  0  0  0  0  0  0  0]
 - Client 840: [ 0  0  0  0  0  0  0  0 50  0]
 - Client 841: [ 0  0  0  0  0  0  0  0  0 50]
 - Client 842: [ 0  0  0  0  0  0  0  0 50  0]
 - Client 843: [ 0  0  0  0  0  0 50  0  0  0]
 - Client 844: [ 0  0  0  0  0  0  0  0  0 50]
 - Client 845: [ 0  0  0  0  0  0  0  0  0 50]
 - Client 846: [ 0 50  0  0  0  0  0  0  0  0]
 - Client 847: [ 0  0  0  0  0  0  0 50  0  0]
 - Client 848: [ 0  0  0  0  0  0 50  0  0  0]
 - Client 849: [ 0  0  0  0 50  0  0  0  0  0]
 - Client 850: [ 0  0  0  0 50  0  0  0  0  0]
 - Client 851: [ 0  0  0  0  0 50  0  0  0  0]
 - Client 852: [ 0  0  0  0  0  0  0  0 50  0]
 - Client 853: [ 0  0 50  0  0  0  0  0  0  0]
 - Client 854: [50  0  0  0  0  0  0  0  0  0]
 - Client 855: [50  0  0  0  0  0  0  0  0  0]
 - Client 856: [ 0  0 50  0  0  0  0  0  0  0]
 - Client 857: [ 0  0  0  0  0  0  0  0 50  0]
 - Client 858: [ 0  0  0  0  0 50  0  0  0  0]
 - Client 859: [ 0  0  0  0  0  0  0  0 50  0]
 - Client 860: [ 0  0  0  0  0  0  0 50  0  0]
 - Client 861: [50  0  0  0  0  0  0  0  0  0]
 - Client 862: [ 0 50  0  0  0  0  0  0  0  0]
 - Client 863: [ 0  0  0  0  0 50  0  0  0  0]
 - Client 864: [ 0  0  0  0  0  0  0  0  0 50]
 - Client 865: [ 0  0  0  0  0  0  0  0 50  0]
 - Client 866: [ 0  0  0  0  0  0 50  0  0  0]
 - Client 867: [ 0  0  0  0  0  0  0  0  0 50]
 - Client 868: [ 0 50  0  0  0  0  0  0  0  0]
 - Client 869: [ 0  0  0  0  0 50  0  0  0  0]
 - Client 870: [ 0  0  0  0  0  0 50  0  0  0]
 - Client 871: [ 0  0  0  0  0  0  0 50  0  0]
 - Client 872: [ 0  0  0 50  0  0  0  0  0  0]
 - Client 873: [ 0  0  0  0  0 50  0  0  0  0]
 - Client 874: [ 0  0  0  0  0 50  0  0  0  0]
 - Client 875: [ 0  0  0 50  0  0  0  0  0  0]
 - Client 876: [ 0  0 50  0  0  0  0  0  0  0]
 - Client 877: [ 0 50  0  0  0  0  0  0  0  0]
 - Client 878: [ 0  0  0  0  0  0  0  0 50  0]
 - Client 879: [ 0  0  0 50  0  0  0  0  0  0]
 - Client 880: [ 0  0 50  0  0  0  0  0  0  0]
 - Client 881: [50  0  0  0  0  0  0  0  0  0]
 - Client 882: [ 0  0  0  0  0  0 50  0  0  0]
 - Client 883: [ 0  0  0  0  0  0  0  0 50  0]
 - Client 884: [50  0  0  0  0  0  0  0  0  0]
 - Client 885: [ 0  0  0  0  0 50  0  0  0  0]
 - Client 886: [ 0  0  0  0  0  0 50  0  0  0]
 - Client 887: [ 0  0 50  0  0  0  0  0  0  0]
 - Client 888: [ 0  0  0  0  0  0  0  0 50  0]
 - Client 889: [ 0  0  0  0  0 50  0  0  0  0]
 - Client 890: [ 0  0 50  0  0  0  0  0  0  0]
 - Client 891: [ 0  0  0  0  0  0  0  0 50  0]
 - Client 892: [ 0  0 50  0  0  0  0  0  0  0]
 - Client 893: [ 0  0  0  0  0 50  0  0  0  0]
 - Client 894: [ 0  0  0  0  0  0 50  0  0  0]
 - Client 895: [ 0  0 50  0  0  0  0  0  0  0]
 - Client 896: [50  0  0  0  0  0  0  0  0  0]
 - Client 897: [ 0  0 50  0  0  0  0  0  0  0]
 - Client 898: [ 0  0  0  0  0 50  0  0  0  0]
 - Client 899: [ 0  0  0  0 50  0  0  0  0  0]
 - Client 900: [ 0  0  0  0 50  0  0  0  0  0]
 - Client 901: [ 0  0  0  0  0  0  0  0 50  0]
 - Client 902: [ 0  0  0 50  0  0  0  0  0  0]
 - Client 903: [ 0 50  0  0  0  0  0  0  0  0]
 - Client 904: [ 0  0  0  0  0  0 50  0  0  0]
 - Client 905: [ 0  0  0  0  0  0  0  0 50  0]
 - Client 906: [ 0  0  0  0  0 50  0  0  0  0]
 - Client 907: [ 0  0  0  0  0 50  0  0  0  0]
 - Client 908: [ 0 50  0  0  0  0  0  0  0  0]
 - Client 909: [ 0 50  0  0  0  0  0  0  0  0]
 - Client 910: [ 0  0  0  0 50  0  0  0  0  0]
 - Client 911: [ 0  0  0  0  0 50  0  0  0  0]
 - Client 912: [ 0  0  0 50  0  0  0  0  0  0]
 - Client 913: [ 0  0  0  0  0  0  0  0 50  0]
 - Client 914: [50  0  0  0  0  0  0  0  0  0]
 - Client 915: [ 0  0  0  0 50  0  0  0  0  0]
 - Client 916: [ 0  0  0  0  0  0 50  0  0  0]
 - Client 917: [ 0  0  0  0  0  0  0  0 50  0]
 - Client 918: [50  0  0  0  0  0  0  0  0  0]
 - Client 919: [ 0  0  0  0  0  0 50  0  0  0]
 - Client 920: [ 0 50  0  0  0  0  0  0  0  0]
 - Client 921: [ 0  0  0  0  0  0  0 50  0  0]
 - Client 922: [50  0  0  0  0  0  0  0  0  0]
 - Client 923: [50  0  0  0  0  0  0  0  0  0]
 - Client 924: [ 0  0  0  0  0  0  0  0 50  0]
 - Client 925: [ 0  0 50  0  0  0  0  0  0  0]
 - Client 926: [ 0 50  0  0  0  0  0  0  0  0]
 - Client 927: [ 0  0  0  0  0  0 50  0  0  0]
 - Client 928: [50  0  0  0  0  0  0  0  0  0]
 - Client 929: [ 0  0  0  0  0  0 50  0  0  0]
 - Client 930: [ 0  0  0 50  0  0  0  0  0  0]
 - Client 931: [50  0  0  0  0  0  0  0  0  0]
 - Client 932: [ 0  0  0  0  0  0 50  0  0  0]
 - Client 933: [50  0  0  0  0  0  0  0  0  0]
 - Client 934: [ 0  0 50  0  0  0  0  0  0  0]
 - Client 935: [ 0  0  0  0  0  0  0  0 50  0]
 - Client 936: [ 0  0  0  0  0  0  0  0 50  0]
 - Client 937: [ 0  0  0  0  0  0  0  0 50  0]
 - Client 938: [50  0  0  0  0  0  0  0  0  0]
 - Client 939: [50  0  0  0  0  0  0  0  0  0]
 - Client 940: [ 0  0 50  0  0  0  0  0  0  0]
 - Client 941: [ 0  0  0  0  0  0 50  0  0  0]
 - Client 942: [50  0  0  0  0  0  0  0  0  0]
 - Client 943: [50  0  0  0  0  0  0  0  0  0]
 - Client 944: [ 0  0  0  0  0  0  0  0 50  0]
 - Client 945: [ 0 50  0  0  0  0  0  0  0  0]
 - Client 946: [ 0  0  0  0  0  0  0  0 50  0]
 - Client 947: [ 0  0  0  0  0  0  0  0 50  0]
 - Client 948: [ 0  0  0  0  0  0 50  0  0  0]
 - Client 949: [ 0 50  0  0  0  0  0  0  0  0]
 - Client 950: [ 0 50  0  0  0  0  0  0  0  0]
 - Client 951: [ 0  0 50  0  0  0  0  0  0  0]
 - Client 952: [ 0  0  0  0  0  0 50  0  0  0]
 - Client 953: [ 0  0  0  0  0  0 50  0  0  0]
 - Client 954: [ 0  0  0  0  0  0 50  0  0  0]
 - Client 955: [ 0  0 50  0  0  0  0  0  0  0]
 - Client 956: [ 0  0  0  0  0  0 50  0  0  0]
 - Client 957: [ 0 50  0  0  0  0  0  0  0  0]
 - Client 958: [ 0  0 50  0  0  0  0  0  0  0]
 - Client 959: [ 0  0  0  0  0  0 50  0  0  0]
 - Client 960: [ 0 50  0  0  0  0  0  0  0  0]
 - Client 961: [ 0  0  0  0  0  0 50  0  0  0]
 - Client 962: [ 0  0  0  0  0  0 50  0  0  0]
 - Client 963: [ 0 50  0  0  0  0  0  0  0  0]
 - Client 964: [ 0  0  0  0  0  0  0  0 50  0]
 - Client 965: [ 0 50  0  0  0  0  0  0  0  0]
 - Client 966: [ 0  0  0  0  0  0  0  0 50  0]
 - Client 967: [ 0 50  0  0  0  0  0  0  0  0]
 - Client 968: [ 0  0  0  0  0  0 50  0  0  0]
 - Client 969: [ 0 50  0  0  0  0  0  0  0  0]
 - Client 970: [ 0 50  0  0  0  0  0  0  0  0]
 - Client 971: [ 0  0 50  0  0  0  0  0  0  0]
 - Client 972: [ 0  0  0 50  0  0  0  0  0  0]
 - Client 973: [ 0 50  0  0  0  0  0  0  0  0]
 - Client 974: [ 0 50  0  0  0  0  0  0  0  0]
 - Client 975: [ 0  0  0  0  0  0  0  0 50  0]
 - Client 976: [ 0  0 50  0  0  0  0  0  0  0]
 - Client 977: [ 0 50  0  0  0  0  0  0  0  0]
 - Client 978: [ 0  0  0  0  0  0  0  0 50  0]
 - Client 979: [ 0  0  0 50  0  0  0  0  0  0]
 - Client 980: [ 0  0  0  0  0  0 50  0  0  0]
 - Client 981: [ 0  0  0  0  0  0 50  0  0  0]
 - Client 982: [ 0 50  0  0  0  0  0  0  0  0]
 - Client 983: [ 0  0  0  0  0  0 50  0  0  0]
 - Client 984: [ 0  0 50  0  0  0  0  0  0  0]
 - Client 985: [ 0  0  0 50  0  0  0  0  0  0]
 - Client 986: [ 0  0  0  0  0  0 50  0  0  0]
 - Client 987: [ 0  0  0  0  0  0 50  0  0  0]
 - Client 988: [ 0 50  0  0  0  0  0  0  0  0]
 - Client 989: [ 0 50  0  0  0  0  0  0  0  0]
 - Client 990: [ 0 50  0  0  0  0  0  0  0  0]
 - Client 991: [ 0  0 50  0  0  0  0  0  0  0]
 - Client 992: [ 0  0 50  0  0  0  0  0  0  0]
 - Client 993: [ 0  0 50  0  0  0  0  0  0  0]
 - Client 994: [ 0  0 50  0  0  0  0  0  0  0]
 - Client 995: [ 0  0 50  0  0  0  0  0  0  0]
 - Client 996: [ 0  0 50  0  0  0  0  0  0  0]
 - Client 997: [ 0  0 50  0  0  0  0  0  0  0]
 - Client 998: [ 0  0 50  0  0  0  0  0  0  0]
 - Client 999: [ 0  0 50  0  0  0  0  0  0  0]

Model:
 - conv1.weight                   [6, 3, 5, 5]
 - conv1.bias                     [6]
 - conv2.weight                   [16, 6, 5, 5]
 - conv2.bias                     [16]
 - fc1.weight                     [120, 400]
 - fc1.bias                       [120]
 - fc2.weight                     [84, 120]
 - fc2.bias                       [84]
 - fc3.weight                     [10, 84]
 - fc3.bias                       [10]
Total number of Parameters:  62006

Start Distributed Training..

Experiment: main (2/2)
{'communication_round': 1, 'lr': 0.002, 'epochs': 1}
{'client_train_loss': 2.2802767753601074}
{'server_val_accuracy': 0.0964}
Saved results to  /mnt/output/manyclients/xp_64031.npz
Remaining Time (approx.): 00:00:00 [100.00%]

