Running 2 Experiments..

Hyperparameters: 
 - dataset                 cifar10
 - net                     lenet_cifar
 - n_clients               1000
 - n_data                  None
 - communication_rounds    1000
 - local_epochs            1
 - participation_rate      0.01
 - classes_per_client      0
 - batch_size              128
 - balancedness            1.0
 - pretrained              None
 - save_model              None
 - log_frequency           1
 - log_path                manyclients/
 - finished                False
 - log_id                  33792

Files already downloaded and verified
Files already downloaded and verified
Data split:
 - Client 0: [3 7 8 1 5 3 5 5 5 8]
 - Client 1: [5 2 7 5 7 8 6 6 1 3]
 - Client 2: [3 5 2 8 7 7 3 5 5 5]
 - Client 3: [4 4 3 5 1 8 7 8 5 5]
 - Client 4: [5 3 4 5 5 7 4 6 4 7]
 - Client 5: [ 7  6  7  2  6  5  3 10  3  1]
 - Client 6: [7 2 5 8 3 8 5 1 2 9]
 - Client 7: [6 8 6 6 2 7 3 4 6 2]
 - Client 8: [9 7 0 9 4 6 4 6 0 5]
 - Client 9: [6 5 1 2 5 7 7 6 4 7]
 - Client 10: [7 6 8 4 4 2 1 5 4 9]
 - Client 11: [6 8 5 3 6 1 5 4 8 4]
 - Client 12: [ 2  2  4  1  5  7  5  7 12  5]
 - Client 13: [2 4 3 7 9 5 6 5 4 5]
 - Client 14: [5 4 6 6 9 4 3 4 5 4]
 - Client 15: [6 2 9 4 5 4 4 6 3 7]
 - Client 16: [4 8 5 8 4 4 5 4 4 4]
 - Client 17: [6 3 3 7 8 3 4 6 2 8]
 - Client 18: [3 5 4 5 6 4 2 5 8 8]
 - Client 19: [10  5  6  1  9  4  5  5  1  4]
 - Client 20: [ 2  7  2  5  4 12 11  2  1  4]
 - Client 21: [6 7 6 3 4 7 5 5 5 2]
 - Client 22: [ 6  4  5  7  4  2  4  5  3 10]
 - Client 23: [ 4  7  5  4  3  7  3  3  4 10]
 - Client 24: [ 6  8  4  6  2  3  4  2 11  4]
 - Client 25: [ 5  7  3  1  3  3  6 11  3  8]
 - Client 26: [5 1 8 8 3 6 3 5 7 4]
 - Client 27: [6 1 9 4 4 6 3 6 5 6]
 - Client 28: [9 5 1 3 6 4 9 4 5 4]
 - Client 29: [7 7 1 5 6 6 3 4 5 6]
 - Client 30: [8 6 1 7 4 3 4 6 8 3]
 - Client 31: [9 4 3 7 3 5 7 4 3 5]
 - Client 32: [5 5 4 4 6 6 4 7 1 8]
 - Client 33: [6 4 4 3 2 6 7 7 7 4]
 - Client 34: [1 5 7 2 8 4 6 8 3 6]
 - Client 35: [6 3 7 4 4 8 4 7 2 5]
 - Client 36: [ 5  2  6  5  3  4  3 10  5  7]
 - Client 37: [8 0 4 3 5 2 8 6 9 5]
 - Client 38: [5 4 5 5 7 4 4 4 7 5]
 - Client 39: [2 5 6 8 8 5 4 5 5 2]
 - Client 40: [ 2 12  3  4  9  5  5  3  3  4]
 - Client 41: [1 6 6 6 6 7 5 4 3 6]
 - Client 42: [3 3 9 6 6 7 6 1 5 4]
 - Client 43: [5 5 3 6 3 5 8 4 6 5]
 - Client 44: [3 2 4 6 6 4 4 6 6 9]
 - Client 45: [4 3 6 5 1 5 6 9 4 7]
 - Client 46: [3 3 6 6 5 4 5 3 6 9]
 - Client 47: [3 6 1 3 8 6 2 5 7 9]
 - Client 48: [9 4 5 6 2 7 5 3 6 3]
 - Client 49: [9 4 5 7 2 8 2 6 5 2]
 - Client 50: [7 5 4 7 5 6 3 5 7 1]
 - Client 51: [8 6 4 3 1 7 6 5 6 4]
 - Client 52: [6 5 4 3 7 3 8 3 4 7]
 - Client 53: [7 4 8 5 3 3 3 7 5 5]
 - Client 54: [4 4 3 7 2 7 8 4 5 6]
 - Client 55: [ 6  4  4  3  4  7  7  3 10  2]
 - Client 56: [6 4 7 7 3 3 5 7 4 4]
 - Client 57: [4 7 6 5 7 4 4 4 8 1]
 - Client 58: [ 4  4  7  2 11  2  7  6  4  3]
 - Client 59: [4 6 5 4 3 6 3 7 4 8]
 - Client 60: [4 2 7 4 6 6 6 8 3 4]
 - Client 61: [6 6 6 3 8 1 5 2 4 9]
 - Client 62: [5 6 5 7 8 6 4 4 3 2]
 - Client 63: [6 6 3 7 2 3 4 8 7 4]
 - Client 64: [ 5  3  4  5  3  5 10  3  4  8]
 - Client 65: [2 9 3 6 2 4 5 2 8 9]
 - Client 66: [4 7 6 2 5 9 5 5 5 2]
 - Client 67: [ 6  3 10  3  4  6  3  3  8  4]
 - Client 68: [6 5 4 5 6 4 6 5 6 3]
 - Client 69: [ 6  2  2  8  1 11  3  7  7  3]
 - Client 70: [4 4 6 4 3 9 2 8 5 5]
 - Client 71: [7 3 4 4 6 8 6 3 3 6]
 - Client 72: [5 3 3 8 7 5 6 6 3 4]
 - Client 73: [ 4  6  1 10  6  5  5  5  3  5]
 - Client 74: [6 6 3 5 6 9 6 2 2 5]
 - Client 75: [ 5  4  3  3  9  1  5 11  5  4]
 - Client 76: [2 6 3 2 7 6 5 5 6 8]
 - Client 77: [4 5 6 9 5 7 3 4 4 3]
 - Client 78: [7 5 6 5 1 6 4 3 5 8]
 - Client 79: [6 5 4 1 6 5 5 7 5 6]
 - Client 80: [6 2 4 3 3 5 8 3 8 8]
 - Client 81: [ 4  5  2  5  2  7 10  5  4  6]
 - Client 82: [ 5 10  3  2  4 10  6  5  1  4]
 - Client 83: [6 1 6 9 4 2 8 5 5 4]
 - Client 84: [2 4 5 3 8 5 7 4 8 4]
 - Client 85: [2 5 2 7 4 5 5 7 6 7]
 - Client 86: [9 8 4 6 2 5 4 6 3 3]
 - Client 87: [5 4 7 2 6 4 9 2 6 5]
 - Client 88: [5 7 5 7 7 2 5 3 4 5]
 - Client 89: [4 5 2 3 7 4 5 6 7 7]
 - Client 90: [9 8 4 3 4 7 4 4 3 4]
 - Client 91: [6 4 4 1 6 5 8 4 8 4]
 - Client 92: [6 3 5 5 3 5 8 2 6 7]
 - Client 93: [5 5 3 5 3 8 8 3 7 3]
 - Client 94: [6 5 6 3 2 5 6 6 4 7]
 - Client 95: [1 5 4 7 6 5 6 4 7 5]
 - Client 96: [7 7 6 5 1 4 8 4 6 2]
 - Client 97: [5 5 6 5 6 7 5 4 3 4]
 - Client 98: [11  2  3  2  4  5  7  1  7  8]
 - Client 99: [3 5 6 3 6 6 2 4 7 8]
 - Client 100: [4 2 6 8 5 9 8 5 2 1]
 - Client 101: [3 4 8 6 8 9 1 6 4 1]
 - Client 102: [4 4 5 4 7 6 7 5 5 3]
 - Client 103: [5 5 7 8 4 2 5 4 4 6]
 - Client 104: [7 9 2 3 6 3 7 2 3 8]
 - Client 105: [7 5 5 5 8 2 4 4 5 5]
 - Client 106: [7 5 2 4 7 4 8 5 5 3]
 - Client 107: [3 6 6 3 4 5 6 6 6 5]
 - Client 108: [6 7 7 3 3 2 5 7 7 3]
 - Client 109: [5 6 3 7 5 3 7 3 6 5]
 - Client 110: [0 7 5 4 2 7 8 6 8 3]
 - Client 111: [5 5 5 7 8 3 2 5 7 3]
 - Client 112: [4 7 5 8 6 4 4 7 3 2]
 - Client 113: [ 3 10  5  5  6  6  1  9  2  3]
 - Client 114: [9 5 2 7 6 5 4 5 5 2]
 - Client 115: [ 6  1 11  6  1  6  7  3  4  5]
 - Client 116: [ 5  3  2 10  6  5  3  8  3  5]
 - Client 117: [5 6 2 8 7 7 2 2 8 3]
 - Client 118: [5 4 6 5 9 2 7 3 5 4]
 - Client 119: [4 8 6 2 7 5 4 4 4 6]
 - Client 120: [6 7 7 5 4 2 4 7 1 7]
 - Client 121: [8 4 8 1 4 9 5 5 2 4]
 - Client 122: [4 5 4 6 8 6 3 5 6 3]
 - Client 123: [5 3 7 6 2 3 8 9 2 5]
 - Client 124: [4 5 3 6 7 7 2 8 3 5]
 - Client 125: [7 7 4 2 9 6 3 3 5 4]
 - Client 126: [7 4 6 3 6 4 7 5 3 5]
 - Client 127: [ 6  2  9 10  5  3  5  3  3  4]
 - Client 128: [7 6 3 6 8 3 5 3 4 5]
 - Client 129: [1 9 6 4 6 1 7 7 4 5]
 - Client 130: [5 5 4 5 7 4 5 9 5 1]
 - Client 131: [4 4 2 9 1 6 7 7 5 5]
 - Client 132: [ 4 10  2  3  3  4  1 12  7  4]
 - Client 133: [4 7 6 6 6 4 8 2 6 1]
 - Client 134: [ 3  7  2  4  4  5  3  8  4 10]
 - Client 135: [2 4 7 8 3 4 2 6 7 7]
 - Client 136: [ 4  4  7  4  4 10  6  3  3  5]
 - Client 137: [7 4 5 8 6 6 7 0 3 4]
 - Client 138: [ 4  4  5  2  2  7  3  9  3 11]
 - Client 139: [9 8 3 4 3 4 4 3 5 7]
 - Client 140: [5 4 3 4 7 5 5 9 1 7]
 - Client 141: [3 4 6 4 5 7 4 5 8 4]
 - Client 142: [5 3 5 5 6 9 2 4 4 7]
 - Client 143: [6 4 5 3 5 6 5 4 7 5]
 - Client 144: [4 3 9 6 6 7 6 3 1 5]
 - Client 145: [ 3  5  4  4  5  5  5 10  6  3]
 - Client 146: [7 3 3 5 6 5 6 8 4 3]
 - Client 147: [ 3  5  3  6  6  4  3  4 11  5]
 - Client 148: [ 7  3  4  6  7  4  1 10  3  5]
 - Client 149: [7 5 8 5 3 7 3 0 4 8]
 - Client 150: [5 3 6 5 4 5 1 5 7 9]
 - Client 151: [3 9 3 4 7 4 6 8 1 5]
 - Client 152: [ 4 10  6  4  2  5  4  3  6  6]
 - Client 153: [6 6 5 7 4 5 3 4 4 6]
 - Client 154: [7 3 2 7 4 9 6 4 5 3]
 - Client 155: [11  1  4  7  4  7  3  7  3  3]
 - Client 156: [9 4 9 0 3 4 7 3 4 7]
 - Client 157: [5 4 3 6 7 3 6 3 7 6]
 - Client 158: [5 4 5 4 7 5 6 6 3 5]
 - Client 159: [6 3 4 5 4 4 9 5 3 7]
 - Client 160: [8 2 3 3 3 7 3 6 8 7]
 - Client 161: [6 5 4 5 7 3 6 6 5 3]
 - Client 162: [5 9 5 6 6 6 3 3 7 0]
 - Client 163: [3 4 9 7 5 4 4 6 4 4]
 - Client 164: [4 4 3 9 6 2 7 5 6 4]
 - Client 165: [3 8 8 4 1 6 2 9 4 5]
 - Client 166: [12  4  7  5  2  2  4  7  4  3]
 - Client 167: [6 4 4 7 5 4 4 7 5 4]
 - Client 168: [4 3 4 3 5 4 8 8 6 5]
 - Client 169: [7 6 5 6 0 5 6 4 6 5]
 - Client 170: [5 3 4 4 6 7 7 3 2 9]
 - Client 171: [7 5 1 3 6 5 3 8 4 8]
 - Client 172: [3 3 3 8 6 6 6 4 5 6]
 - Client 173: [5 4 6 9 2 8 3 5 4 4]
 - Client 174: [4 2 7 6 6 3 8 5 5 4]
 - Client 175: [5 2 2 5 8 5 6 4 7 6]
 - Client 176: [ 3  8 10  4  1  3  8  2  3  8]
 - Client 177: [4 8 1 7 3 8 3 4 8 4]
 - Client 178: [ 4 11  6  7  1  3  2  5  7  4]
 - Client 179: [1 8 5 6 3 6 4 6 6 5]
 - Client 180: [6 4 5 5 7 1 7 4 4 7]
 - Client 181: [ 5  3  3  6  5  6 10  5  2  5]
 - Client 182: [6 3 5 7 3 4 3 7 6 6]
 - Client 183: [2 5 6 4 4 7 9 1 5 7]
 - Client 184: [4 6 9 8 1 5 5 3 4 5]
 - Client 185: [9 8 6 5 2 5 3 3 4 5]
 - Client 186: [5 4 5 7 4 1 8 4 7 5]
 - Client 187: [ 3  3  5 10  2  5  4  3  9  6]
 - Client 188: [3 8 4 4 6 8 4 4 5 4]
 - Client 189: [ 1  7  5  5  6 10  5  2  7  2]
 - Client 190: [12  4  5  4  5  5  3  5  3  4]
 - Client 191: [3 9 2 7 7 3 2 4 7 6]
 - Client 192: [4 9 7 4 2 5 5 4 6 4]
 - Client 193: [3 2 5 3 3 7 5 7 9 6]
 - Client 194: [2 8 6 7 6 6 1 5 4 5]
 - Client 195: [3 5 5 2 7 4 6 4 9 5]
 - Client 196: [8 4 5 2 4 4 8 8 5 2]
 - Client 197: [3 4 3 5 8 9 2 6 6 4]
 - Client 198: [ 6  4  4  3  7  3  3 11  5  4]
 - Client 199: [7 7 4 4 5 4 3 7 8 1]
 - Client 200: [5 4 4 7 4 4 5 6 7 4]
 - Client 201: [7 5 4 2 5 7 5 4 6 5]
 - Client 202: [3 5 5 5 4 3 4 7 7 7]
 - Client 203: [2 1 5 5 7 5 9 3 5 8]
 - Client 204: [6 3 7 1 6 8 5 7 4 3]
 - Client 205: [6 4 3 6 8 1 4 8 8 2]
 - Client 206: [7 3 4 5 3 6 6 3 4 9]
 - Client 207: [ 7  1  2  5  6  7  4  4  3 11]
 - Client 208: [3 7 4 7 6 4 6 5 2 6]
 - Client 209: [6 4 4 9 6 6 3 6 3 3]
 - Client 210: [5 5 8 2 8 3 6 3 7 3]
 - Client 211: [2 8 6 5 4 5 8 5 4 3]
 - Client 212: [3 7 6 1 7 3 1 7 7 8]
 - Client 213: [3 3 5 3 9 5 5 3 8 6]
 - Client 214: [ 4  4  5  4  2  3  6  9  3 10]
 - Client 215: [ 7  2  1  9  5 11  3  3  3  6]
 - Client 216: [5 2 6 3 8 7 9 7 2 1]
 - Client 217: [0 4 9 8 6 8 5 5 2 3]
 - Client 218: [7 5 7 7 3 5 1 6 3 6]
 - Client 219: [5 4 7 5 5 1 8 4 6 5]
 - Client 220: [7 4 8 3 2 3 7 3 7 6]
 - Client 221: [3 5 7 3 8 4 9 6 5 0]
 - Client 222: [3 9 7 6 5 1 5 3 6 5]
 - Client 223: [6 3 7 3 7 8 3 5 4 4]
 - Client 224: [6 2 9 4 8 2 1 6 7 5]
 - Client 225: [3 4 4 5 8 4 5 7 5 5]
 - Client 226: [8 7 3 6 3 3 1 8 6 5]
 - Client 227: [8 3 5 8 3 5 4 4 8 2]
 - Client 228: [5 5 5 5 5 2 3 5 7 8]
 - Client 229: [ 7  3  8  4  4  1  3 11  5  4]
 - Client 230: [4 8 3 3 5 5 6 4 6 6]
 - Client 231: [1 3 6 4 9 7 4 6 6 4]
 - Client 232: [10  3  5  5  4  4  3  7  5  4]
 - Client 233: [8 5 5 6 7 3 4 8 2 2]
 - Client 234: [4 4 4 7 5 4 6 4 7 5]
 - Client 235: [6 3 5 1 7 5 5 6 6 6]
 - Client 236: [3 6 6 5 3 7 3 5 8 4]
 - Client 237: [ 4 10  3  3  4  8  2  5  6  5]
 - Client 238: [ 6  7  4 10  3  6  7  0  4  3]
 - Client 239: [2 5 1 8 3 9 7 8 2 5]
 - Client 240: [9 4 8 5 7 3 1 6 3 4]
 - Client 241: [5 2 3 5 6 6 4 6 8 5]
 - Client 242: [2 4 4 8 1 6 4 9 4 8]
 - Client 243: [4 7 5 7 6 4 6 5 1 5]
 - Client 244: [6 2 2 3 8 8 6 6 5 4]
 - Client 245: [2 6 5 8 3 4 6 6 6 4]
 - Client 246: [ 3  4  4  5  3  1  9 11  8  2]
 - Client 247: [7 4 3 4 3 5 6 6 8 4]
 - Client 248: [4 3 9 6 2 5 5 4 5 7]
 - Client 249: [4 5 5 7 5 8 6 3 6 1]
 - Client 250: [4 3 6 3 6 6 8 7 5 2]
 - Client 251: [ 5  3  9  5 10  3  2  3  6  4]
 - Client 252: [3 5 5 3 3 7 4 4 8 8]
 - Client 253: [3 5 5 7 5 3 7 5 4 6]
 - Client 254: [ 3  3  3  4  2  7 10 10  3  5]
 - Client 255: [5 3 3 5 5 3 7 5 7 7]
 - Client 256: [6 7 5 8 3 6 3 6 2 4]
 - Client 257: [6 7 3 6 5 5 3 2 7 6]
 - Client 258: [6 6 7 7 1 6 3 1 5 8]
 - Client 259: [2 8 5 5 5 6 5 9 2 3]
 - Client 260: [5 3 5 5 6 5 6 7 4 4]
 - Client 261: [5 5 4 2 3 4 6 6 9 6]
 - Client 262: [3 6 3 5 8 8 3 3 5 6]
 - Client 263: [5 5 6 7 6 1 4 3 8 5]
 - Client 264: [2 7 3 5 1 7 8 8 4 5]
 - Client 265: [3 6 7 4 6 5 4 6 2 7]
 - Client 266: [2 2 9 8 4 2 3 7 5 8]
 - Client 267: [ 5  6  1  5  7  4 10  5  3  4]
 - Client 268: [ 4  4 12  3  5  4  4  3  8  3]
 - Client 269: [4 3 2 7 5 7 5 7 2 8]
 - Client 270: [ 5  5  3  4  2 10  5  5  3  8]
 - Client 271: [8 5 3 4 8 3 6 4 4 5]
 - Client 272: [ 4  7  2  7  6  4 10  4  4  2]
 - Client 273: [ 6  2  6  1 11  5  3  4  6  6]
 - Client 274: [2 2 9 6 5 8 8 5 4 1]
 - Client 275: [ 4 11  3  4  3  8  2  5  4  6]
 - Client 276: [3 4 4 6 7 5 7 2 6 6]
 - Client 277: [2 9 4 3 5 5 5 6 7 4]
 - Client 278: [6 5 3 6 6 3 3 4 8 6]
 - Client 279: [ 4  3  6 10  7  5  4  4  1  6]
 - Client 280: [2 6 6 5 3 6 6 4 4 8]
 - Client 281: [ 6  7 10  2  3  5  6  5  3  3]
 - Client 282: [ 3  2  4 10  4  4  7  4  6  6]
 - Client 283: [4 6 8 6 5 3 5 7 2 4]
 - Client 284: [7 7 7 9 5 4 1 4 1 5]
 - Client 285: [ 2  5  5  5  6  5  4  5 10  3]
 - Client 286: [8 6 2 4 6 3 5 5 6 5]
 - Client 287: [ 1  6  3  8  3 10  6  3  5  5]
 - Client 288: [4 4 7 6 4 5 5 9 3 3]
 - Client 289: [7 5 2 7 6 4 4 6 4 5]
 - Client 290: [4 5 5 4 6 4 7 4 5 6]
 - Client 291: [ 2  4  7  2  1  4  4  8 10  8]
 - Client 292: [5 3 4 6 6 8 3 6 4 5]
 - Client 293: [4 4 3 9 7 6 5 5 1 6]
 - Client 294: [4 8 5 2 3 6 7 2 9 4]
 - Client 295: [ 4  5  3  3  7  4 12  3  2  7]
 - Client 296: [2 6 6 6 2 7 5 6 1 9]
 - Client 297: [4 4 3 6 4 6 5 4 9 5]
 - Client 298: [8 4 4 3 8 2 5 3 4 9]
 - Client 299: [4 2 4 9 6 2 4 7 5 7]
 - Client 300: [ 3  3  0  2  6 11  7  4  6  8]
 - Client 301: [6 7 1 3 1 6 8 6 4 8]
 - Client 302: [ 4  7  5  7  7  0  3  6 10  1]
 - Client 303: [6 8 3 5 4 2 9 4 1 8]
 - Client 304: [2 5 5 6 3 9 4 4 7 5]
 - Client 305: [11  4  4  8  3  6  1  4  6  3]
 - Client 306: [6 4 6 6 4 4 7 1 6 6]
 - Client 307: [6 5 5 6 5 4 3 4 7 5]
 - Client 308: [3 7 6 5 4 7 8 3 1 6]
 - Client 309: [5 6 5 2 8 5 3 5 7 4]
 - Client 310: [6 6 8 4 4 7 2 4 4 5]
 - Client 311: [ 7  4  5  3 12  4  6  4  2  3]
 - Client 312: [4 7 3 8 2 3 6 8 7 2]
 - Client 313: [7 3 5 2 8 4 5 4 5 7]
 - Client 314: [6 5 3 3 3 6 6 6 6 6]
 - Client 315: [7 6 4 7 7 4 6 0 5 4]
 - Client 316: [2 4 6 8 6 3 6 6 4 5]
 - Client 317: [7 4 8 4 3 7 7 0 7 3]
 - Client 318: [4 7 6 2 5 6 5 3 6 6]
 - Client 319: [3 5 3 7 5 5 9 6 4 3]
 - Client 320: [2 5 7 5 7 7 6 5 3 3]
 - Client 321: [6 5 7 2 6 6 3 5 5 5]
 - Client 322: [3 5 5 7 5 3 5 6 3 8]
 - Client 323: [3 4 6 6 7 4 7 6 4 3]
 - Client 324: [ 6  3  4  1  8 10  2  5  1 10]
 - Client 325: [6 4 7 4 6 4 2 6 3 8]
 - Client 326: [4 4 7 7 2 4 6 5 5 6]
 - Client 327: [6 1 5 6 2 4 4 8 5 9]
 - Client 328: [4 6 4 5 7 3 3 7 4 7]
 - Client 329: [6 2 4 6 9 4 6 7 4 2]
 - Client 330: [3 7 3 5 7 6 4 1 6 8]
 - Client 331: [3 5 6 4 5 8 4 5 7 3]
 - Client 332: [3 7 6 6 4 3 5 7 3 6]
 - Client 333: [7 2 8 4 2 3 4 7 5 8]
 - Client 334: [5 5 4 5 5 6 5 3 8 4]
 - Client 335: [7 7 3 7 2 3 5 5 6 5]
 - Client 336: [6 4 6 6 8 3 3 4 3 7]
 - Client 337: [6 5 3 4 5 4 5 5 5 8]
 - Client 338: [ 2  6 12  1  5  2  5  4  7  6]
 - Client 339: [3 7 9 2 5 6 3 4 6 5]
 - Client 340: [3 5 9 4 5 6 3 9 1 5]
 - Client 341: [6 6 9 6 4 2 4 2 6 5]
 - Client 342: [3 7 5 5 4 5 6 5 5 5]
 - Client 343: [8 5 5 6 3 7 3 5 4 4]
 - Client 344: [3 4 6 4 8 6 4 5 6 4]
 - Client 345: [5 6 8 4 6 3 5 3 4 6]
 - Client 346: [ 5  5  4  8  4  4  3  1 10  6]
 - Client 347: [ 3  6  3  2  5  3  6 10  7  5]
 - Client 348: [2 3 7 3 8 7 4 3 5 8]
 - Client 349: [4 6 6 3 9 6 8 4 1 3]
 - Client 350: [6 5 6 4 2 4 6 6 5 6]
 - Client 351: [7 5 4 6 4 3 6 5 6 4]
 - Client 352: [2 4 8 2 6 6 4 6 6 6]
 - Client 353: [6 5 5 5 1 4 6 5 5 8]
 - Client 354: [7 5 4 9 6 2 8 2 4 3]
 - Client 355: [7 5 3 5 7 5 7 4 3 4]
 - Client 356: [7 3 4 2 2 6 8 2 9 7]
 - Client 357: [5 4 5 8 4 5 1 4 8 6]
 - Client 358: [5 6 5 7 5 4 3 5 7 3]
 - Client 359: [2 5 5 8 3 6 5 4 6 6]
 - Client 360: [4 3 9 5 3 5 2 4 9 6]
 - Client 361: [1 9 3 2 4 7 5 8 5 6]
 - Client 362: [4 4 3 7 7 7 1 6 4 7]
 - Client 363: [ 6  4  3  3  5  8  4 10  6  1]
 - Client 364: [6 8 1 7 7 6 6 2 3 4]
 - Client 365: [2 4 7 6 5 8 4 4 6 4]
 - Client 366: [4 3 4 5 6 8 5 8 2 5]
 - Client 367: [8 7 6 5 7 8 2 3 1 3]
 - Client 368: [ 7  7 11  3  3  4  4  6  3  2]
 - Client 369: [2 5 4 2 7 3 7 5 8 7]
 - Client 370: [5 9 6 9 3 4 0 3 5 6]
 - Client 371: [6 4 7 5 7 2 2 7 5 5]
 - Client 372: [2 6 2 4 5 3 8 6 8 6]
 - Client 373: [5 3 6 6 8 4 3 7 5 3]
 - Client 374: [7 5 5 5 4 9 4 4 5 2]
 - Client 375: [ 6 10  5  7  6  5  2  1  4  4]
 - Client 376: [2 2 6 7 6 4 1 6 9 7]
 - Client 377: [3 5 3 2 4 7 8 6 7 5]
 - Client 378: [5 5 8 3 3 8 2 5 5 6]
 - Client 379: [3 2 9 8 5 3 6 2 5 7]
 - Client 380: [4 7 4 4 5 3 5 3 8 7]
 - Client 381: [4 7 4 2 4 3 9 5 6 6]
 - Client 382: [5 3 6 5 7 4 2 7 6 5]
 - Client 383: [7 4 5 8 1 5 6 1 8 5]
 - Client 384: [7 2 4 9 7 4 6 5 5 1]
 - Client 385: [4 7 3 6 7 3 4 5 6 5]
 - Client 386: [3 5 6 5 5 9 4 3 8 2]
 - Client 387: [4 5 6 5 6 4 9 3 3 5]
 - Client 388: [8 5 8 5 5 6 4 2 5 2]
 - Client 389: [ 5  5 10  3  5  8  2  5  2  5]
 - Client 390: [ 9  2  4 10  3  8  4  6  3  1]
 - Client 391: [3 4 8 6 6 7 5 4 4 3]
 - Client 392: [6 5 1 7 6 6 6 4 6 3]
 - Client 393: [ 6  3  6  5  3  7  1 11  2  6]
 - Client 394: [ 3  4 10  3  7  0  6  3  6  8]
 - Client 395: [ 5  3 11  1  7  8  2  6  2  5]
 - Client 396: [7 7 7 9 4 3 2 4 1 6]
 - Client 397: [3 7 7 6 3 4 9 6 3 2]
 - Client 398: [5 5 7 2 6 4 8 1 6 6]
 - Client 399: [ 3 11  7  4  3  0  5  4  5  8]
 - Client 400: [4 5 5 4 2 4 6 7 6 7]
 - Client 401: [6 7 3 2 5 7 4 5 3 8]
 - Client 402: [ 7  6  4  1  3  5  2  6  3 13]
 - Client 403: [8 6 5 1 6 5 1 9 6 3]
 - Client 404: [ 6  6  5  3  4  3  3 12  1  7]
 - Client 405: [8 2 4 2 8 1 9 5 6 5]
 - Client 406: [5 2 3 6 6 7 5 6 6 4]
 - Client 407: [ 2  9  3 15  4  6  2  1  5  3]
 - Client 408: [9 4 9 2 6 4 4 4 4 4]
 - Client 409: [10  4  7  2  3  5  5  4  6  4]
 - Client 410: [3 8 3 5 3 3 8 4 5 8]
 - Client 411: [2 6 7 7 6 8 5 3 5 1]
 - Client 412: [3 6 2 6 5 2 9 5 9 3]
 - Client 413: [6 5 2 5 4 3 5 6 8 6]
 - Client 414: [2 7 4 6 5 5 7 5 3 6]
 - Client 415: [ 3 12  7  2  2  8  6  6  4  0]
 - Client 416: [7 6 2 5 3 5 1 9 5 7]
 - Client 417: [7 2 1 3 6 8 7 2 9 5]
 - Client 418: [5 4 6 5 5 5 4 5 6 5]
 - Client 419: [5 8 4 3 4 6 6 2 8 4]
 - Client 420: [8 6 3 1 2 5 6 6 6 7]
 - Client 421: [3 8 5 6 6 5 4 3 5 5]
 - Client 422: [ 4  4  2  2 11  5  8  3  8  3]
 - Client 423: [8 6 6 4 6 2 6 3 6 3]
 - Client 424: [2 6 6 1 5 9 7 7 2 5]
 - Client 425: [3 5 5 5 6 7 6 4 4 5]
 - Client 426: [7 4 3 7 6 6 5 3 4 5]
 - Client 427: [ 2  7  5  7  3  3 10  6  3  4]
 - Client 428: [ 5  4  4  7  2  3  4 11  5  5]
 - Client 429: [ 8  1  2  2  7  2  7 13  4  4]
 - Client 430: [5 5 6 5 6 4 6 6 2 5]
 - Client 431: [ 6  6  5  5  2  5  2 10  6  3]
 - Client 432: [ 5  3  9  4 12  3  5  3  2  4]
 - Client 433: [4 5 7 7 1 6 3 5 8 4]
 - Client 434: [3 8 4 4 5 9 5 4 3 5]
 - Client 435: [6 2 6 5 3 8 2 3 6 9]
 - Client 436: [ 6  5 10  5  7  4  2  5  3  3]
 - Client 437: [5 8 2 4 8 8 8 3 1 3]
 - Client 438: [5 7 5 3 3 5 8 6 3 5]
 - Client 439: [7 5 5 4 4 6 3 7 6 3]
 - Client 440: [5 3 4 2 4 7 8 9 0 8]
 - Client 441: [7 5 5 3 7 3 5 7 3 5]
 - Client 442: [ 4 11  2  6  5  1  3  5  7  6]
 - Client 443: [ 4  8  3  0  6  3  6  4 10  6]
 - Client 444: [ 3  5  6  5  2  7  9 10  2  1]
 - Client 445: [6 2 9 6 4 6 3 5 3 6]
 - Client 446: [3 5 8 8 6 3 3 2 5 7]
 - Client 447: [5 5 5 5 7 9 3 5 3 3]
 - Client 448: [4 6 3 5 5 7 3 7 7 3]
 - Client 449: [4 7 6 4 3 9 4 4 6 3]
 - Client 450: [3 6 6 2 7 5 4 7 5 5]
 - Client 451: [8 7 5 7 8 5 3 2 2 3]
 - Client 452: [8 3 5 6 4 6 8 3 3 4]
 - Client 453: [6 6 6 5 2 8 4 9 1 3]
 - Client 454: [4 8 5 5 3 4 2 3 9 7]
 - Client 455: [ 0 10  4  6  6  4  5  5  4  6]
 - Client 456: [6 8 1 3 3 7 9 5 4 4]
 - Client 457: [6 6 9 7 6 2 3 4 2 5]
 - Client 458: [5 4 4 5 3 5 4 7 9 4]
 - Client 459: [9 4 3 5 2 5 3 3 9 7]
 - Client 460: [7 5 7 3 5 3 6 4 6 4]
 - Client 461: [4 3 3 8 8 3 8 3 5 5]
 - Client 462: [5 8 6 4 6 6 3 6 3 3]
 - Client 463: [5 8 4 4 5 6 5 3 6 4]
 - Client 464: [4 7 6 4 6 5 4 4 2 8]
 - Client 465: [6 2 5 9 5 7 3 3 4 6]
 - Client 466: [8 4 5 6 4 2 6 2 7 6]
 - Client 467: [ 5  9  3  4  1 10  4  6  4  4]
 - Client 468: [6 2 5 4 5 5 5 5 4 9]
 - Client 469: [2 6 4 4 6 7 6 4 8 3]
 - Client 470: [13  4  4  5  4  2  3  2  7  6]
 - Client 471: [6 3 6 5 6 5 5 6 6 2]
 - Client 472: [ 5  4  5  5  4  2 11  4  6  4]
 - Client 473: [ 2  8  5  4  7 10  3  6  1  4]
 - Client 474: [4 3 6 4 5 3 6 6 5 8]
 - Client 475: [4 3 5 9 6 3 6 3 3 8]
 - Client 476: [1 9 6 6 5 3 5 7 3 5]
 - Client 477: [8 1 8 4 4 5 5 7 3 5]
 - Client 478: [5 4 9 5 7 3 5 5 2 5]
 - Client 479: [9 4 3 7 4 2 5 4 6 6]
 - Client 480: [6 5 7 8 3 5 6 1 5 4]
 - Client 481: [ 3 11  6  6  7  6  3  1  5  2]
 - Client 482: [5 2 8 3 7 2 6 3 9 5]
 - Client 483: [3 8 4 2 9 3 8 4 3 6]
 - Client 484: [ 5  4  7  4  2  3  4  8  3 10]
 - Client 485: [5 7 5 6 4 1 5 3 7 7]
 - Client 486: [4 6 5 6 6 7 7 2 4 3]
 - Client 487: [6 5 5 3 6 5 1 5 8 6]
 - Client 488: [5 6 4 6 5 4 5 3 3 9]
 - Client 489: [ 7  4  7  2  5  1  6  4  4 10]
 - Client 490: [6 3 6 3 7 7 4 3 6 5]
 - Client 491: [7 6 6 5 8 0 5 2 5 6]
 - Client 492: [5 5 5 3 5 5 6 3 6 7]
 - Client 493: [7 6 6 3 6 7 7 2 3 3]
 - Client 494: [5 4 3 5 7 3 3 5 9 6]
 - Client 495: [3 4 1 7 5 4 9 4 6 7]
 - Client 496: [6 5 8 3 6 2 4 6 5 5]
 - Client 497: [ 1  6 10  4  7  6  4  5  2  5]
 - Client 498: [5 5 4 4 4 3 8 8 5 4]
 - Client 499: [4 7 4 4 3 4 8 4 7 5]
 - Client 500: [6 4 6 5 3 6 4 4 3 9]
 - Client 501: [5 3 3 5 5 6 8 5 7 3]
 - Client 502: [6 3 3 8 4 5 1 7 7 6]
 - Client 503: [5 5 6 8 6 5 5 5 1 4]
 - Client 504: [5 2 8 2 5 5 4 4 8 7]
 - Client 505: [2 5 4 8 9 4 5 1 7 5]
 - Client 506: [6 5 5 5 5 3 7 5 3 6]
 - Client 507: [3 7 4 4 5 5 4 7 6 5]
 - Client 508: [ 3  5  2 10  3  5 10  4  7  1]
 - Client 509: [1 7 8 4 7 2 7 4 6 4]
 - Client 510: [7 4 2 2 2 5 6 5 8 9]
 - Client 511: [3 3 5 5 9 8 8 4 3 2]
 - Client 512: [3 3 4 6 7 7 3 6 5 6]
 - Client 513: [4 4 7 2 2 2 9 9 7 4]
 - Client 514: [6 6 5 5 4 3 5 5 5 6]
 - Client 515: [10  4  8  4  1  4  6  5  2  6]
 - Client 516: [5 2 6 3 8 7 5 7 3 4]
 - Client 517: [9 5 6 3 2 6 2 7 5 5]
 - Client 518: [10  3  7  3  8  4  4  7  2  2]
 - Client 519: [5 6 4 2 4 7 5 6 7 4]
 - Client 520: [5 5 4 8 6 6 5 2 7 2]
 - Client 521: [4 7 5 2 3 6 7 5 3 8]
 - Client 522: [8 6 4 5 3 6 3 4 4 7]
 - Client 523: [3 2 5 9 3 3 8 7 2 8]
 - Client 524: [3 4 8 6 5 7 3 6 4 4]
 - Client 525: [9 7 5 4 3 3 4 7 5 3]
 - Client 526: [1 6 8 7 3 7 3 6 5 4]
 - Client 527: [6 9 7 3 6 6 2 2 2 7]
 - Client 528: [6 4 5 4 8 4 6 4 6 3]
 - Client 529: [4 4 5 6 5 7 4 5 4 6]
 - Client 530: [4 3 3 5 8 4 5 7 6 5]
 - Client 531: [2 5 5 5 6 6 8 2 7 4]
 - Client 532: [3 3 5 9 6 5 5 5 4 5]
 - Client 533: [4 7 4 3 6 5 5 8 2 6]
 - Client 534: [ 1  4  4 10  5  7  7  4  5  3]
 - Client 535: [ 2  4 11  3  4  3  4  8  4  7]
 - Client 536: [8 4 8 3 4 4 7 5 4 3]
 - Client 537: [3 7 5 3 3 5 7 5 5 7]
 - Client 538: [3 7 5 7 6 4 7 3 4 4]
 - Client 539: [4 4 4 6 6 9 4 8 3 2]
 - Client 540: [7 3 6 4 4 4 3 5 8 6]
 - Client 541: [8 6 4 6 3 6 6 4 2 5]
 - Client 542: [3 5 8 0 4 8 6 8 5 3]
 - Client 543: [6 9 2 5 4 7 3 6 2 6]
 - Client 544: [9 7 4 4 9 1 2 3 6 5]
 - Client 545: [9 6 4 3 5 7 5 3 2 6]
 - Client 546: [4 9 5 4 6 3 5 3 6 5]
 - Client 547: [4 5 2 5 6 6 5 8 5 4]
 - Client 548: [6 3 3 8 8 6 3 5 5 3]
 - Client 549: [6 6 4 6 3 6 6 3 9 1]
 - Client 550: [1 4 3 8 5 6 8 8 4 3]
 - Client 551: [ 8  4  3  2  8 10  5  3  4  3]
 - Client 552: [3 4 8 2 3 8 7 4 7 4]
 - Client 553: [4 7 5 1 5 5 5 6 7 5]
 - Client 554: [4 2 6 5 4 8 8 4 4 5]
 - Client 555: [2 6 7 1 5 2 9 6 8 4]
 - Client 556: [9 6 5 4 4 6 3 2 7 4]
 - Client 557: [8 4 3 4 6 5 6 3 3 8]
 - Client 558: [5 8 7 7 6 7 2 2 3 3]
 - Client 559: [0 2 7 5 6 2 8 8 6 6]
 - Client 560: [7 6 3 2 3 6 6 6 6 5]
 - Client 561: [2 5 5 9 8 5 6 4 2 4]
 - Client 562: [6 7 3 8 3 2 5 3 5 8]
 - Client 563: [6 5 5 5 3 7 2 4 4 9]
 - Client 564: [5 5 5 5 6 8 4 3 5 4]
 - Client 565: [5 2 8 5 7 4 5 2 3 9]
 - Client 566: [4 4 5 5 2 7 5 3 7 8]
 - Client 567: [6 1 3 9 7 9 3 4 5 3]
 - Client 568: [5 5 9 5 2 7 2 8 4 3]
 - Client 569: [3 6 3 6 5 7 6 3 2 9]
 - Client 570: [7 6 5 7 3 3 4 3 8 4]
 - Client 571: [2 8 6 5 8 3 4 4 3 7]
 - Client 572: [4 4 7 2 5 4 7 5 3 9]
 - Client 573: [3 3 7 5 6 6 4 7 5 4]
 - Client 574: [3 6 4 6 5 1 8 6 5 6]
 - Client 575: [3 4 6 6 5 8 4 6 3 5]
 - Client 576: [3 5 6 3 4 5 8 5 7 4]
 - Client 577: [5 3 4 8 5 8 4 4 5 4]
 - Client 578: [ 6  4  2  4  1  6  6 11  2  8]
 - Client 579: [6 5 4 3 4 4 6 6 8 4]
 - Client 580: [11  4  5  4  3  3  4  3  7  6]
 - Client 581: [6 3 4 6 4 4 7 8 2 6]
 - Client 582: [6 6 4 5 6 3 6 4 6 4]
 - Client 583: [9 3 2 2 6 3 7 6 6 6]
 - Client 584: [ 4 11  6  6  1  4  3  7  4  4]
 - Client 585: [ 6  4  8  4  2  3  1  5 10  7]
 - Client 586: [12  5  3  7  7  3  3  5  5  0]
 - Client 587: [6 3 2 7 5 6 4 7 6 4]
 - Client 588: [5 8 3 7 4 3 5 8 5 2]
 - Client 589: [ 3  4  5  5  6 11  6  6  3  1]
 - Client 590: [8 4 4 5 6 7 6 0 6 4]
 - Client 591: [7 6 8 7 5 6 1 4 5 1]
 - Client 592: [4 6 6 4 1 6 3 7 6 7]
 - Client 593: [5 7 4 6 5 8 2 2 6 5]
 - Client 594: [3 3 5 9 8 3 2 6 5 6]
 - Client 595: [ 6 10  3  7  4  3  6  3  4  4]
 - Client 596: [7 7 1 7 4 6 5 4 4 5]
 - Client 597: [4 4 5 5 3 6 7 5 5 6]
 - Client 598: [9 9 4 4 6 2 5 2 6 3]
 - Client 599: [2 5 6 4 6 7 6 4 7 3]
 - Client 600: [5 6 5 8 7 4 4 3 4 4]
 - Client 601: [7 3 5 7 6 6 5 1 8 2]
 - Client 602: [5 7 6 7 5 6 3 4 5 2]
 - Client 603: [6 4 5 8 5 4 5 3 7 3]
 - Client 604: [1 4 9 6 5 6 1 7 6 5]
 - Client 605: [5 3 7 6 9 2 4 3 6 5]
 - Client 606: [5 6 5 6 2 6 5 3 5 7]
 - Client 607: [7 6 2 7 3 4 6 4 7 4]
 - Client 608: [7 1 4 3 6 7 6 7 4 5]
 - Client 609: [ 4  3  3  4  5  4  7  3 12  5]
 - Client 610: [9 3 5 8 4 6 5 3 3 4]
 - Client 611: [2 5 4 6 6 7 6 7 4 3]
 - Client 612: [5 1 8 5 5 4 6 2 7 7]
 - Client 613: [4 2 2 7 6 5 9 5 4 6]
 - Client 614: [6 5 6 7 5 3 5 5 0 8]
 - Client 615: [3 5 5 5 6 5 5 5 7 4]
 - Client 616: [ 3  1  6  2  8  4  3  5  8 10]
 - Client 617: [2 6 2 4 7 3 9 7 7 3]
 - Client 618: [5 6 5 6 4 6 5 3 7 3]
 - Client 619: [4 3 5 1 7 5 7 5 7 6]
 - Client 620: [1 7 7 3 7 5 5 5 7 3]
 - Client 621: [7 4 4 6 7 0 6 7 5 4]
 - Client 622: [5 2 4 6 4 5 9 6 4 5]
 - Client 623: [3 5 5 5 4 6 6 5 4 7]
 - Client 624: [2 8 3 6 6 4 5 3 6 7]
 - Client 625: [3 8 8 5 2 2 3 8 7 4]
 - Client 626: [4 4 7 5 2 2 7 4 7 8]
 - Client 627: [7 4 4 6 3 4 9 6 6 1]
 - Client 628: [8 5 8 5 6 2 4 5 5 2]
 - Client 629: [1 9 7 8 7 4 5 3 3 3]
 - Client 630: [ 6  1  3  5  6  7  2  4 12  4]
 - Client 631: [ 3  4  3  1  5  5 10  7  8  4]
 - Client 632: [8 2 7 3 4 1 6 6 6 7]
 - Client 633: [3 3 4 6 8 5 3 5 6 7]
 - Client 634: [5 8 4 5 8 4 4 1 3 8]
 - Client 635: [7 5 2 2 6 7 3 8 4 6]
 - Client 636: [6 6 5 5 4 3 6 5 4 6]
 - Client 637: [9 7 7 4 6 1 4 3 5 4]
 - Client 638: [8 8 5 3 6 5 3 2 3 7]
 - Client 639: [ 2  7  7  4 10  2  6  3  3  6]
 - Client 640: [ 1  7  2  3  5  5 13  8  2  4]
 - Client 641: [4 6 9 5 8 5 2 2 8 1]
 - Client 642: [2 6 3 8 5 7 5 4 6 4]
 - Client 643: [9 6 3 2 8 6 3 7 1 5]
 - Client 644: [5 4 5 5 3 4 9 3 5 7]
 - Client 645: [3 9 8 6 2 5 4 5 4 4]
 - Client 646: [1 8 9 9 2 5 4 4 4 4]
 - Client 647: [ 3  4 12  6  7  1  5  2  7  3]
 - Client 648: [ 4 12  6  5  1  4  5  5  5  3]
 - Client 649: [ 6  4 10  7  7  4  4  1  5  2]
 - Client 650: [4 1 8 6 6 4 6 6 5 4]
 - Client 651: [3 5 6 9 4 5 9 5 2 2]
 - Client 652: [10  2  2  5  5  2  4  7  4  9]
 - Client 653: [5 9 6 4 4 4 6 5 2 5]
 - Client 654: [7 2 7 2 4 7 4 9 4 4]
 - Client 655: [10  2  3  7  7  6  4  3  3  5]
 - Client 656: [ 6  3  4  3  7  5  3  2 10  7]
 - Client 657: [ 6  5  6  3  3  3 10  3  3  8]
 - Client 658: [ 7  4  7  4  3  2  6 10  5  2]
 - Client 659: [ 6  4  4  4  4  8  2  3  5 10]
 - Client 660: [4 5 2 2 8 4 3 7 8 7]
 - Client 661: [8 3 3 8 5 3 5 4 6 5]
 - Client 662: [ 5  8 10  3  8  2  6  4  2  2]
 - Client 663: [6 3 7 7 7 3 2 8 2 5]
 - Client 664: [3 6 4 7 4 6 6 4 3 7]
 - Client 665: [6 2 4 3 6 5 5 6 6 7]
 - Client 666: [4 4 7 8 8 4 5 3 5 2]
 - Client 667: [ 4  6  4  8 10  3  3  4  1  7]
 - Client 668: [3 6 4 4 2 7 7 5 3 9]
 - Client 669: [5 7 7 5 5 2 3 5 8 3]
 - Client 670: [8 3 6 3 3 6 8 5 5 3]
 - Client 671: [ 5  4 10  4  3  3  5  4  8  4]
 - Client 672: [1 4 5 7 4 7 7 7 7 1]
 - Client 673: [5 4 5 8 4 4 4 7 3 6]
 - Client 674: [ 3  3 10  6  4  2  4  7  5  6]
 - Client 675: [4 6 3 7 7 5 4 3 3 8]
 - Client 676: [6 7 5 3 6 5 2 8 5 3]
 - Client 677: [9 3 8 4 9 3 2 7 3 2]
 - Client 678: [6 2 6 0 5 8 7 7 6 3]
 - Client 679: [2 6 6 4 6 6 5 3 9 3]
 - Client 680: [2 9 4 5 5 3 6 3 5 8]
 - Client 681: [5 5 9 2 3 3 6 9 4 4]
 - Client 682: [8 4 5 4 5 6 5 4 5 4]
 - Client 683: [0 5 2 9 3 5 8 7 4 7]
 - Client 684: [10  3  3  6  7  3  8  3  6  1]
 - Client 685: [ 3  4  6 10  3  5  5  6  3  5]
 - Client 686: [9 3 5 6 2 3 7 2 4 9]
 - Client 687: [ 5 11  6  5  3  4  4  4  0  8]
 - Client 688: [7 4 3 7 6 3 6 7 4 3]
 - Client 689: [5 5 7 4 2 2 7 6 7 5]
 - Client 690: [ 6  1  4  4  5  5 10  4  6  5]
 - Client 691: [3 5 6 6 8 3 1 4 5 9]
 - Client 692: [3 5 4 6 5 7 2 7 3 8]
 - Client 693: [4 6 4 7 4 3 8 8 4 2]
 - Client 694: [7 2 2 4 6 7 8 2 7 5]
 - Client 695: [2 5 7 4 8 5 5 5 6 3]
 - Client 696: [3 7 6 4 5 6 5 3 5 6]
 - Client 697: [1 5 4 8 7 6 4 5 6 4]
 - Client 698: [ 3 10  4  7 10  3  4  3  3  3]
 - Client 699: [2 6 3 5 4 7 5 7 4 7]
 - Client 700: [2 3 7 7 6 4 8 4 5 4]
 - Client 701: [8 4 6 7 4 4 5 2 4 6]
 - Client 702: [7 8 5 5 3 2 6 8 0 6]
 - Client 703: [5 3 4 4 5 6 7 4 9 3]
 - Client 704: [5 4 2 5 7 6 3 6 7 5]
 - Client 705: [3 6 2 6 6 7 3 6 6 5]
 - Client 706: [10  7  5  3  3  0  9  6  5  2]
 - Client 707: [ 5  4  6  2  4  3  6  5  5 10]
 - Client 708: [5 4 2 5 4 3 7 6 6 8]
 - Client 709: [2 6 6 4 3 5 7 7 7 3]
 - Client 710: [3 4 5 7 3 3 7 7 6 5]
 - Client 711: [7 6 2 5 3 9 5 3 4 6]
 - Client 712: [6 6 4 1 6 5 5 3 6 8]
 - Client 713: [3 3 6 6 3 7 5 7 6 4]
 - Client 714: [4 7 3 7 2 5 6 4 7 5]
 - Client 715: [ 4  5  3  4  7 14  3  2  4  4]
 - Client 716: [4 6 6 8 4 7 6 3 2 4]
 - Client 717: [5 3 3 5 4 8 8 5 4 5]
 - Client 718: [8 8 5 3 7 2 3 2 7 5]
 - Client 719: [5 2 6 5 8 5 2 6 4 7]
 - Client 720: [ 7  6  3  3  7  1  4  4 11  4]
 - Client 721: [5 8 4 7 2 4 6 3 5 6]
 - Client 722: [5 4 4 5 5 5 2 3 9 8]
 - Client 723: [8 3 6 5 3 4 4 2 8 7]
 - Client 724: [7 6 6 4 3 8 5 4 4 3]
 - Client 725: [7 7 5 4 4 7 6 3 3 4]
 - Client 726: [9 5 1 2 4 5 5 6 4 9]
 - Client 727: [9 6 1 5 4 3 5 4 7 6]
 - Client 728: [6 3 4 5 9 3 7 3 5 5]
 - Client 729: [2 8 8 6 0 5 6 5 4 6]
 - Client 730: [ 5  2  5 10  9  4  3  5  3  4]
 - Client 731: [7 6 5 4 8 6 4 6 3 1]
 - Client 732: [6 2 3 9 3 6 3 5 6 7]
 - Client 733: [ 1  3  8  7 12  2  1  3  8  5]
 - Client 734: [ 5  6  3  2  4  6  3  2  8 11]
 - Client 735: [6 5 2 4 8 5 5 6 5 4]
 - Client 736: [ 7 10  3  3  3  7  1  6  5  5]
 - Client 737: [7 4 3 7 6 5 3 2 8 5]
 - Client 738: [4 5 5 5 4 5 4 8 4 6]
 - Client 739: [5 6 9 5 4 5 3 2 4 7]
 - Client 740: [4 4 3 6 8 7 4 5 6 3]
 - Client 741: [ 5  4  3  6  6 10  5  4  3  4]
 - Client 742: [ 6 10  5  4  5  5  2  3  4  6]
 - Client 743: [5 6 8 3 8 6 2 3 5 4]
 - Client 744: [9 5 1 6 6 7 6 4 2 4]
 - Client 745: [5 1 4 5 4 6 7 6 3 9]
 - Client 746: [ 3  6  6 10  4  6  6  3  6  0]
 - Client 747: [7 4 2 4 6 3 9 3 7 5]
 - Client 748: [7 6 6 3 4 5 3 8 5 3]
 - Client 749: [ 3 10  5  3  5  5  3 11  3  2]
 - Client 750: [4 7 4 5 3 4 5 6 9 3]
 - Client 751: [4 1 9 4 6 7 3 5 2 9]
 - Client 752: [3 5 8 8 7 2 7 2 2 6]
 - Client 753: [ 5  3  5  5  7  2  2 10  9  2]
 - Client 754: [3 5 3 7 6 5 6 2 6 7]
 - Client 755: [5 8 7 4 4 4 6 2 7 3]
 - Client 756: [4 5 7 3 6 7 7 3 7 1]
 - Client 757: [4 7 2 4 7 5 8 1 5 7]
 - Client 758: [ 6  4  4  5  2  9  4  4  1 11]
 - Client 759: [5 9 5 5 4 3 6 3 4 6]
 - Client 760: [ 8  5  3  4 10  4  6  7  1  2]
 - Client 761: [ 3  4 10  5  6  6  4  2  6  4]
 - Client 762: [8 7 4 2 7 1 6 5 6 4]
 - Client 763: [5 1 3 6 6 4 8 9 2 6]
 - Client 764: [7 3 1 4 8 9 3 6 3 6]
 - Client 765: [0 5 8 3 7 6 9 3 4 5]
 - Client 766: [7 7 3 1 5 4 2 8 6 7]
 - Client 767: [3 4 5 4 6 3 7 7 6 5]
 - Client 768: [5 6 7 2 3 9 4 6 3 5]
 - Client 769: [8 2 3 6 3 5 8 6 4 5]
 - Client 770: [2 6 1 5 9 4 4 6 5 8]
 - Client 771: [4 7 5 2 4 5 8 5 2 8]
 - Client 772: [2 8 6 4 5 5 5 6 5 4]
 - Client 773: [0 7 4 9 1 7 6 6 6 4]
 - Client 774: [ 5  6  4  2 10  6  2  7  5  3]
 - Client 775: [4 4 4 6 9 4 6 4 1 8]
 - Client 776: [ 6  6  5  3  3 10  5  5  2  5]
 - Client 777: [9 2 2 6 6 5 3 3 7 7]
 - Client 778: [7 1 7 5 6 5 6 8 2 3]
 - Client 779: [6 4 4 8 3 5 3 5 6 6]
 - Client 780: [11  2  4  1  4  9  5  8  1  5]
 - Client 781: [8 1 7 7 2 5 5 4 5 6]
 - Client 782: [7 4 3 3 5 8 3 5 3 9]
 - Client 783: [ 6  2  6  3 12  5  5  2  3  6]
 - Client 784: [7 5 6 4 6 4 5 2 7 4]
 - Client 785: [ 3  2  2  6  5  2  6 11  7  6]
 - Client 786: [6 5 4 4 3 5 6 6 2 9]
 - Client 787: [5 7 4 4 6 1 7 7 4 5]
 - Client 788: [5 5 1 9 5 4 9 3 5 4]
 - Client 789: [ 5  3  4  8  4  4 10  3  5  4]
 - Client 790: [ 4  7 11  3  4  2  5  8  1  5]
 - Client 791: [1 7 6 7 6 7 2 2 5 7]
 - Client 792: [2 3 8 7 7 6 5 3 6 3]
 - Client 793: [5 8 5 2 6 2 7 2 5 8]
 - Client 794: [6 3 8 3 2 6 8 3 7 4]
 - Client 795: [6 3 7 5 4 3 4 6 5 7]
 - Client 796: [6 5 6 5 4 6 6 2 5 5]
 - Client 797: [4 5 5 7 4 6 3 7 4 5]
 - Client 798: [8 7 2 5 3 4 7 5 3 6]
 - Client 799: [ 3  4  5  4  8  6  3  3 10  4]
 - Client 800: [7 6 4 4 3 8 3 1 5 9]
 - Client 801: [3 5 5 6 8 5 4 3 6 5]
 - Client 802: [4 6 2 4 5 5 6 4 7 7]
 - Client 803: [7 3 5 4 3 6 5 4 7 6]
 - Client 804: [4 7 2 4 7 7 3 8 5 3]
 - Client 805: [ 4 10  2  6  3  5  7  4  4  5]
 - Client 806: [4 6 2 2 9 5 7 7 4 4]
 - Client 807: [6 9 2 2 7 2 5 7 5 5]
 - Client 808: [6 5 4 4 5 6 7 3 5 5]
 - Client 809: [5 7 1 4 6 4 6 3 7 7]
 - Client 810: [ 7  5  4  4  4  3  4  4 11  4]
 - Client 811: [ 4  8  4  4  2  9 11  3  2  3]
 - Client 812: [7 5 3 8 2 3 3 9 6 4]
 - Client 813: [4 4 5 5 4 5 4 5 9 5]
 - Client 814: [6 8 4 6 1 8 3 7 2 5]
 - Client 815: [3 6 5 6 2 6 6 6 7 3]
 - Client 816: [4 1 7 7 7 6 0 4 8 6]
 - Client 817: [ 2  5  5  4  4  6  1 10  8  5]
 - Client 818: [6 9 5 6 2 5 4 6 5 2]
 - Client 819: [8 4 5 3 5 4 5 7 5 4]
 - Client 820: [ 6  3  3  5  5  7  2 10  6  3]
 - Client 821: [6 4 4 5 6 3 6 9 6 1]
 - Client 822: [ 2  6  8  4 10  5  3  4  2  6]
 - Client 823: [6 5 3 5 6 4 3 7 6 5]
 - Client 824: [4 8 8 5 4 3 2 4 5 7]
 - Client 825: [3 4 3 7 5 6 2 6 6 8]
 - Client 826: [5 5 7 3 3 4 7 8 1 7]
 - Client 827: [5 3 8 4 5 4 4 5 6 6]
 - Client 828: [9 3 8 3 2 4 5 4 7 5]
 - Client 829: [1 8 4 6 2 4 5 8 5 7]
 - Client 830: [4 3 6 5 4 5 4 8 5 6]
 - Client 831: [7 4 5 5 5 4 5 4 8 3]
 - Client 832: [3 7 5 3 5 7 9 5 3 3]
 - Client 833: [3 1 8 5 8 2 2 6 9 6]
 - Client 834: [5 4 5 2 7 3 8 6 4 6]
 - Client 835: [5 3 6 5 4 6 3 8 6 4]
 - Client 836: [ 7  3  5 10  5  3  3  2  8  4]
 - Client 837: [6 7 5 6 4 4 3 5 5 5]
 - Client 838: [4 5 6 5 2 9 2 8 6 3]
 - Client 839: [5 3 9 4 9 3 4 4 3 6]
 - Client 840: [7 9 5 6 2 6 3 5 5 2]
 - Client 841: [3 6 4 3 6 3 5 7 9 4]
 - Client 842: [7 6 6 5 6 3 5 3 7 2]
 - Client 843: [ 7  5  2 10  4  8  4  4  5  1]
 - Client 844: [ 6  8  4  2  2 11  5  3  5  4]
 - Client 845: [ 4  3 11  6  4  4  4  7  1  6]
 - Client 846: [11  2  6  9  2  4  5  0  8  3]
 - Client 847: [ 4  5  4  6  5  4 11  4  3  4]
 - Client 848: [9 4 6 2 6 5 2 4 5 7]
 - Client 849: [4 5 4 4 8 5 9 2 4 5]
 - Client 850: [ 7  8  5  3  3 10  3  4  5  2]
 - Client 851: [3 5 7 7 5 2 6 6 5 4]
 - Client 852: [4 7 6 4 3 5 3 7 7 4]
 - Client 853: [6 4 6 5 4 6 4 9 4 2]
 - Client 854: [ 6  4  4  3  2  7  4  6  4 10]
 - Client 855: [8 3 4 6 4 4 4 5 5 7]
 - Client 856: [0 6 5 5 5 9 6 3 4 7]
 - Client 857: [6 4 5 4 6 5 3 7 4 6]
 - Client 858: [4 7 4 8 1 2 5 5 8 6]
 - Client 859: [9 8 5 3 3 5 1 3 8 5]
 - Client 860: [7 4 3 2 5 5 6 6 6 6]
 - Client 861: [3 3 6 5 6 4 3 9 7 4]
 - Client 862: [9 5 8 4 6 2 2 2 6 6]
 - Client 863: [ 3  6  3 10  3  5  2  8  6  4]
 - Client 864: [8 5 5 1 3 5 5 7 9 2]
 - Client 865: [ 5  4  6  3 10  6  5  4  5  2]
 - Client 866: [3 6 3 9 3 5 6 9 2 4]
 - Client 867: [7 3 3 6 5 4 7 8 1 6]
 - Client 868: [5 3 4 4 6 5 4 5 9 5]
 - Client 869: [10  5  0  4  5  3  5  6  7  5]
 - Client 870: [4 4 7 2 5 4 6 8 4 6]
 - Client 871: [3 7 7 4 8 7 5 5 3 1]
 - Client 872: [4 7 5 2 6 7 3 6 4 6]
 - Client 873: [1 5 6 8 3 9 7 1 5 5]
 - Client 874: [5 8 4 6 3 6 4 4 7 3]
 - Client 875: [ 4  5  3  7  4 11  5  3  3  5]
 - Client 876: [4 6 3 7 5 4 4 8 5 4]
 - Client 877: [6 5 3 5 3 5 6 5 5 7]
 - Client 878: [4 5 9 5 5 2 7 4 2 7]
 - Client 879: [2 5 5 9 4 5 6 5 5 4]
 - Client 880: [ 4  3  6  3  8  5  5 10  4  2]
 - Client 881: [7 2 4 5 3 8 7 5 6 3]
 - Client 882: [4 2 8 7 6 3 4 5 6 5]
 - Client 883: [7 4 6 5 5 4 3 5 3 8]
 - Client 884: [ 3  7  7  1  4  4  3 10  7  4]
 - Client 885: [6 5 3 9 3 6 5 5 4 4]
 - Client 886: [6 9 2 8 6 3 5 4 3 4]
 - Client 887: [ 6  3  6  2 10  4  5  9  2  3]
 - Client 888: [3 4 3 7 4 6 5 7 7 4]
 - Client 889: [6 5 4 7 3 5 3 6 7 4]
 - Client 890: [6 3 6 4 7 5 2 3 9 5]
 - Client 891: [5 7 4 6 7 2 5 6 6 2]
 - Client 892: [9 7 5 3 5 1 3 9 3 5]
 - Client 893: [ 3  4  2  8  6  2  6  5 13  1]
 - Client 894: [5 7 5 7 3 5 4 5 4 5]
 - Client 895: [ 6  5 12  1  5  6  6  2  3  4]
 - Client 896: [6 5 5 3 1 6 9 4 9 2]
 - Client 897: [ 3  4  4  5  2  6  7  3  4 12]
 - Client 898: [6 9 4 3 5 7 6 5 3 2]
 - Client 899: [2 8 3 6 5 5 6 5 6 4]
 - Client 900: [9 7 7 4 3 4 5 6 2 3]
 - Client 901: [6 4 3 6 7 7 2 9 3 3]
 - Client 902: [10  4  1  5  7  5  5  2  5  6]
 - Client 903: [8 6 7 2 3 5 3 5 3 8]
 - Client 904: [4 6 4 2 5 6 3 7 7 6]
 - Client 905: [9 7 3 7 6 3 2 4 6 3]
 - Client 906: [6 1 3 6 7 7 2 6 7 5]
 - Client 907: [6 6 2 6 5 9 4 4 6 2]
 - Client 908: [ 4 10  5  7  1  8  6  2  3  4]
 - Client 909: [6 8 4 7 3 4 8 2 6 2]
 - Client 910: [4 4 7 2 3 7 4 5 9 5]
 - Client 911: [6 3 5 5 9 3 3 6 5 5]
 - Client 912: [5 5 3 6 3 3 6 5 6 8]
 - Client 913: [5 6 6 4 7 5 5 3 4 5]
 - Client 914: [4 2 5 5 6 6 7 7 3 5]
 - Client 915: [7 4 7 4 6 7 3 2 5 5]
 - Client 916: [7 8 7 5 5 3 3 5 5 2]
 - Client 917: [7 9 6 5 5 4 1 8 4 1]
 - Client 918: [7 4 4 5 7 7 4 5 1 6]
 - Client 919: [4 4 5 4 3 2 7 6 8 7]
 - Client 920: [4 4 3 3 5 8 9 6 3 5]
 - Client 921: [2 1 2 6 8 8 5 3 9 6]
 - Client 922: [8 8 3 5 3 5 3 4 8 3]
 - Client 923: [5 3 6 5 8 6 4 6 4 3]
 - Client 924: [10  4  2  7  6  5  2  4  6  4]
 - Client 925: [3 7 4 5 5 8 7 3 3 5]
 - Client 926: [6 4 3 6 5 5 3 6 4 8]
 - Client 927: [3 9 5 5 4 4 5 6 3 6]
 - Client 928: [6 3 9 3 7 1 6 6 2 7]
 - Client 929: [1 7 7 6 6 6 4 7 2 4]
 - Client 930: [4 4 4 7 6 7 4 7 3 4]
 - Client 931: [ 2  1  5  5  4  8  7  3 10  5]
 - Client 932: [4 7 6 3 6 6 6 7 2 3]
 - Client 933: [3 6 2 8 5 5 9 1 4 7]
 - Client 934: [ 6  2  5  7 10  7  3  4  2  4]
 - Client 935: [ 8  6  4  5  7  4 10  2  3  1]
 - Client 936: [11  2  7  4  3  4  3  3  6  7]
 - Client 937: [3 7 4 7 7 9 2 2 4 5]
 - Client 938: [1 1 3 9 5 6 4 9 7 5]
 - Client 939: [6 0 7 6 7 8 3 0 6 7]
 - Client 940: [4 6 4 5 4 5 7 7 3 5]
 - Client 941: [ 6  1 10  4  5  6  5  5  2  6]
 - Client 942: [ 3  2 10  4  5  5  4  6  7  4]
 - Client 943: [5 3 6 6 7 3 5 6 3 6]
 - Client 944: [3 4 4 6 6 3 7 3 6 8]
 - Client 945: [7 7 1 7 3 4 7 6 5 3]
 - Client 946: [5 4 5 6 5 6 9 5 3 2]
 - Client 947: [7 5 5 6 1 5 6 5 4 6]
 - Client 948: [ 3  5  3  5 10  2  8  4  2  8]
 - Client 949: [ 8  4  3  2  6  2 10  2  7  6]
 - Client 950: [8 0 7 2 4 7 6 9 3 4]
 - Client 951: [2 2 4 6 5 2 9 4 8 8]
 - Client 952: [5 4 5 6 2 3 3 9 6 7]
 - Client 953: [7 4 4 5 6 3 5 3 7 6]
 - Client 954: [7 3 6 4 3 7 6 3 6 5]
 - Client 955: [ 3 10  3  8  3  5  3  6  6  3]
 - Client 956: [2 9 6 6 3 5 0 6 5 8]
 - Client 957: [ 5  4  4  6  4  3  4 11  4  5]
 - Client 958: [3 4 6 5 7 1 5 5 6 8]
 - Client 959: [4 4 5 5 4 8 4 4 5 7]
 - Client 960: [8 6 7 3 6 4 3 3 7 3]
 - Client 961: [ 2  3  7  3  6  5 12  3  4  5]
 - Client 962: [4 7 5 7 4 4 3 2 7 7]
 - Client 963: [6 4 4 7 4 1 6 5 8 5]
 - Client 964: [5 2 7 5 7 3 8 4 5 4]
 - Client 965: [6 4 8 3 2 4 4 6 5 8]
 - Client 966: [8 5 9 5 6 2 8 2 1 4]
 - Client 967: [6 5 8 3 5 3 8 3 3 6]
 - Client 968: [ 4  5  3  5  2  9  5 10  3  4]
 - Client 969: [8 8 5 6 2 3 5 3 8 2]
 - Client 970: [4 4 4 9 5 3 8 5 4 4]
 - Client 971: [6 3 9 4 5 5 3 1 7 7]
 - Client 972: [7 2 5 6 7 5 5 5 4 4]
 - Client 973: [4 7 6 4 5 5 5 6 6 2]
 - Client 974: [5 4 8 3 5 7 5 4 5 4]
 - Client 975: [3 7 5 7 4 3 5 7 5 4]
 - Client 976: [3 3 4 6 5 8 6 4 4 7]
 - Client 977: [ 5 12  5  4  4  2  1  9  5  3]
 - Client 978: [ 4  4  4  3  3  5  6  3 10  8]
 - Client 979: [3 6 5 2 7 6 6 8 5 2]
 - Client 980: [ 3  5  3  5  5 10  3  6  8  2]
 - Client 981: [2 9 8 7 3 7 5 3 3 3]
 - Client 982: [ 6  8 10  4  4  6  2  8  2  0]
 - Client 983: [3 7 7 0 5 5 5 2 7 9]
 - Client 984: [2 4 8 3 5 4 2 6 7 9]
 - Client 985: [4 9 6 9 4 5 6 3 1 3]
 - Client 986: [5 6 5 3 4 9 4 7 4 3]
 - Client 987: [6 6 2 6 5 5 6 5 3 6]
 - Client 988: [ 5  5  3  4 10  2  6  6  6  3]
 - Client 989: [ 4  0  5  8 11  5  5  4  4  4]
 - Client 990: [6 3 6 8 6 5 5 2 4 5]
 - Client 991: [ 4  1  7  4  4  3  9 11  4  3]
 - Client 992: [2 3 7 6 6 7 3 5 8 3]
 - Client 993: [6 3 6 4 1 6 6 9 4 5]
 - Client 994: [3 3 1 6 3 7 6 7 9 5]
 - Client 995: [6 5 5 4 5 2 6 5 6 6]
 - Client 996: [7 6 7 5 4 6 6 2 3 4]
 - Client 997: [2 5 5 5 3 6 6 4 6 8]
 - Client 998: [3 2 4 6 4 4 5 8 5 9]
 - Client 999: [5 8 2 1 5 6 3 6 7 7]

Model:
 - conv1.weight                   [6, 3, 5, 5]
 - conv1.bias                     [6]
 - conv2.weight                   [16, 6, 5, 5]
 - conv2.bias                     [16]
 - fc1.weight                     [120, 400]
 - fc1.bias                       [120]
 - fc2.weight                     [84, 120]
 - fc2.bias                       [84]
 - fc3.weight                     [10, 84]
 - fc3.bias                       [10]
Total number of Parameters:  62006

Start Distributed Training..

Experiment: main (1/2)
{'communication_round': 1, 'lr': 0.002, 'epochs': 1}
{'client_train_loss': 2.307480812072754}
{'server_val_accuracy': 0.0984}
Saved results to  /mnt/output/manyclients/xp_33792.npz
Remaining Time (approx.): 00:39:35 [0.10%]

Experiment: main (1/2)
{'communication_round': 2, 'lr': 0.002, 'epochs': 2}
{'client_train_loss': 2.2943921089172363}
{'server_val_accuracy': 0.0984}
Saved results to  /mnt/output/manyclients/xp_33792.npz
Remaining Time (approx.): 00:32:33 [0.20%]

Experiment: main (1/2)
{'communication_round': 3, 'lr': 0.002, 'epochs': 3}
{'client_train_loss': 2.306928873062134}
{'server_val_accuracy': 0.0984}
Saved results to  /mnt/output/manyclients/xp_33792.npz
Remaining Time (approx.): 00:30:14 [0.30%]

Experiment: main (1/2)
{'communication_round': 4, 'lr': 0.002, 'epochs': 4}
{'client_train_loss': 2.3289690017700195}
{'server_val_accuracy': 0.0984}
Saved results to  /mnt/output/manyclients/xp_33792.npz
Remaining Time (approx.): 00:29:04 [0.40%]

Experiment: main (1/2)
{'communication_round': 5, 'lr': 0.002, 'epochs': 5}
{'client_train_loss': 2.3013415336608887}
{'server_val_accuracy': 0.0984}
Saved results to  /mnt/output/manyclients/xp_33792.npz
Remaining Time (approx.): 00:28:20 [0.50%]

Experiment: main (1/2)
{'communication_round': 6, 'lr': 0.002, 'epochs': 6}
{'client_train_loss': 2.2991089820861816}
{'server_val_accuracy': 0.0984}
Saved results to  /mnt/output/manyclients/xp_33792.npz
Remaining Time (approx.): 00:27:51 [0.60%]

Experiment: main (1/2)
{'communication_round': 7, 'lr': 0.002, 'epochs': 7}
{'client_train_loss': 2.303633689880371}
{'server_val_accuracy': 0.0984}
Saved results to  /mnt/output/manyclients/xp_33792.npz
Remaining Time (approx.): 00:27:30 [0.70%]

Experiment: main (1/2)
{'communication_round': 8, 'lr': 0.002, 'epochs': 8}
{'client_train_loss': 2.3088932037353516}
{'server_val_accuracy': 0.0984}
Saved results to  /mnt/output/manyclients/xp_33792.npz
Remaining Time (approx.): 00:27:15 [0.80%]

Experiment: main (1/2)
{'communication_round': 9, 'lr': 0.002, 'epochs': 9}
{'client_train_loss': 2.299004554748535}
{'server_val_accuracy': 0.0984}
Saved results to  /mnt/output/manyclients/xp_33792.npz
Remaining Time (approx.): 00:27:02 [0.90%]

Experiment: main (1/2)
{'communication_round': 10, 'lr': 0.002, 'epochs': 10}
{'client_train_loss': 2.3055734634399414}
{'server_val_accuracy': 0.0984}
Saved results to  /mnt/output/manyclients/xp_33792.npz
Remaining Time (approx.): 00:26:51 [1.00%]

Experiment: main (1/2)
{'communication_round': 11, 'lr': 0.002, 'epochs': 11}
{'client_train_loss': 2.2976303100585938}
{'server_val_accuracy': 0.0984}
Saved results to  /mnt/output/manyclients/xp_33792.npz
Remaining Time (approx.): 00:26:42 [1.10%]

Experiment: main (1/2)
{'communication_round': 12, 'lr': 0.002, 'epochs': 12}
{'client_train_loss': 2.3037397861480713}
{'server_val_accuracy': 0.0984}
Saved results to  /mnt/output/manyclients/xp_33792.npz
Remaining Time (approx.): 00:26:36 [1.20%]

Experiment: main (1/2)
{'communication_round': 13, 'lr': 0.002, 'epochs': 13}
{'client_train_loss': 2.2960216999053955}
{'server_val_accuracy': 0.0984}
Saved results to  /mnt/output/manyclients/xp_33792.npz
Remaining Time (approx.): 00:26:29 [1.30%]

Experiment: main (1/2)
{'communication_round': 14, 'lr': 0.002, 'epochs': 14}
{'client_train_loss': 2.3013296127319336}
{'server_val_accuracy': 0.0984}
Saved results to  /mnt/output/manyclients/xp_33792.npz
Remaining Time (approx.): 00:26:22 [1.40%]

Experiment: main (1/2)
{'communication_round': 15, 'lr': 0.002, 'epochs': 15}
{'client_train_loss': 2.3095576763153076}
{'server_val_accuracy': 0.0984}
Saved results to  /mnt/output/manyclients/xp_33792.npz
Remaining Time (approx.): 00:26:16 [1.50%]

Experiment: main (1/2)
{'communication_round': 16, 'lr': 0.002, 'epochs': 16}
{'client_train_loss': 2.298739194869995}
{'server_val_accuracy': 0.0984}
Saved results to  /mnt/output/manyclients/xp_33792.npz
Remaining Time (approx.): 00:26:11 [1.60%]

Experiment: main (1/2)
{'communication_round': 17, 'lr': 0.002, 'epochs': 17}
{'client_train_loss': 2.315535068511963}
{'server_val_accuracy': 0.0984}
Saved results to  /mnt/output/manyclients/xp_33792.npz
Remaining Time (approx.): 00:26:05 [1.70%]

Experiment: main (1/2)
{'communication_round': 18, 'lr': 0.002, 'epochs': 18}
{'client_train_loss': 2.3184590339660645}
{'server_val_accuracy': 0.0984}
Saved results to  /mnt/output/manyclients/xp_33792.npz
Remaining Time (approx.): 00:26:00 [1.80%]

Experiment: main (1/2)
{'communication_round': 19, 'lr': 0.002, 'epochs': 19}
{'client_train_loss': 2.2976491451263428}
{'server_val_accuracy': 0.0984}
Saved results to  /mnt/output/manyclients/xp_33792.npz
Remaining Time (approx.): 00:25:56 [1.90%]

Experiment: main (1/2)
{'communication_round': 20, 'lr': 0.002, 'epochs': 20}
{'client_train_loss': 2.3083655834198}
{'server_val_accuracy': 0.0984}
Saved results to  /mnt/output/manyclients/xp_33792.npz
Remaining Time (approx.): 00:25:52 [2.00%]

Experiment: main (1/2)
{'communication_round': 21, 'lr': 0.002, 'epochs': 21}
{'client_train_loss': 2.3083629608154297}
{'server_val_accuracy': 0.0984}
Saved results to  /mnt/output/manyclients/xp_33792.npz
Remaining Time (approx.): 00:25:48 [2.10%]

Experiment: main (1/2)
{'communication_round': 22, 'lr': 0.002, 'epochs': 22}
{'client_train_loss': 2.302220106124878}
{'server_val_accuracy': 0.0985}
Saved results to  /mnt/output/manyclients/xp_33792.npz
Remaining Time (approx.): 00:25:45 [2.20%]

Experiment: main (1/2)
{'communication_round': 23, 'lr': 0.002, 'epochs': 23}
{'client_train_loss': 2.3182027339935303}
{'server_val_accuracy': 0.0985}
Saved results to  /mnt/output/manyclients/xp_33792.npz
Remaining Time (approx.): 00:25:45 [2.30%]

Experiment: main (1/2)
{'communication_round': 24, 'lr': 0.002, 'epochs': 24}
{'client_train_loss': 2.310159206390381}
{'server_val_accuracy': 0.0985}
Saved results to  /mnt/output/manyclients/xp_33792.npz
Remaining Time (approx.): 00:25:41 [2.40%]

Experiment: main (1/2)
{'communication_round': 25, 'lr': 0.002, 'epochs': 25}
{'client_train_loss': 2.308119773864746}
{'server_val_accuracy': 0.0985}
Saved results to  /mnt/output/manyclients/xp_33792.npz
Remaining Time (approx.): 00:25:38 [2.50%]

Experiment: main (1/2)
{'communication_round': 26, 'lr': 0.002, 'epochs': 26}
{'client_train_loss': 2.3051700592041016}
{'server_val_accuracy': 0.0985}
Saved results to  /mnt/output/manyclients/xp_33792.npz
Remaining Time (approx.): 00:25:35 [2.60%]

Experiment: main (1/2)
{'communication_round': 27, 'lr': 0.002, 'epochs': 27}
{'client_train_loss': 2.3127357959747314}
{'server_val_accuracy': 0.0985}
Saved results to  /mnt/output/manyclients/xp_33792.npz
Remaining Time (approx.): 00:25:32 [2.70%]

Experiment: main (1/2)
{'communication_round': 28, 'lr': 0.002, 'epochs': 28}
{'client_train_loss': 2.322695732116699}
{'server_val_accuracy': 0.0985}
Saved results to  /mnt/output/manyclients/xp_33792.npz
Remaining Time (approx.): 00:25:29 [2.80%]

Experiment: main (1/2)
{'communication_round': 29, 'lr': 0.002, 'epochs': 29}
{'client_train_loss': 2.3204116821289062}
{'server_val_accuracy': 0.0985}
Saved results to  /mnt/output/manyclients/xp_33792.npz
Remaining Time (approx.): 00:25:27 [2.90%]

Experiment: main (1/2)
{'communication_round': 30, 'lr': 0.002, 'epochs': 30}
{'client_train_loss': 2.3134589195251465}
{'server_val_accuracy': 0.0986}
Saved results to  /mnt/output/manyclients/xp_33792.npz
Remaining Time (approx.): 00:25:25 [3.00%]

Experiment: main (1/2)
{'communication_round': 31, 'lr': 0.002, 'epochs': 31}
{'client_train_loss': 2.298710346221924}
{'server_val_accuracy': 0.0986}
Saved results to  /mnt/output/manyclients/xp_33792.npz
Remaining Time (approx.): 00:25:22 [3.10%]

Experiment: main (1/2)
{'communication_round': 32, 'lr': 0.002, 'epochs': 32}
{'client_train_loss': 2.3037586212158203}
{'server_val_accuracy': 0.0986}
Saved results to  /mnt/output/manyclients/xp_33792.npz
Remaining Time (approx.): 00:25:20 [3.20%]

Experiment: main (1/2)
{'communication_round': 33, 'lr': 0.002, 'epochs': 33}
{'client_train_loss': 2.30479097366333}
{'server_val_accuracy': 0.0986}
Saved results to  /mnt/output/manyclients/xp_33792.npz
Remaining Time (approx.): 00:25:17 [3.30%]

Experiment: main (1/2)
{'communication_round': 34, 'lr': 0.002, 'epochs': 34}
{'client_train_loss': 2.3117690086364746}
{'server_val_accuracy': 0.0987}
Saved results to  /mnt/output/manyclients/xp_33792.npz
Remaining Time (approx.): 00:25:14 [3.40%]

Experiment: main (1/2)
{'communication_round': 35, 'lr': 0.002, 'epochs': 35}
{'client_train_loss': 2.3028087615966797}
{'server_val_accuracy': 0.0987}
Saved results to  /mnt/output/manyclients/xp_33792.npz
Remaining Time (approx.): 00:25:12 [3.50%]

Experiment: main (1/2)
{'communication_round': 36, 'lr': 0.002, 'epochs': 36}
{'client_train_loss': 2.2838058471679688}
{'server_val_accuracy': 0.0987}
Saved results to  /mnt/output/manyclients/xp_33792.npz
Remaining Time (approx.): 00:25:10 [3.60%]

Experiment: main (1/2)
{'communication_round': 37, 'lr': 0.002, 'epochs': 37}
{'client_train_loss': 2.307462215423584}
{'server_val_accuracy': 0.0987}
Saved results to  /mnt/output/manyclients/xp_33792.npz
Remaining Time (approx.): 00:25:07 [3.70%]

Experiment: main (1/2)
{'communication_round': 38, 'lr': 0.002, 'epochs': 38}
{'client_train_loss': 2.2824246883392334}
{'server_val_accuracy': 0.0987}
Saved results to  /mnt/output/manyclients/xp_33792.npz
Remaining Time (approx.): 00:25:05 [3.80%]

Experiment: main (1/2)
{'communication_round': 39, 'lr': 0.002, 'epochs': 39}
{'client_train_loss': 2.3300344944000244}
{'server_val_accuracy': 0.0987}
Saved results to  /mnt/output/manyclients/xp_33792.npz
Remaining Time (approx.): 00:25:03 [3.90%]

Experiment: main (1/2)
{'communication_round': 40, 'lr': 0.002, 'epochs': 40}
{'client_train_loss': 2.3099794387817383}
{'server_val_accuracy': 0.0987}
Saved results to  /mnt/output/manyclients/xp_33792.npz
Remaining Time (approx.): 00:25:01 [4.00%]

Experiment: main (1/2)
{'communication_round': 41, 'lr': 0.002, 'epochs': 41}
{'client_train_loss': 2.3141279220581055}
{'server_val_accuracy': 0.0987}
Saved results to  /mnt/output/manyclients/xp_33792.npz
Remaining Time (approx.): 00:24:59 [4.10%]

Experiment: main (1/2)
{'communication_round': 42, 'lr': 0.002, 'epochs': 42}
{'client_train_loss': 2.293111801147461}
{'server_val_accuracy': 0.0988}
Saved results to  /mnt/output/manyclients/xp_33792.npz
Remaining Time (approx.): 00:24:57 [4.20%]

Experiment: main (1/2)
{'communication_round': 43, 'lr': 0.002, 'epochs': 43}
{'client_train_loss': 2.301391839981079}
{'server_val_accuracy': 0.0988}
Saved results to  /mnt/output/manyclients/xp_33792.npz
Remaining Time (approx.): 00:24:55 [4.30%]

Experiment: main (1/2)
{'communication_round': 44, 'lr': 0.002, 'epochs': 44}
{'client_train_loss': 2.296170711517334}
{'server_val_accuracy': 0.0988}
Saved results to  /mnt/output/manyclients/xp_33792.npz
Remaining Time (approx.): 00:24:53 [4.40%]

Experiment: main (1/2)
{'communication_round': 45, 'lr': 0.002, 'epochs': 45}
{'client_train_loss': 2.2889554500579834}
{'server_val_accuracy': 0.0988}
Saved results to  /mnt/output/manyclients/xp_33792.npz
Remaining Time (approx.): 00:24:51 [4.50%]

Experiment: main (1/2)
{'communication_round': 46, 'lr': 0.002, 'epochs': 46}
{'client_train_loss': 2.3132526874542236}
{'server_val_accuracy': 0.0987}
Saved results to  /mnt/output/manyclients/xp_33792.npz
Remaining Time (approx.): 00:24:49 [4.60%]

Experiment: main (1/2)
{'communication_round': 47, 'lr': 0.002, 'epochs': 47}
{'client_train_loss': 2.3145878314971924}
{'server_val_accuracy': 0.0987}
Saved results to  /mnt/output/manyclients/xp_33792.npz
Remaining Time (approx.): 00:24:47 [4.70%]

Experiment: main (1/2)
{'communication_round': 48, 'lr': 0.002, 'epochs': 48}
{'client_train_loss': 2.3221702575683594}
{'server_val_accuracy': 0.0986}
Saved results to  /mnt/output/manyclients/xp_33792.npz
Remaining Time (approx.): 00:24:45 [4.80%]

Experiment: main (1/2)
{'communication_round': 49, 'lr': 0.002, 'epochs': 49}
{'client_train_loss': 2.2923476696014404}
{'server_val_accuracy': 0.0986}
Saved results to  /mnt/output/manyclients/xp_33792.npz
Remaining Time (approx.): 00:24:43 [4.90%]

Experiment: main (1/2)
{'communication_round': 50, 'lr': 0.002, 'epochs': 50}
{'client_train_loss': 2.301774501800537}
{'server_val_accuracy': 0.0986}
Saved results to  /mnt/output/manyclients/xp_33792.npz
Remaining Time (approx.): 00:24:41 [5.00%]

Experiment: main (1/2)
{'communication_round': 51, 'lr': 0.002, 'epochs': 51}
{'client_train_loss': 2.3048527240753174}
{'server_val_accuracy': 0.0986}
Saved results to  /mnt/output/manyclients/xp_33792.npz
Remaining Time (approx.): 00:24:39 [5.10%]

Experiment: main (1/2)
{'communication_round': 52, 'lr': 0.002, 'epochs': 52}
{'client_train_loss': 2.310067892074585}
{'server_val_accuracy': 0.0986}
Saved results to  /mnt/output/manyclients/xp_33792.npz
Remaining Time (approx.): 00:24:37 [5.20%]

Experiment: main (1/2)
{'communication_round': 53, 'lr': 0.002, 'epochs': 53}
{'client_train_loss': 2.30379319190979}
{'server_val_accuracy': 0.0986}
Saved results to  /mnt/output/manyclients/xp_33792.npz
Remaining Time (approx.): 00:24:35 [5.30%]

Experiment: main (1/2)
{'communication_round': 54, 'lr': 0.002, 'epochs': 54}
{'client_train_loss': 2.289553165435791}
{'server_val_accuracy': 0.0986}
Saved results to  /mnt/output/manyclients/xp_33792.npz
Remaining Time (approx.): 00:24:33 [5.40%]

Experiment: main (1/2)
{'communication_round': 55, 'lr': 0.002, 'epochs': 55}
{'client_train_loss': 2.3003525733947754}
{'server_val_accuracy': 0.0985}
Saved results to  /mnt/output/manyclients/xp_33792.npz
Remaining Time (approx.): 00:24:32 [5.50%]

Experiment: main (1/2)
{'communication_round': 56, 'lr': 0.002, 'epochs': 56}
{'client_train_loss': 2.3054611682891846}
{'server_val_accuracy': 0.0985}
Saved results to  /mnt/output/manyclients/xp_33792.npz
Remaining Time (approx.): 00:24:30 [5.60%]

Experiment: main (1/2)
{'communication_round': 57, 'lr': 0.002, 'epochs': 57}
{'client_train_loss': 2.299966335296631}
{'server_val_accuracy': 0.0985}
Saved results to  /mnt/output/manyclients/xp_33792.npz
Remaining Time (approx.): 00:24:28 [5.70%]

Experiment: main (1/2)
{'communication_round': 58, 'lr': 0.002, 'epochs': 58}
{'client_train_loss': 2.2918386459350586}
{'server_val_accuracy': 0.0985}
Saved results to  /mnt/output/manyclients/xp_33792.npz
Remaining Time (approx.): 00:24:26 [5.80%]

Experiment: main (1/2)
{'communication_round': 59, 'lr': 0.002, 'epochs': 59}
{'client_train_loss': 2.304105281829834}
{'server_val_accuracy': 0.0985}
Saved results to  /mnt/output/manyclients/xp_33792.npz
Remaining Time (approx.): 00:24:24 [5.90%]

Experiment: main (1/2)
{'communication_round': 60, 'lr': 0.002, 'epochs': 60}
{'client_train_loss': 2.3212578296661377}
{'server_val_accuracy': 0.0984}
Saved results to  /mnt/output/manyclients/xp_33792.npz
Remaining Time (approx.): 00:24:22 [6.00%]

Experiment: main (1/2)
{'communication_round': 61, 'lr': 0.002, 'epochs': 61}
{'client_train_loss': 2.2786221504211426}
{'server_val_accuracy': 0.0984}
Saved results to  /mnt/output/manyclients/xp_33792.npz
Remaining Time (approx.): 00:24:20 [6.10%]

Experiment: main (1/2)
{'communication_round': 62, 'lr': 0.002, 'epochs': 62}
{'client_train_loss': 2.307939052581787}
{'server_val_accuracy': 0.0984}
Saved results to  /mnt/output/manyclients/xp_33792.npz
Remaining Time (approx.): 00:24:19 [6.20%]

Experiment: main (1/2)
{'communication_round': 63, 'lr': 0.002, 'epochs': 63}
{'client_train_loss': 2.2813985347747803}
{'server_val_accuracy': 0.0984}
Saved results to  /mnt/output/manyclients/xp_33792.npz
Remaining Time (approx.): 00:24:17 [6.30%]

Experiment: main (1/2)
{'communication_round': 64, 'lr': 0.002, 'epochs': 64}
{'client_train_loss': 2.291412591934204}
{'server_val_accuracy': 0.0984}
Saved results to  /mnt/output/manyclients/xp_33792.npz
Remaining Time (approx.): 00:24:15 [6.40%]

Experiment: main (1/2)
{'communication_round': 65, 'lr': 0.002, 'epochs': 65}
{'client_train_loss': 2.3255770206451416}
{'server_val_accuracy': 0.0984}
Saved results to  /mnt/output/manyclients/xp_33792.npz
Remaining Time (approx.): 00:24:13 [6.50%]

Experiment: main (1/2)
{'communication_round': 66, 'lr': 0.002, 'epochs': 66}
{'client_train_loss': 2.3101770877838135}
{'server_val_accuracy': 0.0985}
Saved results to  /mnt/output/manyclients/xp_33792.npz
Remaining Time (approx.): 00:24:12 [6.60%]

Experiment: main (1/2)
{'communication_round': 67, 'lr': 0.002, 'epochs': 67}
{'client_train_loss': 2.3101999759674072}
{'server_val_accuracy': 0.0985}
Saved results to  /mnt/output/manyclients/xp_33792.npz
Remaining Time (approx.): 00:24:10 [6.70%]

Experiment: main (1/2)
{'communication_round': 68, 'lr': 0.002, 'epochs': 68}
{'client_train_loss': 2.2933125495910645}
{'server_val_accuracy': 0.0985}
Saved results to  /mnt/output/manyclients/xp_33792.npz
Remaining Time (approx.): 00:24:08 [6.80%]

Experiment: main (1/2)
{'communication_round': 69, 'lr': 0.002, 'epochs': 69}
{'client_train_loss': 2.3132967948913574}
{'server_val_accuracy': 0.0985}
Saved results to  /mnt/output/manyclients/xp_33792.npz
Remaining Time (approx.): 00:24:06 [6.90%]

Experiment: main (1/2)
{'communication_round': 70, 'lr': 0.002, 'epochs': 70}
{'client_train_loss': 2.309936761856079}
{'server_val_accuracy': 0.0986}
Saved results to  /mnt/output/manyclients/xp_33792.npz
Remaining Time (approx.): 00:24:05 [7.00%]

Experiment: main (1/2)
{'communication_round': 71, 'lr': 0.002, 'epochs': 71}
{'client_train_loss': 2.2932496070861816}
{'server_val_accuracy': 0.0986}
Saved results to  /mnt/output/manyclients/xp_33792.npz
Remaining Time (approx.): 00:24:04 [7.10%]

Experiment: main (1/2)
{'communication_round': 72, 'lr': 0.002, 'epochs': 72}
{'client_train_loss': 2.3168163299560547}
{'server_val_accuracy': 0.0986}
Saved results to  /mnt/output/manyclients/xp_33792.npz
Remaining Time (approx.): 00:24:02 [7.20%]

Experiment: main (1/2)
{'communication_round': 73, 'lr': 0.002, 'epochs': 73}
{'client_train_loss': 2.323854446411133}
{'server_val_accuracy': 0.0986}
Saved results to  /mnt/output/manyclients/xp_33792.npz
Remaining Time (approx.): 00:24:00 [7.30%]

Experiment: main (1/2)
{'communication_round': 74, 'lr': 0.002, 'epochs': 74}
{'client_train_loss': 2.2837612628936768}
{'server_val_accuracy': 0.0986}
Saved results to  /mnt/output/manyclients/xp_33792.npz
Remaining Time (approx.): 00:23:59 [7.40%]

Experiment: main (1/2)
{'communication_round': 75, 'lr': 0.002, 'epochs': 75}
{'client_train_loss': 2.3167366981506348}
{'server_val_accuracy': 0.0986}
Saved results to  /mnt/output/manyclients/xp_33792.npz
Remaining Time (approx.): 00:23:57 [7.50%]

Experiment: main (1/2)
{'communication_round': 76, 'lr': 0.002, 'epochs': 76}
{'client_train_loss': 2.322175979614258}
{'server_val_accuracy': 0.0986}
Saved results to  /mnt/output/manyclients/xp_33792.npz
Remaining Time (approx.): 00:23:55 [7.60%]

Experiment: main (1/2)
{'communication_round': 77, 'lr': 0.002, 'epochs': 77}
{'client_train_loss': 2.288095474243164}
{'server_val_accuracy': 0.0986}
Saved results to  /mnt/output/manyclients/xp_33792.npz
Remaining Time (approx.): 00:23:53 [7.70%]

Experiment: main (1/2)
{'communication_round': 78, 'lr': 0.002, 'epochs': 78}
{'client_train_loss': 2.2987794876098633}
{'server_val_accuracy': 0.0986}
Saved results to  /mnt/output/manyclients/xp_33792.npz
Remaining Time (approx.): 00:23:51 [7.80%]

Experiment: main (1/2)
{'communication_round': 79, 'lr': 0.002, 'epochs': 79}
{'client_train_loss': 2.305130958557129}
{'server_val_accuracy': 0.0986}
Saved results to  /mnt/output/manyclients/xp_33792.npz
Remaining Time (approx.): 00:23:50 [7.90%]

Experiment: main (1/2)
{'communication_round': 80, 'lr': 0.002, 'epochs': 80}
{'client_train_loss': 2.305342674255371}
{'server_val_accuracy': 0.0988}
Saved results to  /mnt/output/manyclients/xp_33792.npz
Remaining Time (approx.): 00:23:48 [8.00%]

Experiment: main (1/2)
{'communication_round': 81, 'lr': 0.002, 'epochs': 81}
{'client_train_loss': 2.310249090194702}
{'server_val_accuracy': 0.0988}
Saved results to  /mnt/output/manyclients/xp_33792.npz
Remaining Time (approx.): 00:23:46 [8.10%]

Experiment: main (1/2)
{'communication_round': 82, 'lr': 0.002, 'epochs': 82}
{'client_train_loss': 2.3029019832611084}
{'server_val_accuracy': 0.0987}
Saved results to  /mnt/output/manyclients/xp_33792.npz
Remaining Time (approx.): 00:23:44 [8.20%]

Experiment: main (1/2)
{'communication_round': 83, 'lr': 0.002, 'epochs': 83}
{'client_train_loss': 2.301461696624756}
{'server_val_accuracy': 0.0987}
Saved results to  /mnt/output/manyclients/xp_33792.npz
Remaining Time (approx.): 00:23:42 [8.30%]

Experiment: main (1/2)
{'communication_round': 84, 'lr': 0.002, 'epochs': 84}
{'client_train_loss': 2.2910070419311523}
{'server_val_accuracy': 0.0988}
Saved results to  /mnt/output/manyclients/xp_33792.npz
Remaining Time (approx.): 00:23:41 [8.40%]

Experiment: main (1/2)
{'communication_round': 85, 'lr': 0.002, 'epochs': 85}
{'client_train_loss': 2.296914577484131}
{'server_val_accuracy': 0.0988}
Saved results to  /mnt/output/manyclients/xp_33792.npz
Remaining Time (approx.): 00:23:39 [8.50%]

Experiment: main (1/2)
{'communication_round': 86, 'lr': 0.002, 'epochs': 86}
{'client_train_loss': 2.2959325313568115}
{'server_val_accuracy': 0.0988}
Saved results to  /mnt/output/manyclients/xp_33792.npz
Remaining Time (approx.): 00:23:37 [8.60%]

Experiment: main (1/2)
{'communication_round': 87, 'lr': 0.002, 'epochs': 87}
{'client_train_loss': 2.2973787784576416}
{'server_val_accuracy': 0.0988}
Saved results to  /mnt/output/manyclients/xp_33792.npz
Remaining Time (approx.): 00:23:36 [8.70%]

Experiment: main (1/2)
{'communication_round': 88, 'lr': 0.002, 'epochs': 88}
{'client_train_loss': 2.2907166481018066}
{'server_val_accuracy': 0.0988}
Saved results to  /mnt/output/manyclients/xp_33792.npz
Remaining Time (approx.): 00:23:34 [8.80%]

Experiment: main (1/2)
{'communication_round': 89, 'lr': 0.002, 'epochs': 89}
{'client_train_loss': 2.300612449645996}
{'server_val_accuracy': 0.0988}
Saved results to  /mnt/output/manyclients/xp_33792.npz
Remaining Time (approx.): 00:23:32 [8.90%]

Experiment: main (1/2)
{'communication_round': 90, 'lr': 0.002, 'epochs': 90}
{'client_train_loss': 2.308406114578247}
{'server_val_accuracy': 0.0988}
Saved results to  /mnt/output/manyclients/xp_33792.npz
Remaining Time (approx.): 00:23:31 [9.00%]

Experiment: main (1/2)
{'communication_round': 91, 'lr': 0.002, 'epochs': 91}
{'client_train_loss': 2.3006818294525146}
{'server_val_accuracy': 0.0988}
Saved results to  /mnt/output/manyclients/xp_33792.npz
Remaining Time (approx.): 00:23:29 [9.10%]

Experiment: main (1/2)
{'communication_round': 92, 'lr': 0.002, 'epochs': 92}
{'client_train_loss': 2.3039374351501465}
{'server_val_accuracy': 0.0988}
Saved results to  /mnt/output/manyclients/xp_33792.npz
Remaining Time (approx.): 00:23:28 [9.20%]

Experiment: main (1/2)
{'communication_round': 93, 'lr': 0.002, 'epochs': 93}
{'client_train_loss': 2.3062744140625}
{'server_val_accuracy': 0.0989}
Saved results to  /mnt/output/manyclients/xp_33792.npz
Remaining Time (approx.): 00:23:26 [9.30%]

Experiment: main (1/2)
{'communication_round': 94, 'lr': 0.002, 'epochs': 94}
{'client_train_loss': 2.2921688556671143}
{'server_val_accuracy': 0.099}
Saved results to  /mnt/output/manyclients/xp_33792.npz
Remaining Time (approx.): 00:23:24 [9.40%]

Experiment: main (1/2)
{'communication_round': 95, 'lr': 0.002, 'epochs': 95}
{'client_train_loss': 2.306497573852539}
{'server_val_accuracy': 0.099}
Saved results to  /mnt/output/manyclients/xp_33792.npz
Remaining Time (approx.): 00:23:23 [9.50%]

Experiment: main (1/2)
{'communication_round': 96, 'lr': 0.002, 'epochs': 96}
{'client_train_loss': 2.3133385181427}
{'server_val_accuracy': 0.099}
Saved results to  /mnt/output/manyclients/xp_33792.npz
Remaining Time (approx.): 00:23:21 [9.60%]

Experiment: main (1/2)
{'communication_round': 97, 'lr': 0.002, 'epochs': 97}
{'client_train_loss': 2.2857656478881836}
{'server_val_accuracy': 0.099}
Saved results to  /mnt/output/manyclients/xp_33792.npz
Remaining Time (approx.): 00:23:19 [9.70%]

Experiment: main (1/2)
{'communication_round': 98, 'lr': 0.002, 'epochs': 98}
{'client_train_loss': 2.3135123252868652}
{'server_val_accuracy': 0.099}
Saved results to  /mnt/output/manyclients/xp_33792.npz
Remaining Time (approx.): 00:23:18 [9.80%]

Experiment: main (1/2)
{'communication_round': 99, 'lr': 0.002, 'epochs': 99}
{'client_train_loss': 2.2894845008850098}
{'server_val_accuracy': 0.099}
Saved results to  /mnt/output/manyclients/xp_33792.npz
Remaining Time (approx.): 00:23:16 [9.90%]

Experiment: main (1/2)
{'communication_round': 100, 'lr': 0.002, 'epochs': 100}
{'client_train_loss': 2.3010919094085693}
{'server_val_accuracy': 0.0989}
Saved results to  /mnt/output/manyclients/xp_33792.npz
Remaining Time (approx.): 00:23:14 [10.00%]

Experiment: main (1/2)
{'communication_round': 101, 'lr': 0.002, 'epochs': 101}
{'client_train_loss': 2.31142520904541}
{'server_val_accuracy': 0.0989}
Saved results to  /mnt/output/manyclients/xp_33792.npz
Remaining Time (approx.): 00:23:13 [10.10%]

Experiment: main (1/2)
{'communication_round': 102, 'lr': 0.002, 'epochs': 102}
{'client_train_loss': 2.2908530235290527}
{'server_val_accuracy': 0.0989}
Saved results to  /mnt/output/manyclients/xp_33792.npz
Remaining Time (approx.): 00:23:11 [10.20%]

Experiment: main (1/2)
{'communication_round': 103, 'lr': 0.002, 'epochs': 103}
{'client_train_loss': 2.287921667098999}
{'server_val_accuracy': 0.0989}
Saved results to  /mnt/output/manyclients/xp_33792.npz
Remaining Time (approx.): 00:23:09 [10.30%]

Experiment: main (1/2)
{'communication_round': 104, 'lr': 0.002, 'epochs': 104}
{'client_train_loss': 2.313985586166382}
{'server_val_accuracy': 0.0989}
Saved results to  /mnt/output/manyclients/xp_33792.npz
Remaining Time (approx.): 00:23:08 [10.40%]

Experiment: main (1/2)
{'communication_round': 105, 'lr': 0.002, 'epochs': 105}
{'client_train_loss': 2.3209545612335205}
{'server_val_accuracy': 0.099}
Saved results to  /mnt/output/manyclients/xp_33792.npz
Remaining Time (approx.): 00:23:06 [10.50%]

Experiment: main (1/2)
{'communication_round': 106, 'lr': 0.002, 'epochs': 106}
{'client_train_loss': 2.300483226776123}
{'server_val_accuracy': 0.099}
Saved results to  /mnt/output/manyclients/xp_33792.npz
Remaining Time (approx.): 00:23:04 [10.60%]

Experiment: main (1/2)
{'communication_round': 107, 'lr': 0.002, 'epochs': 107}
{'client_train_loss': 2.2960822582244873}
{'server_val_accuracy': 0.099}
Saved results to  /mnt/output/manyclients/xp_33792.npz
Remaining Time (approx.): 00:23:03 [10.70%]

Experiment: main (1/2)
{'communication_round': 108, 'lr': 0.002, 'epochs': 108}
{'client_train_loss': 2.3074567317962646}
{'server_val_accuracy': 0.0989}
Saved results to  /mnt/output/manyclients/xp_33792.npz
Remaining Time (approx.): 00:23:01 [10.80%]

Experiment: main (1/2)
{'communication_round': 109, 'lr': 0.002, 'epochs': 109}
{'client_train_loss': 2.309875011444092}
{'server_val_accuracy': 0.0989}
Saved results to  /mnt/output/manyclients/xp_33792.npz
Remaining Time (approx.): 00:23:00 [10.90%]

Experiment: main (1/2)
{'communication_round': 110, 'lr': 0.002, 'epochs': 110}
{'client_train_loss': 2.315300226211548}
{'server_val_accuracy': 0.0989}
Saved results to  /mnt/output/manyclients/xp_33792.npz
Remaining Time (approx.): 00:22:58 [11.00%]

Experiment: main (1/2)
{'communication_round': 111, 'lr': 0.002, 'epochs': 111}
{'client_train_loss': 2.3103582859039307}
{'server_val_accuracy': 0.0989}
Saved results to  /mnt/output/manyclients/xp_33792.npz
Remaining Time (approx.): 00:22:56 [11.10%]

Experiment: main (1/2)
{'communication_round': 112, 'lr': 0.002, 'epochs': 112}
{'client_train_loss': 2.3063714504241943}
{'server_val_accuracy': 0.0989}
Saved results to  /mnt/output/manyclients/xp_33792.npz
Remaining Time (approx.): 00:22:55 [11.20%]

Experiment: main (1/2)
{'communication_round': 113, 'lr': 0.002, 'epochs': 113}
{'client_train_loss': 2.3126637935638428}
{'server_val_accuracy': 0.0989}
Saved results to  /mnt/output/manyclients/xp_33792.npz
Remaining Time (approx.): 00:22:53 [11.30%]

Experiment: main (1/2)
{'communication_round': 114, 'lr': 0.002, 'epochs': 114}
{'client_train_loss': 2.320310592651367}
{'server_val_accuracy': 0.0989}
Saved results to  /mnt/output/manyclients/xp_33792.npz
Remaining Time (approx.): 00:22:51 [11.40%]

Experiment: main (1/2)
{'communication_round': 115, 'lr': 0.002, 'epochs': 115}
{'client_train_loss': 2.2986350059509277}
{'server_val_accuracy': 0.0989}
Saved results to  /mnt/output/manyclients/xp_33792.npz
Remaining Time (approx.): 00:22:49 [11.50%]

Experiment: main (1/2)
{'communication_round': 116, 'lr': 0.002, 'epochs': 116}
{'client_train_loss': 2.2781145572662354}
{'server_val_accuracy': 0.0989}
Saved results to  /mnt/output/manyclients/xp_33792.npz
Remaining Time (approx.): 00:22:47 [11.60%]

Experiment: main (1/2)
{'communication_round': 117, 'lr': 0.002, 'epochs': 117}
{'client_train_loss': 2.320530652999878}
{'server_val_accuracy': 0.099}
Saved results to  /mnt/output/manyclients/xp_33792.npz
Remaining Time (approx.): 00:22:45 [11.70%]

Experiment: main (1/2)
{'communication_round': 118, 'lr': 0.002, 'epochs': 118}
{'client_train_loss': 2.2992186546325684}
{'server_val_accuracy': 0.099}
Saved results to  /mnt/output/manyclients/xp_33792.npz
Remaining Time (approx.): 00:22:43 [11.80%]

Experiment: main (1/2)
{'communication_round': 119, 'lr': 0.002, 'epochs': 119}
{'client_train_loss': 2.297961473464966}
{'server_val_accuracy': 0.0991}
Saved results to  /mnt/output/manyclients/xp_33792.npz
Remaining Time (approx.): 00:22:42 [11.90%]

Experiment: main (1/2)
{'communication_round': 120, 'lr': 0.002, 'epochs': 120}
{'client_train_loss': 2.2949564456939697}
{'server_val_accuracy': 0.0991}
Saved results to  /mnt/output/manyclients/xp_33792.npz
Remaining Time (approx.): 00:22:40 [12.00%]

Experiment: main (1/2)
{'communication_round': 121, 'lr': 0.002, 'epochs': 121}
{'client_train_loss': 2.325190544128418}
{'server_val_accuracy': 0.0992}
Saved results to  /mnt/output/manyclients/xp_33792.npz
Remaining Time (approx.): 00:22:38 [12.10%]

Experiment: main (1/2)
{'communication_round': 122, 'lr': 0.002, 'epochs': 122}
{'client_train_loss': 2.2904555797576904}
{'server_val_accuracy': 0.0992}
Saved results to  /mnt/output/manyclients/xp_33792.npz
Remaining Time (approx.): 00:22:36 [12.20%]

Experiment: main (1/2)
{'communication_round': 123, 'lr': 0.002, 'epochs': 123}
{'client_train_loss': 2.321962356567383}
{'server_val_accuracy': 0.0992}
Saved results to  /mnt/output/manyclients/xp_33792.npz
Remaining Time (approx.): 00:22:34 [12.30%]

Experiment: main (1/2)
{'communication_round': 124, 'lr': 0.002, 'epochs': 124}
{'client_train_loss': 2.305386781692505}
{'server_val_accuracy': 0.0992}
Saved results to  /mnt/output/manyclients/xp_33792.npz
Remaining Time (approx.): 00:22:32 [12.40%]

Experiment: main (1/2)
{'communication_round': 125, 'lr': 0.002, 'epochs': 125}
{'client_train_loss': 2.3010311126708984}
{'server_val_accuracy': 0.0993}
Saved results to  /mnt/output/manyclients/xp_33792.npz
Remaining Time (approx.): 00:22:31 [12.50%]

Experiment: main (1/2)
{'communication_round': 126, 'lr': 0.002, 'epochs': 126}
{'client_train_loss': 2.2826180458068848}
{'server_val_accuracy': 0.0994}
Saved results to  /mnt/output/manyclients/xp_33792.npz
Remaining Time (approx.): 00:22:29 [12.60%]

Experiment: main (1/2)
{'communication_round': 127, 'lr': 0.002, 'epochs': 127}
{'client_train_loss': 2.3047971725463867}
{'server_val_accuracy': 0.0994}
Saved results to  /mnt/output/manyclients/xp_33792.npz
Remaining Time (approx.): 00:22:27 [12.70%]

Experiment: main (1/2)
{'communication_round': 128, 'lr': 0.002, 'epochs': 128}
{'client_train_loss': 2.3191614151000977}
{'server_val_accuracy': 0.0994}
Saved results to  /mnt/output/manyclients/xp_33792.npz
Remaining Time (approx.): 00:22:25 [12.80%]

Experiment: main (1/2)
{'communication_round': 129, 'lr': 0.002, 'epochs': 129}
{'client_train_loss': 2.303009271621704}
{'server_val_accuracy': 0.0994}
Saved results to  /mnt/output/manyclients/xp_33792.npz
Remaining Time (approx.): 00:22:23 [12.90%]

Experiment: main (1/2)
{'communication_round': 130, 'lr': 0.002, 'epochs': 130}
{'client_train_loss': 2.302819013595581}
{'server_val_accuracy': 0.0994}
Saved results to  /mnt/output/manyclients/xp_33792.npz
Remaining Time (approx.): 00:22:22 [13.00%]

Experiment: main (1/2)
{'communication_round': 131, 'lr': 0.002, 'epochs': 131}
{'client_train_loss': 2.2936959266662598}
{'server_val_accuracy': 0.0995}
Saved results to  /mnt/output/manyclients/xp_33792.npz
Remaining Time (approx.): 00:22:20 [13.10%]

Experiment: main (1/2)
{'communication_round': 132, 'lr': 0.002, 'epochs': 132}
{'client_train_loss': 2.2989754676818848}
{'server_val_accuracy': 0.0995}
Saved results to  /mnt/output/manyclients/xp_33792.npz
Remaining Time (approx.): 00:22:18 [13.20%]

Experiment: main (1/2)
{'communication_round': 133, 'lr': 0.002, 'epochs': 133}
{'client_train_loss': 2.294102191925049}
{'server_val_accuracy': 0.0995}
Saved results to  /mnt/output/manyclients/xp_33792.npz
Remaining Time (approx.): 00:22:16 [13.30%]

Experiment: main (1/2)
{'communication_round': 134, 'lr': 0.002, 'epochs': 134}
{'client_train_loss': 2.324237108230591}
{'server_val_accuracy': 0.0995}
Saved results to  /mnt/output/manyclients/xp_33792.npz
Remaining Time (approx.): 00:22:14 [13.40%]

Experiment: main (1/2)
{'communication_round': 135, 'lr': 0.002, 'epochs': 135}
{'client_train_loss': 2.32891845703125}
{'server_val_accuracy': 0.0995}
Saved results to  /mnt/output/manyclients/xp_33792.npz
Remaining Time (approx.): 00:22:13 [13.50%]

Experiment: main (1/2)
{'communication_round': 136, 'lr': 0.002, 'epochs': 136}
{'client_train_loss': 2.30708384513855}
{'server_val_accuracy': 0.0995}
Saved results to  /mnt/output/manyclients/xp_33792.npz
Remaining Time (approx.): 00:22:11 [13.60%]

Experiment: main (1/2)
{'communication_round': 137, 'lr': 0.002, 'epochs': 137}
{'client_train_loss': 2.304922103881836}
{'server_val_accuracy': 0.0995}
Saved results to  /mnt/output/manyclients/xp_33792.npz
Remaining Time (approx.): 00:22:09 [13.70%]

Experiment: main (1/2)
{'communication_round': 138, 'lr': 0.002, 'epochs': 138}
{'client_train_loss': 2.2780497074127197}
{'server_val_accuracy': 0.0995}
Saved results to  /mnt/output/manyclients/xp_33792.npz
Remaining Time (approx.): 00:22:07 [13.80%]

Experiment: main (1/2)
{'communication_round': 139, 'lr': 0.002, 'epochs': 139}
{'client_train_loss': 2.3175649642944336}
{'server_val_accuracy': 0.0995}
Saved results to  /mnt/output/manyclients/xp_33792.npz
Remaining Time (approx.): 00:22:06 [13.90%]

Experiment: main (1/2)
{'communication_round': 140, 'lr': 0.002, 'epochs': 140}
{'client_train_loss': 2.3082637786865234}
{'server_val_accuracy': 0.0995}
Saved results to  /mnt/output/manyclients/xp_33792.npz
Remaining Time (approx.): 00:22:04 [14.00%]

Experiment: main (1/2)
{'communication_round': 141, 'lr': 0.002, 'epochs': 141}
{'client_train_loss': 2.295954704284668}
{'server_val_accuracy': 0.0995}
Saved results to  /mnt/output/manyclients/xp_33792.npz
Remaining Time (approx.): 00:22:02 [14.10%]

Experiment: main (1/2)
{'communication_round': 142, 'lr': 0.002, 'epochs': 142}
{'client_train_loss': 2.2838876247406006}
{'server_val_accuracy': 0.0995}
Saved results to  /mnt/output/manyclients/xp_33792.npz
Remaining Time (approx.): 00:22:00 [14.20%]

Experiment: main (1/2)
{'communication_round': 143, 'lr': 0.002, 'epochs': 143}
{'client_train_loss': 2.294590950012207}
{'server_val_accuracy': 0.0995}
Saved results to  /mnt/output/manyclients/xp_33792.npz
Remaining Time (approx.): 00:21:59 [14.30%]

Experiment: main (1/2)
{'communication_round': 144, 'lr': 0.002, 'epochs': 144}
{'client_train_loss': 2.3085570335388184}
{'server_val_accuracy': 0.0995}
Saved results to  /mnt/output/manyclients/xp_33792.npz
Remaining Time (approx.): 00:21:57 [14.40%]

Experiment: main (1/2)
{'communication_round': 145, 'lr': 0.002, 'epochs': 145}
{'client_train_loss': 2.3079702854156494}
{'server_val_accuracy': 0.0995}
Saved results to  /mnt/output/manyclients/xp_33792.npz
Remaining Time (approx.): 00:21:55 [14.50%]

Experiment: main (1/2)
{'communication_round': 146, 'lr': 0.002, 'epochs': 146}
{'client_train_loss': 2.285813093185425}
{'server_val_accuracy': 0.0995}
Saved results to  /mnt/output/manyclients/xp_33792.npz
Remaining Time (approx.): 00:21:53 [14.60%]

Experiment: main (1/2)
{'communication_round': 147, 'lr': 0.002, 'epochs': 147}
{'client_train_loss': 2.288552761077881}
{'server_val_accuracy': 0.0996}
Saved results to  /mnt/output/manyclients/xp_33792.npz
Remaining Time (approx.): 00:21:52 [14.70%]

Experiment: main (1/2)
{'communication_round': 148, 'lr': 0.002, 'epochs': 148}
{'client_train_loss': 2.3120532035827637}
{'server_val_accuracy': 0.0996}
Saved results to  /mnt/output/manyclients/xp_33792.npz
Remaining Time (approx.): 00:21:50 [14.80%]

Experiment: main (1/2)
{'communication_round': 149, 'lr': 0.002, 'epochs': 149}
{'client_train_loss': 2.3029417991638184}
{'server_val_accuracy': 0.0996}
Saved results to  /mnt/output/manyclients/xp_33792.npz
Remaining Time (approx.): 00:21:48 [14.90%]

Experiment: main (1/2)
{'communication_round': 150, 'lr': 0.002, 'epochs': 150}
{'client_train_loss': 2.3082878589630127}
{'server_val_accuracy': 0.0996}
Saved results to  /mnt/output/manyclients/xp_33792.npz
Remaining Time (approx.): 00:21:47 [15.00%]

Experiment: main (1/2)
{'communication_round': 151, 'lr': 0.002, 'epochs': 151}
{'client_train_loss': 2.3146512508392334}
{'server_val_accuracy': 0.0995}
Saved results to  /mnt/output/manyclients/xp_33792.npz
Remaining Time (approx.): 00:21:45 [15.10%]

Experiment: main (1/2)
{'communication_round': 152, 'lr': 0.002, 'epochs': 152}
{'client_train_loss': 2.3070285320281982}
{'server_val_accuracy': 0.0995}
Saved results to  /mnt/output/manyclients/xp_33792.npz
Remaining Time (approx.): 00:21:43 [15.20%]

Experiment: main (1/2)
{'communication_round': 153, 'lr': 0.002, 'epochs': 153}
{'client_train_loss': 2.2953033447265625}
{'server_val_accuracy': 0.0995}
Saved results to  /mnt/output/manyclients/xp_33792.npz
Remaining Time (approx.): 00:21:42 [15.30%]

Experiment: main (1/2)
{'communication_round': 154, 'lr': 0.002, 'epochs': 154}
{'client_train_loss': 2.2985618114471436}
{'server_val_accuracy': 0.0995}
Saved results to  /mnt/output/manyclients/xp_33792.npz
Remaining Time (approx.): 00:21:40 [15.40%]

Experiment: main (1/2)
{'communication_round': 155, 'lr': 0.002, 'epochs': 155}
{'client_train_loss': 2.2996106147766113}
{'server_val_accuracy': 0.0995}
Saved results to  /mnt/output/manyclients/xp_33792.npz
Remaining Time (approx.): 00:21:38 [15.50%]

Experiment: main (1/2)
{'communication_round': 156, 'lr': 0.002, 'epochs': 156}
{'client_train_loss': 2.311131477355957}
{'server_val_accuracy': 0.0995}
Saved results to  /mnt/output/manyclients/xp_33792.npz
Remaining Time (approx.): 00:21:36 [15.60%]

Experiment: main (1/2)
{'communication_round': 157, 'lr': 0.002, 'epochs': 157}
{'client_train_loss': 2.3102970123291016}
{'server_val_accuracy': 0.0995}
Saved results to  /mnt/output/manyclients/xp_33792.npz
Remaining Time (approx.): 00:21:35 [15.70%]

Experiment: main (1/2)
{'communication_round': 158, 'lr': 0.002, 'epochs': 158}
{'client_train_loss': 2.288604497909546}
{'server_val_accuracy': 0.0995}
Saved results to  /mnt/output/manyclients/xp_33792.npz
Remaining Time (approx.): 00:21:33 [15.80%]

Experiment: main (1/2)
{'communication_round': 159, 'lr': 0.002, 'epochs': 159}
{'client_train_loss': 2.3069679737091064}
{'server_val_accuracy': 0.0994}
Saved results to  /mnt/output/manyclients/xp_33792.npz
Remaining Time (approx.): 00:21:31 [15.90%]

Experiment: main (1/2)
{'communication_round': 160, 'lr': 0.002, 'epochs': 160}
{'client_train_loss': 2.283569097518921}
{'server_val_accuracy': 0.0994}
Saved results to  /mnt/output/manyclients/xp_33792.npz
Remaining Time (approx.): 00:21:30 [16.00%]

Experiment: main (1/2)
{'communication_round': 161, 'lr': 0.002, 'epochs': 161}
{'client_train_loss': 2.290675163269043}
{'server_val_accuracy': 0.0994}
Saved results to  /mnt/output/manyclients/xp_33792.npz
Remaining Time (approx.): 00:21:28 [16.10%]

Experiment: main (1/2)
{'communication_round': 162, 'lr': 0.002, 'epochs': 162}
{'client_train_loss': 2.302668571472168}
{'server_val_accuracy': 0.0994}
Saved results to  /mnt/output/manyclients/xp_33792.npz
Remaining Time (approx.): 00:21:26 [16.20%]

Experiment: main (1/2)
{'communication_round': 163, 'lr': 0.002, 'epochs': 163}
{'client_train_loss': 2.297818899154663}
{'server_val_accuracy': 0.0994}
Saved results to  /mnt/output/manyclients/xp_33792.npz
Remaining Time (approx.): 00:21:25 [16.30%]

Experiment: main (1/2)
{'communication_round': 164, 'lr': 0.002, 'epochs': 164}
{'client_train_loss': 2.2887990474700928}
{'server_val_accuracy': 0.0994}
Saved results to  /mnt/output/manyclients/xp_33792.npz
Remaining Time (approx.): 00:21:23 [16.40%]

Experiment: main (1/2)
{'communication_round': 165, 'lr': 0.002, 'epochs': 165}
{'client_train_loss': 2.3075926303863525}
{'server_val_accuracy': 0.0994}
Saved results to  /mnt/output/manyclients/xp_33792.npz
Remaining Time (approx.): 00:21:21 [16.50%]

Experiment: main (1/2)
{'communication_round': 166, 'lr': 0.002, 'epochs': 166}
{'client_train_loss': 2.2899675369262695}
{'server_val_accuracy': 0.0994}
Saved results to  /mnt/output/manyclients/xp_33792.npz
Remaining Time (approx.): 00:21:19 [16.60%]

Experiment: main (1/2)
{'communication_round': 167, 'lr': 0.002, 'epochs': 167}
{'client_train_loss': 2.2908849716186523}
{'server_val_accuracy': 0.0994}
Saved results to  /mnt/output/manyclients/xp_33792.npz
Remaining Time (approx.): 00:21:18 [16.70%]

Experiment: main (1/2)
{'communication_round': 168, 'lr': 0.002, 'epochs': 168}
{'client_train_loss': 2.304553747177124}
{'server_val_accuracy': 0.0994}
Saved results to  /mnt/output/manyclients/xp_33792.npz
Remaining Time (approx.): 00:21:16 [16.80%]

Experiment: main (1/2)
{'communication_round': 169, 'lr': 0.002, 'epochs': 169}
{'client_train_loss': 2.3007752895355225}
{'server_val_accuracy': 0.0994}
Saved results to  /mnt/output/manyclients/xp_33792.npz
Remaining Time (approx.): 00:21:14 [16.90%]

Experiment: main (1/2)
{'communication_round': 170, 'lr': 0.002, 'epochs': 170}
{'client_train_loss': 2.296990394592285}
{'server_val_accuracy': 0.0994}
Saved results to  /mnt/output/manyclients/xp_33792.npz
Remaining Time (approx.): 00:21:13 [17.00%]

Experiment: main (1/2)
{'communication_round': 171, 'lr': 0.002, 'epochs': 171}
{'client_train_loss': 2.3156545162200928}
{'server_val_accuracy': 0.0994}
Saved results to  /mnt/output/manyclients/xp_33792.npz
Remaining Time (approx.): 00:21:11 [17.10%]

Experiment: main (1/2)
{'communication_round': 172, 'lr': 0.002, 'epochs': 172}
{'client_train_loss': 2.291834592819214}
{'server_val_accuracy': 0.0994}
Saved results to  /mnt/output/manyclients/xp_33792.npz
Remaining Time (approx.): 00:21:09 [17.20%]

Experiment: main (1/2)
{'communication_round': 173, 'lr': 0.002, 'epochs': 173}
{'client_train_loss': 2.2991509437561035}
{'server_val_accuracy': 0.0994}
Saved results to  /mnt/output/manyclients/xp_33792.npz
Remaining Time (approx.): 00:21:08 [17.30%]

Experiment: main (1/2)
{'communication_round': 174, 'lr': 0.002, 'epochs': 174}
{'client_train_loss': 2.2959182262420654}
{'server_val_accuracy': 0.0994}
Saved results to  /mnt/output/manyclients/xp_33792.npz
Remaining Time (approx.): 00:21:06 [17.40%]

Experiment: main (1/2)
{'communication_round': 175, 'lr': 0.002, 'epochs': 175}
{'client_train_loss': 2.289564847946167}
{'server_val_accuracy': 0.0996}
Saved results to  /mnt/output/manyclients/xp_33792.npz
Remaining Time (approx.): 00:21:04 [17.50%]

Experiment: main (1/2)
{'communication_round': 176, 'lr': 0.002, 'epochs': 176}
{'client_train_loss': 2.2977652549743652}
{'server_val_accuracy': 0.0996}
Saved results to  /mnt/output/manyclients/xp_33792.npz
Remaining Time (approx.): 00:21:03 [17.60%]

Experiment: main (1/2)
{'communication_round': 177, 'lr': 0.002, 'epochs': 177}
{'client_train_loss': 2.2905285358428955}
{'server_val_accuracy': 0.0996}
Saved results to  /mnt/output/manyclients/xp_33792.npz
Remaining Time (approx.): 00:21:01 [17.70%]

Experiment: main (1/2)
{'communication_round': 178, 'lr': 0.002, 'epochs': 178}
{'client_train_loss': 2.3054378032684326}
{'server_val_accuracy': 0.0996}
Saved results to  /mnt/output/manyclients/xp_33792.npz
Remaining Time (approx.): 00:20:59 [17.80%]

Experiment: main (1/2)
{'communication_round': 179, 'lr': 0.002, 'epochs': 179}
{'client_train_loss': 2.2925713062286377}
{'server_val_accuracy': 0.0997}
Saved results to  /mnt/output/manyclients/xp_33792.npz
Remaining Time (approx.): 00:20:58 [17.90%]

Experiment: main (1/2)
{'communication_round': 180, 'lr': 0.002, 'epochs': 180}
{'client_train_loss': 2.313170909881592}
{'server_val_accuracy': 0.0997}
Saved results to  /mnt/output/manyclients/xp_33792.npz
Remaining Time (approx.): 00:20:56 [18.00%]

Experiment: main (1/2)
{'communication_round': 181, 'lr': 0.002, 'epochs': 181}
{'client_train_loss': 2.284681797027588}
{'server_val_accuracy': 0.0998}
Saved results to  /mnt/output/manyclients/xp_33792.npz
Remaining Time (approx.): 00:20:54 [18.10%]

Experiment: main (1/2)
{'communication_round': 182, 'lr': 0.002, 'epochs': 182}
{'client_train_loss': 2.287522077560425}
{'server_val_accuracy': 0.0998}
Saved results to  /mnt/output/manyclients/xp_33792.npz
Remaining Time (approx.): 00:20:53 [18.20%]

Experiment: main (1/2)
{'communication_round': 183, 'lr': 0.002, 'epochs': 183}
{'client_train_loss': 2.3021771907806396}
{'server_val_accuracy': 0.0998}
Saved results to  /mnt/output/manyclients/xp_33792.npz
Remaining Time (approx.): 00:20:51 [18.30%]

Experiment: main (1/2)
{'communication_round': 184, 'lr': 0.002, 'epochs': 184}
{'client_train_loss': 2.297560453414917}
{'server_val_accuracy': 0.0998}
Saved results to  /mnt/output/manyclients/xp_33792.npz
Remaining Time (approx.): 00:20:49 [18.40%]

Experiment: main (1/2)
{'communication_round': 185, 'lr': 0.002, 'epochs': 185}
{'client_train_loss': 2.2943663597106934}
{'server_val_accuracy': 0.0998}
Saved results to  /mnt/output/manyclients/xp_33792.npz
Remaining Time (approx.): 00:20:48 [18.50%]

Experiment: main (1/2)
{'communication_round': 186, 'lr': 0.002, 'epochs': 186}
{'client_train_loss': 2.3056769371032715}
{'server_val_accuracy': 0.0998}
Saved results to  /mnt/output/manyclients/xp_33792.npz
Remaining Time (approx.): 00:20:46 [18.60%]

Experiment: main (1/2)
{'communication_round': 187, 'lr': 0.002, 'epochs': 187}
{'client_train_loss': 2.2966225147247314}
{'server_val_accuracy': 0.0998}
Saved results to  /mnt/output/manyclients/xp_33792.npz
Remaining Time (approx.): 00:20:44 [18.70%]

Experiment: main (1/2)
{'communication_round': 188, 'lr': 0.002, 'epochs': 188}
{'client_train_loss': 2.3028812408447266}
{'server_val_accuracy': 0.0998}
Saved results to  /mnt/output/manyclients/xp_33792.npz
Remaining Time (approx.): 00:20:43 [18.80%]

Experiment: main (1/2)
{'communication_round': 189, 'lr': 0.002, 'epochs': 189}
{'client_train_loss': 2.299532175064087}
{'server_val_accuracy': 0.0998}
Saved results to  /mnt/output/manyclients/xp_33792.npz
Remaining Time (approx.): 00:20:41 [18.90%]

Experiment: main (1/2)
{'communication_round': 190, 'lr': 0.002, 'epochs': 190}
{'client_train_loss': 2.3051273822784424}
{'server_val_accuracy': 0.0998}
Saved results to  /mnt/output/manyclients/xp_33792.npz
Remaining Time (approx.): 00:20:39 [19.00%]

Experiment: main (1/2)
{'communication_round': 191, 'lr': 0.002, 'epochs': 191}
{'client_train_loss': 2.3205041885375977}
{'server_val_accuracy': 0.0998}
Saved results to  /mnt/output/manyclients/xp_33792.npz
Remaining Time (approx.): 00:20:38 [19.10%]

Experiment: main (1/2)
{'communication_round': 192, 'lr': 0.002, 'epochs': 192}
{'client_train_loss': 2.308988094329834}
{'server_val_accuracy': 0.0998}
Saved results to  /mnt/output/manyclients/xp_33792.npz
Remaining Time (approx.): 00:20:36 [19.20%]

Experiment: main (1/2)
{'communication_round': 193, 'lr': 0.002, 'epochs': 193}
{'client_train_loss': 2.295666456222534}
{'server_val_accuracy': 0.0998}
Saved results to  /mnt/output/manyclients/xp_33792.npz
Remaining Time (approx.): 00:20:35 [19.30%]

Experiment: main (1/2)
{'communication_round': 194, 'lr': 0.002, 'epochs': 194}
{'client_train_loss': 2.2882142066955566}
{'server_val_accuracy': 0.0998}
Saved results to  /mnt/output/manyclients/xp_33792.npz
Remaining Time (approx.): 00:20:33 [19.40%]

Experiment: main (1/2)
{'communication_round': 195, 'lr': 0.002, 'epochs': 195}
{'client_train_loss': 2.329652786254883}
{'server_val_accuracy': 0.0998}
Saved results to  /mnt/output/manyclients/xp_33792.npz
Remaining Time (approx.): 00:20:31 [19.50%]

Experiment: main (1/2)
{'communication_round': 196, 'lr': 0.002, 'epochs': 196}
{'client_train_loss': 2.3026390075683594}
{'server_val_accuracy': 0.0998}
Saved results to  /mnt/output/manyclients/xp_33792.npz
Remaining Time (approx.): 00:20:30 [19.60%]

Experiment: main (1/2)
{'communication_round': 197, 'lr': 0.002, 'epochs': 197}
{'client_train_loss': 2.312171697616577}
{'server_val_accuracy': 0.0997}
Saved results to  /mnt/output/manyclients/xp_33792.npz
Remaining Time (approx.): 00:20:28 [19.70%]

Experiment: main (1/2)
{'communication_round': 198, 'lr': 0.002, 'epochs': 198}
{'client_train_loss': 2.313671588897705}
{'server_val_accuracy': 0.0997}
Saved results to  /mnt/output/manyclients/xp_33792.npz
Remaining Time (approx.): 00:20:26 [19.80%]

Experiment: main (1/2)
{'communication_round': 199, 'lr': 0.002, 'epochs': 199}
{'client_train_loss': 2.286860704421997}
{'server_val_accuracy': 0.0997}
Saved results to  /mnt/output/manyclients/xp_33792.npz
Remaining Time (approx.): 00:20:25 [19.90%]

Experiment: main (1/2)
{'communication_round': 200, 'lr': 0.002, 'epochs': 200}
{'client_train_loss': 2.3116097450256348}
{'server_val_accuracy': 0.0997}
Saved results to  /mnt/output/manyclients/xp_33792.npz
Remaining Time (approx.): 00:20:23 [20.00%]

Experiment: main (1/2)
{'communication_round': 201, 'lr': 0.002, 'epochs': 201}
{'client_train_loss': 2.304232120513916}
{'server_val_accuracy': 0.0998}
Saved results to  /mnt/output/manyclients/xp_33792.npz
Remaining Time (approx.): 00:20:21 [20.10%]

Experiment: main (1/2)
{'communication_round': 202, 'lr': 0.002, 'epochs': 202}
{'client_train_loss': 2.304506778717041}
slurmstepd: error: *** JOB 11262 ON vca-gpu-211-01 CANCELLED AT 2020-03-12T14:52:05 ***
