Running 2 Experiments..

Hyperparameters: 
 - dataset                 cifar10
 - net                     lenet_cifar
 - n_clients               1000
 - n_data                  None
 - communication_rounds    10000
 - local_epochs            1
 - participation_rate      0.01
 - classes_per_client      0
 - batch_size              128
 - balancedness            1.0
 - pretrained              None
 - save_model              None
 - log_frequency           -100
 - log_path                manyclients/
 - finished                False
 - log_id                  76880

Files already downloaded and verified
Files already downloaded and verified
Data split:
 - Client 0: [4 3 9 4 3 4 5 7 6 5]
 - Client 1: [7 7 3 5 6 4 4 7 4 3]
 - Client 2: [4 4 5 1 4 7 4 7 9 5]
 - Client 3: [3 6 2 3 6 4 5 7 9 5]
 - Client 4: [7 6 5 7 7 6 4 3 2 3]
 - Client 5: [4 5 6 5 5 2 5 3 8 7]
 - Client 6: [ 0  7  5  4  2  4  5  3 14  6]
 - Client 7: [ 3  5  7  4  5 10  3  3  4  6]
 - Client 8: [ 7  2  4 12  6  7  6  1  1  4]
 - Client 9: [5 5 3 7 7 8 3 4 5 3]
 - Client 10: [5 6 3 9 1 4 5 5 4 8]
 - Client 11: [7 3 4 6 3 9 6 0 5 7]
 - Client 12: [7 5 4 3 3 4 6 8 2 8]
 - Client 13: [4 8 6 9 7 3 2 3 4 4]
 - Client 14: [3 7 7 3 7 3 4 6 4 6]
 - Client 15: [5 3 6 4 6 6 2 5 4 9]
 - Client 16: [2 7 4 5 8 2 5 3 7 7]
 - Client 17: [1 6 6 5 4 4 7 3 7 7]
 - Client 18: [6 4 9 6 3 3 3 3 7 6]
 - Client 19: [ 1  7  3  9 10  7  4  4  5  0]
 - Client 20: [4 4 5 5 4 7 8 4 6 3]
 - Client 21: [6 3 4 4 6 1 9 5 8 4]
 - Client 22: [5 4 3 7 1 3 8 5 8 6]
 - Client 23: [5 7 7 6 3 4 2 7 4 5]
 - Client 24: [5 8 7 3 7 3 3 4 3 7]
 - Client 25: [5 4 4 3 5 5 4 5 9 6]
 - Client 26: [5 3 7 6 4 6 6 7 5 1]
 - Client 27: [5 1 8 5 9 5 3 4 5 5]
 - Client 28: [5 1 5 7 4 5 4 7 7 5]
 - Client 29: [4 8 5 5 6 3 5 9 2 3]
 - Client 30: [6 1 5 5 6 9 6 2 5 5]
 - Client 31: [ 2  7  1  7  5 10 10  3  1  4]
 - Client 32: [ 4  2  4  1  6  6  5 10  6  6]
 - Client 33: [6 3 3 5 8 6 5 3 6 5]
 - Client 34: [10  4  5  2  6  3  4  6  6  4]
 - Client 35: [ 5  6  5  5  5 10  4  3  4  3]
 - Client 36: [3 3 6 5 4 7 4 5 9 4]
 - Client 37: [8 4 5 5 5 8 5 3 3 4]
 - Client 38: [10  3  5  4  5  3  4  6  4  6]
 - Client 39: [5 4 6 4 5 9 6 2 1 8]
 - Client 40: [6 1 5 4 3 8 4 8 3 8]
 - Client 41: [2 5 8 6 3 4 2 7 7 6]
 - Client 42: [2 3 6 3 5 6 8 5 7 5]
 - Client 43: [5 5 3 6 7 6 7 6 4 1]
 - Client 44: [2 6 4 3 9 5 5 6 2 8]
 - Client 45: [6 5 4 7 2 5 4 6 7 4]
 - Client 46: [8 5 6 6 5 9 0 7 3 1]
 - Client 47: [3 2 6 6 8 4 6 2 7 6]
 - Client 48: [5 9 4 3 4 4 3 5 6 7]
 - Client 49: [ 2  0 11  3  8  7  4  4  6  5]
 - Client 50: [4 2 5 6 4 6 6 5 4 8]
 - Client 51: [6 7 3 4 4 9 5 3 4 5]
 - Client 52: [6 4 2 9 6 3 4 4 4 8]
 - Client 53: [ 4  3  6  5  7  3  2  6  3 11]
 - Client 54: [2 3 9 4 3 8 6 3 6 6]
 - Client 55: [ 2  4  5  7  5  6  3 10  2  6]
 - Client 56: [4 7 6 7 6 4 3 9 2 2]
 - Client 57: [8 8 4 5 6 2 8 6 1 2]
 - Client 58: [8 4 3 3 4 8 7 3 6 4]
 - Client 59: [ 4  4  8  2  1  4  4 10  9  4]
 - Client 60: [8 4 2 0 5 6 7 5 6 7]
 - Client 61: [4 7 5 8 5 1 5 2 6 7]
 - Client 62: [6 4 1 6 6 7 3 8 3 6]
 - Client 63: [4 2 6 5 9 6 4 5 2 7]
 - Client 64: [ 6  4  6  6  7 10  3  7  1  0]
 - Client 65: [ 8  6  3  7 11  2  2  5  5  1]
 - Client 66: [9 7 4 6 7 1 5 4 3 4]
 - Client 67: [4 5 4 4 3 3 6 6 9 6]
 - Client 68: [9 5 2 6 7 6 3 3 5 4]
 - Client 69: [2 5 5 5 6 7 5 6 5 4]
 - Client 70: [2 7 7 6 5 5 5 4 2 7]
 - Client 71: [3 5 6 3 5 6 4 6 7 5]
 - Client 72: [4 7 4 6 3 9 5 5 3 4]
 - Client 73: [4 8 7 4 3 6 4 5 3 6]
 - Client 74: [8 0 4 7 4 2 7 5 6 7]
 - Client 75: [2 3 3 9 4 5 6 7 3 8]
 - Client 76: [ 3 10  5  5  7  3  3  4  6  4]
 - Client 77: [4 3 7 4 4 4 8 7 3 6]
 - Client 78: [2 3 9 4 6 7 6 5 6 2]
 - Client 79: [5 2 9 2 2 7 4 6 8 5]
 - Client 80: [4 6 4 4 5 3 7 8 5 4]
 - Client 81: [3 4 6 5 5 3 3 8 8 5]
 - Client 82: [4 9 4 7 4 3 8 4 4 3]
 - Client 83: [4 8 6 8 4 4 3 1 9 3]
 - Client 84: [5 4 6 2 9 4 3 6 7 4]
 - Client 85: [9 7 6 5 4 4 4 1 5 5]
 - Client 86: [ 7  5  2  4 12  3  4  1  4  8]
 - Client 87: [3 6 4 5 4 4 4 8 8 4]
 - Client 88: [6 5 4 2 8 3 6 7 4 5]
 - Client 89: [5 8 6 5 4 6 6 3 3 4]
 - Client 90: [3 7 5 7 9 2 4 1 6 6]
 - Client 91: [5 8 3 6 4 2 5 7 6 4]
 - Client 92: [ 8 10  2  6  1  1  7  3  8  4]
 - Client 93: [8 8 5 3 5 3 3 5 9 1]
 - Client 94: [8 3 3 5 4 3 6 6 6 6]
 - Client 95: [ 3  1  4  5  6  7 12  5  3  4]
 - Client 96: [4 9 6 4 5 6 5 5 1 5]
 - Client 97: [6 6 9 5 8 1 5 4 3 3]
 - Client 98: [ 4  2  9  2  5  8 10  2  5  3]
 - Client 99: [3 4 8 6 2 7 4 8 4 4]
 - Client 100: [6 4 5 5 4 7 6 1 6 6]
 - Client 101: [7 9 2 5 5 6 4 4 3 5]
 - Client 102: [4 4 5 5 6 6 6 5 1 8]
 - Client 103: [5 6 5 2 5 9 5 2 8 3]
 - Client 104: [5 6 6 7 6 3 6 5 4 2]
 - Client 105: [4 7 4 6 1 5 8 5 5 5]
 - Client 106: [6 2 7 6 5 5 4 4 6 5]
 - Client 107: [2 7 5 7 3 5 5 3 7 6]
 - Client 108: [3 5 6 3 4 3 5 6 8 7]
 - Client 109: [6 4 5 4 3 4 8 6 7 3]
 - Client 110: [4 4 5 6 6 7 2 6 7 3]
 - Client 111: [12  3  7  4  1  6  5  5  1  6]
 - Client 112: [3 6 4 5 5 5 6 3 5 8]
 - Client 113: [4 7 2 8 3 5 7 4 4 6]
 - Client 114: [ 4  4  2  6  7  5  2 10  6  4]
 - Client 115: [8 6 7 5 2 6 6 1 6 3]
 - Client 116: [ 2  4  6  7  5  3  5 11  3  4]
 - Client 117: [ 5  3  8  7  6  4  3 11  2  1]
 - Client 118: [2 5 2 4 9 8 4 7 7 2]
 - Client 119: [3 7 4 4 5 6 4 5 6 6]
 - Client 120: [5 4 6 2 6 4 4 4 8 7]
 - Client 121: [ 5  3  6 17  4  1  7  3  2  2]
 - Client 122: [10  6  3  6  6  4  1  5  5  4]
 - Client 123: [4 6 7 4 4 7 8 3 6 1]
 - Client 124: [5 5 4 4 3 6 6 5 5 7]
 - Client 125: [4 4 9 4 3 8 7 4 5 2]
 - Client 126: [5 6 7 1 5 2 5 7 3 9]
 - Client 127: [6 3 8 6 6 1 7 2 5 6]
 - Client 128: [ 4  7  2  3  3  3 12  7  4  5]
 - Client 129: [10  5  2  0  6  7  2  5  5  8]
 - Client 130: [ 4  6  3  3  5  4  7  3 10  5]
 - Client 131: [ 3  5 10  9  4  4  4  5  2  4]
 - Client 132: [4 7 3 3 5 6 4 8 7 3]
 - Client 133: [5 1 8 7 6 5 0 5 9 4]
 - Client 134: [5 3 6 4 4 4 4 5 8 7]
 - Client 135: [ 5  5  5  7  4  4  5 10  5  0]
 - Client 136: [5 2 6 4 5 5 4 3 9 7]
 - Client 137: [4 6 7 4 3 3 4 3 7 9]
 - Client 138: [6 5 5 9 3 4 7 3 2 6]
 - Client 139: [ 5  4  3  2  8 10  5  6  3  4]
 - Client 140: [4 9 6 7 3 3 6 4 3 5]
 - Client 141: [ 2  7  2 11  3  7  6  1  6  5]
 - Client 142: [7 6 3 1 2 6 8 3 6 8]
 - Client 143: [5 4 4 4 7 3 5 7 7 4]
 - Client 144: [6 4 3 7 3 7 5 4 6 5]
 - Client 145: [1 7 5 6 5 5 7 4 7 3]
 - Client 146: [3 9 3 6 5 3 7 5 4 5]
 - Client 147: [6 7 4 3 6 8 4 4 4 4]
 - Client 148: [ 4  6  5  5  6 11  2  3  3  5]
 - Client 149: [ 3  5  3  1  7  3  4  8 12  4]
 - Client 150: [0 5 4 7 6 7 6 3 6 6]
 - Client 151: [5 5 1 8 7 6 8 4 3 3]
 - Client 152: [5 8 3 5 6 4 1 6 6 6]
 - Client 153: [4 6 3 6 2 4 8 6 6 5]
 - Client 154: [5 5 4 9 6 5 6 3 5 2]
 - Client 155: [4 5 2 7 4 8 4 9 5 2]
 - Client 156: [5 2 8 2 4 8 3 4 7 7]
 - Client 157: [6 8 5 4 3 5 3 4 4 8]
 - Client 158: [7 7 1 6 4 6 6 7 0 6]
 - Client 159: [4 6 5 0 5 9 6 2 4 9]
 - Client 160: [6 4 7 6 6 3 5 4 4 5]
 - Client 161: [2 5 4 4 4 9 5 3 7 7]
 - Client 162: [6 6 5 2 8 3 5 3 6 6]
 - Client 163: [6 9 7 4 7 1 4 6 5 1]
 - Client 164: [ 4  4  5  7 11  5  3  5  2  4]
 - Client 165: [ 3  6  4  4  3  6 11  6  3  4]
 - Client 166: [5 7 2 3 6 6 0 7 8 6]
 - Client 167: [9 3 5 5 6 5 5 2 5 5]
 - Client 168: [2 6 6 5 4 7 5 7 3 5]
 - Client 169: [5 5 3 4 5 9 3 4 5 7]
 - Client 170: [ 8  5  0 10  2  2  6  7  7  3]
 - Client 171: [7 6 4 4 6 6 5 4 5 3]
 - Client 172: [2 1 9 3 5 5 5 7 7 6]
 - Client 173: [3 5 6 7 5 2 6 5 4 7]
 - Client 174: [3 6 8 3 4 3 8 4 2 9]
 - Client 175: [4 7 5 3 4 7 2 5 7 6]
 - Client 176: [7 4 5 3 4 7 5 5 6 4]
 - Client 177: [10  7  5  4  3  3  1  7  4  6]
 - Client 178: [ 6  5  9  4  3 10  3  2  5  3]
 - Client 179: [2 3 7 7 3 6 3 7 5 7]
 - Client 180: [7 6 5 3 5 3 5 3 4 9]
 - Client 181: [2 5 5 2 1 7 9 3 9 7]
 - Client 182: [5 4 6 6 4 4 9 6 6 0]
 - Client 183: [4 5 4 4 3 8 6 5 5 6]
 - Client 184: [1 3 6 8 6 9 5 1 6 5]
 - Client 185: [8 3 5 4 6 7 8 1 6 2]
 - Client 186: [ 6  3  5  3  4 10  5  6  5  3]
 - Client 187: [7 3 6 6 6 3 2 5 3 9]
 - Client 188: [ 5  3  4  5  4  2 10  9  3  5]
 - Client 189: [4 5 2 6 6 4 8 9 3 3]
 - Client 190: [ 4  4  2  5  5  4  5 11  7  3]
 - Client 191: [4 8 4 5 2 4 4 8 4 7]
 - Client 192: [ 8  4  2 10  3  7  6  5  2  3]
 - Client 193: [ 3 10  5  4  2  5  5  4  6  6]
 - Client 194: [ 4  4  3  5 10  3  5  3  3 10]
 - Client 195: [8 7 6 8 6 5 2 4 2 2]
 - Client 196: [ 7  2  4  5  3  7  1  5 11  5]
 - Client 197: [7 7 4 6 3 4 1 8 5 5]
 - Client 198: [3 4 7 3 7 5 3 7 4 7]
 - Client 199: [2 6 2 9 2 5 2 7 6 9]
 - Client 200: [ 3  5  7  4  3  6  1 11  6  4]
 - Client 201: [ 3 10  4  3  5  6  4  6  6  3]
 - Client 202: [ 6  1  7  5  2  6 12  1  7  3]
 - Client 203: [7 8 6 3 8 4 8 2 2 2]
 - Client 204: [9 4 5 7 8 3 2 5 4 3]
 - Client 205: [7 5 5 5 1 5 8 3 6 5]
 - Client 206: [4 3 6 9 9 4 2 4 5 4]
 - Client 207: [8 4 6 4 6 4 6 5 3 4]
 - Client 208: [8 8 3 3 5 9 3 5 3 3]
 - Client 209: [6 4 8 5 8 2 5 3 4 5]
 - Client 210: [2 5 7 4 4 7 7 4 6 4]
 - Client 211: [7 6 5 5 4 4 7 4 4 4]
 - Client 212: [4 5 6 6 7 6 3 3 4 6]
 - Client 213: [4 8 3 8 6 3 4 6 5 3]
 - Client 214: [5 4 6 6 3 3 5 8 3 7]
 - Client 215: [7 7 4 3 3 9 6 6 1 4]
 - Client 216: [6 7 6 3 5 5 6 5 5 2]
 - Client 217: [6 2 5 8 3 4 4 7 4 7]
 - Client 218: [3 6 5 5 2 8 6 9 1 5]
 - Client 219: [ 7  7  3  3  3 10  5  2  5  5]
 - Client 220: [6 5 8 4 7 4 4 3 2 7]
 - Client 221: [7 3 4 6 7 9 4 4 2 4]
 - Client 222: [ 4  3  3  7 12  4  3  4  4  6]
 - Client 223: [4 5 7 4 9 5 3 5 4 4]
 - Client 224: [4 4 4 8 4 2 3 6 7 8]
 - Client 225: [7 3 5 7 2 6 5 5 5 5]
 - Client 226: [3 4 6 8 1 9 4 7 6 2]
 - Client 227: [6 3 3 7 5 4 6 4 4 8]
 - Client 228: [ 4  5  4  2  7  5  3  7 10  3]
 - Client 229: [ 5  3  5  2  3  7  6 10  3  6]
 - Client 230: [ 4  2  4  2 10  6  6  6  4  6]
 - Client 231: [3 4 4 5 6 5 8 6 5 4]
 - Client 232: [ 2  6  4  5  5 10  1  7  7  3]
 - Client 233: [10  2  5  3  4  8  3  3  5  7]
 - Client 234: [ 6  4  3  4  4  6  4  3 10  6]
 - Client 235: [5 8 4 6 3 4 6 2 8 4]
 - Client 236: [3 4 8 5 5 5 5 6 4 5]
 - Client 237: [6 4 5 9 5 6 7 2 4 2]
 - Client 238: [ 2  4  5  5  4  4  7  3 10  6]
 - Client 239: [4 7 8 2 4 6 2 4 9 4]
 - Client 240: [ 3  2  6  4  3  3  5 14  4  6]
 - Client 241: [6 4 7 3 4 6 5 6 6 3]
 - Client 242: [ 7  8  3  5  8  3  3  1  2 10]
 - Client 243: [9 4 5 3 5 2 6 2 8 6]
 - Client 244: [5 6 4 6 7 7 4 2 4 5]
 - Client 245: [6 5 4 7 3 5 6 8 2 4]
 - Client 246: [1 4 3 2 7 9 6 6 8 4]
 - Client 247: [5 5 6 3 4 4 6 8 5 4]
 - Client 248: [3 7 6 7 8 1 5 6 3 4]
 - Client 249: [ 1  4  5 10  7  5  5  5  5  3]
 - Client 250: [4 2 6 7 4 7 8 7 2 3]
 - Client 251: [5 5 6 5 8 2 5 3 5 6]
 - Client 252: [ 2  4 10  5  1  3  3  9  7  6]
 - Client 253: [10  6 10  3  4  4  6  2  3  2]
 - Client 254: [3 3 2 9 6 4 7 4 6 6]
 - Client 255: [4 3 6 8 6 4 3 6 6 4]
 - Client 256: [5 0 4 8 6 7 3 3 6 8]
 - Client 257: [ 4  2  3  7  6 10  6  4  3  5]
 - Client 258: [5 8 4 3 6 7 6 1 4 6]
 - Client 259: [6 3 8 4 7 8 2 5 3 4]
 - Client 260: [8 6 3 4 3 5 6 3 6 6]
 - Client 261: [ 3  3  5  6  4  9  2  4  4 10]
 - Client 262: [5 5 1 5 6 3 9 7 2 7]
 - Client 263: [7 5 6 5 5 3 1 7 6 5]
 - Client 264: [5 9 5 3 7 3 4 1 5 8]
 - Client 265: [4 6 8 8 6 4 5 2 4 3]
 - Client 266: [8 4 5 3 5 7 3 8 2 5]
 - Client 267: [4 2 3 1 4 6 8 9 5 8]
 - Client 268: [6 6 6 5 9 2 5 2 6 3]
 - Client 269: [ 1  5  4  7  5  3 10  3  8  4]
 - Client 270: [5 5 5 3 5 5 6 6 5 5]
 - Client 271: [ 4  4  6 10  1  8  5  5  3  4]
 - Client 272: [2 5 5 5 5 7 5 8 5 3]
 - Client 273: [3 9 4 4 5 3 4 9 7 2]
 - Client 274: [4 7 2 7 4 3 5 5 6 7]
 - Client 275: [1 7 4 7 6 3 6 5 6 5]
 - Client 276: [ 5  4  7  5  3 10  1  3  5  7]
 - Client 277: [3 3 5 5 5 2 7 5 9 6]
 - Client 278: [ 3  7  6  3  4 10  3  4  3  7]
 - Client 279: [4 4 7 4 9 7 3 2 2 8]
 - Client 280: [4 5 9 4 4 3 1 8 8 4]
 - Client 281: [10  4  5  5  0  7  4  3  4  8]
 - Client 282: [3 4 4 5 7 6 6 7 4 4]
 - Client 283: [ 2  2  3 10  5  6  3  5  8  6]
 - Client 284: [9 5 2 7 1 2 4 8 4 8]
 - Client 285: [4 2 5 7 6 4 9 2 6 5]
 - Client 286: [ 5  1 10  2  5  4  5  6  6  6]
 - Client 287: [ 2  6  7  8 12  6  1  2  2  4]
 - Client 288: [7 7 4 4 3 2 6 3 6 8]
 - Client 289: [ 4  5  3  8  4  2  3 12  5  4]
 - Client 290: [9 7 3 3 4 5 2 6 3 8]
 - Client 291: [6 4 3 7 4 6 6 5 4 5]
 - Client 292: [7 3 2 8 6 7 3 6 2 6]
 - Client 293: [4 3 4 4 5 6 6 8 2 8]
 - Client 294: [4 4 3 6 4 4 8 6 4 7]
 - Client 295: [7 7 3 9 2 1 4 3 7 7]
 - Client 296: [ 4  3  4  4  4  3 10  7  9  2]
 - Client 297: [7 2 6 9 9 4 2 1 5 5]
 - Client 298: [6 4 3 6 9 2 6 3 6 5]
 - Client 299: [6 3 7 5 8 5 3 5 3 5]
 - Client 300: [5 3 4 4 7 6 4 8 5 4]
 - Client 301: [6 4 3 6 5 7 3 6 4 6]
 - Client 302: [6 2 6 4 4 6 4 9 6 3]
 - Client 303: [ 5  6 10  4  5  5  1  4  5  5]
 - Client 304: [3 3 6 4 8 2 4 7 7 6]
 - Client 305: [11  3  5  4  2  8  3  5  3  6]
 - Client 306: [ 5  5  3  5  4  4 10  6  4  4]
 - Client 307: [8 4 7 8 4 2 6 5 4 2]
 - Client 308: [5 4 8 9 2 3 7 6 1 5]
 - Client 309: [4 7 5 7 3 6 4 6 1 7]
 - Client 310: [6 6 3 7 2 2 6 8 4 6]
 - Client 311: [4 9 2 7 3 5 3 8 5 4]
 - Client 312: [3 4 6 9 4 4 6 3 5 6]
 - Client 313: [1 4 4 4 4 9 7 7 4 6]
 - Client 314: [3 9 4 4 7 5 6 4 5 3]
 - Client 315: [4 5 8 6 5 5 5 3 6 3]
 - Client 316: [7 5 4 6 5 5 6 3 6 3]
 - Client 317: [4 5 4 3 6 6 5 6 5 6]
 - Client 318: [5 4 8 7 5 5 8 3 4 1]
 - Client 319: [6 3 7 3 6 6 7 5 5 2]
 - Client 320: [ 5  8  3  3  3  2 10  5  6  5]
 - Client 321: [5 9 7 4 4 6 4 1 2 8]
 - Client 322: [8 3 7 6 4 6 1 5 1 9]
 - Client 323: [ 2 10  4  5  8  4  5  6  3  3]
 - Client 324: [5 4 6 4 0 4 7 7 5 8]
 - Client 325: [2 3 6 4 6 4 9 4 4 8]
 - Client 326: [3 3 6 2 6 6 2 8 9 5]
 - Client 327: [6 5 4 4 4 4 7 4 3 9]
 - Client 328: [3 5 6 8 5 4 2 8 5 4]
 - Client 329: [ 3  2 11  1  8  6  7  5  4  3]
 - Client 330: [5 6 5 9 5 4 2 6 2 6]
 - Client 331: [3 2 8 4 6 5 6 4 6 6]
 - Client 332: [6 3 7 3 2 5 7 4 8 5]
 - Client 333: [8 4 0 6 5 8 3 4 6 6]
 - Client 334: [2 5 3 4 5 6 7 6 7 5]
 - Client 335: [4 3 6 7 6 9 3 8 1 3]
 - Client 336: [ 2  5  5  6 10  3  8  3  4  4]
 - Client 337: [6 5 4 2 8 6 7 2 2 8]
 - Client 338: [ 3  5  3  5 10  4  3 10  4  3]
 - Client 339: [8 6 6 3 3 4 5 8 2 5]
 - Client 340: [ 5  4  4  4  4  5  3  5  4 12]
 - Client 341: [4 6 3 5 5 6 3 5 6 7]
 - Client 342: [10  8  4  2  3  6  4  4  6  3]
 - Client 343: [11  3  3  6  4  2  4  6  6  5]
 - Client 344: [5 5 7 3 5 4 7 5 3 6]
 - Client 345: [5 5 3 7 4 7 7 4 4 4]
 - Client 346: [3 2 6 4 6 3 2 7 9 8]
 - Client 347: [6 5 5 4 3 4 6 3 8 6]
 - Client 348: [ 5 10  4  9  5  5  3  2  3  4]
 - Client 349: [ 4  7 10  6  1  4  9  2  4  3]
 - Client 350: [6 6 3 7 5 6 3 6 4 4]
 - Client 351: [9 7 3 5 4 2 4 4 8 4]
 - Client 352: [8 5 4 4 4 3 5 6 5 6]
 - Client 353: [12  7  4  3  3  4  4  3  6  4]
 - Client 354: [3 8 6 4 6 3 8 3 5 4]
 - Client 355: [5 4 5 5 1 8 5 4 6 7]
 - Client 356: [5 6 4 2 7 3 3 3 8 9]
 - Client 357: [4 6 7 3 6 6 5 3 2 8]
 - Client 358: [6 2 7 6 5 6 6 1 3 8]
 - Client 359: [5 3 7 7 5 6 7 5 3 2]
 - Client 360: [6 3 3 6 6 1 4 5 7 9]
 - Client 361: [6 5 5 4 5 5 3 4 7 6]
 - Client 362: [ 4  5  6  4 10  7  1  5  5  3]
 - Client 363: [7 6 1 7 7 6 3 4 6 3]
 - Client 364: [4 7 4 6 5 5 5 5 5 4]
 - Client 365: [7 5 5 4 3 6 4 4 7 5]
 - Client 366: [7 7 6 4 6 3 7 0 3 7]
 - Client 367: [ 5  6  1  5  4  5  4  4  6 10]
 - Client 368: [3 5 4 6 8 5 3 4 7 5]
 - Client 369: [3 8 4 4 6 3 5 7 3 7]
 - Client 370: [6 7 5 4 4 9 5 4 4 2]
 - Client 371: [3 8 3 2 8 5 3 7 4 7]
 - Client 372: [1 5 8 5 3 6 6 3 8 5]
 - Client 373: [4 1 6 8 4 2 9 5 5 6]
 - Client 374: [2 4 6 8 4 1 6 4 7 8]
 - Client 375: [5 2 6 6 3 6 6 7 4 5]
 - Client 376: [3 4 4 2 8 4 3 9 6 7]
 - Client 377: [3 5 4 4 8 6 3 6 3 8]
 - Client 378: [3 4 5 3 7 8 7 6 3 4]
 - Client 379: [ 3  9  5  2  3  6  3  8  1 10]
 - Client 380: [2 4 3 8 4 4 7 7 3 8]
 - Client 381: [ 3  6  3  7  6 10  5  2  3  5]
 - Client 382: [ 3  5 10  4  7  1  4  6  5  5]
 - Client 383: [7 4 6 4 4 3 4 5 6 7]
 - Client 384: [ 1  2  7  7  6 11  6  3  6  1]
 - Client 385: [6 3 4 7 7 8 6 2 2 5]
 - Client 386: [4 7 4 4 7 6 2 7 8 1]
 - Client 387: [ 5  1  8  5 11  3  5  1  4  7]
 - Client 388: [9 4 3 8 6 5 3 6 2 4]
 - Client 389: [9 4 4 2 4 6 6 2 9 4]
 - Client 390: [ 7  8  1  4  2  2 10  5  6  5]
 - Client 391: [3 7 3 3 4 7 7 8 2 6]
 - Client 392: [5 4 4 4 6 5 4 9 4 5]
 - Client 393: [ 6  1  4  3  3  7  4 10  9  3]
 - Client 394: [7 5 5 6 4 6 5 3 6 3]
 - Client 395: [7 4 8 5 4 1 4 3 9 5]
 - Client 396: [ 7  5  6  4  2  5  4  3 11  3]
 - Client 397: [6 2 5 6 5 7 4 3 4 8]
 - Client 398: [ 5  3  5  6  2  5  7 10  5  2]
 - Client 399: [5 6 4 3 3 6 6 7 7 3]
 - Client 400: [6 4 3 9 6 4 3 7 5 3]
 - Client 401: [3 4 7 6 9 3 6 3 5 4]
 - Client 402: [4 5 6 3 5 7 6 5 5 4]
 - Client 403: [4 7 7 3 3 9 3 6 3 5]
 - Client 404: [5 5 4 4 5 6 4 7 3 7]
 - Client 405: [ 4  7  3  4  7  7  4  1  2 11]
 - Client 406: [2 7 2 7 6 3 7 6 3 7]
 - Client 407: [5 6 5 4 4 4 8 4 5 5]
 - Client 408: [5 4 6 7 5 3 6 5 6 3]
 - Client 409: [4 6 8 8 4 5 5 2 4 4]
 - Client 410: [8 8 6 3 2 6 7 6 3 1]
 - Client 411: [5 5 8 2 5 3 4 4 5 9]
 - Client 412: [3 4 4 7 6 4 6 3 5 8]
 - Client 413: [4 6 7 6 4 2 4 5 4 8]
 - Client 414: [5 3 6 4 4 5 4 6 4 9]
 - Client 415: [7 7 6 1 5 4 7 4 4 5]
 - Client 416: [4 5 6 7 6 4 5 2 5 6]
 - Client 417: [ 3  3  6  2  5  5 10  5  5  6]
 - Client 418: [6 4 8 7 2 6 9 2 4 2]
 - Client 419: [4 8 5 3 3 6 5 6 4 6]
 - Client 420: [5 7 3 8 6 4 4 4 3 6]
 - Client 421: [5 4 2 4 3 6 5 7 7 7]
 - Client 422: [3 6 5 5 5 8 5 3 6 4]
 - Client 423: [4 6 4 5 8 2 5 3 7 6]
 - Client 424: [ 9  5 10  4  3  4  3  6  2  4]
 - Client 425: [ 1  4 10  3  6  3  4  5  7  7]
 - Client 426: [7 5 5 6 2 4 7 6 4 4]
 - Client 427: [10  4  7  3  8  8  3  4  2  1]
 - Client 428: [3 3 6 4 9 5 6 5 9 0]
 - Client 429: [ 3 10  6  2 11  5  2  4  5  2]
 - Client 430: [9 2 3 9 3 6 7 2 6 3]
 - Client 431: [1 4 7 4 6 3 5 8 5 7]
 - Client 432: [2 5 7 5 4 5 5 5 7 5]
 - Client 433: [ 4  2  5  2  5  6 10  8  1  7]
 - Client 434: [4 7 6 3 3 3 8 5 5 6]
 - Client 435: [6 3 3 6 7 4 9 5 2 5]
 - Client 436: [4 4 5 3 2 6 5 6 9 6]
 - Client 437: [3 9 8 4 6 6 4 1 4 5]
 - Client 438: [6 9 5 5 2 4 5 6 6 2]
 - Client 439: [ 6  5  4 11  1  3  3  8  6  3]
 - Client 440: [ 6  6  5  4  3  5  6  1 10  4]
 - Client 441: [ 4  6  4  2  6  5  5  3  5 10]
 - Client 442: [6 1 7 4 5 6 0 8 7 6]
 - Client 443: [9 2 5 5 6 5 5 3 4 6]
 - Client 444: [7 4 4 2 6 5 6 4 5 7]
 - Client 445: [7 8 3 5 4 6 4 4 5 4]
 - Client 446: [7 7 4 5 6 3 6 3 4 5]
 - Client 447: [7 3 3 6 5 7 7 6 4 2]
 - Client 448: [6 5 7 3 7 5 5 5 4 3]
 - Client 449: [5 8 6 8 2 3 4 5 5 4]
 - Client 450: [4 5 7 5 3 6 2 7 4 7]
 - Client 451: [ 5  2  3  6 10  3  5  7  4  5]
 - Client 452: [ 4  7  5  4  3  4  3  3 11  6]
 - Client 453: [2 3 6 6 6 5 5 8 7 2]
 - Client 454: [ 2 10  6  6  4  5  4  8  2  3]
 - Client 455: [4 4 3 9 5 3 6 6 3 7]
 - Client 456: [7 5 2 6 4 2 5 7 6 6]
 - Client 457: [2 6 5 4 4 6 6 3 6 8]
 - Client 458: [10  6  6  2  3  1  2  8  7  5]
 - Client 459: [ 3  5  3  3 10  7  5  6  4  4]
 - Client 460: [2 2 5 3 6 6 9 7 4 6]
 - Client 461: [5 8 5 5 5 6 4 8 2 2]
 - Client 462: [5 7 2 6 4 5 8 7 3 3]
 - Client 463: [ 5  1 11  3  2  5  9  7  1  6]
 - Client 464: [5 5 4 6 5 5 5 4 4 7]
 - Client 465: [ 4  4  4  4  6  2  5  5 11  5]
 - Client 466: [6 5 5 6 8 3 5 7 2 3]
 - Client 467: [2 4 5 3 8 7 5 7 4 5]
 - Client 468: [5 6 8 3 3 5 4 6 4 6]
 - Client 469: [5 4 5 5 4 9 7 3 4 4]
 - Client 470: [3 3 4 5 1 6 7 6 9 6]
 - Client 471: [ 5  7 10  5  4  7  2  4  4  2]
 - Client 472: [2 1 7 3 3 6 6 9 6 7]
 - Client 473: [8 5 3 4 5 5 5 5 4 6]
 - Client 474: [ 5  3  1  5  5  6  4 10  3  8]
 - Client 475: [7 7 3 3 7 2 7 6 6 2]
 - Client 476: [ 6  6  5  3  3  4 10  3  5  5]
 - Client 477: [3 7 7 5 6 6 7 4 4 1]
 - Client 478: [2 5 5 3 6 7 6 3 5 8]
 - Client 479: [5 6 5 2 6 5 2 7 4 8]
 - Client 480: [6 4 4 3 6 4 8 5 7 3]
 - Client 481: [ 6  6  3  1  2 10  5  8  2  7]
 - Client 482: [12  5  5  3  4  5  6  7  2  1]
 - Client 483: [5 2 8 5 6 4 3 8 2 7]
 - Client 484: [11  2  7  4  6  5  4  5  3  3]
 - Client 485: [4 2 5 9 5 6 3 2 7 7]
 - Client 486: [5 4 6 4 7 2 6 6 4 6]
 - Client 487: [5 4 6 6 4 3 2 8 5 7]
 - Client 488: [5 3 7 5 4 2 5 7 5 7]
 - Client 489: [4 4 7 6 5 4 3 5 5 7]
 - Client 490: [4 7 5 6 3 4 8 3 8 2]
 - Client 491: [4 2 4 3 8 6 8 5 4 6]
 - Client 492: [ 4  7 10  4  5  2  5  7  1  5]
 - Client 493: [8 3 7 3 5 6 5 8 4 1]
 - Client 494: [3 2 7 6 6 5 6 3 7 5]
 - Client 495: [ 3 11  1  4  5  4  7  7  3  5]
 - Client 496: [3 8 3 3 6 3 9 3 4 8]
 - Client 497: [1 5 4 7 4 2 6 9 3 9]
 - Client 498: [9 7 5 2 7 6 2 5 4 3]
 - Client 499: [4 6 6 6 2 7 6 7 3 3]
 - Client 500: [12  5  4  4  3  7  3  3  5  4]
 - Client 501: [11  6  4  3  3  6  7  4  3  3]
 - Client 502: [3 5 8 3 9 5 2 2 5 8]
 - Client 503: [ 7  4  2  8  3  5  1  4 10  6]
 - Client 504: [ 2  4  5  5  3  6  2  8 10  5]
 - Client 505: [5 4 3 6 5 4 6 3 9 5]
 - Client 506: [3 4 4 7 6 8 3 4 7 4]
 - Client 507: [5 9 6 4 4 2 6 5 3 6]
 - Client 508: [4 8 5 3 8 4 7 4 3 4]
 - Client 509: [2 5 6 3 8 7 5 3 4 7]
 - Client 510: [ 4  4  3 10  5  4  4  6  2  8]
 - Client 511: [8 5 3 4 6 6 5 5 3 5]
 - Client 512: [ 5  3  4  6  4  5 10  4  2  7]
 - Client 513: [6 6 8 4 4 4 6 5 4 3]
 - Client 514: [ 3  5  2  5 10  2  3  6  8  6]
 - Client 515: [ 4  8  3  4  5  3 10  3  5  5]
 - Client 516: [ 5  8  5  2  6 10  1  3  4  6]
 - Client 517: [5 5 4 5 6 5 4 5 7 4]
 - Client 518: [6 6 4 3 5 8 5 2 4 7]
 - Client 519: [6 4 6 4 3 4 7 4 6 6]
 - Client 520: [6 5 7 5 9 3 7 3 2 3]
 - Client 521: [4 4 4 8 4 5 5 7 5 4]
 - Client 522: [6 6 2 4 4 7 5 6 7 3]
 - Client 523: [9 9 3 3 3 1 6 4 5 7]
 - Client 524: [5 6 6 6 4 4 2 7 4 6]
 - Client 525: [1 7 4 6 6 7 5 7 4 3]
 - Client 526: [5 3 5 4 7 5 7 5 5 4]
 - Client 527: [5 6 4 7 5 3 4 6 4 6]
 - Client 528: [ 3  9  0  4  3  4  7  8 10  2]
 - Client 529: [10  4  2  3  4  6  5  7  5  4]
 - Client 530: [4 5 6 5 6 6 5 4 4 5]
 - Client 531: [7 3 6 3 4 2 7 6 7 5]
 - Client 532: [ 4 10  5  4  2  3  8  4  5  5]
 - Client 533: [5 5 4 5 5 4 4 8 4 6]
 - Client 534: [ 5  6  4  2  6  3  4 10  2  8]
 - Client 535: [ 5  3  3  6  5 10  4  5  5  4]
 - Client 536: [6 1 5 9 5 6 6 3 4 5]
 - Client 537: [4 4 3 1 5 7 8 4 7 7]
 - Client 538: [ 6  5 11  1  8  3  7  5  4  0]
 - Client 539: [6 9 5 5 4 3 8 5 2 3]
 - Client 540: [ 4  4  7  4  3  4  5  4  4 11]
 - Client 541: [4 6 6 3 4 6 3 6 7 5]
 - Client 542: [9 1 5 5 7 4 4 4 6 5]
 - Client 543: [ 9  5 12  5  1  4  4  4  3  3]
 - Client 544: [ 6 10  7  4  4  3  3  1  5  7]
 - Client 545: [5 4 5 9 3 5 6 5 5 3]
 - Client 546: [4 1 7 4 5 6 8 4 6 5]
 - Client 547: [8 5 5 7 3 3 3 7 4 5]
 - Client 548: [7 4 6 5 5 2 4 9 7 1]
 - Client 549: [5 6 6 5 5 1 6 6 6 4]
 - Client 550: [4 3 6 7 5 4 5 6 5 5]
 - Client 551: [5 9 2 5 2 7 5 4 8 3]
 - Client 552: [5 9 6 8 3 6 4 2 3 4]
 - Client 553: [2 7 7 3 7 4 6 4 3 7]
 - Client 554: [4 4 4 4 7 7 1 4 8 7]
 - Client 555: [ 3  4  2  4  5 11  4  4  6  7]
 - Client 556: [ 5  6  3  8 11  3  5  5  3  1]
 - Client 557: [6 1 4 7 4 8 3 5 7 5]
 - Client 558: [5 9 4 8 3 5 5 0 3 8]
 - Client 559: [1 8 3 7 7 6 7 2 7 2]
 - Client 560: [5 5 3 6 4 9 4 6 5 3]
 - Client 561: [3 6 4 6 6 5 7 4 3 6]
 - Client 562: [3 5 9 2 5 8 6 4 3 5]
 - Client 563: [3 4 6 8 5 6 9 2 1 6]
 - Client 564: [6 4 9 9 5 3 2 3 3 6]
 - Client 565: [ 3 11  7  4  1  6  7  5  3  3]
 - Client 566: [6 5 3 3 7 3 7 5 9 2]
 - Client 567: [3 8 2 5 5 5 4 6 4 8]
 - Client 568: [4 5 0 6 6 5 4 8 8 4]
 - Client 569: [6 3 6 6 7 6 3 3 5 5]
 - Client 570: [5 4 4 2 4 3 9 6 7 6]
 - Client 571: [2 7 5 5 3 3 4 7 6 8]
 - Client 572: [3 9 9 2 5 2 3 4 8 5]
 - Client 573: [5 7 4 3 6 6 8 5 3 3]
 - Client 574: [6 2 3 7 5 5 1 7 8 6]
 - Client 575: [5 7 1 6 6 5 5 5 5 5]
 - Client 576: [4 5 4 8 6 5 7 2 6 3]
 - Client 577: [9 9 5 6 4 2 4 4 3 4]
 - Client 578: [6 4 2 5 5 7 8 5 4 4]
 - Client 579: [ 6  4  5 12  7  4  2  2  3  5]
 - Client 580: [4 6 6 8 2 5 7 4 3 5]
 - Client 581: [3 3 6 3 4 9 6 3 5 8]
 - Client 582: [8 2 6 5 4 2 6 5 8 4]
 - Client 583: [3 2 7 6 4 5 6 5 7 5]
 - Client 584: [3 3 7 4 4 7 6 3 6 7]
 - Client 585: [ 8  5  8  7  2 10  4  1  2  3]
 - Client 586: [10  6  2  5  3  7  7  3  4  3]
 - Client 587: [ 1  3  6  4  2  8  3  6 11  6]
 - Client 588: [10  2  4  6  4  8  5  3  5  3]
 - Client 589: [ 4  4 10  4  7  2  6  4  4  5]
 - Client 590: [5 6 7 2 6 8 4 3 2 7]
 - Client 591: [4 9 4 6 8 0 6 5 3 5]
 - Client 592: [2 3 7 2 9 5 3 7 7 5]
 - Client 593: [ 4  6  3  0  7 10  6  5  7  2]
 - Client 594: [9 5 4 5 6 1 5 6 4 5]
 - Client 595: [3 4 3 6 5 9 3 5 6 6]
 - Client 596: [4 4 6 2 7 1 7 9 6 4]
 - Client 597: [ 3  2 10  5  3  4  6  9  3  5]
 - Client 598: [3 7 3 6 6 6 4 5 8 2]
 - Client 599: [5 8 4 3 7 5 4 7 4 3]
 - Client 600: [9 3 7 6 4 6 6 3 2 4]
 - Client 601: [3 1 5 9 6 7 5 6 3 5]
 - Client 602: [7 3 5 5 6 5 3 5 7 4]
 - Client 603: [3 6 3 3 5 2 5 7 8 8]
 - Client 604: [ 8  7  6  5  3  4  2  2 10  3]
 - Client 605: [5 5 6 4 5 3 6 4 4 8]
 - Client 606: [7 4 5 2 3 7 8 4 8 2]
 - Client 607: [4 8 6 4 6 2 4 4 4 8]
 - Client 608: [1 6 5 3 6 6 5 5 6 7]
 - Client 609: [8 5 6 4 6 1 5 3 8 4]
 - Client 610: [6 8 5 9 4 4 6 1 4 3]
 - Client 611: [5 7 3 8 5 9 4 4 2 3]
 - Client 612: [4 6 7 7 4 2 4 3 5 8]
 - Client 613: [4 7 5 2 2 5 6 4 8 7]
 - Client 614: [3 3 4 4 3 4 9 8 9 3]
 - Client 615: [8 0 5 4 5 8 6 3 4 7]
 - Client 616: [5 2 7 2 6 6 9 8 2 3]
 - Client 617: [5 4 7 3 9 3 5 5 5 4]
 - Client 618: [8 4 5 5 9 6 3 4 0 6]
 - Client 619: [2 5 9 3 3 7 9 3 6 3]
 - Client 620: [ 5  2  1 10  4  5  6  5  6  6]
 - Client 621: [2 6 5 5 5 5 7 3 8 4]
 - Client 622: [ 5  4  2  5  7  4 10  4  4  5]
 - Client 623: [3 3 4 4 5 6 6 5 6 8]
 - Client 624: [ 2  4  8  5  3 10  4  5  4  5]
 - Client 625: [5 2 5 3 9 4 7 6 4 5]
 - Client 626: [3 5 6 7 8 4 1 5 5 6]
 - Client 627: [ 2  6  4  2  5  4  7  4 11  5]
 - Client 628: [4 6 5 9 4 5 1 6 5 5]
 - Client 629: [8 5 8 5 3 2 6 7 5 1]
 - Client 630: [2 5 5 7 6 4 7 7 2 5]
 - Client 631: [9 2 4 6 6 4 8 2 5 4]
 - Client 632: [6 3 3 5 5 5 5 6 8 4]
 - Client 633: [3 5 8 7 6 4 5 3 2 7]
 - Client 634: [6 5 4 9 4 4 6 4 4 4]
 - Client 635: [4 6 4 6 7 5 3 7 5 3]
 - Client 636: [4 7 3 6 8 5 5 3 4 5]
 - Client 637: [3 3 5 6 7 5 6 5 3 7]
 - Client 638: [8 6 3 5 2 8 4 4 5 5]
 - Client 639: [6 4 3 5 5 4 6 7 5 5]
 - Client 640: [8 4 3 5 2 4 5 7 5 7]
 - Client 641: [2 3 5 8 8 7 5 2 4 6]
 - Client 642: [7 5 7 3 6 5 5 1 5 6]
 - Client 643: [7 5 3 7 6 5 5 2 6 4]
 - Client 644: [6 6 6 5 5 6 1 6 3 6]
 - Client 645: [4 7 4 0 6 4 6 4 8 7]
 - Client 646: [5 4 6 2 4 6 7 5 4 7]
 - Client 647: [ 4 10  2  3  3  6  7  8  1  6]
 - Client 648: [2 7 6 4 8 6 6 5 4 2]
 - Client 649: [6 4 5 6 4 4 7 6 4 4]
 - Client 650: [8 6 3 5 4 8 4 2 4 6]
 - Client 651: [6 4 4 4 3 9 4 3 5 8]
 - Client 652: [3 7 3 6 2 6 6 4 4 9]
 - Client 653: [ 5  4  6  2  4  4  4 10  1 10]
 - Client 654: [4 2 5 6 5 3 5 4 7 9]
 - Client 655: [ 4  5  4 10  4  5  2  7  4  5]
 - Client 656: [6 4 2 5 1 2 8 4 9 9]
 - Client 657: [2 7 3 4 3 5 6 7 8 5]
 - Client 658: [4 7 3 4 4 6 4 7 5 6]
 - Client 659: [ 5  4  7  4 10  2  4  4  1  9]
 - Client 660: [5 2 6 6 1 6 9 8 2 5]
 - Client 661: [3 9 3 5 9 4 3 4 3 7]
 - Client 662: [ 4  5  4  2  5  6  2  4  6 12]
 - Client 663: [8 3 3 7 5 7 3 5 5 4]
 - Client 664: [ 5  4  1 12  5  2  6  5  6  4]
 - Client 665: [ 7  4 10  6  6  2  3  5  2  5]
 - Client 666: [2 5 9 6 7 4 5 2 5 5]
 - Client 667: [ 5  5  4  5  2  3  6 11  5  4]
 - Client 668: [ 4  2 11  3  5  3  7  7  4  4]
 - Client 669: [6 3 6 4 4 5 3 6 8 5]
 - Client 670: [4 5 2 4 7 7 4 6 6 5]
 - Client 671: [6 2 6 6 6 3 9 4 6 2]
 - Client 672: [9 2 3 4 6 4 7 6 4 5]
 - Client 673: [ 3  1 10  7  6  4  4  4  5  6]
 - Client 674: [ 7  4 11  2  2  4  7  1  8  4]
 - Client 675: [12  3  7  4  3  2  6  3  2  8]
 - Client 676: [4 5 4 4 9 4 3 8 8 1]
 - Client 677: [ 4 10  2  5  5  2  6  6  4  6]
 - Client 678: [1 7 6 5 7 5 8 7 1 3]
 - Client 679: [ 1  4  5  2  6  9 11  4  5  3]
 - Client 680: [10  4  4  5  4  5  4  6  4  4]
 - Client 681: [6 6 4 4 7 3 5 7 2 6]
 - Client 682: [6 4 3 6 8 4 2 5 4 8]
 - Client 683: [3 5 3 6 6 8 3 6 6 4]
 - Client 684: [6 4 9 3 6 7 2 2 7 4]
 - Client 685: [4 4 8 4 5 8 8 3 3 3]
 - Client 686: [ 4  5  2  5  7  1  3 12  6  5]
 - Client 687: [5 4 6 5 3 4 7 3 8 5]
 - Client 688: [3 5 4 6 2 6 6 7 9 2]
 - Client 689: [3 5 5 3 8 2 7 7 5 5]
 - Client 690: [7 3 3 6 3 4 4 8 6 6]
 - Client 691: [3 4 7 4 6 8 5 3 5 5]
 - Client 692: [2 3 4 6 4 5 7 7 4 8]
 - Client 693: [4 4 5 3 9 8 4 4 5 4]
 - Client 694: [ 6 11  1  6  4  7  6  4  2  3]
 - Client 695: [7 7 1 4 5 3 6 7 7 3]
 - Client 696: [7 6 5 3 4 7 4 6 4 4]
 - Client 697: [4 5 2 6 6 6 6 4 7 4]
 - Client 698: [ 9  3  8 10  3  3  2  4  4  4]
 - Client 699: [4 5 6 2 6 7 4 4 7 5]
 - Client 700: [13  3  3  1  2  7  4  6  6  5]
 - Client 701: [ 6  5  2  4  4 10  3  7  4  5]
 - Client 702: [1 5 8 5 7 4 8 5 4 3]
 - Client 703: [ 2  7  4  4  4  2  5  3  9 10]
 - Client 704: [6 5 3 5 2 5 6 6 5 7]
 - Client 705: [4 6 2 6 5 7 4 3 6 7]
 - Client 706: [9 4 6 6 3 3 6 5 5 3]
 - Client 707: [ 1 10  3  8  6  3  5  3 10  1]
 - Client 708: [5 4 4 4 5 5 7 4 6 6]
 - Client 709: [4 7 7 6 4 6 4 4 5 3]
 - Client 710: [9 5 5 2 4 4 5 5 7 4]
 - Client 711: [5 5 5 6 9 3 6 4 2 5]
 - Client 712: [ 2  7  6  3 11  4  5  5  5  2]
 - Client 713: [5 4 3 5 9 4 6 4 5 5]
 - Client 714: [8 3 6 3 6 5 7 5 4 3]
 - Client 715: [ 1  6  2  2 10  4  9  7  5  4]
 - Client 716: [6 4 9 6 4 1 4 5 5 6]
 - Client 717: [8 5 5 3 5 3 4 6 4 7]
 - Client 718: [ 2  6  5 11  4  5  4  7  1  5]
 - Client 719: [4 5 8 4 6 3 2 8 6 4]
 - Client 720: [2 7 7 6 3 6 6 7 4 2]
 - Client 721: [5 4 2 5 7 3 9 5 3 7]
 - Client 722: [ 1  7 11  2  7  5  3  7  3  4]
 - Client 723: [ 4 13  3  8  3  3  3  4  4  5]
 - Client 724: [3 6 6 6 3 5 5 4 8 4]
 - Client 725: [9 6 6 5 8 1 0 2 8 5]
 - Client 726: [7 9 2 4 6 4 3 5 4 6]
 - Client 727: [9 8 4 4 3 7 3 3 3 6]
 - Client 728: [6 5 6 4 5 5 2 7 4 6]
 - Client 729: [ 7  1  2  3  7  7  2 10  6  5]
 - Client 730: [4 5 4 3 4 5 6 5 5 9]
 - Client 731: [6 2 7 5 6 4 2 4 7 7]
 - Client 732: [7 5 0 6 9 4 5 7 1 6]
 - Client 733: [ 5  7  3 11  4  3  3  5  2  7]
 - Client 734: [5 5 4 7 2 4 8 2 7 6]
 - Client 735: [ 4  4 13  4  4  2  3  5  7  4]
 - Client 736: [6 7 8 4 1 5 3 5 7 4]
 - Client 737: [5 7 6 5 6 2 5 7 3 4]
 - Client 738: [3 4 6 9 6 4 7 4 4 3]
 - Client 739: [3 7 4 5 4 3 4 7 5 8]
 - Client 740: [5 3 6 3 7 6 6 8 4 2]
 - Client 741: [ 3  7 11  4  1  8  4  2  5  5]
 - Client 742: [5 6 5 4 6 3 3 8 4 6]
 - Client 743: [ 5 10  5  6  5  4  5  3  4  3]
 - Client 744: [ 9  5  4  3  6 12  5  1  3  2]
 - Client 745: [5 5 5 2 6 3 6 5 8 5]
 - Client 746: [5 4 4 7 3 5 7 6 4 5]
 - Client 747: [6 6 5 5 6 5 5 3 4 5]
 - Client 748: [6 3 9 6 4 5 5 5 4 3]
 - Client 749: [ 4  7  4  3  3  5  3  5 10  6]
 - Client 750: [4 4 6 6 6 2 6 4 7 5]
 - Client 751: [6 5 3 4 7 3 6 6 4 6]
 - Client 752: [ 2  3 10  6  5  3  6  5  2  8]
 - Client 753: [3 7 7 4 2 6 0 6 6 9]
 - Client 754: [5 4 4 4 4 3 8 4 7 7]
 - Client 755: [2 5 9 5 6 2 5 6 3 7]
 - Client 756: [5 5 6 5 6 4 7 3 4 5]
 - Client 757: [5 5 2 9 3 4 9 2 5 6]
 - Client 758: [2 9 6 5 2 6 4 7 4 5]
 - Client 759: [5 4 7 6 8 2 6 4 4 4]
 - Client 760: [ 1  2  8  7  4  4  4  5 10  5]
 - Client 761: [4 3 5 4 6 8 4 5 4 7]
 - Client 762: [2 9 6 6 6 3 3 4 6 5]
 - Client 763: [ 8  7  2  5  0 10  4  6  4  4]
 - Client 764: [ 5  4  4  5  2  4  5  7  4 10]
 - Client 765: [ 4  5  3  5  5  4  6  5 10  3]
 - Client 766: [6 3 7 7 5 1 8 6 3 4]
 - Client 767: [6 7 5 3 4 8 2 6 2 7]
 - Client 768: [8 1 4 6 7 6 7 4 3 4]
 - Client 769: [ 3 11  6  1  4  9  6  4  2  4]
 - Client 770: [3 2 5 3 7 8 4 6 8 4]
 - Client 771: [4 4 5 8 7 4 5 6 5 2]
 - Client 772: [6 7 5 5 5 4 6 4 3 5]
 - Client 773: [3 8 5 3 7 2 4 5 8 5]
 - Client 774: [ 3  5  6 11  7  1  6  4  4  3]
 - Client 775: [4 8 6 6 5 3 4 4 7 3]
 - Client 776: [3 7 5 4 4 4 3 7 4 9]
 - Client 777: [4 4 3 5 3 8 3 7 6 7]
 - Client 778: [6 2 6 4 6 3 6 5 7 5]
 - Client 779: [4 8 5 7 3 2 6 7 4 4]
 - Client 780: [5 5 5 5 5 2 6 6 5 6]
 - Client 781: [3 5 7 3 8 4 2 5 7 6]
 - Client 782: [7 3 6 5 3 6 5 4 2 9]
 - Client 783: [4 7 2 5 6 3 5 7 9 2]
 - Client 784: [1 4 5 9 7 6 8 2 4 4]
 - Client 785: [4 6 3 3 6 6 6 5 3 8]
 - Client 786: [4 7 7 5 4 6 4 6 5 2]
 - Client 787: [9 7 1 2 5 8 3 5 4 6]
 - Client 788: [8 8 4 7 2 4 2 4 3 8]
 - Client 789: [7 6 4 6 1 4 3 7 8 4]
 - Client 790: [4 6 3 6 6 4 6 8 5 2]
 - Client 791: [3 5 6 6 5 5 7 6 3 4]
 - Client 792: [4 6 6 5 4 6 7 3 4 5]
 - Client 793: [7 4 8 2 5 4 6 3 9 2]
 - Client 794: [4 5 6 7 6 2 2 7 6 5]
 - Client 795: [7 4 6 3 3 3 6 5 6 7]
 - Client 796: [ 2  4  3  2  5 10  9  7  4  4]
 - Client 797: [ 4  6  5  2  6 11  6  2  5  3]
 - Client 798: [ 0  1  3  8  7 12  6  5  4  4]
 - Client 799: [7 7 4 6 5 3 2 4 8 4]
 - Client 800: [2 3 7 8 3 9 6 2 6 4]
 - Client 801: [9 4 7 8 5 4 3 1 5 4]
 - Client 802: [7 3 4 4 7 1 7 6 5 6]
 - Client 803: [4 6 4 7 3 7 3 2 5 9]
 - Client 804: [5 9 4 2 5 6 4 3 9 3]
 - Client 805: [6 5 2 8 4 5 4 5 5 6]
 - Client 806: [7 2 9 7 3 8 2 3 5 4]
 - Client 807: [ 8  1  3  7  3  3  5 10  4  6]
 - Client 808: [2 1 7 8 6 4 7 3 4 8]
 - Client 809: [7 7 2 2 6 5 4 7 6 4]
 - Client 810: [ 7  3  6 10  5  3  4  4  4  4]
 - Client 811: [6 5 5 6 6 5 3 6 4 4]
 - Client 812: [ 4  2  6 10  9  4  2  2  3  8]
 - Client 813: [10  4  3  8  2  7  3  3  5  5]
 - Client 814: [5 5 2 4 7 3 3 8 8 5]
 - Client 815: [4 5 2 5 7 7 6 2 6 6]
 - Client 816: [ 2  3  8  5  3 11  7  5  6  0]
 - Client 817: [6 8 1 7 5 5 4 6 5 3]
 - Client 818: [ 3  4  6  3 10  4  3  7  6  4]
 - Client 819: [ 6 10  7  6  3  6  6  5  0  1]
 - Client 820: [5 9 8 5 6 7 1 4 2 3]
 - Client 821: [5 7 5 6 6 5 6 5 3 2]
 - Client 822: [1 5 4 5 4 6 9 6 5 5]
 - Client 823: [2 8 6 6 2 4 4 3 9 6]
 - Client 824: [6 5 6 5 5 7 3 5 4 4]
 - Client 825: [9 6 6 4 5 5 3 2 7 3]
 - Client 826: [4 8 7 7 5 2 2 5 4 6]
 - Client 827: [ 3  5  4  5  9 10  4  3  2  5]
 - Client 828: [3 6 3 6 6 3 3 6 6 8]
 - Client 829: [3 7 5 3 7 3 7 0 8 7]
 - Client 830: [ 4 10  4  5  5  5  3  3  4  7]
 - Client 831: [4 4 3 7 9 4 6 5 7 1]
 - Client 832: [3 6 4 4 6 5 2 3 8 9]
 - Client 833: [5 8 5 3 3 3 5 6 5 7]
 - Client 834: [5 9 7 2 4 4 6 2 5 6]
 - Client 835: [8 3 6 5 3 2 6 5 6 6]
 - Client 836: [9 4 1 7 7 6 0 8 6 2]
 - Client 837: [ 9  2  3  3  3  6  2  3 10  9]
 - Client 838: [2 2 6 3 2 7 7 8 7 6]
 - Client 839: [ 3  4 11  3  7  6  3  6  5  2]
 - Client 840: [3 7 5 4 6 5 6 6 5 3]
 - Client 841: [ 2  7  2  5 10  6  3  3  5  7]
 - Client 842: [6 5 2 4 8 6 2 8 7 2]
 - Client 843: [ 3  4  8  3  2  3  6  8 10  3]
 - Client 844: [ 5  2  6 12  4  6  2  4  6  3]
 - Client 845: [7 8 4 4 4 7 6 3 5 2]
 - Client 846: [7 6 7 5 4 4 5 7 4 1]
 - Client 847: [7 7 7 9 6 1 4 3 2 4]
 - Client 848: [ 6  3 10  3  6  4  6  4  4  4]
 - Client 849: [7 6 4 5 4 6 4 6 4 4]
 - Client 850: [7 4 6 6 6 3 3 7 3 5]
 - Client 851: [12  7  1  4  0  8  5  7  2  4]
 - Client 852: [7 5 3 7 4 4 3 5 6 6]
 - Client 853: [6 2 7 8 6 6 3 4 5 3]
 - Client 854: [ 2  7  5  2  7  4 11  6  2  4]
 - Client 855: [ 7  1  7  3  3  6  2 13  5  3]
 - Client 856: [4 9 8 4 6 4 1 5 6 3]
 - Client 857: [3 4 3 7 4 8 5 6 4 6]
 - Client 858: [4 8 5 4 4 5 3 6 6 5]
 - Client 859: [2 5 3 3 3 7 6 7 7 7]
 - Client 860: [6 4 4 6 7 6 8 3 4 2]
 - Client 861: [ 5  4  7  4  4  4  2  4 10  6]
 - Client 862: [3 4 4 3 5 5 5 7 7 7]
 - Client 863: [5 7 3 7 4 5 6 3 4 6]
 - Client 864: [6 7 1 5 4 2 7 6 9 3]
 - Client 865: [ 4  3  2  3  7  4  8 10  3  6]
 - Client 866: [ 4  9  4 10  2  2  8  4  3  4]
 - Client 867: [8 3 5 3 6 4 4 4 5 8]
 - Client 868: [ 4  7  5  4  5 10  3  3  7  2]
 - Client 869: [8 6 2 4 4 5 5 6 6 4]
 - Client 870: [4 5 2 6 7 8 6 2 7 3]
 - Client 871: [3 6 8 6 7 3 7 3 2 5]
 - Client 872: [4 5 7 7 5 3 8 5 5 1]
 - Client 873: [5 7 5 9 2 3 7 4 2 6]
 - Client 874: [6 3 6 6 4 8 2 4 6 5]
 - Client 875: [6 4 5 6 9 2 7 4 4 3]
 - Client 876: [9 8 4 6 6 3 4 3 2 5]
 - Client 877: [ 5 10  3  5  6  4  2  4  3  8]
 - Client 878: [5 4 7 2 6 8 6 2 6 4]
 - Client 879: [9 4 4 3 4 8 5 3 5 5]
 - Client 880: [5 4 5 6 6 6 6 6 2 4]
 - Client 881: [4 6 2 5 7 7 4 6 7 2]
 - Client 882: [6 5 9 6 4 3 3 6 4 4]
 - Client 883: [8 2 2 9 2 7 4 8 4 4]
 - Client 884: [5 3 5 6 7 8 5 3 2 6]
 - Client 885: [ 5 11  4  1  3  5  4  4  7  6]
 - Client 886: [5 4 3 9 3 3 8 8 5 2]
 - Client 887: [8 2 8 2 8 8 4 3 3 4]
 - Client 888: [2 1 5 7 7 2 5 6 8 7]
 - Client 889: [7 3 2 5 5 5 5 6 9 3]
 - Client 890: [ 4  5  5  4  4  3  6  6 10  3]
 - Client 891: [6 4 4 4 7 2 7 7 6 3]
 - Client 892: [6 6 5 9 3 7 2 4 2 6]
 - Client 893: [4 8 5 6 4 3 4 7 6 3]
 - Client 894: [4 9 7 7 4 5 3 3 3 5]
 - Client 895: [3 6 4 8 5 8 3 6 5 2]
 - Client 896: [ 9  1  5  5  3  6 13  2  2  4]
 - Client 897: [4 3 1 6 9 4 5 3 6 9]
 - Client 898: [3 4 7 6 4 6 2 7 5 6]
 - Client 899: [3 3 7 6 4 6 4 3 7 7]
 - Client 900: [6 3 9 5 5 2 4 4 8 4]
 - Client 901: [10  3  7  3  5  3  2  6  4  7]
 - Client 902: [5 4 4 4 4 7 6 4 6 6]
 - Client 903: [6 5 6 5 7 6 4 3 4 4]
 - Client 904: [5 4 7 8 6 6 5 3 3 3]
 - Client 905: [ 2  0  5  2  6  6  5 10  6  8]
 - Client 906: [4 5 3 4 6 5 9 5 6 3]
 - Client 907: [6 4 1 8 4 7 3 5 5 7]
 - Client 908: [ 5 10  6  3  4  7  4  2  5  4]
 - Client 909: [6 3 5 3 6 4 8 4 8 3]
 - Client 910: [4 3 6 7 4 1 5 6 9 5]
 - Client 911: [3 7 5 6 6 7 1 5 6 4]
 - Client 912: [5 4 3 7 5 7 7 4 4 4]
 - Client 913: [8 6 5 4 3 5 2 8 4 5]
 - Client 914: [6 6 3 3 3 6 4 8 5 6]
 - Client 915: [3 4 6 5 8 3 6 7 4 4]
 - Client 916: [8 3 8 3 4 2 1 6 9 6]
 - Client 917: [1 7 5 5 9 4 3 7 4 5]
 - Client 918: [8 4 2 5 5 6 3 3 7 7]
 - Client 919: [5 7 4 4 4 3 7 9 3 4]
 - Client 920: [5 4 6 6 6 3 5 4 6 5]
 - Client 921: [6 5 2 4 8 5 8 5 4 3]
 - Client 922: [3 2 9 6 9 3 2 8 5 3]
 - Client 923: [5 5 4 3 7 9 4 6 3 4]
 - Client 924: [ 5  4 12  5  1  5  3  6  7  2]
 - Client 925: [ 3 10  7  4  2  6  3  4  2  9]
 - Client 926: [ 2  5  5  4  3  5  5  5 12  4]
 - Client 927: [ 5  1  5  7 10  4  6  3  4  5]
 - Client 928: [10  7  3  4  5  7  3  3  6  2]
 - Client 929: [7 4 3 5 2 8 6 3 5 7]
 - Client 930: [ 4  5  6  3  3  7 10  4  5  3]
 - Client 931: [6 3 4 3 7 7 6 1 8 5]
 - Client 932: [6 2 7 3 5 3 5 6 7 6]
 - Client 933: [5 5 6 4 4 4 4 5 7 6]
 - Client 934: [7 0 6 6 2 8 7 6 6 2]
 - Client 935: [5 5 6 5 8 6 5 2 6 2]
 - Client 936: [9 5 5 5 4 0 4 8 6 4]
 - Client 937: [5 4 4 5 3 7 6 3 4 9]
 - Client 938: [ 5  4  3  4  6  6  2  5  4 11]
 - Client 939: [10  4  7  3  6  3  4  3  6  4]
 - Client 940: [7 4 2 8 1 3 7 6 5 7]
 - Client 941: [ 7  6  6 10  4  3  3  3  6  2]
 - Client 942: [9 4 6 7 6 5 4 1 6 2]
 - Client 943: [4 7 7 3 2 3 9 4 4 7]
 - Client 944: [3 6 7 5 4 3 8 8 5 1]
 - Client 945: [5 6 6 5 3 6 5 3 5 6]
 - Client 946: [6 6 5 3 5 9 5 3 2 6]
 - Client 947: [3 8 8 2 5 3 6 5 5 5]
 - Client 948: [ 5  3  6  5 10  4  6  6  3  2]
 - Client 949: [ 6  4  3  3  3  3 10  5  7  6]
 - Client 950: [5 8 4 5 2 5 7 5 3 6]
 - Client 951: [7 8 3 8 4 2 4 4 6 4]
 - Client 952: [3 6 2 5 8 6 5 7 5 3]
 - Client 953: [1 8 5 6 8 4 4 2 8 4]
 - Client 954: [4 4 2 6 9 3 7 4 5 6]
 - Client 955: [3 6 5 3 3 8 7 6 1 8]
 - Client 956: [5 6 5 3 5 6 6 4 5 5]
 - Client 957: [4 6 5 1 4 5 5 8 7 5]
 - Client 958: [5 4 6 6 4 5 4 7 5 4]
 - Client 959: [ 7  6  3  3  1  6  6  2  6 10]
 - Client 960: [8 7 4 2 4 6 5 3 7 4]
 - Client 961: [ 3  4  5  5  6  5  6  5 10  1]
 - Client 962: [9 2 8 7 6 2 5 2 4 5]
 - Client 963: [5 3 4 4 8 4 5 7 4 6]
 - Client 964: [4 3 7 7 3 3 7 9 4 3]
 - Client 965: [12  7  7  4  1  5  5  4  2  3]
 - Client 966: [4 7 6 2 7 3 3 6 4 8]
 - Client 967: [5 8 6 6 3 8 2 5 2 5]
 - Client 968: [3 3 3 4 4 8 4 8 8 5]
 - Client 969: [5 5 6 6 2 7 6 4 3 6]
 - Client 970: [3 7 6 5 5 8 2 5 3 6]
 - Client 971: [5 4 5 4 8 4 3 5 9 3]
 - Client 972: [ 6  4  4  4  3  3 10  8  4  4]
 - Client 973: [5 4 6 4 4 6 7 4 5 5]
 - Client 974: [ 8  1  5 10  4  2  5  3  6  6]
 - Client 975: [4 5 4 2 7 5 3 4 8 8]
 - Client 976: [6 3 3 5 5 7 3 4 8 6]
 - Client 977: [9 5 5 3 4 3 5 6 4 6]
 - Client 978: [5 3 4 1 5 5 8 9 3 7]
 - Client 979: [11  3  2  3  5  3  6  5  3  9]
 - Client 980: [4 9 8 4 6 4 2 5 4 4]
 - Client 981: [7 3 5 3 3 5 8 7 3 6]
 - Client 982: [4 8 5 7 3 6 5 6 4 2]
 - Client 983: [9 4 4 5 2 6 7 7 2 4]
 - Client 984: [8 2 6 5 5 3 7 7 2 5]
 - Client 985: [6 4 4 3 6 3 5 6 7 6]
 - Client 986: [3 6 5 4 5 7 5 6 6 3]
 - Client 987: [7 3 3 8 4 5 1 5 7 7]
 - Client 988: [2 8 4 8 5 4 4 3 9 3]
 - Client 989: [ 4  3  5  3  5 12  6  3  4  5]
 - Client 990: [5 2 6 7 5 4 7 4 5 5]
 - Client 991: [ 6  6  2  5  3  6  4 11  6  1]
 - Client 992: [5 2 4 9 5 5 6 4 7 3]
 - Client 993: [7 6 6 4 4 5 7 3 4 4]
 - Client 994: [8 3 6 6 5 6 7 4 2 3]
 - Client 995: [4 6 1 3 8 6 6 3 8 5]
 - Client 996: [4 4 5 9 7 3 3 3 4 8]
 - Client 997: [7 5 7 1 8 6 2 5 6 3]
 - Client 998: [11  6  4  6  3  4  4  8  1  3]
 - Client 999: [5 5 8 3 5 9 5 3 1 6]

Model:
 - conv1.weight                   [6, 3, 5, 5]
 - conv1.bias                     [6]
 - conv2.weight                   [16, 6, 5, 5]
 - conv2.bias                     [16]
 - fc1.weight                     [120, 400]
 - fc1.bias                       [120]
 - fc2.weight                     [84, 120]
 - fc2.bias                       [84]
 - fc3.weight                     [10, 84]
 - fc3.bias                       [10]
Total number of Parameters:  62006

Start Distributed Training..

Experiment: main (1/2)
{'communication_round': 1, 'lr': 0.002, 'epochs': 1}
{'client_train_loss': 2.3027091026306152}
{'server_val_accuracy': 0.1069}
Saved results to  /mnt/output/manyclients/xp_76880.npz
Remaining Time (approx.): 07:12:09 [0.01%]

Experiment: main (1/2)
{'communication_round': 100, 'lr': 0.002, 'epochs': 100}
{'client_train_loss': 2.34018611907959}
{'server_val_accuracy': 0.1089}
Saved results to  /mnt/output/manyclients/xp_76880.npz
Remaining Time (approx.): 00:30:08 [1.00%]

Experiment: main (1/2)
{'communication_round': 200, 'lr': 0.002, 'epochs': 200}
{'client_train_loss': 2.291424512863159}
{'server_val_accuracy': 0.1122}
Saved results to  /mnt/output/manyclients/xp_76880.npz
Remaining Time (approx.): 00:27:34 [2.00%]

Experiment: main (1/2)
{'communication_round': 300, 'lr': 0.002, 'epochs': 300}
{'client_train_loss': 2.3117451667785645}
{'server_val_accuracy': 0.1178}
Saved results to  /mnt/output/manyclients/xp_76880.npz
Remaining Time (approx.): 00:26:32 [3.00%]

Experiment: main (1/2)
{'communication_round': 400, 'lr': 0.002, 'epochs': 400}
{'client_train_loss': 2.301280975341797}
{'server_val_accuracy': 0.122}
Saved results to  /mnt/output/manyclients/xp_76880.npz
Remaining Time (approx.): 00:25:53 [4.00%]

Experiment: main (1/2)
{'communication_round': 500, 'lr': 0.002, 'epochs': 500}
{'client_train_loss': 2.2995243072509766}
{'server_val_accuracy': 0.1244}
Saved results to  /mnt/output/manyclients/xp_76880.npz
Remaining Time (approx.): 00:25:25 [5.00%]

Experiment: main (1/2)
{'communication_round': 600, 'lr': 0.002, 'epochs': 600}
{'client_train_loss': 2.2823069095611572}
{'server_val_accuracy': 0.1298}
Saved results to  /mnt/output/manyclients/xp_76880.npz
Remaining Time (approx.): 00:24:59 [6.00%]

Experiment: main (1/2)
{'communication_round': 700, 'lr': 0.002, 'epochs': 700}
{'client_train_loss': 2.2863361835479736}
{'server_val_accuracy': 0.1416}
Saved results to  /mnt/output/manyclients/xp_76880.npz
Remaining Time (approx.): 00:24:39 [7.00%]

Experiment: main (1/2)
{'communication_round': 800, 'lr': 0.002, 'epochs': 800}
{'client_train_loss': 2.2935597896575928}
{'server_val_accuracy': 0.1343}
Saved results to  /mnt/output/manyclients/xp_76880.npz
Remaining Time (approx.): 00:24:21 [8.00%]

Experiment: main (1/2)
{'communication_round': 900, 'lr': 0.002, 'epochs': 900}
{'client_train_loss': 2.2841532230377197}
{'server_val_accuracy': 0.142}
Saved results to  /mnt/output/manyclients/xp_76880.npz
Remaining Time (approx.): 00:24:03 [9.00%]

Experiment: main (1/2)
{'communication_round': 1000, 'lr': 0.002, 'epochs': 1000}
{'client_train_loss': 2.2663540840148926}
{'server_val_accuracy': 0.1783}
Saved results to  /mnt/output/manyclients/xp_76880.npz
Remaining Time (approx.): 00:23:46 [10.00%]

Experiment: main (1/2)
{'communication_round': 1100, 'lr': 0.002, 'epochs': 1100}
{'client_train_loss': 2.2045018672943115}
{'server_val_accuracy': 0.2195}
Saved results to  /mnt/output/manyclients/xp_76880.npz
Remaining Time (approx.): 00:23:30 [11.00%]

Experiment: main (1/2)
{'communication_round': 1200, 'lr': 0.002, 'epochs': 1200}
{'client_train_loss': 2.080124855041504}
{'server_val_accuracy': 0.2341}
Saved results to  /mnt/output/manyclients/xp_76880.npz
Remaining Time (approx.): 00:23:14 [12.00%]

Experiment: main (1/2)
{'communication_round': 1300, 'lr': 0.002, 'epochs': 1300}
{'client_train_loss': 2.072675943374634}
{'server_val_accuracy': 0.2285}
Saved results to  /mnt/output/manyclients/xp_76880.npz
Remaining Time (approx.): 00:22:58 [13.00%]

Experiment: main (1/2)
{'communication_round': 1400, 'lr': 0.002, 'epochs': 1400}
{'client_train_loss': 2.0794172286987305}
{'server_val_accuracy': 0.2545}
Saved results to  /mnt/output/manyclients/xp_76880.npz
Remaining Time (approx.): 00:22:42 [14.00%]

Experiment: main (1/2)
{'communication_round': 1500, 'lr': 0.002, 'epochs': 1500}
{'client_train_loss': 2.0031888484954834}
{'server_val_accuracy': 0.2754}
Saved results to  /mnt/output/manyclients/xp_76880.npz
Remaining Time (approx.): 00:22:26 [15.00%]

Experiment: main (1/2)
{'communication_round': 1600, 'lr': 0.002, 'epochs': 1600}
{'client_train_loss': 2.030360221862793}
{'server_val_accuracy': 0.2831}
Saved results to  /mnt/output/manyclients/xp_76880.npz
Remaining Time (approx.): 00:22:10 [16.00%]

Experiment: main (1/2)
{'communication_round': 1700, 'lr': 0.002, 'epochs': 1700}
{'client_train_loss': 2.0734446048736572}
{'server_val_accuracy': 0.2893}
Saved results to  /mnt/output/manyclients/xp_76880.npz
Remaining Time (approx.): 00:21:55 [17.00%]

Experiment: main (1/2)
{'communication_round': 1800, 'lr': 0.002, 'epochs': 1800}
{'client_train_loss': 1.990048885345459}
{'server_val_accuracy': 0.278}
Saved results to  /mnt/output/manyclients/xp_76880.npz
Remaining Time (approx.): 00:21:39 [18.00%]

Experiment: main (1/2)
{'communication_round': 1900, 'lr': 0.002, 'epochs': 1900}
{'client_train_loss': 2.0683236122131348}
{'server_val_accuracy': 0.2963}
Saved results to  /mnt/output/manyclients/xp_76880.npz
Remaining Time (approx.): 00:21:23 [19.00%]

Experiment: main (1/2)
{'communication_round': 2000, 'lr': 0.002, 'epochs': 2000}
{'client_train_loss': 1.8643585443496704}
{'server_val_accuracy': 0.31}
Saved results to  /mnt/output/manyclients/xp_76880.npz
Remaining Time (approx.): 00:21:07 [20.00%]

Experiment: main (1/2)
{'communication_round': 2100, 'lr': 0.002, 'epochs': 2100}
{'client_train_loss': 1.7451249361038208}
{'server_val_accuracy': 0.3196}
Saved results to  /mnt/output/manyclients/xp_76880.npz
Remaining Time (approx.): 00:20:52 [21.00%]

Experiment: main (1/2)
{'communication_round': 2200, 'lr': 0.002, 'epochs': 2200}
{'client_train_loss': 1.878085970878601}
{'server_val_accuracy': 0.3128}
Saved results to  /mnt/output/manyclients/xp_76880.npz
Remaining Time (approx.): 00:20:36 [22.00%]

Experiment: main (1/2)
{'communication_round': 2300, 'lr': 0.002, 'epochs': 2300}
{'client_train_loss': 1.8251169919967651}
{'server_val_accuracy': 0.3346}
Saved results to  /mnt/output/manyclients/xp_76880.npz
Remaining Time (approx.): 00:20:21 [23.00%]

Experiment: main (1/2)
{'communication_round': 2400, 'lr': 0.002, 'epochs': 2400}
{'client_train_loss': 1.924856424331665}
{'server_val_accuracy': 0.335}
Saved results to  /mnt/output/manyclients/xp_76880.npz
Remaining Time (approx.): 00:20:05 [24.00%]

Experiment: main (1/2)
{'communication_round': 2500, 'lr': 0.002, 'epochs': 2500}
{'client_train_loss': 1.9678428173065186}
{'server_val_accuracy': 0.3508}
Saved results to  /mnt/output/manyclients/xp_76880.npz
Remaining Time (approx.): 00:19:49 [25.00%]

Experiment: main (1/2)
{'communication_round': 2600, 'lr': 0.002, 'epochs': 2600}
{'client_train_loss': 1.7614632844924927}
{'server_val_accuracy': 0.3504}
Saved results to  /mnt/output/manyclients/xp_76880.npz
Remaining Time (approx.): 00:19:33 [26.00%]

slurmstepd: error: *** JOB 11276 ON vca-gpu-211-01 CANCELLED AT 2020-03-12T15:13:07 ***
