Running 2 Experiments..

Hyperparameters: 
 - dataset                 cifar10
 - net                     lenet_cifar
 - n_clients               1000
 - n_data                  None
 - communication_rounds    1000
 - local_epochs            1
 - participation_rate      0.01
 - classes_per_client      0
 - batch_size              128
 - balancedness            1.0
 - pretrained              None
 - save_model              None
 - log_frequency           1
 - log_path                manyclients/
 - finished                False
 - log_id                  85964

Files already downloaded and verified
Files already downloaded and verified
Data split:
 - Client 0: [8 9 7 2 5 4 2 2 6 5]
 - Client 1: [6 2 4 4 5 6 8 4 5 6]
 - Client 2: [ 7  2  2  3  3  7  6 10  5  5]
 - Client 3: [ 3  6  3  4  4  5  5 10  3  7]
 - Client 4: [7 5 8 2 8 2 3 6 4 5]
 - Client 5: [1 9 8 4 4 4 4 5 5 6]
 - Client 6: [2 4 6 4 7 9 4 5 4 5]
 - Client 7: [5 5 4 9 5 4 6 4 4 4]
 - Client 8: [ 5 10  5  5  4  4  4  2  8  3]
 - Client 9: [4 4 5 4 3 4 6 7 8 5]
 - Client 10: [4 6 2 5 7 5 6 5 7 3]
 - Client 11: [ 4  3  3 11  8  7  5  6  0  3]
 - Client 12: [ 2 11  9  3  2  3  4  4  7  5]
 - Client 13: [4 7 3 6 5 4 2 6 7 6]
 - Client 14: [3 4 5 6 3 6 8 5 7 3]
 - Client 15: [ 3  6  4  6 10  5  4  3  6  3]
 - Client 16: [2 3 3 7 4 5 7 7 5 7]
 - Client 17: [5 6 2 5 6 4 8 5 2 7]
 - Client 18: [5 3 6 6 5 6 1 6 6 6]
 - Client 19: [2 4 4 3 1 9 7 6 9 5]
 - Client 20: [ 6  3  5  1 11  5  5  5  3  6]
 - Client 21: [8 4 7 4 6 6 3 4 4 4]
 - Client 22: [2 5 5 4 6 4 5 7 7 5]
 - Client 23: [9 2 3 4 2 4 9 6 4 7]
 - Client 24: [4 6 8 2 8 5 4 3 7 3]
 - Client 25: [7 7 5 2 4 1 5 9 5 5]
 - Client 26: [10  6  6  5  6  4  2  2  4  5]
 - Client 27: [10  6  7  4  2  3  4  2  5  7]
 - Client 28: [3 5 4 7 1 5 6 5 7 7]
 - Client 29: [6 6 6 6 7 3 5 1 6 4]
 - Client 30: [3 6 6 5 3 5 7 6 6 3]
 - Client 31: [ 7  4  4  2  3  2  8  7  3 10]
 - Client 32: [4 8 2 3 8 5 4 8 3 5]
 - Client 33: [5 4 6 5 6 4 2 8 5 5]
 - Client 34: [7 9 5 5 7 3 2 4 5 3]
 - Client 35: [6 5 3 3 4 8 6 8 4 3]
 - Client 36: [ 2  6  3  7  6  3  2 10  6  5]
 - Client 37: [5 3 2 3 7 3 9 7 7 4]
 - Client 38: [3 6 6 3 5 6 5 5 5 6]
 - Client 39: [ 6  5  1  4 10  6  3  6  6  3]
 - Client 40: [4 6 5 2 4 3 9 5 6 6]
 - Client 41: [6 6 6 7 4 5 3 5 5 3]
 - Client 42: [7 5 3 6 4 3 5 3 7 7]
 - Client 43: [6 3 3 9 4 3 8 5 6 3]
 - Client 44: [8 3 4 1 5 5 2 9 6 7]
 - Client 45: [5 5 9 5 7 5 2 5 5 2]
 - Client 46: [ 2  7  7  6  2  4 10  3  2  7]
 - Client 47: [6 2 3 8 9 2 5 6 4 5]
 - Client 48: [4 3 4 9 3 4 8 9 3 3]
 - Client 49: [ 8  3  2  4  7 10  4  4  7  1]
 - Client 50: [ 4  5 12  2  4  3  5  4  6  5]
 - Client 51: [ 2  8  2  3  6  4  6  4  5 10]
 - Client 52: [ 4  5  2  8  3 10  5  5  1  7]
 - Client 53: [3 9 7 6 3 2 4 6 2 8]
 - Client 54: [6 5 4 4 6 9 6 4 3 3]
 - Client 55: [12  3  5  4  4  4  6  3  4  5]
 - Client 56: [5 7 2 5 8 1 6 7 5 4]
 - Client 57: [3 5 5 8 2 6 7 3 7 4]
 - Client 58: [4 6 5 6 8 6 6 3 4 2]
 - Client 59: [2 3 6 6 6 1 7 5 6 8]
 - Client 60: [3 4 5 3 7 8 3 1 8 8]
 - Client 61: [7 3 4 6 7 2 6 5 4 6]
 - Client 62: [1 7 4 6 6 4 4 6 8 4]
 - Client 63: [7 6 2 6 2 6 6 7 4 4]
 - Client 64: [ 6  2  6  3  3  1 11  5  9  4]
 - Client 65: [3 6 7 9 3 5 3 4 5 5]
 - Client 66: [5 9 3 2 5 5 6 4 5 6]
 - Client 67: [6 4 7 6 6 6 5 3 3 4]
 - Client 68: [ 5  6  3  5  5  5  5 11  3  2]
 - Client 69: [6 5 8 5 6 4 3 4 4 5]
 - Client 70: [4 8 4 2 4 2 3 9 7 7]
 - Client 71: [7 6 3 5 4 3 6 9 4 3]
 - Client 72: [8 7 3 3 7 4 3 4 5 6]
 - Client 73: [ 3  4  8  2  3  3  4  6  7 10]
 - Client 74: [6 4 2 5 6 4 7 7 5 4]
 - Client 75: [5 5 2 6 5 5 3 7 4 8]
 - Client 76: [ 6  2  2 11  5  6  7  2  3  6]
 - Client 77: [ 2  4 11  6  5  4  5  3  5  5]
 - Client 78: [4 5 6 5 6 3 5 9 1 6]
 - Client 79: [7 2 4 6 7 5 4 3 5 7]
 - Client 80: [4 9 7 6 5 3 3 5 2 6]
 - Client 81: [5 6 2 7 6 8 2 5 5 4]
 - Client 82: [ 5  4  5 10  2  6  4  4  7  3]
 - Client 83: [3 3 6 9 5 6 5 6 5 2]
 - Client 84: [ 4  5  6 10  2  5  6  5  5  2]
 - Client 85: [5 4 7 8 1 3 6 3 5 8]
 - Client 86: [10  2  7  2  6  5  6  4  5  3]
 - Client 87: [10  2  3 11  2  5  3  4  7  3]
 - Client 88: [4 4 4 8 7 5 2 5 5 6]
 - Client 89: [5 2 5 3 6 3 7 8 4 7]
 - Client 90: [ 3  5 11  4  4  5  6  3  4  5]
 - Client 91: [9 4 4 8 6 2 2 4 7 4]
 - Client 92: [8 3 4 4 3 4 4 7 8 5]
 - Client 93: [7 8 5 2 1 6 4 2 7 8]
 - Client 94: [8 5 5 3 8 4 4 3 5 5]
 - Client 95: [3 6 5 5 5 6 5 6 4 5]
 - Client 96: [5 5 6 5 6 4 6 5 5 3]
 - Client 97: [5 4 9 5 3 4 7 4 5 4]
 - Client 98: [ 4  2  7  6  6  4  5  2 11  3]
 - Client 99: [ 8  5 11  2  3  5  3  5  7  1]
 - Client 100: [3 7 4 4 8 6 1 6 6 5]
 - Client 101: [1 6 7 7 7 5 4 1 8 4]
 - Client 102: [9 6 2 2 5 4 3 7 7 5]
 - Client 103: [4 6 3 6 7 4 5 7 2 6]
 - Client 104: [ 2  5  2  3 12  6  2  5  6  7]
 - Client 105: [7 9 6 4 0 5 4 3 3 9]
 - Client 106: [0 3 3 2 9 9 4 5 8 7]
 - Client 107: [7 7 5 4 4 3 2 8 4 6]
 - Client 108: [6 6 3 7 1 8 3 6 5 5]
 - Client 109: [ 2  5  6  6  5  3  5  4  4 10]
 - Client 110: [6 6 7 4 2 4 8 4 2 7]
 - Client 111: [ 5  4  3  4  3 10  5  4  6  6]
 - Client 112: [6 6 1 5 5 3 6 2 8 8]
 - Client 113: [3 4 3 7 4 5 4 5 9 6]
 - Client 114: [ 1 12  2  5  8  3  2  5  7  5]
 - Client 115: [ 1  8  3  4  5  4  8  4 10  3]
 - Client 116: [6 2 3 8 1 7 5 7 2 9]
 - Client 117: [ 1  7  7  3  3  7  6  3 10  3]
 - Client 118: [7 3 3 9 4 6 4 6 4 4]
 - Client 119: [9 6 5 7 5 6 5 3 2 2]
 - Client 120: [6 3 7 4 5 6 5 2 7 5]
 - Client 121: [5 8 4 3 8 1 4 5 5 7]
 - Client 122: [9 7 4 0 6 6 6 4 3 5]
 - Client 123: [ 6  2  4 13  3  3  8  3  6  2]
 - Client 124: [5 4 6 7 1 7 7 5 4 4]
 - Client 125: [ 4  3  2  1  8  2  6 13  6  5]
 - Client 126: [4 5 6 6 5 5 5 3 5 6]
 - Client 127: [4 5 3 2 7 7 5 6 7 4]
 - Client 128: [5 3 3 5 6 5 5 7 4 7]
 - Client 129: [7 5 3 7 9 4 2 6 3 4]
 - Client 130: [ 6  4  4  6 10  4  2  5  3  6]
 - Client 131: [ 5  5  4  4  6  2 10  2  8  4]
 - Client 132: [ 4  1  8  5  1 13  1  7  6  4]
 - Client 133: [2 5 4 4 3 8 4 7 7 6]
 - Client 134: [6 4 5 6 4 6 7 4 2 6]
 - Client 135: [5 5 4 6 7 7 2 5 2 7]
 - Client 136: [7 6 7 3 7 4 5 5 2 4]
 - Client 137: [9 5 4 4 4 5 6 7 2 4]
 - Client 138: [ 8  3  7  4  3  1  2  5  6 11]
 - Client 139: [4 3 6 5 7 8 3 3 5 6]
 - Client 140: [5 6 4 3 9 6 3 4 4 6]
 - Client 141: [4 4 7 5 4 5 2 5 6 8]
 - Client 142: [3 5 7 2 9 7 3 5 3 6]
 - Client 143: [6 3 6 9 6 1 6 3 4 6]
 - Client 144: [7 4 2 5 5 3 9 2 9 4]
 - Client 145: [8 3 8 4 4 8 5 2 3 5]
 - Client 146: [8 8 9 4 2 4 2 4 1 8]
 - Client 147: [7 6 6 5 4 7 2 5 6 2]
 - Client 148: [5 7 2 5 8 4 4 8 4 3]
 - Client 149: [4 6 6 6 5 4 5 3 5 6]
 - Client 150: [4 6 3 4 4 3 6 8 8 4]
 - Client 151: [7 6 4 4 4 4 6 3 4 8]
 - Client 152: [ 5  3 12  3  5  4  5  5  2  6]
 - Client 153: [5 8 3 4 8 2 3 4 6 7]
 - Client 154: [5 4 9 3 9 4 8 2 4 2]
 - Client 155: [9 3 3 1 5 9 6 4 5 5]
 - Client 156: [7 8 7 2 5 7 5 4 2 3]
 - Client 157: [5 6 3 2 4 4 6 7 5 8]
 - Client 158: [3 5 6 6 6 4 4 7 8 1]
 - Client 159: [6 8 5 4 7 3 4 5 3 5]
 - Client 160: [5 4 4 7 1 6 2 6 9 6]
 - Client 161: [ 5  9 10  4  2  2  3  6  4  5]
 - Client 162: [ 5 12  5  3  5  1  6  0  4  9]
 - Client 163: [5 3 6 4 5 3 6 5 4 9]
 - Client 164: [3 7 4 5 9 5 5 1 6 5]
 - Client 165: [6 4 5 3 1 5 4 7 6 9]
 - Client 166: [5 5 7 8 2 5 4 7 3 4]
 - Client 167: [4 6 5 4 7 5 5 5 5 4]
 - Client 168: [5 7 3 7 5 4 4 6 3 6]
 - Client 169: [4 6 3 6 4 7 5 5 8 2]
 - Client 170: [ 4  3  4  5 13  5  4  4  4  4]
 - Client 171: [4 7 6 4 6 4 5 1 8 5]
 - Client 172: [5 6 2 7 3 5 6 5 8 3]
 - Client 173: [6 6 5 3 3 5 8 4 5 5]
 - Client 174: [3 2 3 6 5 7 6 7 5 6]
 - Client 175: [9 5 5 3 3 4 5 7 4 5]
 - Client 176: [3 6 5 9 7 2 3 6 5 4]
 - Client 177: [ 7  5  5  6  3  3  6 10  2  3]
 - Client 178: [4 2 7 8 6 7 4 6 4 2]
 - Client 179: [4 6 5 3 8 7 4 3 6 4]
 - Client 180: [6 2 6 5 5 5 4 5 8 4]
 - Client 181: [4 4 6 4 4 6 6 6 4 6]
 - Client 182: [ 5  4  7  6  3  3  5  5 10  2]
 - Client 183: [ 7 10  2  1  6  5  6  4  5  4]
 - Client 184: [5 4 6 8 5 5 4 5 4 4]
 - Client 185: [ 4  5  2  6  7  8 10  2  1  5]
 - Client 186: [4 9 5 3 6 2 8 5 3 5]
 - Client 187: [3 7 4 7 3 4 8 8 3 3]
 - Client 188: [ 3  2  5  4  8  3 10  6  5  4]
 - Client 189: [ 2  2  5  5 10  6  3  4  4  9]
 - Client 190: [ 4  3  5  6  3  3  2 11  8  5]
 - Client 191: [3 8 6 4 5 7 6 3 4 4]
 - Client 192: [6 7 6 2 8 6 2 3 6 4]
 - Client 193: [6 8 5 6 3 9 6 1 3 3]
 - Client 194: [7 4 3 8 5 6 5 6 3 3]
 - Client 195: [ 6  5  5  3  3  5  3  6 11  3]
 - Client 196: [6 7 7 7 6 4 4 4 3 2]
 - Client 197: [1 3 6 7 5 5 5 4 9 5]
 - Client 198: [3 3 2 6 9 5 4 7 6 5]
 - Client 199: [ 4  7  7  2 11  4  6  1  5  3]
 - Client 200: [ 4  1  4 11  6  6  5  4  3  6]
 - Client 201: [7 4 4 2 4 6 7 9 4 3]
 - Client 202: [7 4 5 8 2 4 4 5 5 6]
 - Client 203: [4 8 2 2 9 5 3 6 9 2]
 - Client 204: [ 3  1  2  5  2  5  8  7  7 10]
 - Client 205: [6 6 3 7 5 5 5 8 3 2]
 - Client 206: [5 4 3 5 9 1 6 5 4 8]
 - Client 207: [7 6 0 7 2 8 6 3 6 5]
 - Client 208: [3 4 5 4 5 8 5 4 6 6]
 - Client 209: [2 7 3 6 4 5 4 7 6 6]
 - Client 210: [11  8  6  4  4  5  4  2  2  4]
 - Client 211: [10  5  3  5  7  3  8  3  4  2]
 - Client 212: [7 2 3 3 4 8 5 9 3 6]
 - Client 213: [4 5 8 5 7 9 4 3 4 1]
 - Client 214: [6 5 4 9 4 6 4 4 2 6]
 - Client 215: [ 5  4  3  4  8  2  8  2 11  3]
 - Client 216: [6 6 5 6 6 3 2 9 2 5]
 - Client 217: [7 3 8 6 3 3 6 6 5 3]
 - Client 218: [3 5 6 8 5 5 6 5 0 7]
 - Client 219: [3 7 6 8 3 6 5 6 3 3]
 - Client 220: [4 5 4 8 6 1 3 8 6 5]
 - Client 221: [4 7 5 4 8 3 4 4 7 4]
 - Client 222: [6 4 7 5 7 3 6 5 5 2]
 - Client 223: [7 3 4 3 6 7 4 4 7 5]
 - Client 224: [ 3  5  7  5  1  1  6  4  7 11]
 - Client 225: [1 4 8 1 2 9 4 7 9 5]
 - Client 226: [ 2  8  4  3  8  4  2  5 10  4]
 - Client 227: [ 4  5  4  6 10  5  4  5  1  6]
 - Client 228: [8 7 4 6 5 9 3 4 2 2]
 - Client 229: [3 4 7 9 5 3 6 1 6 6]
 - Client 230: [4 1 5 4 5 7 4 5 8 7]
 - Client 231: [3 8 5 5 6 5 0 6 8 4]
 - Client 232: [4 5 2 6 2 6 6 6 9 4]
 - Client 233: [2 5 5 5 7 5 4 7 5 5]
 - Client 234: [4 5 5 3 4 5 9 2 9 4]
 - Client 235: [7 6 6 5 4 3 2 4 6 7]
 - Client 236: [5 5 5 5 3 7 7 2 5 6]
 - Client 237: [ 1  5  5  7  7  1  4 10  4  6]
 - Client 238: [4 6 5 5 4 5 3 9 6 3]
 - Client 239: [6 3 3 9 8 2 3 3 5 8]
 - Client 240: [7 7 1 3 5 5 9 5 3 5]
 - Client 241: [7 4 6 6 1 7 4 6 6 3]
 - Client 242: [7 5 9 3 4 5 5 4 5 3]
 - Client 243: [1 7 6 5 9 3 4 3 7 5]
 - Client 244: [ 8  3  3  5  1  2  5  6 10  7]
 - Client 245: [7 3 6 4 2 2 5 7 5 9]
 - Client 246: [3 5 7 7 4 4 6 4 3 7]
 - Client 247: [ 3 10 10  5  6  2  2  7  2  3]
 - Client 248: [ 3  5  4  6  2  2  6  6  6 10]
 - Client 249: [ 5  5 10  1 11  5  4  5  1  3]
 - Client 250: [7 2 7 7 4 4 4 5 2 8]
 - Client 251: [8 5 5 5 6 6 5 2 5 3]
 - Client 252: [3 6 7 3 6 2 5 6 7 5]
 - Client 253: [3 3 3 8 4 2 8 7 5 7]
 - Client 254: [5 5 5 4 6 2 7 5 7 4]
 - Client 255: [ 5  6  4 11  8  4  3  2  3  4]
 - Client 256: [ 3  6  2 11  2  3  4  6  9  4]
 - Client 257: [ 2  6  5  5  6  5  5 10  5  1]
 - Client 258: [9 5 6 5 4 2 5 8 2 4]
 - Client 259: [4 9 4 4 8 5 5 5 4 2]
 - Client 260: [9 5 5 5 4 3 2 6 7 4]
 - Client 261: [5 4 4 4 5 7 4 3 6 8]
 - Client 262: [6 3 4 3 4 6 7 9 3 5]
 - Client 263: [3 5 5 6 9 5 8 6 3 0]
 - Client 264: [7 2 3 7 5 6 4 7 5 4]
 - Client 265: [5 1 6 6 5 4 4 7 8 4]
 - Client 266: [4 7 2 6 7 6 6 7 4 1]
 - Client 267: [5 2 8 4 4 6 3 6 3 9]
 - Client 268: [5 6 6 6 5 3 4 4 5 6]
 - Client 269: [5 6 3 1 4 5 8 4 6 8]
 - Client 270: [5 6 6 0 4 3 8 5 7 6]
 - Client 271: [9 6 7 4 3 1 2 2 8 8]
 - Client 272: [3 6 4 3 8 5 4 5 8 4]
 - Client 273: [ 7  4  6  5 10  5  5  4  1  3]
 - Client 274: [7 6 3 6 1 5 6 6 5 5]
 - Client 275: [6 9 2 5 4 7 5 6 1 5]
 - Client 276: [4 3 7 7 3 8 5 4 8 1]
 - Client 277: [6 9 6 4 4 4 4 6 3 4]
 - Client 278: [4 8 2 4 6 8 5 6 1 6]
 - Client 279: [ 4  3  1  4  4 11  7  5  5  6]
 - Client 280: [3 4 3 5 5 7 7 4 4 8]
 - Client 281: [8 0 6 7 3 8 4 4 2 8]
 - Client 282: [2 5 5 3 7 3 5 4 7 9]
 - Client 283: [ 4  5 10  3  2  5  4  9  3  5]
 - Client 284: [7 4 5 4 6 5 5 5 4 5]
 - Client 285: [5 9 9 3 4 2 7 4 5 2]
 - Client 286: [1 5 4 4 6 5 8 5 6 6]
 - Client 287: [5 4 2 3 8 7 8 4 8 1]
 - Client 288: [7 4 3 1 5 6 2 9 8 5]
 - Client 289: [3 7 7 8 3 2 5 4 9 2]
 - Client 290: [5 7 4 5 1 4 5 6 5 8]
 - Client 291: [4 6 5 5 4 5 5 6 4 6]
 - Client 292: [ 5  4  4  7  5  4  4  3 10  4]
 - Client 293: [ 4  3  1  4  6 10  7  6  4  5]
 - Client 294: [7 5 7 4 2 5 6 4 3 7]
 - Client 295: [ 2  7  3  4  4  4  5 10  6  5]
 - Client 296: [7 5 3 8 5 2 4 6 6 4]
 - Client 297: [5 2 5 3 8 2 6 8 2 9]
 - Client 298: [7 5 6 6 5 3 5 4 5 4]
 - Client 299: [6 4 6 6 5 4 5 5 3 6]
 - Client 300: [ 6  5  3  5  6  2  4 10  6  3]
 - Client 301: [3 3 5 4 3 7 6 9 7 3]
 - Client 302: [ 4  9  0  7  8 10  3  2  3  4]
 - Client 303: [5 4 6 7 4 6 2 7 1 8]
 - Client 304: [4 6 8 2 3 8 2 6 7 4]
 - Client 305: [11  8  4  6  4  2  6  4  3  2]
 - Client 306: [3 6 7 3 7 5 7 0 5 7]
 - Client 307: [5 4 6 9 1 6 2 2 8 7]
 - Client 308: [ 8  4  8  1  1  5  5  5  3 10]
 - Client 309: [ 3  7 10  2  8  3  3  8  1  5]
 - Client 310: [8 7 3 5 5 2 2 6 6 6]
 - Client 311: [3 6 7 8 4 3 6 3 2 8]
 - Client 312: [5 3 4 5 6 6 5 7 4 5]
 - Client 313: [ 3  5  6  5  5 10  2  3  3  8]
 - Client 314: [7 2 4 8 7 4 6 5 6 1]
 - Client 315: [1 6 9 2 6 5 3 6 8 4]
 - Client 316: [7 9 3 4 6 5 5 4 4 3]
 - Client 317: [2 9 3 5 5 5 1 9 7 4]
 - Client 318: [6 3 4 9 5 6 4 6 5 2]
 - Client 319: [ 2  4 10  3  5  3  6  3  5  9]
 - Client 320: [6 3 8 7 3 4 4 3 4 8]
 - Client 321: [4 6 4 4 6 3 6 6 8 3]
 - Client 322: [4 5 6 6 5 6 5 6 3 4]
 - Client 323: [7 2 4 6 6 8 4 5 2 6]
 - Client 324: [ 3  4  8  6  3  3  3 10  5  5]
 - Client 325: [5 4 3 8 6 3 3 5 6 7]
 - Client 326: [6 5 5 3 8 1 7 3 7 5]
 - Client 327: [3 6 4 8 3 4 6 5 6 5]
 - Client 328: [6 8 4 5 3 4 4 6 5 5]
 - Client 329: [3 5 3 4 7 8 6 4 5 5]
 - Client 330: [3 7 5 5 6 5 8 1 4 6]
 - Client 331: [6 5 9 4 5 5 8 3 2 3]
 - Client 332: [5 6 5 4 8 9 5 2 4 2]
 - Client 333: [4 4 4 6 5 6 7 5 8 1]
 - Client 334: [4 5 8 6 1 7 5 8 5 1]
 - Client 335: [6 5 7 5 6 5 1 3 5 7]
 - Client 336: [9 5 5 2 6 6 4 5 4 4]
 - Client 337: [7 3 4 5 7 5 9 5 2 3]
 - Client 338: [6 2 4 2 6 7 3 9 4 7]
 - Client 339: [5 9 8 6 3 4 4 4 4 3]
 - Client 340: [4 5 4 5 9 3 4 6 6 4]
 - Client 341: [ 3  4  6  6  6  6 10  1  4  4]
 - Client 342: [4 3 8 3 8 5 4 3 6 6]
 - Client 343: [5 7 6 2 7 4 2 3 9 5]
 - Client 344: [ 4  4  3  5  5  7 12  4  4  2]
 - Client 345: [9 4 4 3 4 3 5 8 5 5]
 - Client 346: [6 9 4 4 7 4 4 3 4 5]
 - Client 347: [5 4 3 4 5 3 8 7 7 4]
 - Client 348: [3 3 6 5 6 5 7 3 3 9]
 - Client 349: [ 6  6  4  3  0  4  5  3  9 10]
 - Client 350: [6 8 6 4 5 6 1 4 3 7]
 - Client 351: [5 3 6 5 3 1 6 5 7 9]
 - Client 352: [3 7 8 4 6 6 5 1 7 3]
 - Client 353: [4 5 5 5 5 6 8 5 1 6]
 - Client 354: [ 5  3  7  7  1  1 11  9  4  2]
 - Client 355: [1 7 6 5 9 4 2 5 6 5]
 - Client 356: [6 4 5 5 7 7 5 4 4 3]
 - Client 357: [ 5 11  4  7  2  4  5  2  1  9]
 - Client 358: [ 5  4  4  3 12  3  5  5  7  2]
 - Client 359: [3 5 4 6 6 6 4 3 4 9]
 - Client 360: [5 6 6 6 3 5 4 4 3 8]
 - Client 361: [6 5 6 2 5 4 5 4 5 8]
 - Client 362: [ 5  4  5  5 11  5  4  5  2  4]
 - Client 363: [3 5 3 6 4 9 5 3 5 7]
 - Client 364: [3 5 7 7 5 5 8 1 5 4]
 - Client 365: [ 7 11  6  6  4  4  3  4  3  2]
 - Client 366: [7 4 4 4 4 5 5 3 6 8]
 - Client 367: [8 4 4 7 4 5 3 8 5 2]
 - Client 368: [5 7 5 6 3 8 1 4 5 6]
 - Client 369: [2 7 3 8 4 9 4 6 1 6]
 - Client 370: [2 1 8 4 6 4 6 6 4 9]
 - Client 371: [5 3 6 7 6 7 7 4 2 3]
 - Client 372: [9 4 7 5 5 2 3 7 3 5]
 - Client 373: [ 5  7  5  1  3  5  4 10  5  5]
 - Client 374: [4 4 6 4 4 7 3 6 7 5]
 - Client 375: [9 6 5 4 4 6 7 2 2 5]
 - Client 376: [7 3 3 5 6 4 3 7 7 5]
 - Client 377: [10  3  2  9  6  2  5  4  6  3]
 - Client 378: [7 2 4 6 8 7 3 6 3 4]
 - Client 379: [6 2 7 7 8 7 8 1 1 3]
 - Client 380: [3 7 5 7 4 4 8 2 5 5]
 - Client 381: [9 3 2 6 7 7 6 4 3 3]
 - Client 382: [9 3 4 3 2 5 6 5 8 5]
 - Client 383: [3 2 4 8 5 6 2 8 6 6]
 - Client 384: [4 6 5 4 3 7 6 4 3 8]
 - Client 385: [ 4  3  2  6  8  2  5  7 10  3]
 - Client 386: [6 7 3 3 3 6 2 7 6 7]
 - Client 387: [2 3 6 6 8 5 4 2 8 6]
 - Client 388: [6 2 7 2 4 7 5 6 3 8]
 - Client 389: [ 7  2  7  4  3  1  4  2 10 10]
 - Client 390: [6 6 3 8 3 8 7 5 1 3]
 - Client 391: [3 2 7 7 4 1 8 9 4 5]
 - Client 392: [ 3  4  8  3  4  3  3  7  5 10]
 - Client 393: [5 4 6 5 6 5 5 5 1 8]
 - Client 394: [ 5  4 11  4  7  6  2  2  4  5]
 - Client 395: [ 5  6  3  2  3  1 11  5 10  4]
 - Client 396: [4 5 3 2 8 8 6 4 5 5]
 - Client 397: [3 4 6 6 7 5 5 8 2 4]
 - Client 398: [ 5  2  2 12  1  7  5  4  4  8]
 - Client 399: [7 9 3 2 4 3 7 4 3 8]
 - Client 400: [3 4 4 6 5 5 4 9 9 1]
 - Client 401: [3 3 5 6 7 7 4 6 7 2]
 - Client 402: [5 6 4 5 4 6 5 5 6 4]
 - Client 403: [ 7  7 11  4  2  2  6  5  2  4]
 - Client 404: [5 0 6 4 7 4 3 9 7 5]
 - Client 405: [6 7 3 2 8 5 5 7 1 6]
 - Client 406: [ 6  4  2  3  4 10  6  4  6  5]
 - Client 407: [4 6 5 4 3 7 4 5 6 6]
 - Client 408: [8 8 6 3 5 1 6 4 4 5]
 - Client 409: [2 3 6 5 7 6 6 3 7 5]
 - Client 410: [7 3 8 3 4 7 6 5 5 2]
 - Client 411: [4 6 2 5 5 8 4 9 2 5]
 - Client 412: [7 2 5 7 4 4 7 6 3 5]
 - Client 413: [ 8  5  5  5  2  0  5 10  6  4]
 - Client 414: [6 4 4 9 1 1 6 6 8 5]
 - Client 415: [ 5  2  5  5  4  6 11  4  5  3]
 - Client 416: [4 3 5 7 5 4 7 4 5 6]
 - Client 417: [2 5 5 5 3 9 4 3 5 9]
 - Client 418: [7 8 6 5 4 4 8 1 3 4]
 - Client 419: [ 4  4  3  8 12  4  3  2  3  7]
 - Client 420: [4 5 5 6 2 3 5 9 5 6]
 - Client 421: [3 5 5 3 8 6 6 3 7 4]
 - Client 422: [7 6 4 8 5 0 1 7 6 6]
 - Client 423: [6 4 4 3 4 4 3 6 7 9]
 - Client 424: [10  2  7  2  2  1  6  5  7  8]
 - Client 425: [3 8 7 4 5 0 7 6 6 4]
 - Client 426: [3 9 1 6 6 5 6 4 4 6]
 - Client 427: [13  6  4  4  3  6  3  3  4  4]
 - Client 428: [3 7 3 9 7 1 3 6 7 4]
 - Client 429: [6 8 5 2 5 4 4 3 9 4]
 - Client 430: [5 8 3 6 3 9 4 5 1 6]
 - Client 431: [3 7 5 7 6 8 3 4 4 3]
 - Client 432: [ 7  5  2  4  2  4 10  4  7  5]
 - Client 433: [7 3 2 6 5 5 6 9 5 2]
 - Client 434: [4 5 2 9 6 3 6 5 6 4]
 - Client 435: [5 6 3 3 3 7 6 5 6 6]
 - Client 436: [7 3 4 4 6 6 6 5 5 4]
 - Client 437: [6 4 5 4 7 4 4 7 6 3]
 - Client 438: [6 4 4 6 6 1 6 6 4 7]
 - Client 439: [4 3 7 0 4 8 8 3 7 6]
 - Client 440: [4 5 8 5 3 4 7 5 5 4]
 - Client 441: [5 4 4 6 5 7 9 2 4 4]
 - Client 442: [3 3 7 7 4 4 3 6 7 6]
 - Client 443: [2 2 6 5 9 5 7 5 5 4]
 - Client 444: [10  7  4  2  3  7  5  3  3  6]
 - Client 445: [5 9 4 2 2 7 5 6 6 4]
 - Client 446: [5 4 9 8 2 4 5 3 6 4]
 - Client 447: [8 8 5 6 5 3 8 4 1 2]
 - Client 448: [ 1  4  4 10  5 10  0  3  6  7]
 - Client 449: [8 7 7 2 7 4 3 5 3 4]
 - Client 450: [2 4 1 9 8 8 4 4 4 6]
 - Client 451: [ 3  6  4  4  2  4  4  7 10  6]
 - Client 452: [ 5 11  5  4  2  5  5  6  3  4]
 - Client 453: [7 3 4 8 8 5 3 3 4 5]
 - Client 454: [6 7 3 1 6 4 9 7 2 5]
 - Client 455: [ 3  4  6  8  4  1  6 10  4  4]
 - Client 456: [4 4 1 8 6 8 4 5 3 7]
 - Client 457: [4 7 7 4 5 6 6 2 4 5]
 - Client 458: [ 5  3  3  3  3  3  7  4  7 12]
 - Client 459: [5 6 1 7 9 7 2 4 4 5]
 - Client 460: [ 4  8  3  4  5  5  5  5  1 10]
 - Client 461: [4 6 5 6 5 5 6 1 9 3]
 - Client 462: [ 6  2 10  5  7  8  4  2  2  4]
 - Client 463: [7 6 2 5 8 8 4 6 1 3]
 - Client 464: [1 7 7 6 2 7 2 7 5 6]
 - Client 465: [8 8 3 6 4 8 3 1 3 6]
 - Client 466: [8 3 6 5 4 4 6 6 6 2]
 - Client 467: [3 4 7 5 7 5 5 4 4 6]
 - Client 468: [6 3 7 5 1 4 7 6 6 5]
 - Client 469: [3 5 5 6 5 3 8 8 3 4]
 - Client 470: [9 4 4 4 4 3 7 3 5 7]
 - Client 471: [ 6  1  7  5  5 10  2  4  5  5]
 - Client 472: [3 6 6 7 8 5 2 5 4 4]
 - Client 473: [5 4 9 7 5 5 4 3 5 3]
 - Client 474: [3 7 6 7 7 1 4 4 7 4]
 - Client 475: [5 8 6 6 4 3 4 6 4 4]
 - Client 476: [10  2  4  3  3  5  7  4  8  4]
 - Client 477: [5 8 7 2 1 5 7 5 7 3]
 - Client 478: [4 4 7 4 5 5 5 5 6 5]
 - Client 479: [4 5 4 6 4 3 6 6 5 7]
 - Client 480: [3 6 4 9 6 3 5 6 3 5]
 - Client 481: [3 4 7 3 5 8 1 8 4 7]
 - Client 482: [7 4 7 4 2 7 5 4 2 8]
 - Client 483: [5 5 3 4 6 3 7 4 9 4]
 - Client 484: [1 6 8 4 7 5 3 8 4 4]
 - Client 485: [5 7 4 5 4 5 6 4 5 5]
 - Client 486: [8 4 3 4 7 4 5 4 5 6]
 - Client 487: [ 6  3  4  7  3  8  2  6 10  1]
 - Client 488: [1 4 5 4 7 6 5 8 8 2]
 - Client 489: [5 6 6 5 5 2 8 4 3 6]
 - Client 490: [10  7  5  1  6  4  3  6  3  5]
 - Client 491: [2 2 7 7 7 6 4 6 7 2]
 - Client 492: [5 8 5 4 7 4 4 3 7 3]
 - Client 493: [4 3 6 5 7 4 9 2 3 7]
 - Client 494: [6 5 6 7 6 7 0 4 5 4]
 - Client 495: [3 4 3 5 6 6 7 6 4 6]
 - Client 496: [3 3 5 6 6 6 5 4 6 6]
 - Client 497: [ 4  5  3  3  3  3  7  6 11  5]
 - Client 498: [4 3 8 5 3 5 6 6 9 1]
 - Client 499: [3 6 3 5 7 6 5 2 7 6]
 - Client 500: [6 5 5 9 5 5 3 1 4 7]
 - Client 501: [3 3 6 3 8 7 8 6 4 2]
 - Client 502: [8 6 3 3 2 7 4 7 2 8]
 - Client 503: [4 3 4 2 8 5 4 8 8 4]
 - Client 504: [5 7 4 5 4 3 7 4 3 8]
 - Client 505: [8 7 5 1 5 6 7 2 3 6]
 - Client 506: [ 3  5  3  5  4  4  5  4 10  7]
 - Client 507: [ 9  5  1  5  3  1  3 10  7  6]
 - Client 508: [2 5 3 4 9 3 8 7 4 5]
 - Client 509: [2 5 2 7 8 5 7 5 3 6]
 - Client 510: [6 5 3 3 4 5 7 4 7 6]
 - Client 511: [6 6 6 5 5 3 6 7 4 2]
 - Client 512: [ 7 10  2  4  3  2  5  9  5  3]
 - Client 513: [1 4 6 9 8 2 4 7 2 7]
 - Client 514: [2 8 3 5 8 6 6 3 5 4]
 - Client 515: [10  4  4  3  1  4  7  4  7  6]
 - Client 516: [3 5 4 4 4 5 6 5 8 6]
 - Client 517: [4 3 6 7 4 6 9 4 4 3]
 - Client 518: [2 9 4 5 8 2 7 6 2 5]
 - Client 519: [5 2 7 4 3 5 6 7 7 4]
 - Client 520: [8 5 2 2 3 5 4 6 9 6]
 - Client 521: [7 4 5 6 5 4 4 4 4 7]
 - Client 522: [6 5 8 4 6 0 5 4 7 5]
 - Client 523: [ 8  2  2  2  3 11  7  2  7  6]
 - Client 524: [3 8 4 7 5 2 9 2 6 4]
 - Client 525: [4 4 6 3 7 5 4 8 5 4]
 - Client 526: [ 1  2  6  5 10  6  2  4  8  6]
 - Client 527: [5 9 5 6 4 7 3 4 6 1]
 - Client 528: [4 3 6 3 8 5 5 6 3 7]
 - Client 529: [1 0 6 5 9 9 4 6 4 6]
 - Client 530: [2 4 4 7 3 8 2 3 9 8]
 - Client 531: [ 3  4  5  6  7 14  2  5  1  3]
 - Client 532: [5 9 4 2 9 5 4 5 1 6]
 - Client 533: [3 4 6 6 5 6 5 3 4 8]
 - Client 534: [ 2  6  4  3 11  2  8  3  4  7]
 - Client 535: [3 4 8 6 9 2 5 6 2 5]
 - Client 536: [6 4 9 7 1 5 1 4 6 7]
 - Client 537: [ 3  5  2  9  1  5  6  3 10  6]
 - Client 538: [6 3 4 4 9 6 4 5 5 4]
 - Client 539: [6 8 3 8 3 5 3 5 4 5]
 - Client 540: [5 8 7 3 8 2 4 1 6 6]
 - Client 541: [ 3  4  8  1  9  3  3 10  4  5]
 - Client 542: [ 3 11  4  5  3  5  2  7  3  7]
 - Client 543: [3 3 4 2 8 4 8 6 6 6]
 - Client 544: [3 2 3 4 6 9 9 4 6 4]
 - Client 545: [6 5 7 5 5 7 4 6 2 3]
 - Client 546: [4 3 4 4 5 5 3 7 6 9]
 - Client 547: [ 4  5  6 11  5  4  5  4  3  3]
 - Client 548: [ 7  8  4  1  3 10  5  6  2  4]
 - Client 549: [3 3 6 7 5 5 7 5 6 3]
 - Client 550: [ 5  3  7  3  3  8  3 10  3  5]
 - Client 551: [2 3 9 3 7 7 6 4 4 5]
 - Client 552: [9 2 6 3 8 5 7 5 2 3]
 - Client 553: [2 6 5 7 3 9 8 5 4 1]
 - Client 554: [7 8 5 6 4 2 4 5 6 3]
 - Client 555: [5 9 4 5 7 6 5 6 2 1]
 - Client 556: [6 5 6 5 6 3 4 3 4 8]
 - Client 557: [6 2 4 6 8 4 3 4 7 6]
 - Client 558: [5 3 2 3 6 6 5 5 6 9]
 - Client 559: [10 10  3  6  6  1  3  3  6  2]
 - Client 560: [6 6 5 6 6 4 6 5 3 3]
 - Client 561: [5 3 4 5 7 8 3 6 7 2]
 - Client 562: [8 3 5 8 4 3 3 8 3 5]
 - Client 563: [1 3 7 7 4 5 5 5 5 8]
 - Client 564: [7 3 7 4 4 7 3 6 3 6]
 - Client 565: [6 1 7 3 7 7 4 5 4 6]
 - Client 566: [3 4 6 6 5 8 6 5 3 4]
 - Client 567: [7 6 2 3 3 6 7 3 8 5]
 - Client 568: [2 1 3 8 8 6 3 6 6 7]
 - Client 569: [ 3  3 12  5  2  6  4  6  7  2]
 - Client 570: [6 7 7 8 1 6 3 4 4 4]
 - Client 571: [5 7 2 5 4 2 6 6 7 6]
 - Client 572: [5 5 5 6 5 6 2 4 9 3]
 - Client 573: [8 7 7 6 1 5 6 6 2 2]
 - Client 574: [9 5 2 1 6 4 8 5 1 9]
 - Client 575: [ 5 10  5  3  6  5  4  5  4  3]
 - Client 576: [6 3 6 2 5 2 9 6 6 5]
 - Client 577: [3 5 5 6 8 7 3 4 4 5]
 - Client 578: [3 7 1 7 6 3 6 5 3 9]
 - Client 579: [ 3  3  4  2 10  2  5  7  8  6]
 - Client 580: [11  3  7  7  0  3  4  5  5  5]
 - Client 581: [4 3 8 4 6 3 7 6 1 8]
 - Client 582: [5 5 6 6 3 5 5 4 4 7]
 - Client 583: [ 6  3  8  7  3  4  6 10  1  2]
 - Client 584: [4 6 5 7 7 3 3 6 1 8]
 - Client 585: [9 4 7 6 3 6 1 5 3 6]
 - Client 586: [5 5 2 7 2 7 6 6 4 6]
 - Client 587: [6 8 2 7 8 1 2 6 6 4]
 - Client 588: [5 4 6 5 6 9 3 3 9 0]
 - Client 589: [6 3 7 4 5 5 9 5 2 4]
 - Client 590: [5 2 6 8 3 5 8 2 4 7]
 - Client 591: [8 4 6 4 6 3 2 5 8 4]
 - Client 592: [6 4 5 4 2 9 2 6 8 4]
 - Client 593: [9 1 3 4 5 4 5 5 8 6]
 - Client 594: [2 7 7 1 6 7 6 7 4 3]
 - Client 595: [5 8 6 4 5 7 1 4 7 3]
 - Client 596: [3 2 8 6 5 6 5 4 8 3]
 - Client 597: [ 9  2  6  2  5  3  3  3  6 11]
 - Client 598: [ 3  5  7  2  5  3  4 12  3  6]
 - Client 599: [5 7 8 3 6 5 6 3 3 4]
 - Client 600: [4 5 4 9 7 7 6 2 4 2]
 - Client 601: [5 5 5 7 5 7 4 0 7 5]
 - Client 602: [ 4  2 10  3  6  8  6  5  4  2]
 - Client 603: [ 7  6  4 10  1  4  3  2  5  8]
 - Client 604: [8 6 6 3 6 5 7 5 1 3]
 - Client 605: [ 4  3  1  6  3  1 11  7  7  7]
 - Client 606: [1 6 5 3 7 7 7 4 2 8]
 - Client 607: [5 6 6 4 2 8 5 1 6 7]
 - Client 608: [3 9 1 5 4 5 5 5 7 6]
 - Client 609: [4 7 5 4 1 6 9 3 5 6]
 - Client 610: [6 8 1 3 6 4 2 9 5 6]
 - Client 611: [6 7 7 3 4 5 5 3 4 6]
 - Client 612: [ 3  2  4  4  5  8  8 14  1  1]
 - Client 613: [7 7 4 5 4 2 7 9 0 5]
 - Client 614: [5 6 4 4 5 3 7 5 5 6]
 - Client 615: [ 4  5  6  9  2  1 10  5  4  4]
 - Client 616: [ 1  6  7  1  4 10  3  4  4 10]
 - Client 617: [6 0 3 9 5 3 5 6 6 7]
 - Client 618: [4 6 5 4 7 7 4 3 7 3]
 - Client 619: [3 9 5 5 8 5 2 4 4 5]
 - Client 620: [6 9 7 4 6 7 5 2 0 4]
 - Client 621: [ 3  3  6  7  5  6  4  4 10  2]
 - Client 622: [6 3 8 5 6 3 6 6 4 3]
 - Client 623: [3 4 7 7 4 8 5 2 7 3]
 - Client 624: [4 7 1 4 3 7 4 4 8 8]
 - Client 625: [5 5 7 4 6 6 7 3 3 4]
 - Client 626: [7 8 7 4 2 8 2 3 6 3]
 - Client 627: [4 7 2 2 6 6 5 9 3 6]
 - Client 628: [9 5 6 2 2 5 3 5 8 5]
 - Client 629: [6 4 4 5 4 4 3 6 8 6]
 - Client 630: [ 1  5  3  7  3  5  7 12  4  3]
 - Client 631: [4 2 3 6 4 9 5 3 6 8]
 - Client 632: [2 2 9 9 4 2 4 5 9 4]
 - Client 633: [ 3  2  7  8  7  3  3 10  4  3]
 - Client 634: [5 2 8 4 6 4 1 3 8 9]
 - Client 635: [ 5 10  4  4  5  2  4  7  4  5]
 - Client 636: [4 5 4 3 5 6 8 5 4 6]
 - Client 637: [5 7 6 6 3 6 6 3 6 2]
 - Client 638: [10  6  5  2  4  4  7  4  3  5]
 - Client 639: [2 4 7 7 4 6 5 6 6 3]
 - Client 640: [6 4 7 4 9 7 6 3 2 2]
 - Client 641: [ 3  5  6  3  7 10  6  5  1  4]
 - Client 642: [6 4 3 6 3 7 6 1 8 6]
 - Client 643: [2 5 8 1 7 2 9 8 1 7]
 - Client 644: [2 6 8 3 3 8 5 6 3 6]
 - Client 645: [4 5 5 2 3 5 5 3 9 9]
 - Client 646: [4 3 3 6 6 9 6 3 7 3]
 - Client 647: [3 4 6 9 2 7 6 3 6 4]
 - Client 648: [3 7 5 3 7 6 4 5 5 5]
 - Client 649: [3 5 4 7 2 5 8 6 2 8]
 - Client 650: [ 7 10  3  6  2  8  4  2  4  4]
 - Client 651: [5 7 4 6 1 7 4 9 3 4]
 - Client 652: [ 9  2  9  4  2  4  1 10  5  4]
 - Client 653: [ 7 11  2  4  4  3  6  7  3  3]
 - Client 654: [2 7 8 1 7 2 7 4 7 5]
 - Client 655: [5 5 4 4 4 6 2 6 7 7]
 - Client 656: [4 9 7 6 4 2 3 5 6 4]
 - Client 657: [3 5 5 5 4 4 6 8 3 7]
 - Client 658: [4 6 8 4 1 1 6 7 6 7]
 - Client 659: [2 5 3 9 5 3 5 5 8 5]
 - Client 660: [4 9 5 7 6 2 2 5 5 5]
 - Client 661: [6 8 3 3 6 6 4 4 4 6]
 - Client 662: [3 5 3 4 9 6 6 5 3 6]
 - Client 663: [6 9 3 4 3 6 4 3 8 4]
 - Client 664: [ 6  4  5  6  6  2  3 10  2  6]
 - Client 665: [ 5  2  5 10  2  3  5  3  9  6]
 - Client 666: [9 4 4 3 7 4 8 5 3 3]
 - Client 667: [7 3 6 7 9 5 5 2 4 2]
 - Client 668: [5 3 0 7 9 3 5 2 9 7]
 - Client 669: [2 6 4 4 5 5 7 6 3 8]
 - Client 670: [7 3 0 3 5 6 8 6 8 4]
 - Client 671: [ 4  3  6 10  1  4  5  7  3  7]
 - Client 672: [3 7 7 4 5 6 8 3 3 4]
 - Client 673: [4 3 5 7 4 7 8 2 6 4]
 - Client 674: [7 5 6 4 5 3 7 4 2 7]
 - Client 675: [8 7 5 4 9 6 2 3 3 3]
 - Client 676: [5 3 5 6 5 5 7 5 3 6]
 - Client 677: [2 7 3 8 6 5 6 4 3 6]
 - Client 678: [ 5  8  2  5  2 10  6  5  2  5]
 - Client 679: [ 5  5  7 11  3  3  7  3  4  2]
 - Client 680: [5 4 2 6 7 6 5 4 7 4]
 - Client 681: [6 7 4 6 4 3 7 5 2 6]
 - Client 682: [7 7 6 7 6 3 7 2 2 3]
 - Client 683: [ 3  2  5  6  5  2 11  4  7  5]
 - Client 684: [8 3 3 6 7 6 4 3 6 4]
 - Client 685: [5 5 8 5 4 2 6 5 5 5]
 - Client 686: [ 5  5  3  2  3 11  6  4  7  4]
 - Client 687: [4 6 8 4 3 4 5 7 6 3]
 - Client 688: [7 1 6 4 5 5 7 5 8 2]
 - Client 689: [ 5 10  3  5  1  8  5  3  6  4]
 - Client 690: [11  5  6  7  1  7  7  1  1  4]
 - Client 691: [6 3 3 6 6 5 5 0 7 9]
 - Client 692: [4 7 4 6 5 7 7 3 2 5]
 - Client 693: [11  2  2  6  6  8  3  4  5  3]
 - Client 694: [ 5  3  4  4  0  5  5  6 12  6]
 - Client 695: [ 5  6  4  9  1  4  3 10  2  6]
 - Client 696: [6 5 4 4 5 8 7 7 1 3]
 - Client 697: [6 2 3 2 8 2 7 8 7 5]
 - Client 698: [5 3 7 4 5 6 6 3 5 6]
 - Client 699: [ 1  2  3  5 11  6  5  6  5  6]
 - Client 700: [3 4 6 6 4 6 3 7 7 4]
 - Client 701: [5 4 5 3 6 5 5 5 4 8]
 - Client 702: [5 3 3 6 5 9 5 4 3 7]
 - Client 703: [4 5 2 4 3 5 6 8 4 9]
 - Client 704: [6 8 5 4 4 1 5 5 6 6]
 - Client 705: [2 3 5 8 4 8 6 5 5 4]
 - Client 706: [5 5 8 6 2 9 1 5 3 6]
 - Client 707: [5 6 6 5 5 8 2 2 5 6]
 - Client 708: [4 3 8 3 8 5 5 4 7 3]
 - Client 709: [5 4 6 7 5 4 5 6 2 6]
 - Client 710: [5 3 6 2 7 4 6 5 4 8]
 - Client 711: [5 3 5 9 5 3 3 8 5 4]
 - Client 712: [12  7  2  3  2  5  5  4  6  4]
 - Client 713: [2 5 3 8 9 8 5 4 3 3]
 - Client 714: [ 3  3  6  9  4  5  3  3 10  4]
 - Client 715: [4 8 8 6 2 6 5 5 3 3]
 - Client 716: [4 4 4 2 3 9 9 3 6 6]
 - Client 717: [7 6 4 4 1 8 3 5 8 4]
 - Client 718: [10  1  4  1  4  3  9  9  5  4]
 - Client 719: [7 4 6 8 3 4 8 4 2 4]
 - Client 720: [7 7 3 4 4 5 4 7 5 4]
 - Client 721: [6 7 6 4 7 5 4 6 2 3]
 - Client 722: [7 3 4 7 2 7 2 8 7 3]
 - Client 723: [2 4 8 4 3 7 4 7 6 5]
 - Client 724: [4 3 5 4 3 8 8 6 5 4]
 - Client 725: [7 3 6 3 4 6 6 5 8 2]
 - Client 726: [4 2 4 7 3 5 6 6 8 5]
 - Client 727: [6 4 2 7 3 9 8 4 3 4]
 - Client 728: [5 4 6 8 6 2 8 3 6 2]
 - Client 729: [3 7 6 4 6 5 4 6 2 7]
 - Client 730: [4 6 7 4 5 1 3 9 2 9]
 - Client 731: [ 9  1  1 11  4  6  4  6  3  5]
 - Client 732: [4 2 5 6 4 5 9 3 3 9]
 - Client 733: [7 3 8 2 3 5 4 3 7 8]
 - Client 734: [2 6 9 3 2 8 5 6 3 6]
 - Client 735: [5 8 6 5 3 5 3 8 4 3]
 - Client 736: [4 7 6 4 4 3 3 6 4 9]
 - Client 737: [ 3  5  5  6  3  3  3  7 10  5]
 - Client 738: [8 5 2 6 4 5 6 6 5 3]
 - Client 739: [5 5 5 4 7 7 6 3 4 4]
 - Client 740: [6 5 3 4 2 7 8 4 8 3]
 - Client 741: [3 6 4 5 1 9 7 6 8 1]
 - Client 742: [ 5  3  2 11  7  3  4  5  3  7]
 - Client 743: [3 5 5 4 6 7 7 4 6 3]
 - Client 744: [ 3 10  5  2 11  7  2  6  3  1]
 - Client 745: [8 4 4 5 4 2 6 6 6 5]
 - Client 746: [ 8  3 11  2  3  9  5  4  5  0]
 - Client 747: [ 6  4  5  5  3  6  5 10  3  3]
 - Client 748: [5 3 6 3 7 4 5 3 6 8]
 - Client 749: [ 3  6  2 11  6  3  8  5  4  2]
 - Client 750: [7 5 7 3 4 8 4 5 2 5]
 - Client 751: [4 4 4 9 8 7 4 3 2 5]
 - Client 752: [10  4  0  5  0  5  7 10  4  5]
 - Client 753: [ 7  1  2  4  4 13  5  3  6  5]
 - Client 754: [3 5 9 5 5 4 5 4 5 5]
 - Client 755: [2 5 1 3 7 5 7 8 7 5]
 - Client 756: [4 6 3 5 3 3 7 6 6 7]
 - Client 757: [3 6 9 7 2 6 0 3 7 7]
 - Client 758: [7 3 1 3 9 5 6 3 6 7]
 - Client 759: [5 4 8 5 5 5 9 3 3 3]
 - Client 760: [ 6  7  3 10  7  3  4  5  3  2]
 - Client 761: [5 9 7 7 5 4 2 4 1 6]
 - Client 762: [4 3 5 8 1 7 7 3 7 5]
 - Client 763: [3 5 3 6 5 7 4 4 6 7]
 - Client 764: [2 6 5 9 5 7 4 5 5 2]
 - Client 765: [6 6 4 4 7 5 3 5 6 4]
 - Client 766: [ 4  5  2  2  6  8  5  4 10  4]
 - Client 767: [5 6 2 3 3 3 4 7 9 8]
 - Client 768: [ 2  3  4 10  6  7  4  6  3  5]
 - Client 769: [7 5 9 2 5 4 2 8 6 2]
 - Client 770: [9 2 5 6 3 8 6 6 3 2]
 - Client 771: [ 4  4  5 10  3  5  5  4  7  3]
 - Client 772: [2 7 6 7 2 5 5 3 9 4]
 - Client 773: [4 8 5 6 5 2 5 3 5 7]
 - Client 774: [ 0  5  5  5  4  6 10  7  6  2]
 - Client 775: [7 3 5 6 8 5 3 4 4 5]
 - Client 776: [2 5 5 7 5 5 2 8 5 6]
 - Client 777: [7 4 3 2 6 6 8 5 2 7]
 - Client 778: [ 2  5  2 11  4  2  7  7  4  6]
 - Client 779: [9 5 2 5 7 9 3 1 2 7]
 - Client 780: [1 2 5 6 8 4 5 5 9 5]
 - Client 781: [9 4 1 6 5 7 5 2 6 5]
 - Client 782: [6 5 5 7 6 4 5 4 3 5]
 - Client 783: [1 7 5 4 8 7 5 2 5 6]
 - Client 784: [6 5 5 2 3 8 3 6 7 5]
 - Client 785: [4 4 9 3 9 6 3 5 4 3]
 - Client 786: [ 5  3  6  3  7 11  5  5  2  3]
 - Client 787: [2 6 8 6 5 6 6 2 3 6]
 - Client 788: [5 4 8 4 5 5 5 7 3 4]
 - Client 789: [5 1 6 5 7 3 5 5 5 8]
 - Client 790: [6 2 4 4 5 4 7 6 7 5]
 - Client 791: [9 4 7 5 4 4 3 6 5 3]
 - Client 792: [4 6 4 2 8 5 4 5 4 8]
 - Client 793: [5 3 4 9 4 2 7 7 4 5]
 - Client 794: [9 5 2 3 4 5 6 8 4 4]
 - Client 795: [ 6  5  4  5 10  5  3  5  4  3]
 - Client 796: [1 7 4 6 7 8 4 7 1 5]
 - Client 797: [4 5 7 2 4 3 6 7 8 4]
 - Client 798: [2 6 5 7 6 5 4 9 2 4]
 - Client 799: [5 6 4 4 5 3 1 8 6 8]
 - Client 800: [5 5 4 7 6 6 4 5 5 3]
 - Client 801: [5 6 2 6 8 5 3 7 5 3]
 - Client 802: [ 5  5  7  2  4  3  4  3 11  6]
 - Client 803: [ 2  7  5  7  4  2  3 10  7  3]
 - Client 804: [ 4  4  5  1  5  4  5 10  7  5]
 - Client 805: [6 6 5 4 8 6 5 3 3 4]
 - Client 806: [8 5 7 3 2 8 6 2 6 3]
 - Client 807: [3 6 7 4 4 8 3 3 4 8]
 - Client 808: [ 4  4  7  5  1  6  2  4  6 11]
 - Client 809: [5 4 5 7 4 4 5 7 3 6]
 - Client 810: [7 3 3 7 8 2 8 4 6 2]
 - Client 811: [ 4  6  6  6  5  3  3  1 10  6]
 - Client 812: [4 6 3 6 3 5 9 5 3 6]
 - Client 813: [ 6 10  7  5  3  8  2  3  3  3]
 - Client 814: [2 3 6 6 4 7 7 6 5 4]
 - Client 815: [4 5 5 5 6 7 4 4 4 6]
 - Client 816: [ 6 10  6  3  5  3  6  4  3  4]
 - Client 817: [ 2  3  4  5  4  5  8 11  2  6]
 - Client 818: [5 7 8 5 3 3 4 4 7 4]
 - Client 819: [6 7 7 3 2 3 7 5 1 9]
 - Client 820: [7 7 6 4 4 7 2 5 6 2]
 - Client 821: [6 3 7 5 7 9 5 5 0 3]
 - Client 822: [ 5  2  6  1  2 10  5  6  5  8]
 - Client 823: [5 5 7 5 4 3 4 7 5 5]
 - Client 824: [5 4 7 5 5 3 2 4 6 9]
 - Client 825: [5 4 3 5 3 5 5 5 7 8]
 - Client 826: [5 9 6 9 5 5 3 2 3 3]
 - Client 827: [2 2 6 6 4 8 3 7 7 5]
 - Client 828: [11  2  3  1  7  6  5  2  6  7]
 - Client 829: [4 6 6 6 1 7 8 6 3 3]
 - Client 830: [1 2 3 4 8 7 8 5 4 8]
 - Client 831: [7 3 3 5 5 8 2 3 7 7]
 - Client 832: [5 4 5 4 6 3 4 8 9 2]
 - Client 833: [4 2 7 9 2 6 4 6 3 7]
 - Client 834: [5 7 6 5 2 3 6 6 6 4]
 - Client 835: [5 5 2 6 6 2 7 4 6 7]
 - Client 836: [ 3  3  2  2  4  8  6 10  5  7]
 - Client 837: [ 2  3 10  3  6  8  6  5  3  4]
 - Client 838: [ 3 11  6  7  0 10  4  3  2  4]
 - Client 839: [5 8 4 6 6 5 1 8 3 4]
 - Client 840: [4 6 4 5 5 4 7 7 5 3]
 - Client 841: [6 4 8 1 5 7 2 5 6 6]
 - Client 842: [ 3  6  1  7  7 10  2  5  4  5]
 - Client 843: [ 8  5  5  5  3 10  6  1  3  4]
 - Client 844: [3 7 7 5 6 2 6 5 6 3]
 - Client 845: [3 4 8 5 8 4 4 4 3 7]
 - Client 846: [7 3 3 4 3 5 5 6 7 7]
 - Client 847: [5 6 2 5 8 5 4 5 5 5]
 - Client 848: [8 8 4 6 4 1 3 3 8 5]
 - Client 849: [4 5 5 4 3 9 7 3 4 6]
 - Client 850: [2 6 1 7 5 5 8 4 5 7]
 - Client 851: [ 7  4  3  3  5  5  4  5  2 12]
 - Client 852: [ 6  6  2  4 10  4  4  2  2 10]
 - Client 853: [4 5 4 4 6 6 9 5 2 5]
 - Client 854: [7 4 6 3 4 2 8 4 8 4]
 - Client 855: [ 6  4  3  2  5  5  8  3 10  4]
 - Client 856: [6 3 7 7 4 7 7 1 5 3]
 - Client 857: [4 8 1 4 6 3 2 8 8 6]
 - Client 858: [8 1 5 4 5 8 4 6 6 3]
 - Client 859: [7 5 5 3 4 6 8 4 3 5]
 - Client 860: [3 5 5 6 4 7 6 7 1 6]
 - Client 861: [5 6 7 3 2 4 7 6 4 6]
 - Client 862: [ 5  2  6  6  3  2  7 10  7  2]
 - Client 863: [10  6  2  4  4  4  8  5  2  5]
 - Client 864: [3 8 5 8 4 5 5 1 4 7]
 - Client 865: [5 6 3 3 5 7 7 4 5 5]
 - Client 866: [9 5 5 7 6 3 7 0 2 6]
 - Client 867: [ 4  3  5  4 10  1  6  7  8  2]
 - Client 868: [7 3 5 1 7 7 2 7 6 5]
 - Client 869: [ 4  6  5  3  5  5 10  5  5  2]
 - Client 870: [ 4  3  5  2  7  2  5 11  4  7]
 - Client 871: [3 5 6 8 8 7 2 5 5 1]
 - Client 872: [3 3 8 7 4 7 4 6 4 4]
 - Client 873: [4 5 0 7 2 7 6 5 7 7]
 - Client 874: [5 4 7 7 5 3 4 6 6 3]
 - Client 875: [6 3 6 3 7 4 5 4 7 5]
 - Client 876: [5 5 7 3 8 5 4 4 4 5]
 - Client 877: [5 1 8 9 5 4 4 5 6 3]
 - Client 878: [5 4 3 7 9 6 5 3 4 4]
 - Client 879: [7 5 3 4 5 4 7 1 9 5]
 - Client 880: [8 5 5 5 4 6 6 7 1 3]
 - Client 881: [11  6  4  5  5  3  4  3  5  4]
 - Client 882: [5 7 2 5 7 6 5 5 3 5]
 - Client 883: [ 5  3  4  5 10  5  6  3  6  3]
 - Client 884: [7 2 6 4 4 5 3 3 9 7]
 - Client 885: [1 7 2 4 6 8 8 4 7 3]
 - Client 886: [6 8 5 3 6 1 4 8 5 4]
 - Client 887: [5 1 7 5 6 6 6 3 6 5]
 - Client 888: [8 4 9 6 4 3 5 3 5 3]
 - Client 889: [3 4 8 7 5 3 4 6 7 3]
 - Client 890: [5 7 3 3 3 7 4 5 6 7]
 - Client 891: [4 4 4 5 8 6 5 7 4 3]
 - Client 892: [ 4  7  9  2  5  3  5  1  4 10]
 - Client 893: [4 3 6 7 4 3 7 3 5 8]
 - Client 894: [ 3 11  7  6  4  3  6  0  6  4]
 - Client 895: [4 6 8 5 8 3 2 3 6 5]
 - Client 896: [6 5 2 7 6 2 4 7 6 5]
 - Client 897: [ 1  4 10  3  4  6  2  6 10  4]
 - Client 898: [7 9 4 5 2 7 9 3 2 2]
 - Client 899: [6 7 5 5 3 6 4 6 4 4]
 - Client 900: [3 5 6 4 5 3 8 5 4 7]
 - Client 901: [ 0  4  7  2  7  8 11  2  7  2]
 - Client 902: [4 6 6 4 3 4 2 4 8 9]
 - Client 903: [2 6 5 5 3 6 4 5 9 5]
 - Client 904: [7 2 6 5 4 7 7 1 6 5]
 - Client 905: [4 5 6 5 5 7 6 4 6 2]
 - Client 906: [ 4  6  2  8 10  4  2  6  4  4]
 - Client 907: [11  5  2  6  3  5  7  4  1  6]
 - Client 908: [ 4 10  7  7  5  4  2  4  2  5]
 - Client 909: [6 7 4 7 4 3 5 7 4 3]
 - Client 910: [5 0 9 2 5 6 7 9 3 4]
 - Client 911: [4 4 4 6 5 8 4 3 6 6]
 - Client 912: [3 5 7 8 6 3 4 3 8 3]
 - Client 913: [ 6  3  2  6  5  6 10  1  3  8]
 - Client 914: [5 6 4 4 3 4 8 3 7 6]
 - Client 915: [11  5  5  3  3  7  4  8  1  3]
 - Client 916: [7 6 5 3 4 5 3 3 9 5]
 - Client 917: [4 3 7 7 6 4 6 4 7 2]
 - Client 918: [7 5 7 7 2 5 3 5 6 3]
 - Client 919: [7 4 6 5 5 8 3 4 4 4]
 - Client 920: [2 7 6 5 9 7 5 1 6 2]
 - Client 921: [7 7 4 4 4 7 2 5 9 1]
 - Client 922: [ 7  3  3 10  6  5  5  2  8  1]
 - Client 923: [2 6 9 4 6 6 7 4 4 2]
 - Client 924: [7 4 3 6 5 8 6 5 2 4]
 - Client 925: [5 6 8 4 6 7 4 5 2 3]
 - Client 926: [2 4 7 6 3 6 3 6 4 9]
 - Client 927: [3 3 8 8 5 5 1 8 5 4]
 - Client 928: [4 6 3 8 6 3 5 3 6 6]
 - Client 929: [4 2 9 3 3 4 6 7 6 6]
 - Client 930: [5 6 2 4 5 5 0 8 6 9]
 - Client 931: [ 4  6  6  3  4  4  6 10  5  2]
 - Client 932: [ 6  2  4 10  3  4  8  2  6  5]
 - Client 933: [4 5 6 3 3 5 6 5 7 6]
 - Client 934: [6 6 2 4 6 7 5 5 7 2]
 - Client 935: [ 4  5  3  0  6  6  7  2  7 10]
 - Client 936: [8 3 3 6 4 6 6 2 6 6]
 - Client 937: [8 4 5 6 3 5 7 7 3 2]
 - Client 938: [ 5  4  7  2  3  3  3 10  6  7]
 - Client 939: [4 6 9 7 4 5 2 6 2 5]
 - Client 940: [7 7 4 4 4 5 3 3 7 6]
 - Client 941: [ 5  9  6  2  3 10  7  2  4  2]
 - Client 942: [5 6 5 8 4 5 2 4 4 7]
 - Client 943: [7 1 9 6 5 4 9 3 5 1]
 - Client 944: [ 6 10  4  1  6  3  0  4 12  4]
 - Client 945: [ 1  4  2  6 10  8  5  6  2  6]
 - Client 946: [ 6  3 10  2  9  3  2  7  4  4]
 - Client 947: [6 5 7 5 3 8 5 4 5 2]
 - Client 948: [ 4  7  4  7  7  1  2  6  2 10]
 - Client 949: [ 3  5  3  5  6  5 13  3  3  4]
 - Client 950: [7 5 2 8 4 3 6 4 3 8]
 - Client 951: [7 7 7 5 2 4 4 6 2 6]
 - Client 952: [ 7  4  3  4  4  3  4  4 10  7]
 - Client 953: [4 5 8 5 4 5 6 5 2 6]
 - Client 954: [5 5 7 3 4 4 7 4 6 5]
 - Client 955: [4 5 2 5 7 3 6 5 6 7]
 - Client 956: [10  6  4  6  6  4  7  4  2  1]
 - Client 957: [7 4 3 5 7 3 6 6 6 3]
 - Client 958: [3 7 7 8 6 3 5 4 2 5]
 - Client 959: [6 4 7 5 5 2 8 3 5 5]
 - Client 960: [2 6 9 3 5 5 5 3 7 5]
 - Client 961: [ 5  2  6  3  7  4 11  5  3  4]
 - Client 962: [4 5 4 4 6 7 3 5 3 9]
 - Client 963: [7 4 4 4 5 4 5 6 4 7]
 - Client 964: [5 5 5 5 2 4 6 5 9 4]
 - Client 965: [4 8 7 5 5 1 6 6 6 2]
 - Client 966: [6 5 6 5 3 5 8 6 0 6]
 - Client 967: [2 2 6 6 5 4 5 5 8 7]
 - Client 968: [10  3 11  2  5  1  2  6  5  5]
 - Client 969: [11  4  9  2  1  4  5  3  6  5]
 - Client 970: [3 7 7 3 2 5 5 4 8 6]
 - Client 971: [3 5 5 2 7 5 5 5 6 7]
 - Client 972: [7 6 6 5 4 3 5 5 6 3]
 - Client 973: [6 3 6 4 7 4 6 6 6 2]
 - Client 974: [ 5  3  3  5 10  5  5  5  6  3]
 - Client 975: [4 9 3 4 8 5 5 7 3 2]
 - Client 976: [5 6 6 3 7 4 3 3 4 9]
 - Client 977: [ 3  4  2  6  5 10  4  4  8  4]
 - Client 978: [4 3 4 6 3 5 7 5 5 8]
 - Client 979: [ 6  4  6  3  3  2  3  6  6 11]
 - Client 980: [7 6 4 6 9 2 0 7 5 4]
 - Client 981: [6 6 7 5 3 3 4 5 8 3]
 - Client 982: [ 5 12  3  2  4  3  6  4  3  8]
 - Client 983: [ 7  4 10  3  6  4  3  3  8  2]
 - Client 984: [ 4  4  4  4  7  3  4  6  4 10]
 - Client 985: [6 5 5 7 9 6 4 5 2 1]
 - Client 986: [5 7 4 1 8 7 5 4 2 7]
 - Client 987: [6 5 7 2 3 4 1 7 7 8]
 - Client 988: [8 5 0 3 1 5 7 9 7 5]
 - Client 989: [7 6 7 5 1 7 6 2 4 5]
 - Client 990: [10  7  5  4  8  6  1  3  4  2]
 - Client 991: [6 4 2 7 4 4 6 4 7 6]
 - Client 992: [ 2  5  5  9  2  4  4  2 10  7]
 - Client 993: [ 4 12  6  7  2  5  4  4  2  4]
 - Client 994: [3 3 9 6 9 5 0 5 5 5]
 - Client 995: [2 5 7 8 2 5 5 3 6 7]
 - Client 996: [ 3  2  6  5  9 10  3  5  4  3]
 - Client 997: [ 4 10  6  2  9  2  5  5  4  3]
 - Client 998: [3 5 6 6 2 8 3 8 4 5]
 - Client 999: [2 3 5 6 2 7 6 7 8 4]

Model:
 - conv1.weight                   [6, 3, 5, 5]
 - conv1.bias                     [6]
 - conv2.weight                   [16, 6, 5, 5]
 - conv2.bias                     [16]
 - fc1.weight                     [120, 400]
 - fc1.bias                       [120]
 - fc2.weight                     [84, 120]
 - fc2.bias                       [84]
 - fc3.weight                     [10, 84]
 - fc3.bias                       [10]
Total number of Parameters:  62006

Start Distributed Training..

Experiment: main (1/2)
{'communication_round': 1, 'lr': 0.002, 'epochs': 1}
{'client_train_loss': 2.3070785999298096}
{'server_val_accuracy': 0.1084}
Saved results to  /mnt/output/manyclients/xp_85964.npz
Remaining Time (approx.): 00:43:02 [0.10%]

Experiment: main (1/2)
{'communication_round': 2, 'lr': 0.002, 'epochs': 2}
{'client_train_loss': 2.2967171669006348}
{'server_val_accuracy': 0.1084}
Saved results to  /mnt/output/manyclients/xp_85964.npz
Remaining Time (approx.): 00:36:16 [0.20%]

Experiment: main (1/2)
{'communication_round': 3, 'lr': 0.002, 'epochs': 3}
{'client_train_loss': 2.3034088611602783}
{'server_val_accuracy': 0.1084}
Saved results to  /mnt/output/manyclients/xp_85964.npz
Remaining Time (approx.): 00:34:07 [0.30%]

Experiment: main (1/2)
{'communication_round': 4, 'lr': 0.002, 'epochs': 4}
{'client_train_loss': 2.2946553230285645}
{'server_val_accuracy': 0.1084}
Saved results to  /mnt/output/manyclients/xp_85964.npz
Remaining Time (approx.): 00:32:59 [0.40%]

Experiment: main (1/2)
{'communication_round': 5, 'lr': 0.002, 'epochs': 5}
{'client_train_loss': 2.2972748279571533}
{'server_val_accuracy': 0.1084}
Saved results to  /mnt/output/manyclients/xp_85964.npz
Remaining Time (approx.): 00:32:14 [0.50%]

Experiment: main (1/2)
{'communication_round': 6, 'lr': 0.002, 'epochs': 6}
{'client_train_loss': 2.3164215087890625}
{'server_val_accuracy': 0.1084}
Saved results to  /mnt/output/manyclients/xp_85964.npz
Remaining Time (approx.): 00:31:44 [0.60%]

Experiment: main (1/2)
{'communication_round': 7, 'lr': 0.002, 'epochs': 7}
{'client_train_loss': 2.289421319961548}
{'server_val_accuracy': 0.1084}
Saved results to  /mnt/output/manyclients/xp_85964.npz
Remaining Time (approx.): 00:31:22 [0.70%]

Experiment: main (1/2)
{'communication_round': 8, 'lr': 0.002, 'epochs': 8}
{'client_train_loss': 2.3022289276123047}
{'server_val_accuracy': 0.1084}
Saved results to  /mnt/output/manyclients/xp_85964.npz
Remaining Time (approx.): 00:31:06 [0.80%]

Experiment: main (1/2)
{'communication_round': 9, 'lr': 0.002, 'epochs': 9}
{'client_train_loss': 2.292726755142212}
{'server_val_accuracy': 0.1084}
Saved results to  /mnt/output/manyclients/xp_85964.npz
Remaining Time (approx.): 00:30:24 [0.90%]

Experiment: main (1/2)
{'communication_round': 10, 'lr': 0.002, 'epochs': 10}
{'client_train_loss': 2.308335304260254}
{'server_val_accuracy': 0.1084}
Saved results to  /mnt/output/manyclients/xp_85964.npz
Remaining Time (approx.): 00:29:50 [1.00%]

Experiment: main (1/2)
{'communication_round': 11, 'lr': 0.002, 'epochs': 11}
{'client_train_loss': 2.298712730407715}
{'server_val_accuracy': 0.1084}
Saved results to  /mnt/output/manyclients/xp_85964.npz
Remaining Time (approx.): 00:29:22 [1.10%]

Experiment: main (1/2)
{'communication_round': 12, 'lr': 0.002, 'epochs': 12}
{'client_train_loss': 2.315993309020996}
{'server_val_accuracy': 0.1085}
Saved results to  /mnt/output/manyclients/xp_85964.npz
Remaining Time (approx.): 00:28:59 [1.20%]

Experiment: main (1/2)
{'communication_round': 13, 'lr': 0.002, 'epochs': 13}
{'client_train_loss': 2.3007290363311768}
{'server_val_accuracy': 0.1085}
Saved results to  /mnt/output/manyclients/xp_85964.npz
Remaining Time (approx.): 00:28:39 [1.30%]

Experiment: main (1/2)
{'communication_round': 14, 'lr': 0.002, 'epochs': 14}
{'client_train_loss': 2.3235554695129395}
{'server_val_accuracy': 0.1085}
Saved results to  /mnt/output/manyclients/xp_85964.npz
Remaining Time (approx.): 00:28:21 [1.40%]

Experiment: main (1/2)
{'communication_round': 15, 'lr': 0.002, 'epochs': 15}
{'client_train_loss': 2.2941832542419434}
{'server_val_accuracy': 0.1085}
Saved results to  /mnt/output/manyclients/xp_85964.npz
Remaining Time (approx.): 00:28:05 [1.50%]

Experiment: main (1/2)
{'communication_round': 16, 'lr': 0.002, 'epochs': 16}
{'client_train_loss': 2.320021629333496}
{'server_val_accuracy': 0.1086}
Saved results to  /mnt/output/manyclients/xp_85964.npz
Remaining Time (approx.): 00:27:52 [1.60%]

Experiment: main (1/2)
{'communication_round': 17, 'lr': 0.002, 'epochs': 17}
{'client_train_loss': 2.2848522663116455}
{'server_val_accuracy': 0.1086}
Saved results to  /mnt/output/manyclients/xp_85964.npz
Remaining Time (approx.): 00:27:40 [1.70%]

Experiment: main (1/2)
{'communication_round': 18, 'lr': 0.002, 'epochs': 18}
{'client_train_loss': 2.3044354915618896}
{'server_val_accuracy': 0.1086}
Saved results to  /mnt/output/manyclients/xp_85964.npz
Remaining Time (approx.): 00:27:29 [1.80%]

Experiment: main (1/2)
{'communication_round': 19, 'lr': 0.002, 'epochs': 19}
{'client_train_loss': 2.3234033584594727}
{'server_val_accuracy': 0.1086}
Saved results to  /mnt/output/manyclients/xp_85964.npz
Remaining Time (approx.): 00:27:19 [1.90%]

Experiment: main (1/2)
{'communication_round': 20, 'lr': 0.002, 'epochs': 20}
{'client_train_loss': 2.3149919509887695}
{'server_val_accuracy': 0.1086}
Saved results to  /mnt/output/manyclients/xp_85964.npz
Remaining Time (approx.): 00:27:11 [2.00%]

Experiment: main (1/2)
{'communication_round': 21, 'lr': 0.002, 'epochs': 21}
{'client_train_loss': 2.308110475540161}
{'server_val_accuracy': 0.1086}
Saved results to  /mnt/output/manyclients/xp_85964.npz
Remaining Time (approx.): 00:27:02 [2.10%]

Experiment: main (1/2)
{'communication_round': 22, 'lr': 0.002, 'epochs': 22}
{'client_train_loss': 2.2962772846221924}
{'server_val_accuracy': 0.1086}
Saved results to  /mnt/output/manyclients/xp_85964.npz
Remaining Time (approx.): 00:26:54 [2.20%]

Experiment: main (1/2)
{'communication_round': 23, 'lr': 0.002, 'epochs': 23}
{'client_train_loss': 2.291121006011963}
{'server_val_accuracy': 0.1086}
Saved results to  /mnt/output/manyclients/xp_85964.npz
Remaining Time (approx.): 00:26:46 [2.30%]

Experiment: main (1/2)
{'communication_round': 24, 'lr': 0.002, 'epochs': 24}
{'client_train_loss': 2.3070223331451416}
{'server_val_accuracy': 0.1086}
Saved results to  /mnt/output/manyclients/xp_85964.npz
Remaining Time (approx.): 00:26:39 [2.40%]

Experiment: main (1/2)
{'communication_round': 25, 'lr': 0.002, 'epochs': 25}
{'client_train_loss': 2.2951419353485107}
{'server_val_accuracy': 0.1086}
Saved results to  /mnt/output/manyclients/xp_85964.npz
Remaining Time (approx.): 00:26:33 [2.50%]

Experiment: main (1/2)
{'communication_round': 26, 'lr': 0.002, 'epochs': 26}
{'client_train_loss': 2.3041021823883057}
{'server_val_accuracy': 0.1086}
Saved results to  /mnt/output/manyclients/xp_85964.npz
Remaining Time (approx.): 00:26:27 [2.60%]

Experiment: main (1/2)
{'communication_round': 27, 'lr': 0.002, 'epochs': 27}
{'client_train_loss': 2.314356803894043}
{'server_val_accuracy': 0.1086}
Saved results to  /mnt/output/manyclients/xp_85964.npz
Remaining Time (approx.): 00:26:21 [2.70%]

Experiment: main (1/2)
{'communication_round': 28, 'lr': 0.002, 'epochs': 28}
{'client_train_loss': 2.3162529468536377}
{'server_val_accuracy': 0.1086}
Saved results to  /mnt/output/manyclients/xp_85964.npz
Remaining Time (approx.): 00:26:15 [2.80%]

Experiment: main (1/2)
{'communication_round': 29, 'lr': 0.002, 'epochs': 29}
{'client_train_loss': 2.3007194995880127}
{'server_val_accuracy': 0.1086}
Saved results to  /mnt/output/manyclients/xp_85964.npz
Remaining Time (approx.): 00:26:10 [2.90%]

Experiment: main (1/2)
{'communication_round': 30, 'lr': 0.002, 'epochs': 30}
{'client_train_loss': 2.308492660522461}
{'server_val_accuracy': 0.1086}
Saved results to  /mnt/output/manyclients/xp_85964.npz
Remaining Time (approx.): 00:26:06 [3.00%]

Experiment: main (1/2)
{'communication_round': 31, 'lr': 0.002, 'epochs': 31}
{'client_train_loss': 2.2891297340393066}
{'server_val_accuracy': 0.1086}
Saved results to  /mnt/output/manyclients/xp_85964.npz
Remaining Time (approx.): 00:26:01 [3.10%]

Experiment: main (1/2)
{'communication_round': 32, 'lr': 0.002, 'epochs': 32}
{'client_train_loss': 2.329810857772827}
{'server_val_accuracy': 0.1086}
Saved results to  /mnt/output/manyclients/xp_85964.npz
Remaining Time (approx.): 00:25:56 [3.20%]

Experiment: main (1/2)
{'communication_round': 33, 'lr': 0.002, 'epochs': 33}
{'client_train_loss': 2.3079819679260254}
{'server_val_accuracy': 0.1087}
Saved results to  /mnt/output/manyclients/xp_85964.npz
Remaining Time (approx.): 00:25:52 [3.30%]

Experiment: main (1/2)
{'communication_round': 34, 'lr': 0.002, 'epochs': 34}
{'client_train_loss': 2.307927131652832}
{'server_val_accuracy': 0.1087}
Saved results to  /mnt/output/manyclients/xp_85964.npz
Remaining Time (approx.): 00:25:48 [3.40%]

Experiment: main (1/2)
{'communication_round': 35, 'lr': 0.002, 'epochs': 35}
{'client_train_loss': 2.2929983139038086}
{'server_val_accuracy': 0.1088}
Saved results to  /mnt/output/manyclients/xp_85964.npz
Remaining Time (approx.): 00:25:44 [3.50%]

Experiment: main (1/2)
{'communication_round': 36, 'lr': 0.002, 'epochs': 36}
{'client_train_loss': 2.289198398590088}
{'server_val_accuracy': 0.1088}
Saved results to  /mnt/output/manyclients/xp_85964.npz
Remaining Time (approx.): 00:25:40 [3.60%]

Experiment: main (1/2)
{'communication_round': 37, 'lr': 0.002, 'epochs': 37}
{'client_train_loss': 2.307537794113159}
{'server_val_accuracy': 0.1085}
Saved results to  /mnt/output/manyclients/xp_85964.npz
Remaining Time (approx.): 00:25:36 [3.70%]

Experiment: main (1/2)
{'communication_round': 38, 'lr': 0.002, 'epochs': 38}
{'client_train_loss': 2.3049051761627197}
{'server_val_accuracy': 0.1085}
Saved results to  /mnt/output/manyclients/xp_85964.npz
Remaining Time (approx.): 00:25:33 [3.80%]

Experiment: main (1/2)
{'communication_round': 39, 'lr': 0.002, 'epochs': 39}
{'client_train_loss': 2.313196897506714}
{'server_val_accuracy': 0.1086}
Saved results to  /mnt/output/manyclients/xp_85964.npz
Remaining Time (approx.): 00:25:29 [3.90%]

Experiment: main (1/2)
{'communication_round': 40, 'lr': 0.002, 'epochs': 40}
{'client_train_loss': 2.314746141433716}
{'server_val_accuracy': 0.1086}
Saved results to  /mnt/output/manyclients/xp_85964.npz
Remaining Time (approx.): 00:25:26 [4.00%]

Experiment: main (1/2)
{'communication_round': 41, 'lr': 0.002, 'epochs': 41}
{'client_train_loss': 2.3082849979400635}
{'server_val_accuracy': 0.1087}
Saved results to  /mnt/output/manyclients/xp_85964.npz
Remaining Time (approx.): 00:25:22 [4.10%]

Experiment: main (1/2)
{'communication_round': 42, 'lr': 0.002, 'epochs': 42}
{'client_train_loss': 2.31264328956604}
{'server_val_accuracy': 0.1087}
Saved results to  /mnt/output/manyclients/xp_85964.npz
Remaining Time (approx.): 00:25:19 [4.20%]

Experiment: main (1/2)
{'communication_round': 43, 'lr': 0.002, 'epochs': 43}
{'client_train_loss': 2.2873499393463135}
{'server_val_accuracy': 0.1087}
Saved results to  /mnt/output/manyclients/xp_85964.npz
Remaining Time (approx.): 00:25:16 [4.30%]

Experiment: main (1/2)
{'communication_round': 44, 'lr': 0.002, 'epochs': 44}
{'client_train_loss': 2.2953386306762695}
{'server_val_accuracy': 0.1087}
Saved results to  /mnt/output/manyclients/xp_85964.npz
Remaining Time (approx.): 00:25:13 [4.40%]

Experiment: main (1/2)
{'communication_round': 45, 'lr': 0.002, 'epochs': 45}
{'client_train_loss': 2.3106191158294678}
{'server_val_accuracy': 0.1086}
Saved results to  /mnt/output/manyclients/xp_85964.npz
Remaining Time (approx.): 00:25:10 [4.50%]

Experiment: main (1/2)
{'communication_round': 46, 'lr': 0.002, 'epochs': 46}
{'client_train_loss': 2.286921739578247}
{'server_val_accuracy': 0.1086}
Saved results to  /mnt/output/manyclients/xp_85964.npz
Remaining Time (approx.): 00:25:07 [4.60%]

Experiment: main (1/2)
{'communication_round': 47, 'lr': 0.002, 'epochs': 47}
{'client_train_loss': 2.3019134998321533}
{'server_val_accuracy': 0.1086}
Saved results to  /mnt/output/manyclients/xp_85964.npz
Remaining Time (approx.): 00:25:04 [4.70%]

Experiment: main (1/2)
{'communication_round': 48, 'lr': 0.002, 'epochs': 48}
{'client_train_loss': 2.3097236156463623}
{'server_val_accuracy': 0.1085}
Saved results to  /mnt/output/manyclients/xp_85964.npz
Remaining Time (approx.): 00:25:01 [4.80%]

Experiment: main (1/2)
{'communication_round': 49, 'lr': 0.002, 'epochs': 49}
{'client_train_loss': 2.318107843399048}
{'server_val_accuracy': 0.1085}
Saved results to  /mnt/output/manyclients/xp_85964.npz
Remaining Time (approx.): 00:24:59 [4.90%]

Experiment: main (1/2)
{'communication_round': 50, 'lr': 0.002, 'epochs': 50}
{'client_train_loss': 2.3176047801971436}
{'server_val_accuracy': 0.1086}
Saved results to  /mnt/output/manyclients/xp_85964.npz
Remaining Time (approx.): 00:24:56 [5.00%]

Experiment: main (1/2)
{'communication_round': 51, 'lr': 0.002, 'epochs': 51}
{'client_train_loss': 2.3294270038604736}
{'server_val_accuracy': 0.1086}
Saved results to  /mnt/output/manyclients/xp_85964.npz
Remaining Time (approx.): 00:24:53 [5.10%]

Experiment: main (1/2)
{'communication_round': 52, 'lr': 0.002, 'epochs': 52}
{'client_train_loss': 2.312929630279541}
{'server_val_accuracy': 0.1085}
Saved results to  /mnt/output/manyclients/xp_85964.npz
Remaining Time (approx.): 00:24:50 [5.20%]

Experiment: main (1/2)
{'communication_round': 53, 'lr': 0.002, 'epochs': 53}
{'client_train_loss': 2.3003575801849365}
{'server_val_accuracy': 0.1085}
Saved results to  /mnt/output/manyclients/xp_85964.npz
Remaining Time (approx.): 00:24:48 [5.30%]

Experiment: main (1/2)
{'communication_round': 54, 'lr': 0.002, 'epochs': 54}
{'client_train_loss': 2.3051648139953613}
{'server_val_accuracy': 0.1086}
Saved results to  /mnt/output/manyclients/xp_85964.npz
Remaining Time (approx.): 00:24:46 [5.40%]

Experiment: main (1/2)
{'communication_round': 55, 'lr': 0.002, 'epochs': 55}
{'client_train_loss': 2.28948974609375}
{'server_val_accuracy': 0.1087}
Saved results to  /mnt/output/manyclients/xp_85964.npz
Remaining Time (approx.): 00:24:43 [5.50%]

Experiment: main (1/2)
{'communication_round': 56, 'lr': 0.002, 'epochs': 56}
{'client_train_loss': 2.3114261627197266}
{'server_val_accuracy': 0.1087}
Saved results to  /mnt/output/manyclients/xp_85964.npz
Remaining Time (approx.): 00:24:41 [5.60%]

Experiment: main (1/2)
{'communication_round': 57, 'lr': 0.002, 'epochs': 57}
{'client_train_loss': 2.312746524810791}
{'server_val_accuracy': 0.1087}
Saved results to  /mnt/output/manyclients/xp_85964.npz
Remaining Time (approx.): 00:24:38 [5.70%]

Experiment: main (1/2)
{'communication_round': 58, 'lr': 0.002, 'epochs': 58}
{'client_train_loss': 2.2792704105377197}
{'server_val_accuracy': 0.1087}
Saved results to  /mnt/output/manyclients/xp_85964.npz
Remaining Time (approx.): 00:24:36 [5.80%]

Experiment: main (1/2)
{'communication_round': 59, 'lr': 0.002, 'epochs': 59}
{'client_train_loss': 2.3199520111083984}
{'server_val_accuracy': 0.1088}
Saved results to  /mnt/output/manyclients/xp_85964.npz
Remaining Time (approx.): 00:24:34 [5.90%]

Experiment: main (1/2)
{'communication_round': 60, 'lr': 0.002, 'epochs': 60}
{'client_train_loss': 2.2986252307891846}
{'server_val_accuracy': 0.1088}
Saved results to  /mnt/output/manyclients/xp_85964.npz
Remaining Time (approx.): 00:24:31 [6.00%]

Experiment: main (1/2)
{'communication_round': 61, 'lr': 0.002, 'epochs': 61}
{'client_train_loss': 2.3186964988708496}
{'server_val_accuracy': 0.1089}
Saved results to  /mnt/output/manyclients/xp_85964.npz
Remaining Time (approx.): 00:24:29 [6.10%]

Experiment: main (1/2)
{'communication_round': 62, 'lr': 0.002, 'epochs': 62}
{'client_train_loss': 2.3180582523345947}
{'server_val_accuracy': 0.1089}
Saved results to  /mnt/output/manyclients/xp_85964.npz
Remaining Time (approx.): 00:24:27 [6.20%]

Experiment: main (1/2)
{'communication_round': 63, 'lr': 0.002, 'epochs': 63}
{'client_train_loss': 2.3172662258148193}
{'server_val_accuracy': 0.109}
Saved results to  /mnt/output/manyclients/xp_85964.npz
Remaining Time (approx.): 00:24:25 [6.30%]

Experiment: main (1/2)
{'communication_round': 64, 'lr': 0.002, 'epochs': 64}
{'client_train_loss': 2.294952630996704}
{'server_val_accuracy': 0.109}
Saved results to  /mnt/output/manyclients/xp_85964.npz
Remaining Time (approx.): 00:24:22 [6.40%]

Experiment: main (1/2)
{'communication_round': 65, 'lr': 0.002, 'epochs': 65}
{'client_train_loss': 2.286640167236328}
{'server_val_accuracy': 0.109}
Saved results to  /mnt/output/manyclients/xp_85964.npz
Remaining Time (approx.): 00:24:20 [6.50%]

Experiment: main (1/2)
{'communication_round': 66, 'lr': 0.002, 'epochs': 66}
{'client_train_loss': 2.3153576850891113}
{'server_val_accuracy': 0.109}
Saved results to  /mnt/output/manyclients/xp_85964.npz
Remaining Time (approx.): 00:24:18 [6.60%]

Experiment: main (1/2)
{'communication_round': 67, 'lr': 0.002, 'epochs': 67}
{'client_train_loss': 2.3081655502319336}
{'server_val_accuracy': 0.1091}
Saved results to  /mnt/output/manyclients/xp_85964.npz
Remaining Time (approx.): 00:24:16 [6.70%]

Experiment: main (1/2)
{'communication_round': 68, 'lr': 0.002, 'epochs': 68}
{'client_train_loss': 2.307861566543579}
{'server_val_accuracy': 0.1092}
Saved results to  /mnt/output/manyclients/xp_85964.npz
Remaining Time (approx.): 00:24:13 [6.80%]

Experiment: main (1/2)
{'communication_round': 69, 'lr': 0.002, 'epochs': 69}
{'client_train_loss': 2.303375482559204}
{'server_val_accuracy': 0.1092}
Saved results to  /mnt/output/manyclients/xp_85964.npz
Remaining Time (approx.): 00:24:11 [6.90%]

Experiment: main (1/2)
{'communication_round': 70, 'lr': 0.002, 'epochs': 70}
{'client_train_loss': 2.31588077545166}
{'server_val_accuracy': 0.1092}
Saved results to  /mnt/output/manyclients/xp_85964.npz
Remaining Time (approx.): 00:24:09 [7.00%]

Experiment: main (1/2)
{'communication_round': 71, 'lr': 0.002, 'epochs': 71}
{'client_train_loss': 2.2935023307800293}
{'server_val_accuracy': 0.1092}
Saved results to  /mnt/output/manyclients/xp_85964.npz
Remaining Time (approx.): 00:24:08 [7.10%]

Experiment: main (1/2)
{'communication_round': 72, 'lr': 0.002, 'epochs': 72}
{'client_train_loss': 2.3131704330444336}
{'server_val_accuracy': 0.1092}
Saved results to  /mnt/output/manyclients/xp_85964.npz
Remaining Time (approx.): 00:24:06 [7.20%]

Experiment: main (1/2)
{'communication_round': 73, 'lr': 0.002, 'epochs': 73}
{'client_train_loss': 2.3039379119873047}
{'server_val_accuracy': 0.1092}
Saved results to  /mnt/output/manyclients/xp_85964.npz
Remaining Time (approx.): 00:24:04 [7.30%]

Experiment: main (1/2)
{'communication_round': 74, 'lr': 0.002, 'epochs': 74}
{'client_train_loss': 2.306042194366455}
{'server_val_accuracy': 0.1092}
Saved results to  /mnt/output/manyclients/xp_85964.npz
Remaining Time (approx.): 00:24:01 [7.40%]

Experiment: main (1/2)
{'communication_round': 75, 'lr': 0.002, 'epochs': 75}
{'client_train_loss': 2.3107497692108154}
{'server_val_accuracy': 0.1092}
Saved results to  /mnt/output/manyclients/xp_85964.npz
Remaining Time (approx.): 00:23:59 [7.50%]

Experiment: main (1/2)
{'communication_round': 76, 'lr': 0.002, 'epochs': 76}
{'client_train_loss': 2.303995132446289}
{'server_val_accuracy': 0.1092}
Saved results to  /mnt/output/manyclients/xp_85964.npz
Remaining Time (approx.): 00:23:57 [7.60%]

Experiment: main (1/2)
{'communication_round': 77, 'lr': 0.002, 'epochs': 77}
{'client_train_loss': 2.3090851306915283}
{'server_val_accuracy': 0.1093}
Saved results to  /mnt/output/manyclients/xp_85964.npz
Remaining Time (approx.): 00:23:55 [7.70%]

Experiment: main (1/2)
{'communication_round': 78, 'lr': 0.002, 'epochs': 78}
{'client_train_loss': 2.294286012649536}
{'server_val_accuracy': 0.1093}
Saved results to  /mnt/output/manyclients/xp_85964.npz
Remaining Time (approx.): 00:23:53 [7.80%]

Experiment: main (1/2)
{'communication_round': 79, 'lr': 0.002, 'epochs': 79}
{'client_train_loss': 2.3109583854675293}
{'server_val_accuracy': 0.1094}
Saved results to  /mnt/output/manyclients/xp_85964.npz
Remaining Time (approx.): 00:23:51 [7.90%]

Experiment: main (1/2)
{'communication_round': 80, 'lr': 0.002, 'epochs': 80}
{'client_train_loss': 2.2877509593963623}
{'server_val_accuracy': 0.1094}
Saved results to  /mnt/output/manyclients/xp_85964.npz
Remaining Time (approx.): 00:23:49 [8.00%]

Experiment: main (1/2)
{'communication_round': 81, 'lr': 0.002, 'epochs': 81}
{'client_train_loss': 2.291102647781372}
{'server_val_accuracy': 0.1096}
Saved results to  /mnt/output/manyclients/xp_85964.npz
Remaining Time (approx.): 00:23:47 [8.10%]

Experiment: main (1/2)
{'communication_round': 82, 'lr': 0.002, 'epochs': 82}
{'client_train_loss': 2.3000268936157227}
{'server_val_accuracy': 0.1097}
Saved results to  /mnt/output/manyclients/xp_85964.npz
Remaining Time (approx.): 00:23:45 [8.20%]

Experiment: main (1/2)
{'communication_round': 83, 'lr': 0.002, 'epochs': 83}
{'client_train_loss': 2.312898874282837}
{'server_val_accuracy': 0.1097}
Saved results to  /mnt/output/manyclients/xp_85964.npz
Remaining Time (approx.): 00:23:43 [8.30%]

Experiment: main (1/2)
{'communication_round': 84, 'lr': 0.002, 'epochs': 84}
{'client_train_loss': 2.3164401054382324}
{'server_val_accuracy': 0.1097}
Saved results to  /mnt/output/manyclients/xp_85964.npz
Remaining Time (approx.): 00:23:41 [8.40%]

Experiment: main (1/2)
{'communication_round': 85, 'lr': 0.002, 'epochs': 85}
{'client_train_loss': 2.303762197494507}
{'server_val_accuracy': 0.1097}
Saved results to  /mnt/output/manyclients/xp_85964.npz
Remaining Time (approx.): 00:23:39 [8.50%]

Experiment: main (1/2)
{'communication_round': 86, 'lr': 0.002, 'epochs': 86}
{'client_train_loss': 2.299548387527466}
{'server_val_accuracy': 0.1097}
Saved results to  /mnt/output/manyclients/xp_85964.npz
Remaining Time (approx.): 00:23:37 [8.60%]

Experiment: main (1/2)
{'communication_round': 87, 'lr': 0.002, 'epochs': 87}
{'client_train_loss': 2.2933194637298584}
{'server_val_accuracy': 0.1096}
Saved results to  /mnt/output/manyclients/xp_85964.npz
Remaining Time (approx.): 00:23:36 [8.70%]

Experiment: main (1/2)
{'communication_round': 88, 'lr': 0.002, 'epochs': 88}
{'client_train_loss': 2.3052120208740234}
{'server_val_accuracy': 0.1097}
Saved results to  /mnt/output/manyclients/xp_85964.npz
Remaining Time (approx.): 00:23:34 [8.80%]

Experiment: main (1/2)
{'communication_round': 89, 'lr': 0.002, 'epochs': 89}
{'client_train_loss': 2.304683208465576}
{'server_val_accuracy': 0.1098}
Saved results to  /mnt/output/manyclients/xp_85964.npz
Remaining Time (approx.): 00:23:32 [8.90%]

Experiment: main (1/2)
{'communication_round': 90, 'lr': 0.002, 'epochs': 90}
{'client_train_loss': 2.299983024597168}
{'server_val_accuracy': 0.1097}
Saved results to  /mnt/output/manyclients/xp_85964.npz
Remaining Time (approx.): 00:23:30 [9.00%]

Experiment: main (1/2)
{'communication_round': 91, 'lr': 0.002, 'epochs': 91}
{'client_train_loss': 2.3096115589141846}
{'server_val_accuracy': 0.1097}
Saved results to  /mnt/output/manyclients/xp_85964.npz
Remaining Time (approx.): 00:23:28 [9.10%]

Experiment: main (1/2)
{'communication_round': 92, 'lr': 0.002, 'epochs': 92}
{'client_train_loss': 2.3248393535614014}
{'server_val_accuracy': 0.1099}
Saved results to  /mnt/output/manyclients/xp_85964.npz
Remaining Time (approx.): 00:23:27 [9.20%]

Experiment: main (1/2)
{'communication_round': 93, 'lr': 0.002, 'epochs': 93}
{'client_train_loss': 2.3118512630462646}
{'server_val_accuracy': 0.11}
Saved results to  /mnt/output/manyclients/xp_85964.npz
Remaining Time (approx.): 00:23:26 [9.30%]

Experiment: main (1/2)
{'communication_round': 94, 'lr': 0.002, 'epochs': 94}
{'client_train_loss': 2.3019347190856934}
{'server_val_accuracy': 0.11}
Saved results to  /mnt/output/manyclients/xp_85964.npz
Remaining Time (approx.): 00:23:24 [9.40%]

Experiment: main (1/2)
{'communication_round': 95, 'lr': 0.002, 'epochs': 95}
{'client_train_loss': 2.294971466064453}
{'server_val_accuracy': 0.11}
Saved results to  /mnt/output/manyclients/xp_85964.npz
Remaining Time (approx.): 00:23:22 [9.50%]

Experiment: main (1/2)
{'communication_round': 96, 'lr': 0.002, 'epochs': 96}
{'client_train_loss': 2.2866604328155518}
{'server_val_accuracy': 0.11}
Saved results to  /mnt/output/manyclients/xp_85964.npz
Remaining Time (approx.): 00:23:20 [9.60%]

Experiment: main (1/2)
{'communication_round': 97, 'lr': 0.002, 'epochs': 97}
{'client_train_loss': 2.306196689605713}
{'server_val_accuracy': 0.11}
Saved results to  /mnt/output/manyclients/xp_85964.npz
Remaining Time (approx.): 00:23:18 [9.70%]

Experiment: main (1/2)
{'communication_round': 98, 'lr': 0.002, 'epochs': 98}
{'client_train_loss': 2.3231101036071777}
{'server_val_accuracy': 0.1101}
Saved results to  /mnt/output/manyclients/xp_85964.npz
Remaining Time (approx.): 00:23:17 [9.80%]

Experiment: main (1/2)
{'communication_round': 99, 'lr': 0.002, 'epochs': 99}
{'client_train_loss': 2.3085708618164062}
{'server_val_accuracy': 0.11}
Saved results to  /mnt/output/manyclients/xp_85964.npz
Remaining Time (approx.): 00:23:15 [9.90%]

Experiment: main (1/2)
{'communication_round': 100, 'lr': 0.002, 'epochs': 100}
{'client_train_loss': 2.2989230155944824}
{'server_val_accuracy': 0.1101}
Saved results to  /mnt/output/manyclients/xp_85964.npz
Remaining Time (approx.): 00:23:13 [10.00%]

Experiment: main (1/2)
{'communication_round': 101, 'lr': 0.002, 'epochs': 101}
{'client_train_loss': 2.3111069202423096}
{'server_val_accuracy': 0.1101}
Saved results to  /mnt/output/manyclients/xp_85964.npz
Remaining Time (approx.): 00:23:11 [10.10%]

Experiment: main (1/2)
{'communication_round': 102, 'lr': 0.002, 'epochs': 102}
{'client_train_loss': 2.3060131072998047}
{'server_val_accuracy': 0.1101}
Saved results to  /mnt/output/manyclients/xp_85964.npz
Remaining Time (approx.): 00:23:09 [10.20%]

Experiment: main (1/2)
{'communication_round': 103, 'lr': 0.002, 'epochs': 103}
{'client_train_loss': 2.3017683029174805}
{'server_val_accuracy': 0.1102}
Saved results to  /mnt/output/manyclients/xp_85964.npz
Remaining Time (approx.): 00:23:08 [10.30%]

Experiment: main (1/2)
{'communication_round': 104, 'lr': 0.002, 'epochs': 104}
{'client_train_loss': 2.291131019592285}
{'server_val_accuracy': 0.1102}
Saved results to  /mnt/output/manyclients/xp_85964.npz
Remaining Time (approx.): 00:23:06 [10.40%]

Experiment: main (1/2)
{'communication_round': 105, 'lr': 0.002, 'epochs': 105}
{'client_train_loss': 2.3161449432373047}
{'server_val_accuracy': 0.1103}
Saved results to  /mnt/output/manyclients/xp_85964.npz
Remaining Time (approx.): 00:23:04 [10.50%]

Experiment: main (1/2)
{'communication_round': 106, 'lr': 0.002, 'epochs': 106}
{'client_train_loss': 2.2968223094940186}
{'server_val_accuracy': 0.1103}
Saved results to  /mnt/output/manyclients/xp_85964.npz
Remaining Time (approx.): 00:23:02 [10.60%]

Experiment: main (1/2)
{'communication_round': 107, 'lr': 0.002, 'epochs': 107}
{'client_train_loss': 2.3128254413604736}
{'server_val_accuracy': 0.1106}
Saved results to  /mnt/output/manyclients/xp_85964.npz
Remaining Time (approx.): 00:23:01 [10.70%]

Experiment: main (1/2)
{'communication_round': 108, 'lr': 0.002, 'epochs': 108}
{'client_train_loss': 2.327198028564453}
{'server_val_accuracy': 0.1106}
Saved results to  /mnt/output/manyclients/xp_85964.npz
Remaining Time (approx.): 00:22:59 [10.80%]

Experiment: main (1/2)
{'communication_round': 109, 'lr': 0.002, 'epochs': 109}
{'client_train_loss': 2.312002420425415}
{'server_val_accuracy': 0.1106}
Saved results to  /mnt/output/manyclients/xp_85964.npz
Remaining Time (approx.): 00:22:57 [10.90%]

Experiment: main (1/2)
{'communication_round': 110, 'lr': 0.002, 'epochs': 110}
{'client_train_loss': 2.3217830657958984}
{'server_val_accuracy': 0.1109}
Saved results to  /mnt/output/manyclients/xp_85964.npz
Remaining Time (approx.): 00:22:55 [11.00%]

Experiment: main (1/2)
{'communication_round': 111, 'lr': 0.002, 'epochs': 111}
{'client_train_loss': 2.2960832118988037}
{'server_val_accuracy': 0.1111}
Saved results to  /mnt/output/manyclients/xp_85964.npz
Remaining Time (approx.): 00:22:54 [11.10%]

Experiment: main (1/2)
{'communication_round': 112, 'lr': 0.002, 'epochs': 112}
{'client_train_loss': 2.3036539554595947}
{'server_val_accuracy': 0.1111}
Saved results to  /mnt/output/manyclients/xp_85964.npz
Remaining Time (approx.): 00:22:52 [11.20%]

Experiment: main (1/2)
{'communication_round': 113, 'lr': 0.002, 'epochs': 113}
{'client_train_loss': 2.300367832183838}
{'server_val_accuracy': 0.1112}
Saved results to  /mnt/output/manyclients/xp_85964.npz
Remaining Time (approx.): 00:22:50 [11.30%]

Experiment: main (1/2)
{'communication_round': 114, 'lr': 0.002, 'epochs': 114}
{'client_train_loss': 2.3170604705810547}
{'server_val_accuracy': 0.1114}
Saved results to  /mnt/output/manyclients/xp_85964.npz
Remaining Time (approx.): 00:22:48 [11.40%]

Experiment: main (1/2)
{'communication_round': 115, 'lr': 0.002, 'epochs': 115}
{'client_train_loss': 2.3053338527679443}
{'server_val_accuracy': 0.1115}
Saved results to  /mnt/output/manyclients/xp_85964.npz
Remaining Time (approx.): 00:22:46 [11.50%]

Experiment: main (1/2)
{'communication_round': 116, 'lr': 0.002, 'epochs': 116}
{'client_train_loss': 2.3106608390808105}
{'server_val_accuracy': 0.1114}
Saved results to  /mnt/output/manyclients/xp_85964.npz
Remaining Time (approx.): 00:22:45 [11.60%]

Experiment: main (1/2)
{'communication_round': 117, 'lr': 0.002, 'epochs': 117}
{'client_train_loss': 2.306199073791504}
{'server_val_accuracy': 0.1115}
Saved results to  /mnt/output/manyclients/xp_85964.npz
Remaining Time (approx.): 00:22:43 [11.70%]

Experiment: main (1/2)
{'communication_round': 118, 'lr': 0.002, 'epochs': 118}
{'client_train_loss': 2.3083603382110596}
{'server_val_accuracy': 0.1115}
Saved results to  /mnt/output/manyclients/xp_85964.npz
Remaining Time (approx.): 00:22:41 [11.80%]

Experiment: main (1/2)
{'communication_round': 119, 'lr': 0.002, 'epochs': 119}
{'client_train_loss': 2.3177335262298584}
{'server_val_accuracy': 0.1115}
Saved results to  /mnt/output/manyclients/xp_85964.npz
Remaining Time (approx.): 00:22:39 [11.90%]

Experiment: main (1/2)
{'communication_round': 120, 'lr': 0.002, 'epochs': 120}
{'client_train_loss': 2.2969534397125244}
{'server_val_accuracy': 0.1115}
Saved results to  /mnt/output/manyclients/xp_85964.npz
Remaining Time (approx.): 00:22:38 [12.00%]

Experiment: main (1/2)
{'communication_round': 121, 'lr': 0.002, 'epochs': 121}
{'client_train_loss': 2.3083558082580566}
{'server_val_accuracy': 0.1115}
Saved results to  /mnt/output/manyclients/xp_85964.npz
Remaining Time (approx.): 00:22:36 [12.10%]

Experiment: main (1/2)
{'communication_round': 122, 'lr': 0.002, 'epochs': 122}
{'client_train_loss': 2.3214597702026367}
{'server_val_accuracy': 0.1115}
Saved results to  /mnt/output/manyclients/xp_85964.npz
Remaining Time (approx.): 00:22:34 [12.20%]

Experiment: main (1/2)
{'communication_round': 123, 'lr': 0.002, 'epochs': 123}
{'client_train_loss': 2.3011693954467773}
{'server_val_accuracy': 0.1115}
Saved results to  /mnt/output/manyclients/xp_85964.npz
Remaining Time (approx.): 00:22:33 [12.30%]

Experiment: main (1/2)
{'communication_round': 124, 'lr': 0.002, 'epochs': 124}
{'client_train_loss': 2.301222324371338}
{'server_val_accuracy': 0.1116}
Saved results to  /mnt/output/manyclients/xp_85964.npz
Remaining Time (approx.): 00:22:31 [12.40%]

Experiment: main (1/2)
{'communication_round': 125, 'lr': 0.002, 'epochs': 125}
{'client_train_loss': 2.3035902976989746}
{'server_val_accuracy': 0.1117}
Saved results to  /mnt/output/manyclients/xp_85964.npz
Remaining Time (approx.): 00:22:29 [12.50%]

Experiment: main (1/2)
{'communication_round': 126, 'lr': 0.002, 'epochs': 126}
{'client_train_loss': 2.2865076065063477}
{'server_val_accuracy': 0.1118}
Saved results to  /mnt/output/manyclients/xp_85964.npz
Remaining Time (approx.): 00:22:27 [12.60%]

Experiment: main (1/2)
{'communication_round': 127, 'lr': 0.002, 'epochs': 127}
{'client_train_loss': 2.2878034114837646}
{'server_val_accuracy': 0.1119}
Saved results to  /mnt/output/manyclients/xp_85964.npz
Remaining Time (approx.): 00:22:26 [12.70%]

Experiment: main (1/2)
{'communication_round': 128, 'lr': 0.002, 'epochs': 128}
{'client_train_loss': 2.306126356124878}
{'server_val_accuracy': 0.112}
Saved results to  /mnt/output/manyclients/xp_85964.npz
Remaining Time (approx.): 00:22:24 [12.80%]

Experiment: main (1/2)
{'communication_round': 129, 'lr': 0.002, 'epochs': 129}
{'client_train_loss': 2.3068599700927734}
{'server_val_accuracy': 0.112}
Saved results to  /mnt/output/manyclients/xp_85964.npz
Remaining Time (approx.): 00:22:22 [12.90%]

Experiment: main (1/2)
{'communication_round': 130, 'lr': 0.002, 'epochs': 130}
{'client_train_loss': 2.287093162536621}
{'server_val_accuracy': 0.1121}
Saved results to  /mnt/output/manyclients/xp_85964.npz
Remaining Time (approx.): 00:22:21 [13.00%]

Experiment: main (1/2)
{'communication_round': 131, 'lr': 0.002, 'epochs': 131}
{'client_train_loss': 2.314077854156494}
{'server_val_accuracy': 0.1121}
Saved results to  /mnt/output/manyclients/xp_85964.npz
Remaining Time (approx.): 00:22:19 [13.10%]

Experiment: main (1/2)
{'communication_round': 132, 'lr': 0.002, 'epochs': 132}
{'client_train_loss': 2.30049204826355}
{'server_val_accuracy': 0.1124}
Saved results to  /mnt/output/manyclients/xp_85964.npz
Remaining Time (approx.): 00:22:17 [13.20%]

Experiment: main (1/2)
{'communication_round': 133, 'lr': 0.002, 'epochs': 133}
{'client_train_loss': 2.307152032852173}
{'server_val_accuracy': 0.1124}
Saved results to  /mnt/output/manyclients/xp_85964.npz
Remaining Time (approx.): 00:22:16 [13.30%]

Experiment: main (1/2)
{'communication_round': 134, 'lr': 0.002, 'epochs': 134}
{'client_train_loss': 2.317396640777588}
{'server_val_accuracy': 0.1124}
Saved results to  /mnt/output/manyclients/xp_85964.npz
Remaining Time (approx.): 00:22:14 [13.40%]

Experiment: main (1/2)
{'communication_round': 135, 'lr': 0.002, 'epochs': 135}
{'client_train_loss': 2.2958617210388184}
{'server_val_accuracy': 0.1124}
Saved results to  /mnt/output/manyclients/xp_85964.npz
Remaining Time (approx.): 00:22:12 [13.50%]

Experiment: main (1/2)
{'communication_round': 136, 'lr': 0.002, 'epochs': 136}
{'client_train_loss': 2.3156347274780273}
{'server_val_accuracy': 0.1124}
Saved results to  /mnt/output/manyclients/xp_85964.npz
Remaining Time (approx.): 00:22:11 [13.60%]

Experiment: main (1/2)
{'communication_round': 137, 'lr': 0.002, 'epochs': 137}
{'client_train_loss': 2.3175208568573}
{'server_val_accuracy': 0.1126}
Saved results to  /mnt/output/manyclients/xp_85964.npz
Remaining Time (approx.): 00:22:09 [13.70%]

Experiment: main (1/2)
{'communication_round': 138, 'lr': 0.002, 'epochs': 138}
{'client_train_loss': 2.2870731353759766}
{'server_val_accuracy': 0.1126}
Saved results to  /mnt/output/manyclients/xp_85964.npz
Remaining Time (approx.): 00:22:07 [13.80%]

Experiment: main (1/2)
{'communication_round': 139, 'lr': 0.002, 'epochs': 139}
{'client_train_loss': 2.3076696395874023}
{'server_val_accuracy': 0.1126}
Saved results to  /mnt/output/manyclients/xp_85964.npz
Remaining Time (approx.): 00:22:05 [13.90%]

Experiment: main (1/2)
{'communication_round': 140, 'lr': 0.002, 'epochs': 140}
{'client_train_loss': 2.299926519393921}
{'server_val_accuracy': 0.1126}
Saved results to  /mnt/output/manyclients/xp_85964.npz
Remaining Time (approx.): 00:22:04 [14.00%]

Experiment: main (1/2)
{'communication_round': 141, 'lr': 0.002, 'epochs': 141}
{'client_train_loss': 2.3009488582611084}
{'server_val_accuracy': 0.1126}
Saved results to  /mnt/output/manyclients/xp_85964.npz
Remaining Time (approx.): 00:22:02 [14.10%]

Experiment: main (1/2)
{'communication_round': 142, 'lr': 0.002, 'epochs': 142}
{'client_train_loss': 2.2982053756713867}
{'server_val_accuracy': 0.1129}
Saved results to  /mnt/output/manyclients/xp_85964.npz
Remaining Time (approx.): 00:22:00 [14.20%]

Experiment: main (1/2)
{'communication_round': 143, 'lr': 0.002, 'epochs': 143}
{'client_train_loss': 2.2828116416931152}
{'server_val_accuracy': 0.113}
Saved results to  /mnt/output/manyclients/xp_85964.npz
Remaining Time (approx.): 00:21:59 [14.30%]

Experiment: main (1/2)
{'communication_round': 144, 'lr': 0.002, 'epochs': 144}
{'client_train_loss': 2.311556339263916}
{'server_val_accuracy': 0.113}
Saved results to  /mnt/output/manyclients/xp_85964.npz
Remaining Time (approx.): 00:21:57 [14.40%]

Experiment: main (1/2)
{'communication_round': 145, 'lr': 0.002, 'epochs': 145}
{'client_train_loss': 2.2750425338745117}
{'server_val_accuracy': 0.1131}
Saved results to  /mnt/output/manyclients/xp_85964.npz
Remaining Time (approx.): 00:21:55 [14.50%]

Experiment: main (1/2)
{'communication_round': 146, 'lr': 0.002, 'epochs': 146}
{'client_train_loss': 2.317487955093384}
{'server_val_accuracy': 0.1132}
Saved results to  /mnt/output/manyclients/xp_85964.npz
Remaining Time (approx.): 00:21:54 [14.60%]

Experiment: main (1/2)
{'communication_round': 147, 'lr': 0.002, 'epochs': 147}
{'client_train_loss': 2.300673246383667}
{'server_val_accuracy': 0.113}
Saved results to  /mnt/output/manyclients/xp_85964.npz
Remaining Time (approx.): 00:21:52 [14.70%]

Experiment: main (1/2)
{'communication_round': 148, 'lr': 0.002, 'epochs': 148}
{'client_train_loss': 2.310692548751831}
{'server_val_accuracy': 0.1128}
Saved results to  /mnt/output/manyclients/xp_85964.npz
Remaining Time (approx.): 00:21:50 [14.80%]

Experiment: main (1/2)
{'communication_round': 149, 'lr': 0.002, 'epochs': 149}
{'client_train_loss': 2.29734206199646}
{'server_val_accuracy': 0.1128}
Saved results to  /mnt/output/manyclients/xp_85964.npz
Remaining Time (approx.): 00:21:49 [14.90%]

Experiment: main (1/2)
{'communication_round': 150, 'lr': 0.002, 'epochs': 150}
{'client_train_loss': 2.290076971054077}
{'server_val_accuracy': 0.113}
Saved results to  /mnt/output/manyclients/xp_85964.npz
Remaining Time (approx.): 00:21:47 [15.00%]

Experiment: main (1/2)
{'communication_round': 151, 'lr': 0.002, 'epochs': 151}
{'client_train_loss': 2.3041656017303467}
{'server_val_accuracy': 0.1129}
Saved results to  /mnt/output/manyclients/xp_85964.npz
Remaining Time (approx.): 00:21:46 [15.10%]

Experiment: main (1/2)
{'communication_round': 152, 'lr': 0.002, 'epochs': 152}
{'client_train_loss': 2.2947452068328857}
{'server_val_accuracy': 0.1127}
Saved results to  /mnt/output/manyclients/xp_85964.npz
Remaining Time (approx.): 00:21:44 [15.20%]

Experiment: main (1/2)
{'communication_round': 153, 'lr': 0.002, 'epochs': 153}
{'client_train_loss': 2.3082692623138428}
{'server_val_accuracy': 0.1127}
Saved results to  /mnt/output/manyclients/xp_85964.npz
Remaining Time (approx.): 00:21:42 [15.30%]

Experiment: main (1/2)
{'communication_round': 154, 'lr': 0.002, 'epochs': 154}
{'client_train_loss': 2.3066322803497314}
{'server_val_accuracy': 0.1129}
Saved results to  /mnt/output/manyclients/xp_85964.npz
Remaining Time (approx.): 00:21:41 [15.40%]

Experiment: main (1/2)
{'communication_round': 155, 'lr': 0.002, 'epochs': 155}
{'client_train_loss': 2.3154656887054443}
{'server_val_accuracy': 0.1129}
Saved results to  /mnt/output/manyclients/xp_85964.npz
Remaining Time (approx.): 00:21:39 [15.50%]

Experiment: main (1/2)
{'communication_round': 156, 'lr': 0.002, 'epochs': 156}
{'client_train_loss': 2.3098533153533936}
{'server_val_accuracy': 0.113}
Saved results to  /mnt/output/manyclients/xp_85964.npz
Remaining Time (approx.): 00:21:38 [15.60%]

Experiment: main (1/2)
{'communication_round': 157, 'lr': 0.002, 'epochs': 157}
{'client_train_loss': 2.3178184032440186}
{'server_val_accuracy': 0.1133}
Saved results to  /mnt/output/manyclients/xp_85964.npz
Remaining Time (approx.): 00:21:36 [15.70%]

Experiment: main (1/2)
{'communication_round': 158, 'lr': 0.002, 'epochs': 158}
{'client_train_loss': 2.293506145477295}
{'server_val_accuracy': 0.1133}
Saved results to  /mnt/output/manyclients/xp_85964.npz
Remaining Time (approx.): 00:21:34 [15.80%]

Experiment: main (1/2)
{'communication_round': 159, 'lr': 0.002, 'epochs': 159}
{'client_train_loss': 2.302828550338745}
{'server_val_accuracy': 0.1134}
Saved results to  /mnt/output/manyclients/xp_85964.npz
Remaining Time (approx.): 00:21:33 [15.90%]

Experiment: main (1/2)
{'communication_round': 160, 'lr': 0.002, 'epochs': 160}
{'client_train_loss': 2.3230528831481934}
{'server_val_accuracy': 0.1135}
Saved results to  /mnt/output/manyclients/xp_85964.npz
Remaining Time (approx.): 00:21:31 [16.00%]

Experiment: main (1/2)
{'communication_round': 161, 'lr': 0.002, 'epochs': 161}
{'client_train_loss': 2.2964797019958496}
{'server_val_accuracy': 0.1136}
Saved results to  /mnt/output/manyclients/xp_85964.npz
Remaining Time (approx.): 00:21:30 [16.10%]

Experiment: main (1/2)
{'communication_round': 162, 'lr': 0.002, 'epochs': 162}
{'client_train_loss': 2.27504301071167}
{'server_val_accuracy': 0.1137}
Saved results to  /mnt/output/manyclients/xp_85964.npz
Remaining Time (approx.): 00:21:28 [16.20%]

Experiment: main (1/2)
{'communication_round': 163, 'lr': 0.002, 'epochs': 163}
{'client_train_loss': 2.298537015914917}
{'server_val_accuracy': 0.1135}
Saved results to  /mnt/output/manyclients/xp_85964.npz
Remaining Time (approx.): 00:21:26 [16.30%]

Experiment: main (1/2)
{'communication_round': 164, 'lr': 0.002, 'epochs': 164}
{'client_train_loss': 2.2934749126434326}
{'server_val_accuracy': 0.1134}
Saved results to  /mnt/output/manyclients/xp_85964.npz
Remaining Time (approx.): 00:21:25 [16.40%]

Experiment: main (1/2)
{'communication_round': 165, 'lr': 0.002, 'epochs': 165}
{'client_train_loss': 2.309075355529785}
{'server_val_accuracy': 0.1135}
Saved results to  /mnt/output/manyclients/xp_85964.npz
Remaining Time (approx.): 00:21:23 [16.50%]

Experiment: main (1/2)
{'communication_round': 166, 'lr': 0.002, 'epochs': 166}
{'client_train_loss': 2.3161559104919434}
{'server_val_accuracy': 0.1134}
Saved results to  /mnt/output/manyclients/xp_85964.npz
Remaining Time (approx.): 00:21:22 [16.60%]

Experiment: main (1/2)
{'communication_round': 167, 'lr': 0.002, 'epochs': 167}
{'client_train_loss': 2.3205955028533936}
{'server_val_accuracy': 0.1134}
Saved results to  /mnt/output/manyclients/xp_85964.npz
Remaining Time (approx.): 00:21:20 [16.70%]

Experiment: main (1/2)
{'communication_round': 168, 'lr': 0.002, 'epochs': 168}
{'client_train_loss': 2.3219687938690186}
{'server_val_accuracy': 0.1134}
Saved results to  /mnt/output/manyclients/xp_85964.npz
Remaining Time (approx.): 00:21:18 [16.80%]

Experiment: main (1/2)
{'communication_round': 169, 'lr': 0.002, 'epochs': 169}
{'client_train_loss': 2.300685167312622}
{'server_val_accuracy': 0.1137}
Saved results to  /mnt/output/manyclients/xp_85964.npz
Remaining Time (approx.): 00:21:17 [16.90%]

Experiment: main (1/2)
{'communication_round': 170, 'lr': 0.002, 'epochs': 170}
{'client_train_loss': 2.2914927005767822}
{'server_val_accuracy': 0.114}
Saved results to  /mnt/output/manyclients/xp_85964.npz
Remaining Time (approx.): 00:21:15 [17.00%]

Experiment: main (1/2)
{'communication_round': 171, 'lr': 0.002, 'epochs': 171}
{'client_train_loss': 2.291551351547241}
{'server_val_accuracy': 0.114}
Saved results to  /mnt/output/manyclients/xp_85964.npz
Remaining Time (approx.): 00:21:13 [17.10%]

Experiment: main (1/2)
{'communication_round': 172, 'lr': 0.002, 'epochs': 172}
{'client_train_loss': 2.3106064796447754}
{'server_val_accuracy': 0.114}
Saved results to  /mnt/output/manyclients/xp_85964.npz
Remaining Time (approx.): 00:21:12 [17.20%]

Experiment: main (1/2)
{'communication_round': 173, 'lr': 0.002, 'epochs': 173}
{'client_train_loss': 2.2841949462890625}
{'server_val_accuracy': 0.114}
Saved results to  /mnt/output/manyclients/xp_85964.npz
Remaining Time (approx.): 00:21:10 [17.30%]

Experiment: main (1/2)
{'communication_round': 174, 'lr': 0.002, 'epochs': 174}
{'client_train_loss': 2.298389196395874}
{'server_val_accuracy': 0.1139}
Saved results to  /mnt/output/manyclients/xp_85964.npz
Remaining Time (approx.): 00:21:09 [17.40%]

Experiment: main (1/2)
{'communication_round': 175, 'lr': 0.002, 'epochs': 175}
{'client_train_loss': 2.305567741394043}
{'server_val_accuracy': 0.1137}
Saved results to  /mnt/output/manyclients/xp_85964.npz
Remaining Time (approx.): 00:21:07 [17.50%]

Experiment: main (1/2)
{'communication_round': 176, 'lr': 0.002, 'epochs': 176}
{'client_train_loss': 2.2824976444244385}
{'server_val_accuracy': 0.1136}
Saved results to  /mnt/output/manyclients/xp_85964.npz
Remaining Time (approx.): 00:21:05 [17.60%]

Experiment: main (1/2)
{'communication_round': 177, 'lr': 0.002, 'epochs': 177}
{'client_train_loss': 2.3151421546936035}
{'server_val_accuracy': 0.1137}
Saved results to  /mnt/output/manyclients/xp_85964.npz
Remaining Time (approx.): 00:21:04 [17.70%]

Experiment: main (1/2)
{'communication_round': 178, 'lr': 0.002, 'epochs': 178}
{'client_train_loss': 2.308468818664551}
{'server_val_accuracy': 0.1138}
Saved results to  /mnt/output/manyclients/xp_85964.npz
Remaining Time (approx.): 00:21:02 [17.80%]

Experiment: main (1/2)
{'communication_round': 179, 'lr': 0.002, 'epochs': 179}
{'client_train_loss': 2.2959203720092773}
{'server_val_accuracy': 0.1139}
Saved results to  /mnt/output/manyclients/xp_85964.npz
Remaining Time (approx.): 00:21:01 [17.90%]

Experiment: main (1/2)
{'communication_round': 180, 'lr': 0.002, 'epochs': 180}
{'client_train_loss': 2.2946054935455322}
{'server_val_accuracy': 0.1141}
Saved results to  /mnt/output/manyclients/xp_85964.npz
Remaining Time (approx.): 00:20:59 [18.00%]

Experiment: main (1/2)
{'communication_round': 181, 'lr': 0.002, 'epochs': 181}
{'client_train_loss': 2.297191858291626}
{'server_val_accuracy': 0.114}
Saved results to  /mnt/output/manyclients/xp_85964.npz
Remaining Time (approx.): 00:20:57 [18.10%]

Experiment: main (1/2)
{'communication_round': 182, 'lr': 0.002, 'epochs': 182}
{'client_train_loss': 2.309908866882324}
{'server_val_accuracy': 0.1142}
Saved results to  /mnt/output/manyclients/xp_85964.npz
Remaining Time (approx.): 00:20:56 [18.20%]

Experiment: main (1/2)
{'communication_round': 183, 'lr': 0.002, 'epochs': 183}
{'client_train_loss': 2.314305305480957}
{'server_val_accuracy': 0.1144}
Saved results to  /mnt/output/manyclients/xp_85964.npz
Remaining Time (approx.): 00:20:54 [18.30%]

Experiment: main (1/2)
{'communication_round': 184, 'lr': 0.002, 'epochs': 184}
{'client_train_loss': 2.2976431846618652}
{'server_val_accuracy': 0.1144}
Saved results to  /mnt/output/manyclients/xp_85964.npz
Remaining Time (approx.): 00:20:52 [18.40%]

Experiment: main (1/2)
{'communication_round': 185, 'lr': 0.002, 'epochs': 185}
{'client_train_loss': 2.3070735931396484}
{'server_val_accuracy': 0.1144}
Saved results to  /mnt/output/manyclients/xp_85964.npz
Remaining Time (approx.): 00:20:51 [18.50%]

Experiment: main (1/2)
{'communication_round': 186, 'lr': 0.002, 'epochs': 186}
{'client_train_loss': 2.319161891937256}
{'server_val_accuracy': 0.1144}
Saved results to  /mnt/output/manyclients/xp_85964.npz
Remaining Time (approx.): 00:20:49 [18.60%]

Experiment: main (1/2)
{'communication_round': 187, 'lr': 0.002, 'epochs': 187}
{'client_train_loss': 2.3135569095611572}
{'server_val_accuracy': 0.1145}
Saved results to  /mnt/output/manyclients/xp_85964.npz
Remaining Time (approx.): 00:20:48 [18.70%]

Experiment: main (1/2)
{'communication_round': 188, 'lr': 0.002, 'epochs': 188}
{'client_train_loss': 2.3130087852478027}
{'server_val_accuracy': 0.1144}
Saved results to  /mnt/output/manyclients/xp_85964.npz
Remaining Time (approx.): 00:20:46 [18.80%]

Experiment: main (1/2)
{'communication_round': 189, 'lr': 0.002, 'epochs': 189}
{'client_train_loss': 2.2994208335876465}
{'server_val_accuracy': 0.1145}
Saved results to  /mnt/output/manyclients/xp_85964.npz
Remaining Time (approx.): 00:20:45 [18.90%]

Experiment: main (1/2)
{'communication_round': 190, 'lr': 0.002, 'epochs': 190}
{'client_train_loss': 2.3136250972747803}
{'server_val_accuracy': 0.1145}
Saved results to  /mnt/output/manyclients/xp_85964.npz
Remaining Time (approx.): 00:20:43 [19.00%]

Experiment: main (1/2)
{'communication_round': 191, 'lr': 0.002, 'epochs': 191}
{'client_train_loss': 2.312424421310425}
{'server_val_accuracy': 0.1146}
Saved results to  /mnt/output/manyclients/xp_85964.npz
Remaining Time (approx.): 00:20:41 [19.10%]

Experiment: main (1/2)
{'communication_round': 192, 'lr': 0.002, 'epochs': 192}
{'client_train_loss': 2.299704074859619}
{'server_val_accuracy': 0.1145}
Saved results to  /mnt/output/manyclients/xp_85964.npz
Remaining Time (approx.): 00:20:40 [19.20%]

Experiment: main (1/2)
{'communication_round': 193, 'lr': 0.002, 'epochs': 193}
{'client_train_loss': 2.2960453033447266}
{'server_val_accuracy': 0.1145}
Saved results to  /mnt/output/manyclients/xp_85964.npz
Remaining Time (approx.): 00:20:38 [19.30%]

Experiment: main (1/2)
{'communication_round': 194, 'lr': 0.002, 'epochs': 194}
{'client_train_loss': 2.3019940853118896}
{'server_val_accuracy': 0.1146}
Saved results to  /mnt/output/manyclients/xp_85964.npz
Remaining Time (approx.): 00:20:37 [19.40%]

Experiment: main (1/2)
{'communication_round': 195, 'lr': 0.002, 'epochs': 195}
{'client_train_loss': 2.3123233318328857}
{'server_val_accuracy': 0.1149}
Saved results to  /mnt/output/manyclients/xp_85964.npz
Remaining Time (approx.): 00:20:35 [19.50%]

Experiment: main (1/2)
{'communication_round': 196, 'lr': 0.002, 'epochs': 196}
{'client_train_loss': 2.3042900562286377}
{'server_val_accuracy': 0.1148}
Saved results to  /mnt/output/manyclients/xp_85964.npz
Remaining Time (approx.): 00:20:34 [19.60%]

Experiment: main (1/2)
{'communication_round': 197, 'lr': 0.002, 'epochs': 197}
{'client_train_loss': 2.2852330207824707}
{'server_val_accuracy': 0.115}
Saved results to  /mnt/output/manyclients/xp_85964.npz
Remaining Time (approx.): 00:20:32 [19.70%]

Experiment: main (1/2)
{'communication_round': 198, 'lr': 0.002, 'epochs': 198}
{'client_train_loss': 2.3052937984466553}
{'server_val_accuracy': 0.115}
Saved results to  /mnt/output/manyclients/xp_85964.npz
Remaining Time (approx.): 00:20:31 [19.80%]

Experiment: main (1/2)
{'communication_round': 199, 'lr': 0.002, 'epochs': 199}
{'client_train_loss': 2.3111844062805176}
{'server_val_accuracy': 0.1151}
Saved results to  /mnt/output/manyclients/xp_85964.npz
Remaining Time (approx.): 00:20:29 [19.90%]

Experiment: main (1/2)
{'communication_round': 200, 'lr': 0.002, 'epochs': 200}
{'client_train_loss': 2.306654930114746}
{'server_val_accuracy': 0.1152}
Saved results to  /mnt/output/manyclients/xp_85964.npz
Remaining Time (approx.): 00:20:27 [20.00%]

Experiment: main (1/2)
{'communication_round': 201, 'lr': 0.002, 'epochs': 201}
{'client_train_loss': 2.298121690750122}
{'server_val_accuracy': 0.1152}
Saved results to  /mnt/output/manyclients/xp_85964.npz
Remaining Time (approx.): 00:20:26 [20.10%]

Experiment: main (1/2)
{'communication_round': 202, 'lr': 0.002, 'epochs': 202}
{'client_train_loss': 2.3269851207733154}
{'server_val_accuracy': 0.1151}
Saved results to  /mnt/output/manyclients/xp_85964.npz
Remaining Time (approx.): 00:20:24 [20.20%]

Experiment: main (1/2)
{'communication_round': 203, 'lr': 0.002, 'epochs': 203}
{'client_train_loss': 2.301896095275879}
{'server_val_accuracy': 0.1151}
Saved results to  /mnt/output/manyclients/xp_85964.npz
Remaining Time (approx.): 00:20:23 [20.30%]

Experiment: main (1/2)
{'communication_round': 204, 'lr': 0.002, 'epochs': 204}
{'client_train_loss': 2.301698684692383}
{'server_val_accuracy': 0.1153}
Saved results to  /mnt/output/manyclients/xp_85964.npz
Remaining Time (approx.): 00:20:21 [20.40%]

Experiment: main (1/2)
{'communication_round': 205, 'lr': 0.002, 'epochs': 205}
{'client_train_loss': 2.310011863708496}
{'server_val_accuracy': 0.1153}
Saved results to  /mnt/output/manyclients/xp_85964.npz
Remaining Time (approx.): 00:20:20 [20.50%]

Experiment: main (1/2)
{'communication_round': 206, 'lr': 0.002, 'epochs': 206}
{'client_train_loss': 2.3048906326293945}
{'server_val_accuracy': 0.1154}
Saved results to  /mnt/output/manyclients/xp_85964.npz
Remaining Time (approx.): 00:20:18 [20.60%]

Experiment: main (1/2)
{'communication_round': 207, 'lr': 0.002, 'epochs': 207}
{'client_train_loss': 2.3121871948242188}
{'server_val_accuracy': 0.1153}
Saved results to  /mnt/output/manyclients/xp_85964.npz
Remaining Time (approx.): 00:20:17 [20.70%]

Experiment: main (1/2)
{'communication_round': 208, 'lr': 0.002, 'epochs': 208}
{'client_train_loss': 2.30330753326416}
{'server_val_accuracy': 0.1153}
Saved results to  /mnt/output/manyclients/xp_85964.npz
Remaining Time (approx.): 00:20:15 [20.80%]

Experiment: main (1/2)
{'communication_round': 209, 'lr': 0.002, 'epochs': 209}
{'client_train_loss': 2.303550958633423}
{'server_val_accuracy': 0.1152}
Saved results to  /mnt/output/manyclients/xp_85964.npz
Remaining Time (approx.): 00:20:14 [20.90%]

Experiment: main (1/2)
{'communication_round': 210, 'lr': 0.002, 'epochs': 210}
{'client_train_loss': 2.30885910987854}
{'server_val_accuracy': 0.1154}
Saved results to  /mnt/output/manyclients/xp_85964.npz
Remaining Time (approx.): 00:20:12 [21.00%]

Experiment: main (1/2)
{'communication_round': 211, 'lr': 0.002, 'epochs': 211}
{'client_train_loss': 2.287416934967041}
{'server_val_accuracy': 0.1155}
Saved results to  /mnt/output/manyclients/xp_85964.npz
Remaining Time (approx.): 00:20:10 [21.10%]

Experiment: main (1/2)
{'communication_round': 212, 'lr': 0.002, 'epochs': 212}
{'client_train_loss': 2.31561541557312}
{'server_val_accuracy': 0.1156}
Saved results to  /mnt/output/manyclients/xp_85964.npz
Remaining Time (approx.): 00:20:09 [21.20%]

Experiment: main (1/2)
{'communication_round': 213, 'lr': 0.002, 'epochs': 213}
{'client_train_loss': 2.3041253089904785}
{'server_val_accuracy': 0.1156}
Saved results to  /mnt/output/manyclients/xp_85964.npz
Remaining Time (approx.): 00:20:07 [21.30%]

Experiment: main (1/2)
{'communication_round': 214, 'lr': 0.002, 'epochs': 214}
{'client_train_loss': 2.3096742630004883}
{'server_val_accuracy': 0.1157}
Saved results to  /mnt/output/manyclients/xp_85964.npz
Remaining Time (approx.): 00:20:06 [21.40%]

Experiment: main (1/2)
{'communication_round': 215, 'lr': 0.002, 'epochs': 215}
{'client_train_loss': 2.302006721496582}
{'server_val_accuracy': 0.1156}
Saved results to  /mnt/output/manyclients/xp_85964.npz
Remaining Time (approx.): 00:20:04 [21.50%]

Experiment: main (1/2)
{'communication_round': 216, 'lr': 0.002, 'epochs': 216}
{'client_train_loss': 2.299405813217163}
{'server_val_accuracy': 0.1157}
Saved results to  /mnt/output/manyclients/xp_85964.npz
Remaining Time (approx.): 00:20:03 [21.60%]

Experiment: main (1/2)
{'communication_round': 217, 'lr': 0.002, 'epochs': 217}
{'client_train_loss': 2.303346872329712}
{'server_val_accuracy': 0.1157}
Saved results to  /mnt/output/manyclients/xp_85964.npz
Remaining Time (approx.): 00:20:01 [21.70%]

Experiment: main (1/2)
{'communication_round': 218, 'lr': 0.002, 'epochs': 218}
{'client_train_loss': 2.309011936187744}
{'server_val_accuracy': 0.1157}
Saved results to  /mnt/output/manyclients/xp_85964.npz
Remaining Time (approx.): 00:20:00 [21.80%]

Experiment: main (1/2)
{'communication_round': 219, 'lr': 0.002, 'epochs': 219}
{'client_train_loss': 2.306957721710205}
{'server_val_accuracy': 0.1161}
Saved results to  /mnt/output/manyclients/xp_85964.npz
Remaining Time (approx.): 00:19:58 [21.90%]

Experiment: main (1/2)
{'communication_round': 220, 'lr': 0.002, 'epochs': 220}
{'client_train_loss': 2.305948257446289}
{'server_val_accuracy': 0.116}
Saved results to  /mnt/output/manyclients/xp_85964.npz
Remaining Time (approx.): 00:19:56 [22.00%]

Experiment: main (1/2)
{'communication_round': 221, 'lr': 0.002, 'epochs': 221}
{'client_train_loss': 2.295375347137451}
{'server_val_accuracy': 0.1161}
Saved results to  /mnt/output/manyclients/xp_85964.npz
Remaining Time (approx.): 00:19:55 [22.10%]

Experiment: main (1/2)
{'communication_round': 222, 'lr': 0.002, 'epochs': 222}
{'client_train_loss': 2.3017752170562744}
{'server_val_accuracy': 0.1161}
Saved results to  /mnt/output/manyclients/xp_85964.npz
Remaining Time (approx.): 00:19:53 [22.20%]

Experiment: main (1/2)
{'communication_round': 223, 'lr': 0.002, 'epochs': 223}
{'client_train_loss': 2.2903189659118652}
{'server_val_accuracy': 0.1162}
Saved results to  /mnt/output/manyclients/xp_85964.npz
Remaining Time (approx.): 00:19:52 [22.30%]

Experiment: main (1/2)
{'communication_round': 224, 'lr': 0.002, 'epochs': 224}
{'client_train_loss': 2.321392774581909}
{'server_val_accuracy': 0.1164}
Saved results to  /mnt/output/manyclients/xp_85964.npz
Remaining Time (approx.): 00:19:50 [22.40%]

Experiment: main (1/2)
{'communication_round': 225, 'lr': 0.002, 'epochs': 225}
{'client_train_loss': 2.3069007396698}
{'server_val_accuracy': 0.1166}
Saved results to  /mnt/output/manyclients/xp_85964.npz
Remaining Time (approx.): 00:19:49 [22.50%]

Experiment: main (1/2)
{'communication_round': 226, 'lr': 0.002, 'epochs': 226}
{'client_train_loss': 2.289626121520996}
{'server_val_accuracy': 0.1167}
Saved results to  /mnt/output/manyclients/xp_85964.npz
Remaining Time (approx.): 00:19:47 [22.60%]

Experiment: main (1/2)
{'communication_round': 227, 'lr': 0.002, 'epochs': 227}
{'client_train_loss': 2.305638551712036}
{'server_val_accuracy': 0.1166}
Saved results to  /mnt/output/manyclients/xp_85964.npz
Remaining Time (approx.): 00:19:45 [22.70%]

Experiment: main (1/2)
{'communication_round': 228, 'lr': 0.002, 'epochs': 228}
{'client_train_loss': 2.3129465579986572}
slurmstepd: error: *** JOB 11273 ON vca-gpu-211-01 CANCELLED AT 2020-03-12T14:58:15 ***
