Running 2 Experiments..

Hyperparameters: 
 - dataset                 cifar10
 - net                     lenet_cifar
 - n_clients               1000
 - n_data                  None
 - communication_rounds    10000
 - local_epochs            1
 - participation_rate      0.01
 - classes_per_client      0
 - batch_size              128
 - balancedness            1.0
 - pretrained              None
 - save_model              None
 - log_frequency           -100
 - log_path                manyclients/
 - finished                False
 - log_id                  13751

Files already downloaded and verified
Files already downloaded and verified
Data split:
 - Client 0: [10  6  7  7  3  0  5  3  6  3]
 - Client 1: [3 4 4 4 9 7 2 6 4 7]
 - Client 2: [8 6 3 3 1 6 7 6 8 2]
 - Client 3: [ 5  6  6  3  7  1  6  2 11  3]
 - Client 4: [ 2  6 10  5  3  3  4  7  6  4]
 - Client 5: [6 8 3 5 4 4 7 1 6 6]
 - Client 6: [6 7 5 3 6 3 1 9 7 3]
 - Client 7: [4 4 5 6 8 4 5 5 3 6]
 - Client 8: [7 7 6 5 5 5 7 1 4 3]
 - Client 9: [5 5 6 7 7 4 3 5 4 4]
 - Client 10: [12  5  7  3  4  4  3  2  4  6]
 - Client 11: [ 5 10  6  1  6  5  5  1  5  6]
 - Client 12: [2 5 7 5 4 4 6 6 5 6]
 - Client 13: [6 6 3 5 6 4 4 5 5 6]
 - Client 14: [9 3 4 7 4 9 4 2 6 2]
 - Client 15: [ 7  3  1 10  4  3  6  4  4  8]
 - Client 16: [ 5  3  3  9  7  3  5  3  2 10]
 - Client 17: [6 5 1 3 5 9 6 3 6 6]
 - Client 18: [ 2  6 11  6  5  7  3  2  7  1]
 - Client 19: [2 6 6 4 3 4 7 4 6 8]
 - Client 20: [6 1 6 5 6 2 6 6 6 6]
 - Client 21: [6 6 5 5 4 4 6 9 2 3]
 - Client 22: [4 1 5 6 4 4 9 2 6 9]
 - Client 23: [5 2 9 2 2 5 6 6 7 6]
 - Client 24: [7 4 5 4 6 7 3 5 5 4]
 - Client 25: [4 3 3 6 3 4 6 7 7 7]
 - Client 26: [ 0  5  2  5  4  3 10 11  7  3]
 - Client 27: [ 1  2  7  5  4  5  5 10  6  5]
 - Client 28: [6 4 4 5 4 3 3 6 9 6]
 - Client 29: [2 4 6 4 7 5 7 5 5 5]
 - Client 30: [ 3  5  7  5  5  6 10  3  2  4]
 - Client 31: [5 2 3 3 6 7 6 3 7 8]
 - Client 32: [3 3 2 6 6 6 9 6 4 5]
 - Client 33: [8 7 3 7 2 3 4 7 3 6]
 - Client 34: [6 4 6 4 6 4 3 5 7 5]
 - Client 35: [3 9 6 5 7 7 3 3 4 3]
 - Client 36: [7 5 3 5 6 6 5 5 3 5]
 - Client 37: [4 4 6 1 7 4 8 6 6 4]
 - Client 38: [2 5 6 8 6 6 9 3 4 1]
 - Client 39: [5 8 5 6 5 2 5 4 5 5]
 - Client 40: [5 8 3 6 1 3 5 7 7 5]
 - Client 41: [ 8 10  4  5  2  3  4  6  5  3]
 - Client 42: [1 3 9 5 7 5 6 2 6 6]
 - Client 43: [4 6 6 4 7 5 6 1 7 4]
 - Client 44: [8 3 1 3 8 4 6 5 7 5]
 - Client 45: [5 4 4 4 4 4 9 4 3 9]
 - Client 46: [5 6 5 4 5 8 3 7 5 2]
 - Client 47: [8 3 3 5 6 9 3 3 3 7]
 - Client 48: [3 2 6 8 4 7 5 6 3 6]
 - Client 49: [5 3 5 1 9 6 2 7 5 7]
 - Client 50: [6 3 6 4 5 6 5 2 6 7]
 - Client 51: [3 6 8 3 1 5 6 5 7 6]
 - Client 52: [1 2 4 6 7 6 8 7 7 2]
 - Client 53: [ 7 10  2  3  5  4  4  8  3  4]
 - Client 54: [3 5 6 5 2 5 4 7 6 7]
 - Client 55: [ 5  5  5  2  3  8  3 10  6  3]
 - Client 56: [5 4 3 7 5 7 5 6 1 7]
 - Client 57: [5 4 9 7 6 4 5 4 4 2]
 - Client 58: [ 7  6  4  3  5  2  6  3  4 10]
 - Client 59: [5 6 4 8 6 6 3 5 2 5]
 - Client 60: [4 7 5 8 7 4 6 3 3 3]
 - Client 61: [ 3  3  7  2  5  6  7  3 10  4]
 - Client 62: [3 8 5 3 3 5 7 6 3 7]
 - Client 63: [8 6 5 7 1 6 4 8 3 2]
 - Client 64: [5 5 6 7 3 7 4 5 5 3]
 - Client 65: [5 9 3 7 4 5 5 4 3 5]
 - Client 66: [7 9 4 7 5 5 3 3 4 3]
 - Client 67: [6 1 6 4 5 7 7 4 8 2]
 - Client 68: [ 4  5  6  2  5  6 10  5  4  3]
 - Client 69: [ 2  7  4  4  4 11  3  1  7  7]
 - Client 70: [ 5  6 11  3  6  5  3  2  3  6]
 - Client 71: [3 3 5 5 5 3 3 7 7 9]
 - Client 72: [3 3 7 4 4 3 9 5 3 9]
 - Client 73: [6 4 5 5 4 6 4 5 7 4]
 - Client 74: [6 3 5 5 4 7 1 9 6 4]
 - Client 75: [8 7 3 3 5 3 7 1 4 9]
 - Client 76: [3 5 5 5 6 5 7 4 6 4]
 - Client 77: [4 4 2 7 5 7 3 6 8 4]
 - Client 78: [7 3 2 3 5 7 3 7 8 5]
 - Client 79: [ 3  4  1  4  7  6  6  5 12  2]
 - Client 80: [9 4 1 4 8 2 4 5 9 4]
 - Client 81: [8 8 2 2 4 9 4 1 5 7]
 - Client 82: [6 5 5 5 3 5 7 4 8 2]
 - Client 83: [6 3 4 5 4 5 5 8 3 7]
 - Client 84: [7 5 7 2 5 8 5 3 3 5]
 - Client 85: [ 6  5  5  9  3  3  5  3 10  1]
 - Client 86: [2 6 8 3 8 8 2 3 6 4]
 - Client 87: [4 5 4 5 8 6 6 6 4 2]
 - Client 88: [5 6 4 8 6 3 3 2 8 5]
 - Client 89: [ 6  3  3  3  5  7  4  5  4 10]
 - Client 90: [2 1 4 8 4 6 9 5 5 6]
 - Client 91: [8 4 4 7 2 4 5 1 7 8]
 - Client 92: [5 1 8 7 4 5 2 9 4 5]
 - Client 93: [8 4 3 5 6 4 5 7 4 4]
 - Client 94: [ 1  7  7 10  4  4  4  4  5  4]
 - Client 95: [5 5 4 4 5 3 6 8 5 5]
 - Client 96: [7 5 9 4 4 5 2 4 6 4]
 - Client 97: [3 6 9 2 5 6 4 4 5 6]
 - Client 98: [3 9 5 5 7 3 4 6 3 5]
 - Client 99: [6 2 5 5 6 2 6 8 6 4]
 - Client 100: [6 6 2 2 6 5 5 5 5 8]
 - Client 101: [ 4  5  2  6  9  2  4 10  5  3]
 - Client 102: [12  2  6  3  3  1  3  9  8  3]
 - Client 103: [ 6  5  3  5  4 12  1  3  3  8]
 - Client 104: [9 6 3 4 6 4 3 7 3 5]
 - Client 105: [6 5 5 5 6 4 4 4 5 6]
 - Client 106: [6 4 4 3 4 9 5 5 6 4]
 - Client 107: [6 7 4 5 7 7 6 3 3 2]
 - Client 108: [4 8 1 6 9 5 5 4 5 3]
 - Client 109: [4 6 6 4 3 6 9 1 4 7]
 - Client 110: [4 1 4 4 7 3 7 4 7 9]
 - Client 111: [4 4 7 4 6 4 4 5 4 8]
 - Client 112: [6 2 4 8 5 3 6 8 4 4]
 - Client 113: [7 3 4 4 6 5 4 4 6 7]
 - Client 114: [4 3 6 5 7 2 7 4 4 8]
 - Client 115: [7 9 4 2 6 5 4 4 5 4]
 - Client 116: [6 5 4 6 8 8 3 5 1 4]
 - Client 117: [5 5 6 7 4 5 5 5 2 6]
 - Client 118: [ 6  6  4  1 11  2  3  7  4  6]
 - Client 119: [5 6 4 6 3 4 4 4 8 6]
 - Client 120: [5 7 6 6 2 3 4 7 5 5]
 - Client 121: [ 8  2  5  2  5 10  5  2  5  6]
 - Client 122: [ 4  6  5  3  2  4  5  3  7 11]
 - Client 123: [5 8 7 3 1 7 3 3 7 6]
 - Client 124: [8 3 5 8 3 4 3 5 3 8]
 - Client 125: [1 4 4 5 6 5 7 4 7 7]
 - Client 126: [5 4 2 5 2 7 6 7 9 3]
 - Client 127: [6 4 3 4 1 8 7 2 8 7]
 - Client 128: [5 7 5 5 5 4 7 2 6 4]
 - Client 129: [5 8 5 2 5 3 6 5 5 6]
 - Client 130: [ 3  6  4  2 10  9  3  5  6  2]
 - Client 131: [7 4 7 5 6 6 3 5 4 3]
 - Client 132: [9 6 3 7 6 5 0 6 3 5]
 - Client 133: [ 7  7  4  5 10  0  4  3  6  4]
 - Client 134: [3 8 4 3 5 6 6 4 5 6]
 - Client 135: [ 2  5 14  4  4  4  4  5  5  3]
 - Client 136: [ 4  4  4  4  2  7 10  8  4  3]
 - Client 137: [4 6 2 6 7 0 3 7 9 6]
 - Client 138: [5 7 5 4 6 5 4 4 4 6]
 - Client 139: [4 7 2 4 3 6 4 7 5 8]
 - Client 140: [4 5 6 4 7 5 4 7 6 2]
 - Client 141: [ 6  3  3  5  6  4  7 11  3  2]
 - Client 142: [5 4 5 6 5 4 5 8 4 4]
 - Client 143: [7 6 0 8 8 3 5 7 2 4]
 - Client 144: [11  4  2  7  3  8  2  3  3  7]
 - Client 145: [ 2  4  6  9  7  2 11  2  2  5]
 - Client 146: [6 6 7 8 4 5 1 3 7 3]
 - Client 147: [4 5 7 2 4 9 3 6 8 2]
 - Client 148: [3 3 7 7 4 5 3 3 9 6]
 - Client 149: [7 5 3 9 4 6 8 2 2 4]
 - Client 150: [ 5  8  5  4  3  4  3 10  4  4]
 - Client 151: [3 7 4 2 3 6 5 5 7 8]
 - Client 152: [4 3 5 7 5 5 6 5 5 5]
 - Client 153: [ 8  5  5  3  4  3 11  6  1  4]
 - Client 154: [5 2 1 8 5 9 5 7 4 4]
 - Client 155: [4 5 8 8 2 3 4 5 2 9]
 - Client 156: [6 4 6 4 4 7 6 5 7 1]
 - Client 157: [ 7  3  3  2  2  6 11  4  9  3]
 - Client 158: [6 6 8 5 4 5 2 3 6 5]
 - Client 159: [7 6 4 4 4 8 6 1 7 3]
 - Client 160: [4 4 5 5 2 8 7 4 7 4]
 - Client 161: [ 5  5 11  0  7  6  2  8  5  1]
 - Client 162: [3 7 4 2 7 5 7 5 8 2]
 - Client 163: [9 3 5 3 6 8 4 4 2 6]
 - Client 164: [4 7 7 7 5 4 2 4 4 6]
 - Client 165: [7 7 4 2 6 3 6 4 4 7]
 - Client 166: [ 3  4  4  4  6  7  2  4  5 11]
 - Client 167: [ 1  7  2  9 10  2  3  5  5  6]
 - Client 168: [7 4 5 5 5 7 8 1 3 5]
 - Client 169: [5 9 4 4 5 3 6 3 8 3]
 - Client 170: [4 5 5 4 7 4 5 5 3 8]
 - Client 171: [3 5 3 9 4 4 5 8 5 4]
 - Client 172: [ 6 10  5  2  4  3  6  6  3  5]
 - Client 173: [ 3  5  5  5  2  5  4 12  6  3]
 - Client 174: [5 6 7 5 4 1 7 6 5 4]
 - Client 175: [ 2  5 10  7  2  7  5  5  3  4]
 - Client 176: [6 1 4 5 8 6 1 7 5 7]
 - Client 177: [8 7 1 4 4 5 9 4 2 6]
 - Client 178: [3 5 7 1 8 7 3 2 5 9]
 - Client 179: [5 3 6 6 9 9 2 3 2 5]
 - Client 180: [3 5 4 7 3 4 8 7 4 5]
 - Client 181: [6 5 8 5 4 5 2 6 4 5]
 - Client 182: [4 5 3 5 4 6 3 5 7 8]
 - Client 183: [6 5 6 5 3 5 8 3 3 6]
 - Client 184: [ 7  4  0  3 11  5  3  6  6  5]
 - Client 185: [ 5 11  3  6  3  7  5  3  4  3]
 - Client 186: [3 4 8 7 5 5 4 5 3 6]
 - Client 187: [4 2 7 4 4 5 9 4 4 7]
 - Client 188: [1 4 7 4 5 9 1 6 7 6]
 - Client 189: [3 4 4 5 6 4 4 6 6 8]
 - Client 190: [5 8 1 5 6 5 7 5 6 2]
 - Client 191: [4 5 8 3 6 5 5 5 6 3]
 - Client 192: [2 4 6 5 6 5 6 7 2 7]
 - Client 193: [ 3  4  5  4  3  4  3  9  5 10]
 - Client 194: [7 8 4 2 8 4 4 4 4 5]
 - Client 195: [ 7  3  7  5  3  5  3  1 11  5]
 - Client 196: [7 3 5 8 5 3 4 4 7 4]
 - Client 197: [2 5 8 6 7 3 5 5 4 5]
 - Client 198: [ 4 11  3  8  4  3  3  3  8  3]
 - Client 199: [1 5 6 4 8 3 9 4 4 6]
 - Client 200: [3 7 3 5 6 6 4 6 6 4]
 - Client 201: [5 5 6 5 7 6 6 4 3 3]
 - Client 202: [6 6 3 2 7 4 5 7 4 6]
 - Client 203: [3 7 3 5 3 9 2 8 3 7]
 - Client 204: [8 5 6 3 3 5 6 5 7 2]
 - Client 205: [7 4 9 4 3 5 8 3 2 5]
 - Client 206: [8 8 4 5 4 2 3 5 8 3]
 - Client 207: [6 7 3 3 5 6 5 4 2 9]
 - Client 208: [2 6 6 7 4 3 5 7 8 2]
 - Client 209: [6 5 5 4 6 5 2 6 5 6]
 - Client 210: [3 5 3 5 3 4 7 7 9 4]
 - Client 211: [ 6 10  1  4  5  2  5  8  5  4]
 - Client 212: [3 5 3 8 6 7 6 5 5 2]
 - Client 213: [4 5 4 3 7 5 5 2 9 6]
 - Client 214: [ 5  3 11  3  3  5  4  6  7  3]
 - Client 215: [5 6 5 4 4 4 4 6 4 8]
 - Client 216: [ 2  4  7 10  4  5  6  4  2  6]
 - Client 217: [6 8 7 5 3 5 8 1 4 3]
 - Client 218: [7 3 4 4 6 4 6 5 6 5]
 - Client 219: [4 6 3 4 2 8 5 8 4 6]
 - Client 220: [3 3 4 9 7 8 6 1 5 4]
 - Client 221: [7 2 5 3 4 6 6 6 5 6]
 - Client 222: [6 6 4 4 7 6 7 4 4 2]
 - Client 223: [3 8 3 3 5 5 7 5 5 6]
 - Client 224: [5 1 7 7 8 4 1 6 8 3]
 - Client 225: [7 5 5 5 5 2 5 4 3 9]
 - Client 226: [5 3 7 4 3 5 7 6 6 4]
 - Client 227: [ 3  1  4  7 11  4  1  4  6  9]
 - Client 228: [ 6  6  6  1  4  2 10  6  3  6]
 - Client 229: [ 1  5  5  3  5  4  4  6 10  7]
 - Client 230: [4 9 6 5 7 2 3 7 4 3]
 - Client 231: [5 4 6 7 8 1 6 2 5 6]
 - Client 232: [3 9 2 4 8 9 6 1 6 2]
 - Client 233: [3 3 3 3 5 8 8 5 6 6]
 - Client 234: [8 6 7 3 6 7 4 2 3 4]
 - Client 235: [7 4 3 6 7 6 1 4 5 7]
 - Client 236: [6 5 6 9 2 5 3 6 5 3]
 - Client 237: [2 6 3 7 6 5 6 6 4 5]
 - Client 238: [10  3  3  7  2  2  3 10  6  4]
 - Client 239: [ 4  0  3 10  8  5  4  2  8  6]
 - Client 240: [3 8 7 3 5 6 3 4 5 6]
 - Client 241: [ 4  7  1  5  4  4 10  6  7  2]
 - Client 242: [4 3 2 3 5 8 4 8 5 8]
 - Client 243: [ 7  4  5 11  6  6  2  1  5  3]
 - Client 244: [8 7 3 5 5 3 3 8 3 5]
 - Client 245: [4 7 6 6 4 3 5 9 3 3]
 - Client 246: [ 7  3  5  2  3 12  6  3  3  6]
 - Client 247: [ 2  6  8 11  6  3  6  4  1  3]
 - Client 248: [4 5 8 7 5 5 7 4 1 4]
 - Client 249: [5 1 7 8 2 6 7 6 4 4]
 - Client 250: [5 6 3 5 4 2 5 8 8 4]
 - Client 251: [4 5 7 3 3 3 5 5 8 7]
 - Client 252: [ 6  5  1  6  6  3  4  7 10  2]
 - Client 253: [4 3 4 8 4 5 4 7 6 5]
 - Client 254: [1 8 8 1 2 8 6 6 4 6]
 - Client 255: [3 4 6 7 6 6 4 4 5 5]
 - Client 256: [6 7 7 4 2 2 6 6 3 7]
 - Client 257: [4 7 4 7 5 5 4 5 4 5]
 - Client 258: [ 5 10 11  3  3  3  4  2  3  6]
 - Client 259: [5 3 9 5 7 8 3 0 6 4]
 - Client 260: [8 1 2 8 8 6 7 2 3 5]
 - Client 261: [3 2 3 4 7 8 5 8 5 5]
 - Client 262: [11  3  5  6  3  7  2  5  2  6]
 - Client 263: [4 3 6 5 4 5 5 7 4 7]
 - Client 264: [ 6 10  5  5  5  4  2  1  7  5]
 - Client 265: [5 3 9 5 5 6 4 3 6 4]
 - Client 266: [10  7  3  6  4  3  2  6  3  6]
 - Client 267: [9 1 5 3 1 4 4 8 6 9]
 - Client 268: [5 8 8 2 3 3 5 6 4 6]
 - Client 269: [4 6 7 6 8 4 3 6 2 4]
 - Client 270: [2 7 6 6 5 7 3 6 4 4]
 - Client 271: [ 3  4  5  7 12  8  2  0  5  4]
 - Client 272: [ 2  5  4  6 12  3  9  2  3  4]
 - Client 273: [3 3 6 4 5 1 6 5 8 9]
 - Client 274: [ 3  4  2  5  6  4  7 12  5  2]
 - Client 275: [4 6 7 5 7 3 7 2 2 7]
 - Client 276: [5 1 5 7 6 5 4 4 4 9]
 - Client 277: [5 4 4 7 5 4 5 3 8 5]
 - Client 278: [ 5  9  5  5 11  4  3  2  2  4]
 - Client 279: [4 3 8 6 4 4 6 3 6 6]
 - Client 280: [3 7 3 8 4 5 9 1 6 4]
 - Client 281: [7 6 3 1 3 6 5 5 9 5]
 - Client 282: [6 6 2 5 3 2 6 9 6 5]
 - Client 283: [ 3  7  3  8  3 10  2  7  3  4]
 - Client 284: [8 3 6 6 3 7 3 6 3 5]
 - Client 285: [ 8  4  6  4  2  5  5 10  3  3]
 - Client 286: [6 1 4 5 8 8 5 5 5 3]
 - Client 287: [3 4 7 6 5 5 4 5 5 6]
 - Client 288: [3 6 8 7 2 7 5 5 2 5]
 - Client 289: [6 4 3 3 3 6 9 4 7 5]
 - Client 290: [3 5 6 5 4 6 9 1 4 7]
 - Client 291: [5 7 3 3 9 7 6 4 4 2]
 - Client 292: [5 2 4 6 7 4 7 2 8 5]
 - Client 293: [2 7 4 3 7 9 6 3 5 4]
 - Client 294: [6 6 5 5 4 5 4 4 5 6]
 - Client 295: [2 7 5 6 5 5 5 4 5 6]
 - Client 296: [8 7 4 3 3 2 3 8 7 5]
 - Client 297: [ 3  7 13  1  2  4  6  6  5  3]
 - Client 298: [6 4 6 5 4 5 7 4 6 3]
 - Client 299: [5 3 7 5 1 4 9 8 1 7]
 - Client 300: [ 8  6  2 10  6  7  1  3  4  3]
 - Client 301: [3 6 3 9 7 5 3 3 7 4]
 - Client 302: [ 4  6  2  1  1 10 11  5  5  5]
 - Client 303: [2 3 2 7 9 5 7 3 8 4]
 - Client 304: [6 6 2 5 6 6 2 6 5 6]
 - Client 305: [4 3 1 5 5 6 3 7 8 8]
 - Client 306: [6 4 8 3 4 6 4 8 4 3]
 - Client 307: [2 6 7 6 1 9 3 7 4 5]
 - Client 308: [4 2 5 5 5 6 6 3 8 6]
 - Client 309: [ 6  5  4  4 10  4  2  8  6  1]
 - Client 310: [4 5 6 6 4 8 5 5 3 4]
 - Client 311: [4 5 3 6 4 7 5 4 7 5]
 - Client 312: [4 4 9 6 1 7 5 4 1 9]
 - Client 313: [4 7 2 4 7 8 4 5 4 5]
 - Client 314: [9 6 4 5 2 1 8 3 6 6]
 - Client 315: [5 2 6 5 5 7 5 4 8 3]
 - Client 316: [ 5  0  7  3  5  4 11  5  4  6]
 - Client 317: [ 3  2  1  5  6  3  8  2 10 10]
 - Client 318: [4 6 8 7 4 4 5 3 4 5]
 - Client 319: [4 8 5 5 9 8 2 1 5 3]
 - Client 320: [8 3 4 6 6 7 4 6 4 2]
 - Client 321: [11  5  5  6  6  3  1  5  1  7]
 - Client 322: [5 1 9 5 5 9 2 5 6 3]
 - Client 323: [12  1  2  4  4  4  6  6  8  3]
 - Client 324: [4 6 5 2 6 3 7 5 8 4]
 - Client 325: [ 4 10  3  3  4  5  4  3  8  6]
 - Client 326: [7 6 7 8 3 5 5 1 5 3]
 - Client 327: [4 9 7 8 4 6 5 1 4 2]
 - Client 328: [5 1 6 7 6 9 6 5 4 1]
 - Client 329: [6 7 1 4 6 9 4 3 4 6]
 - Client 330: [4 5 4 4 3 6 7 7 7 3]
 - Client 331: [5 8 2 9 4 2 6 6 2 6]
 - Client 332: [8 4 4 3 4 7 7 4 5 4]
 - Client 333: [4 3 2 4 4 6 8 8 3 8]
 - Client 334: [8 7 4 5 2 6 2 4 4 8]
 - Client 335: [7 1 3 2 5 6 5 9 6 6]
 - Client 336: [5 5 3 5 6 4 7 7 7 1]
 - Client 337: [5 5 5 3 8 4 6 6 4 4]
 - Client 338: [ 2  4  4 10  5  4  7  3  5  6]
 - Client 339: [10  5  0  6  5  4  3  5  6  6]
 - Client 340: [3 9 3 3 7 6 5 4 5 5]
 - Client 341: [5 8 1 5 6 5 6 5 2 7]
 - Client 342: [2 6 7 7 3 2 3 7 5 8]
 - Client 343: [3 2 4 3 9 8 5 6 8 2]
 - Client 344: [5 5 8 3 5 4 4 6 5 5]
 - Client 345: [ 4  4 11  8  3  2  3  7  3  5]
 - Client 346: [6 4 9 4 3 7 6 5 2 4]
 - Client 347: [ 8 10  5  8  5  0  2  2  4  6]
 - Client 348: [5 5 3 3 5 7 4 6 8 4]
 - Client 349: [10  4  5  2  3  3  7  8  4  4]
 - Client 350: [3 1 7 5 7 7 6 3 8 3]
 - Client 351: [4 4 6 5 3 6 4 6 5 7]
 - Client 352: [8 4 7 9 2 7 3 5 2 3]
 - Client 353: [8 5 5 2 5 5 5 3 6 6]
 - Client 354: [ 4  7  1  5  7  3  2 11  5  5]
 - Client 355: [5 5 6 5 1 8 6 6 5 3]
 - Client 356: [6 7 2 9 2 4 6 6 4 4]
 - Client 357: [4 7 5 6 4 1 4 7 5 7]
 - Client 358: [7 3 8 6 6 3 4 4 7 2]
 - Client 359: [ 3  4  4  8 11  3  5  5  1  6]
 - Client 360: [2 4 9 3 5 6 6 3 5 7]
 - Client 361: [8 9 4 5 7 3 3 6 2 3]
 - Client 362: [5 3 2 7 4 8 8 5 2 6]
 - Client 363: [8 6 3 6 7 2 5 5 1 7]
 - Client 364: [1 7 3 9 5 4 3 3 7 8]
 - Client 365: [3 4 7 6 9 5 2 5 4 5]
 - Client 366: [9 7 8 7 3 3 5 1 4 3]
 - Client 367: [3 5 5 9 3 6 8 3 3 5]
 - Client 368: [4 6 8 4 6 4 4 1 9 4]
 - Client 369: [5 2 4 7 7 5 6 5 4 5]
 - Client 370: [ 4  5  3  7  4  1  2  8 11  5]
 - Client 371: [ 5  2  5  5  6 11  7  4  3  2]
 - Client 372: [5 9 2 6 5 5 3 4 7 4]
 - Client 373: [8 2 5 5 7 5 8 6 2 2]
 - Client 374: [4 5 5 8 5 4 5 5 4 5]
 - Client 375: [6 4 2 4 6 3 7 8 5 5]
 - Client 376: [5 7 5 4 5 7 5 6 2 4]
 - Client 377: [4 4 5 3 6 9 6 5 3 5]
 - Client 378: [ 3  2  5  4  1  6  6 11  4  8]
 - Client 379: [5 8 7 1 5 4 7 5 5 3]
 - Client 380: [ 4  5  2  6 13  4  7  4  1  4]
 - Client 381: [7 3 8 5 3 7 6 3 2 6]
 - Client 382: [4 4 6 8 7 3 5 8 3 2]
 - Client 383: [9 6 4 5 4 2 1 5 9 5]
 - Client 384: [9 5 3 3 3 3 5 7 5 7]
 - Client 385: [3 6 6 6 4 6 6 4 5 4]
 - Client 386: [7 3 3 7 4 5 8 5 6 2]
 - Client 387: [6 3 5 3 7 2 3 9 7 5]
 - Client 388: [5 5 9 2 5 2 6 4 3 9]
 - Client 389: [4 3 4 6 1 4 7 7 9 5]
 - Client 390: [ 6  3  5  4 11  3  6  3  8  1]
 - Client 391: [ 3  2  2  5 10  3  5  4  6 10]
 - Client 392: [5 4 6 2 7 7 4 4 3 8]
 - Client 393: [ 6  3  2  4  8  3 10  4  5  5]
 - Client 394: [3 5 8 8 4 5 2 4 6 5]
 - Client 395: [6 5 5 5 7 8 2 5 4 3]
 - Client 396: [ 5  4  4  5  4  2  5 11  5  5]
 - Client 397: [2 3 6 4 6 3 2 7 8 9]
 - Client 398: [ 2 11  5  5  1  6  1 11  5  3]
 - Client 399: [ 3  9  9  1  2  6  3  4  3 10]
 - Client 400: [3 4 5 8 3 7 8 3 6 3]
 - Client 401: [5 7 4 5 4 4 6 8 4 3]
 - Client 402: [3 7 2 5 4 6 5 5 7 6]
 - Client 403: [5 7 5 2 4 3 3 9 6 6]
 - Client 404: [7 7 4 4 4 7 7 2 4 4]
 - Client 405: [7 6 6 3 4 4 2 5 6 7]
 - Client 406: [2 6 5 1 9 6 9 5 2 5]
 - Client 407: [7 5 4 5 2 7 5 5 5 5]
 - Client 408: [7 5 6 4 7 6 4 3 3 5]
 - Client 409: [8 1 9 2 6 4 6 3 5 6]
 - Client 410: [4 7 7 7 5 5 0 1 6 8]
 - Client 411: [9 5 6 3 4 5 6 6 3 3]
 - Client 412: [ 4  1  4  5  4 11  3 11  4  3]
 - Client 413: [6 7 5 6 5 3 4 7 4 3]
 - Client 414: [3 4 6 6 6 5 5 3 7 5]
 - Client 415: [ 3  3  7  6  7 10  2  4  3  5]
 - Client 416: [3 6 9 5 5 4 2 5 8 3]
 - Client 417: [4 8 8 6 1 5 4 9 3 2]
 - Client 418: [ 6  8  3  6 10  3  1  2  7  4]
 - Client 419: [4 3 8 5 7 3 7 3 5 5]
 - Client 420: [4 3 5 4 7 9 4 2 5 7]
 - Client 421: [6 6 4 3 9 6 2 7 2 5]
 - Client 422: [5 3 6 5 8 7 4 3 5 4]
 - Client 423: [10  6  5  4  2  4  8  3  4  4]
 - Client 424: [6 7 4 5 2 3 5 5 5 8]
 - Client 425: [ 4  4  2  2  8  4 10  5  4  7]
 - Client 426: [ 4  3  3  4  6 10  3 11  2  4]
 - Client 427: [4 2 9 8 3 3 4 4 7 6]
 - Client 428: [3 4 5 8 8 4 5 6 5 2]
 - Client 429: [5 3 5 7 1 7 5 6 8 3]
 - Client 430: [5 9 4 4 5 6 3 4 4 6]
 - Client 431: [7 6 3 5 4 6 3 2 8 6]
 - Client 432: [8 3 2 5 3 8 7 5 6 3]
 - Client 433: [6 6 4 6 2 5 3 8 5 5]
 - Client 434: [ 3  7 11  0  2  2  8  3  7  7]
 - Client 435: [5 3 4 8 7 7 1 6 5 4]
 - Client 436: [3 2 7 5 4 6 4 6 7 6]
 - Client 437: [3 6 6 7 1 7 6 2 7 5]
 - Client 438: [7 2 7 7 4 6 4 2 7 4]
 - Client 439: [6 6 6 3 4 6 9 3 5 2]
 - Client 440: [ 6  4  3  5  4  4  4  5  5 10]
 - Client 441: [4 9 2 8 3 3 5 6 2 8]
 - Client 442: [5 3 6 2 4 8 8 7 4 3]
 - Client 443: [4 9 4 3 5 7 3 4 8 3]
 - Client 444: [10  5  3  6  5  3  5  4  4  5]
 - Client 445: [6 6 5 2 7 6 3 2 4 9]
 - Client 446: [1 4 3 7 5 5 9 6 5 5]
 - Client 447: [10  4  3  5  4  3  5  8  5  3]
 - Client 448: [7 5 3 9 3 4 3 5 6 5]
 - Client 449: [5 4 8 4 7 1 6 7 7 1]
 - Client 450: [7 4 4 4 8 6 2 5 6 4]
 - Client 451: [8 0 4 7 7 6 5 2 4 7]
 - Client 452: [3 6 7 4 3 6 5 7 4 5]
 - Client 453: [6 2 6 6 5 9 4 6 1 5]
 - Client 454: [ 6  8  3 10  3  8  2  3  3  4]
 - Client 455: [9 6 6 4 5 5 1 8 3 3]
 - Client 456: [2 2 5 2 6 7 4 7 6 9]
 - Client 457: [ 2  4  5  6  3  8  6  2  4 10]
 - Client 458: [11  4  7  4  5  3  3  3  6  4]
 - Client 459: [5 6 4 6 6 4 6 6 2 5]
 - Client 460: [4 4 9 7 3 4 2 3 9 5]
 - Client 461: [5 5 7 5 3 8 4 4 4 5]
 - Client 462: [3 4 6 2 8 5 6 7 4 5]
 - Client 463: [ 6  2  4  2  6  6  9  3  1 11]
 - Client 464: [3 4 6 5 4 1 5 9 9 4]
 - Client 465: [ 2  5  4  7 10  5  2  6  2  7]
 - Client 466: [ 8  2  6  2  8 10  2  6  4  2]
 - Client 467: [ 1  7  1  5  7 11  6  4  4  4]
 - Client 468: [5 4 9 5 5 4 6 2 5 5]
 - Client 469: [8 3 6 2 9 3 4 7 5 3]
 - Client 470: [ 9  5  6 10  4  2  3  7  2  2]
 - Client 471: [1 3 7 5 9 4 6 3 6 6]
 - Client 472: [2 5 2 5 1 9 9 8 7 2]
 - Client 473: [9 7 2 2 4 3 3 6 5 9]
 - Client 474: [ 4  2  2  7 11  7  2  5  7  3]
 - Client 475: [4 7 5 6 4 5 9 3 4 3]
 - Client 476: [ 9  6  5  2  3 10  7  3  3  2]
 - Client 477: [ 0  6  3 10  7  5  3  7  2  7]
 - Client 478: [7 5 4 9 3 6 5 7 3 1]
 - Client 479: [5 4 6 2 6 8 9 2 4 4]
 - Client 480: [9 5 6 3 9 2 6 3 2 5]
 - Client 481: [6 4 6 4 4 3 7 5 2 9]
 - Client 482: [3 5 6 4 6 5 5 2 6 8]
 - Client 483: [ 2  4  8  5  2 10  5  5  4  5]
 - Client 484: [6 3 5 2 7 4 6 9 3 5]
 - Client 485: [5 4 7 4 5 2 9 5 2 7]
 - Client 486: [ 2 10  3  6  3  6  4  4  6  6]
 - Client 487: [6 6 3 2 5 3 6 6 6 7]
 - Client 488: [6 5 6 2 7 4 3 7 4 6]
 - Client 489: [ 7  3  5  5  6  2  4  5  2 11]
 - Client 490: [1 4 4 8 4 4 8 6 7 4]
 - Client 491: [8 8 4 4 3 1 7 2 7 6]
 - Client 492: [ 5  5 12  1  5  3  6  1  6  6]
 - Client 493: [6 5 5 3 5 7 4 2 5 8]
 - Client 494: [5 3 6 8 8 6 5 4 1 4]
 - Client 495: [ 5  6  6  7  2  2  4 10  4  4]
 - Client 496: [6 2 2 4 3 8 8 4 6 7]
 - Client 497: [7 4 5 3 6 4 8 5 5 3]
 - Client 498: [7 8 6 4 6 5 2 5 3 4]
 - Client 499: [9 6 2 3 4 6 6 4 6 4]
 - Client 500: [1 5 8 5 5 7 5 7 5 2]
 - Client 501: [3 2 5 6 5 6 7 6 5 5]
 - Client 502: [8 7 7 4 4 4 2 5 4 5]
 - Client 503: [3 6 4 6 4 3 5 7 6 6]
 - Client 504: [3 6 2 6 6 4 5 5 5 8]
 - Client 505: [5 5 5 8 6 4 6 2 2 7]
 - Client 506: [7 4 4 2 5 6 2 6 8 6]
 - Client 507: [3 6 4 3 6 5 4 7 7 5]
 - Client 508: [10  1  2  0 11  5  3  4  9  5]
 - Client 509: [ 7  4  5  3 10  4  3  2  5  7]
 - Client 510: [ 5  4  2  4  4  4  7 10  7  3]
 - Client 511: [4 4 6 6 2 7 5 7 6 3]
 - Client 512: [6 3 2 6 3 6 9 6 6 3]
 - Client 513: [6 5 5 5 5 3 5 4 8 4]
 - Client 514: [2 4 5 4 4 4 7 8 7 5]
 - Client 515: [7 5 2 5 7 6 7 4 4 3]
 - Client 516: [5 2 6 8 7 4 4 6 5 3]
 - Client 517: [6 5 4 3 6 2 6 8 6 4]
 - Client 518: [4 5 8 5 5 2 8 7 1 5]
 - Client 519: [2 8 6 4 9 5 6 3 1 6]
 - Client 520: [4 4 5 4 5 6 3 4 7 8]
 - Client 521: [7 2 5 9 3 3 4 6 7 4]
 - Client 522: [6 7 6 6 4 1 5 6 7 2]
 - Client 523: [3 5 7 4 5 5 7 4 6 4]
 - Client 524: [7 4 5 5 6 3 6 4 9 1]
 - Client 525: [2 6 2 8 6 6 5 5 5 5]
 - Client 526: [ 5  5  7  2  7  4 10  4  3  3]
 - Client 527: [1 5 4 7 7 4 7 8 2 5]
 - Client 528: [9 5 4 3 3 4 7 7 3 5]
 - Client 529: [6 2 6 4 3 4 5 7 6 7]
 - Client 530: [3 7 6 3 6 4 8 3 7 3]
 - Client 531: [6 5 4 4 5 7 3 8 4 4]
 - Client 532: [ 5 10  6  2  2  6  3  5  4  7]
 - Client 533: [4 5 1 8 6 6 3 5 4 8]
 - Client 534: [5 5 3 4 5 6 6 4 6 6]
 - Client 535: [6 8 5 7 5 5 5 1 2 6]
 - Client 536: [10  3  2  4  6  8  3  6  3  5]
 - Client 537: [3 9 7 3 4 3 4 8 5 4]
 - Client 538: [ 2  3  4 10  4  9  7  6  3  2]
 - Client 539: [8 8 2 1 6 7 2 5 6 5]
 - Client 540: [ 6  6  5  4  4 10  2  4  2  7]
 - Client 541: [4 7 1 2 7 3 6 7 7 6]
 - Client 542: [3 3 7 5 8 4 3 8 8 1]
 - Client 543: [6 7 4 5 5 5 2 6 3 7]
 - Client 544: [1 8 5 8 3 5 3 6 7 4]
 - Client 545: [8 7 5 9 5 1 4 5 4 2]
 - Client 546: [8 4 5 5 6 3 5 8 3 3]
 - Client 547: [5 5 6 6 6 1 2 5 6 8]
 - Client 548: [8 8 3 7 5 1 8 4 4 2]
 - Client 549: [ 3  6  5  3  4  7  7 10  3  2]
 - Client 550: [3 5 5 4 7 6 5 8 2 5]
 - Client 551: [3 3 3 3 8 3 7 9 6 5]
 - Client 552: [9 7 8 4 2 5 2 6 4 3]
 - Client 553: [ 3  5  2  3  5  5  3  6  8 10]
 - Client 554: [4 3 5 6 7 7 6 2 3 7]
 - Client 555: [5 9 7 3 3 8 3 5 4 3]
 - Client 556: [4 6 8 1 7 3 6 4 4 7]
 - Client 557: [5 6 1 5 6 6 8 4 7 2]
 - Client 558: [7 7 8 4 1 6 7 4 0 6]
 - Client 559: [3 3 6 4 6 1 9 8 5 5]
 - Client 560: [6 7 3 5 7 5 3 6 4 4]
 - Client 561: [2 6 6 5 8 7 4 5 5 2]
 - Client 562: [8 3 4 9 6 4 2 4 3 7]
 - Client 563: [4 3 3 7 6 4 5 6 5 7]
 - Client 564: [4 7 3 1 4 7 4 8 7 5]
 - Client 565: [4 7 9 5 4 4 3 4 9 1]
 - Client 566: [4 4 4 3 8 7 6 6 3 5]
 - Client 567: [6 5 7 5 9 1 4 0 5 8]
 - Client 568: [ 3 11  4  4  5  6  4  6  3  4]
 - Client 569: [6 2 4 4 7 3 4 6 9 5]
 - Client 570: [6 4 4 4 7 5 2 5 6 7]
 - Client 571: [7 9 6 1 0 6 6 6 4 5]
 - Client 572: [5 3 4 5 3 4 6 5 8 7]
 - Client 573: [5 1 7 6 4 9 4 3 7 4]
 - Client 574: [3 4 7 3 8 6 7 5 5 2]
 - Client 575: [3 4 5 7 3 1 4 9 6 8]
 - Client 576: [6 5 4 8 4 6 5 5 5 2]
 - Client 577: [10  7  5  4  6  2  4  4  4  4]
 - Client 578: [2 9 7 6 6 4 6 5 5 0]
 - Client 579: [6 4 6 5 8 3 4 3 5 6]
 - Client 580: [10  1  4  4  3  4  7  4  3 10]
 - Client 581: [ 4 10  2  4  4  4  7  9  1  5]
 - Client 582: [4 6 5 5 5 6 6 4 5 4]
 - Client 583: [ 5  4  4  2  8  4  3 11  3  6]
 - Client 584: [6 4 5 4 2 5 7 4 7 6]
 - Client 585: [5 5 5 6 3 6 5 8 6 1]
 - Client 586: [ 6  3  6  3  4 11  6  2  5  4]
 - Client 587: [ 4  8  4  9  4  4  1  3  3 10]
 - Client 588: [5 4 4 9 8 7 7 2 1 3]
 - Client 589: [5 5 6 5 4 3 9 4 5 4]
 - Client 590: [5 5 4 4 6 7 4 6 4 5]
 - Client 591: [4 5 7 5 5 3 8 4 8 1]
 - Client 592: [3 3 3 8 6 7 5 4 4 7]
 - Client 593: [9 2 5 1 5 6 5 9 5 3]
 - Client 594: [3 3 7 8 5 3 5 7 3 6]
 - Client 595: [7 2 8 4 4 4 4 7 6 4]
 - Client 596: [9 5 2 6 4 4 6 8 2 4]
 - Client 597: [2 6 6 6 4 3 3 6 7 7]
 - Client 598: [ 6  5  6  3  3  7 12  0  5  3]
 - Client 599: [7 4 5 7 4 5 3 4 2 9]
 - Client 600: [5 4 2 8 6 4 6 5 5 5]
 - Client 601: [5 5 5 5 9 2 4 9 3 3]
 - Client 602: [8 5 4 3 7 3 2 7 6 5]
 - Client 603: [2 7 6 6 6 5 4 4 5 5]
 - Client 604: [6 3 7 4 6 5 3 5 4 7]
 - Client 605: [ 5  5  3  2  4  6 11  5  4  5]
 - Client 606: [3 4 7 4 7 7 5 5 3 5]
 - Client 607: [ 9  2  2  4  5  3  6 11  5  3]
 - Client 608: [3 9 2 8 3 3 6 5 4 7]
 - Client 609: [5 3 2 5 8 9 3 7 3 5]
 - Client 610: [8 3 8 4 7 4 1 6 2 7]
 - Client 611: [5 9 3 7 6 5 4 6 4 1]
 - Client 612: [3 3 9 3 4 3 5 9 6 5]
 - Client 613: [ 5  1  5  5  6 10  0  3  8  7]
 - Client 614: [5 9 5 4 5 2 7 2 6 5]
 - Client 615: [7 7 4 4 4 5 5 5 4 5]
 - Client 616: [ 2  6  4  6 12  4  1  6  4  5]
 - Client 617: [ 1  5  1  8  7  6  1 10  7  4]
 - Client 618: [ 5  3  6  8  1  3 10  4  5  5]
 - Client 619: [3 5 6 6 5 2 6 7 5 5]
 - Client 620: [ 8  4  5  0  2  6  2  4 10  9]
 - Client 621: [ 6  4 11  2  4  2  3  5  8  5]
 - Client 622: [7 4 3 8 5 4 4 4 5 6]
 - Client 623: [3 6 8 9 2 2 6 5 4 5]
 - Client 624: [ 4  9  4  3  1  4  3 12  5  5]
 - Client 625: [4 7 3 3 5 5 8 6 7 2]
 - Client 626: [6 3 7 7 6 1 5 3 8 4]
 - Client 627: [6 2 2 7 9 5 8 5 2 4]
 - Client 628: [3 2 3 4 4 6 6 6 7 9]
 - Client 629: [ 7 10  4  5  5  4  4  4  4  3]
 - Client 630: [4 6 7 3 6 1 8 4 6 5]
 - Client 631: [ 3  5  3 10  4 10  5  3  4  3]
 - Client 632: [6 2 6 4 5 7 3 5 6 6]
 - Client 633: [8 5 5 7 4 3 5 4 7 2]
 - Client 634: [4 1 6 7 6 3 3 8 9 3]
 - Client 635: [0 6 7 6 6 5 6 6 5 3]
 - Client 636: [6 5 6 3 4 6 6 8 6 0]
 - Client 637: [2 6 9 6 4 7 3 2 4 7]
 - Client 638: [2 5 9 5 6 6 2 4 7 4]
 - Client 639: [5 5 4 8 3 3 6 7 2 7]
 - Client 640: [3 8 1 4 5 5 5 7 7 5]
 - Client 641: [7 4 6 4 3 5 4 5 9 3]
 - Client 642: [3 8 4 5 4 9 3 5 6 3]
 - Client 643: [6 6 4 7 3 2 9 3 4 6]
 - Client 644: [ 3  5  9  7  4  0  4  3 11  4]
 - Client 645: [6 4 2 4 5 6 9 8 4 2]
 - Client 646: [5 4 3 5 3 5 7 7 6 5]
 - Client 647: [3 4 9 3 6 6 7 2 3 7]
 - Client 648: [1 5 4 4 9 6 4 6 6 5]
 - Client 649: [4 7 6 2 2 3 8 2 8 8]
 - Client 650: [3 2 6 6 5 4 6 9 5 4]
 - Client 651: [ 1  5  3  2  6  5  6  3 10  9]
 - Client 652: [4 8 4 3 4 4 5 7 6 5]
 - Client 653: [ 8  1  8 10  2  4  5  5  3  4]
 - Client 654: [ 4 10  6  4  4  3  5  3  6  5]
 - Client 655: [ 5 10  3  4  7  3  5  7  2  4]
 - Client 656: [4 3 6 2 4 6 8 7 6 4]
 - Client 657: [3 5 2 5 8 7 2 5 7 6]
 - Client 658: [5 2 7 9 8 4 3 5 3 4]
 - Client 659: [4 8 3 7 5 3 5 5 5 5]
 - Client 660: [6 3 4 8 6 9 6 3 3 2]
 - Client 661: [ 3  6  2  3  5  7 13  3  4  4]
 - Client 662: [ 3  7  3  4  5  3  5  6  4 10]
 - Client 663: [12  4  4  7  4  4  1  6  7  1]
 - Client 664: [7 4 1 5 5 6 3 5 6 8]
 - Client 665: [8 9 5 3 2 5 5 5 4 4]
 - Client 666: [7 7 4 2 6 7 2 5 6 4]
 - Client 667: [10  5  3  5  3  5  2  3  2 12]
 - Client 668: [5 9 3 3 0 7 6 7 6 4]
 - Client 669: [2 4 5 3 5 8 9 4 3 7]
 - Client 670: [7 2 8 4 6 5 7 3 3 5]
 - Client 671: [4 4 4 3 7 5 4 6 9 4]
 - Client 672: [2 5 7 8 6 7 3 3 6 3]
 - Client 673: [2 8 3 3 6 7 6 5 4 6]
 - Client 674: [ 1  6 11  2  3  6  4  3  7  7]
 - Client 675: [2 4 2 4 4 8 3 9 5 9]
 - Client 676: [5 5 8 3 5 5 3 3 7 6]
 - Client 677: [7 6 6 7 4 5 6 4 3 2]
 - Client 678: [6 8 4 2 2 4 5 6 6 7]
 - Client 679: [8 9 1 5 4 7 0 5 5 6]
 - Client 680: [ 3  4  6  4  3 11  3  6  6  4]
 - Client 681: [4 8 6 6 6 5 4 4 5 2]
 - Client 682: [7 3 4 4 8 7 5 4 5 3]
 - Client 683: [ 2  4  4  7  6  6  2  4 10  5]
 - Client 684: [ 3 10  1  4  5  6  4  2  7  8]
 - Client 685: [2 6 7 3 6 5 4 6 6 5]
 - Client 686: [ 8  3  5  1 11  7  1  3  5  6]
 - Client 687: [0 6 6 5 4 8 9 2 3 7]
 - Client 688: [1 6 5 7 7 4 4 5 4 7]
 - Client 689: [8 6 3 7 4 5 3 7 4 3]
 - Client 690: [6 3 6 7 6 4 6 3 3 6]
 - Client 691: [6 6 5 7 3 5 7 6 4 1]
 - Client 692: [5 3 5 7 1 3 6 8 4 8]
 - Client 693: [4 3 8 3 6 6 5 8 2 5]
 - Client 694: [6 9 6 4 6 6 2 4 5 2]
 - Client 695: [5 3 7 4 6 4 8 4 3 6]
 - Client 696: [ 4  5  3 13  5  3  2  5  4  6]
 - Client 697: [7 6 5 4 4 7 2 4 8 3]
 - Client 698: [ 1  6  2  2  7  7  6  4 10  5]
 - Client 699: [ 5  7  6  5 11  4  0  3  3  6]
 - Client 700: [9 3 5 7 5 4 2 4 6 5]
 - Client 701: [12  4  5  6  4  4  4  5  4  2]
 - Client 702: [5 9 4 4 6 4 5 6 2 5]
 - Client 703: [8 4 4 6 5 6 1 4 6 6]
 - Client 704: [5 3 4 6 4 5 4 5 6 8]
 - Client 705: [10  4 11  8  4  4  3  1  2  3]
 - Client 706: [6 6 7 2 7 3 5 8 3 3]
 - Client 707: [4 7 7 7 3 4 3 5 5 5]
 - Client 708: [ 6  8  0 11  5 10  2  2  1  5]
 - Client 709: [5 6 6 4 7 4 2 6 4 6]
 - Client 710: [5 5 7 4 6 3 9 4 5 2]
 - Client 711: [ 9  3 11  3  5  6  5  2  2  4]
 - Client 712: [6 3 6 5 5 7 3 6 4 5]
 - Client 713: [4 8 6 5 4 7 4 4 4 4]
 - Client 714: [0 6 7 5 2 9 9 3 4 5]
 - Client 715: [2 6 7 8 6 7 3 2 7 2]
 - Client 716: [ 4  0  7  2  4  3  3  6 13  8]
 - Client 717: [4 6 5 7 6 6 6 7 2 1]
 - Client 718: [7 2 4 5 3 4 7 6 6 6]
 - Client 719: [5 7 4 4 7 6 3 3 3 8]
 - Client 720: [ 2  5  2  5  3  5 10  4  7  7]
 - Client 721: [2 4 4 9 2 5 4 3 8 9]
 - Client 722: [3 9 1 7 5 5 6 4 7 3]
 - Client 723: [4 1 7 7 7 5 3 8 3 5]
 - Client 724: [ 8  4  3  6  4  3  7  4 10  1]
 - Client 725: [6 3 2 4 8 8 2 7 3 7]
 - Client 726: [5 6 6 6 4 6 2 1 9 5]
 - Client 727: [ 4  3  5  6  2  3 10  4  6  7]
 - Client 728: [8 4 8 3 9 2 3 5 2 6]
 - Client 729: [ 7  2 11  6  1  2  4  3  8  6]
 - Client 730: [5 7 4 6 4 5 3 3 4 9]
 - Client 731: [ 4  4  1 12  6  8  4  4  2  5]
 - Client 732: [5 6 7 7 4 2 2 7 4 6]
 - Client 733: [4 8 2 4 6 8 6 2 6 4]
 - Client 734: [9 5 2 4 6 3 5 6 6 4]
 - Client 735: [ 2  8  2  4  6  5  6  4  3 10]
 - Client 736: [9 4 4 4 7 3 3 8 4 4]
 - Client 737: [6 4 5 5 7 3 3 3 8 6]
 - Client 738: [6 5 2 2 5 3 7 8 6 6]
 - Client 739: [6 7 7 4 3 5 6 5 4 3]
 - Client 740: [ 6  2 10  3  6  5  5  6  1  6]
 - Client 741: [ 4 12  4  5  4  4  6  7  2  2]
 - Client 742: [3 3 8 7 9 1 4 3 4 8]
 - Client 743: [5 8 5 8 5 2 4 2 6 5]
 - Client 744: [4 8 9 4 2 2 7 4 7 3]
 - Client 745: [4 6 6 4 2 4 3 5 7 9]
 - Client 746: [5 5 3 8 6 2 5 5 4 7]
 - Client 747: [7 6 4 3 5 6 6 6 2 5]
 - Client 748: [5 6 7 5 8 4 5 4 2 4]
 - Client 749: [4 8 4 3 3 8 2 4 6 8]
 - Client 750: [4 6 8 0 7 3 5 2 6 9]
 - Client 751: [8 2 6 4 5 8 2 4 5 6]
 - Client 752: [8 6 4 4 4 1 6 6 7 4]
 - Client 753: [5 3 4 8 7 2 7 2 5 7]
 - Client 754: [7 7 7 8 5 5 1 2 4 4]
 - Client 755: [7 8 9 3 5 2 2 2 4 8]
 - Client 756: [3 5 7 7 2 6 3 3 7 7]
 - Client 757: [ 5  7  3 10  2  3  6  4  5  5]
 - Client 758: [8 4 5 3 5 3 3 4 7 8]
 - Client 759: [3 7 7 3 7 2 5 9 4 3]
 - Client 760: [5 4 6 6 6 4 6 3 8 2]
 - Client 761: [4 8 7 5 3 7 3 5 4 4]
 - Client 762: [5 3 5 3 6 4 5 4 6 9]
 - Client 763: [ 5  3  2  3  6  7  2  6  3 13]
 - Client 764: [2 8 6 5 6 4 2 5 4 8]
 - Client 765: [ 6 10  4  8  5  5  4  1  5  2]
 - Client 766: [6 4 7 4 7 5 2 6 5 4]
 - Client 767: [9 5 4 5 4 5 4 5 3 6]
 - Client 768: [7 2 2 4 4 7 4 8 6 6]
 - Client 769: [6 4 6 3 4 4 8 7 4 4]
 - Client 770: [4 7 7 2 9 5 2 5 6 3]
 - Client 771: [6 2 4 3 3 5 5 8 9 5]
 - Client 772: [7 6 8 5 8 4 4 5 1 2]
 - Client 773: [10  7  1  1  3  4  6  7  5  6]
 - Client 774: [ 6  1  4  5  7  3 10  5  6  3]
 - Client 775: [7 3 6 6 5 4 3 6 3 7]
 - Client 776: [ 4  4  6  5  3  2  6  4  3 13]
 - Client 777: [7 3 7 4 7 3 4 3 8 4]
 - Client 778: [3 5 5 5 9 4 4 3 6 6]
 - Client 779: [9 2 4 7 4 5 5 8 3 3]
 - Client 780: [ 2  5  4  7  2  5 10  8  4  3]
 - Client 781: [ 4  2 10  4  8  3  6  2  7  4]
 - Client 782: [ 3  9  5 10  3  4  8  3  3  2]
 - Client 783: [7 1 6 7 5 3 8 2 6 5]
 - Client 784: [4 1 7 5 5 2 6 7 5 8]
 - Client 785: [7 5 2 4 4 5 5 9 4 5]
 - Client 786: [2 5 3 4 5 3 7 7 7 7]
 - Client 787: [3 1 7 3 3 5 7 9 4 8]
 - Client 788: [1 7 7 5 4 5 7 5 5 4]
 - Client 789: [ 6  3  5  5  5  3 10  7  5  1]
 - Client 790: [4 7 5 3 3 7 7 4 4 6]
 - Client 791: [6 4 7 2 2 8 2 7 8 4]
 - Client 792: [6 5 4 5 4 6 5 7 4 4]
 - Client 793: [1 4 5 8 8 4 7 1 7 5]
 - Client 794: [3 6 6 5 7 5 5 4 6 3]
 - Client 795: [5 7 4 4 3 7 3 5 6 6]
 - Client 796: [ 5  4  3  4  6 10  5  6  2  5]
 - Client 797: [3 9 7 3 1 5 6 9 4 3]
 - Client 798: [5 7 5 6 9 5 2 5 3 3]
 - Client 799: [7 6 2 3 2 6 3 9 9 3]
 - Client 800: [9 7 7 3 3 2 3 8 4 4]
 - Client 801: [7 7 7 3 7 4 4 7 3 1]
 - Client 802: [3 4 5 5 4 9 7 5 4 4]
 - Client 803: [3 7 9 3 4 6 6 5 2 5]
 - Client 804: [7 4 6 7 6 7 2 3 4 4]
 - Client 805: [7 4 2 5 3 4 6 6 6 7]
 - Client 806: [4 5 8 2 5 7 3 5 8 3]
 - Client 807: [8 5 3 4 4 3 3 4 8 8]
 - Client 808: [5 4 1 7 4 5 9 4 6 5]
 - Client 809: [3 5 5 8 5 7 3 6 5 3]
 - Client 810: [ 4  4  4  5  5  1 10  5  7  5]
 - Client 811: [ 8  5  2  7  0 11  7  1  5  4]
 - Client 812: [6 5 6 4 5 3 5 3 6 7]
 - Client 813: [4 2 3 7 4 8 5 8 6 3]
 - Client 814: [8 2 4 9 5 6 7 5 2 2]
 - Client 815: [5 5 2 5 4 8 7 7 2 5]
 - Client 816: [ 5  4  5 10  5  7  5  4  0  5]
 - Client 817: [5 6 4 7 3 7 5 4 2 7]
 - Client 818: [5 6 5 4 3 4 9 4 7 3]
 - Client 819: [ 6  4 11  8  5  3  4  1  4  4]
 - Client 820: [1 7 5 3 4 9 2 9 6 4]
 - Client 821: [3 8 4 6 4 4 6 5 3 7]
 - Client 822: [ 2  8  4  8 10  2  4  2  6  4]
 - Client 823: [6 5 4 5 2 6 6 7 5 4]
 - Client 824: [9 6 5 1 1 7 7 3 4 7]
 - Client 825: [5 4 3 9 7 6 2 2 7 5]
 - Client 826: [4 1 9 4 6 6 4 6 5 5]
 - Client 827: [2 5 6 4 4 7 7 7 5 3]
 - Client 828: [5 2 7 3 4 6 7 6 6 4]
 - Client 829: [5 8 2 3 1 7 8 2 7 7]
 - Client 830: [ 4  4 10  5  5  7  3  6  4  2]
 - Client 831: [9 3 5 7 2 3 6 4 3 8]
 - Client 832: [6 4 5 4 6 3 8 2 8 4]
 - Client 833: [4 2 8 5 4 5 7 6 4 5]
 - Client 834: [4 4 3 4 6 6 7 4 6 6]
 - Client 835: [5 6 2 7 2 7 2 8 4 7]
 - Client 836: [7 3 4 6 6 8 6 3 4 3]
 - Client 837: [3 7 8 6 2 7 7 4 2 4]
 - Client 838: [ 6  2  9  4  5  5  1  1  5 12]
 - Client 839: [7 5 7 7 4 5 5 4 5 1]
 - Client 840: [6 4 2 6 2 6 5 6 5 8]
 - Client 841: [0 7 6 7 2 2 5 9 5 7]
 - Client 842: [2 4 2 7 4 8 3 8 7 5]
 - Client 843: [8 5 3 7 9 2 5 4 4 3]
 - Client 844: [3 7 5 6 4 5 7 3 6 4]
 - Client 845: [4 9 6 3 4 3 6 5 8 2]
 - Client 846: [5 7 4 2 5 5 6 4 6 6]
 - Client 847: [6 4 7 4 4 3 5 7 3 7]
 - Client 848: [7 5 8 4 7 2 3 4 3 7]
 - Client 849: [5 3 2 5 5 5 7 4 8 6]
 - Client 850: [1 6 7 7 2 5 5 5 9 3]
 - Client 851: [3 7 4 4 2 4 6 8 7 5]
 - Client 852: [4 5 9 2 4 7 5 5 4 5]
 - Client 853: [4 6 5 5 5 6 7 1 5 6]
 - Client 854: [6 7 2 9 5 5 4 0 5 7]
 - Client 855: [ 2  4  0  5  6  7  7  3 12  4]
 - Client 856: [3 9 3 6 7 4 4 5 3 6]
 - Client 857: [6 7 5 5 9 1 3 5 5 4]
 - Client 858: [4 2 8 7 4 5 7 4 7 2]
 - Client 859: [3 6 5 7 6 2 5 5 6 5]
 - Client 860: [6 4 5 6 3 3 5 9 6 3]
 - Client 861: [5 4 7 8 1 4 7 7 4 3]
 - Client 862: [ 2  3  5  0 13  2  7  4  6  8]
 - Client 863: [5 4 4 3 6 5 7 2 9 5]
 - Client 864: [4 6 3 5 4 6 9 6 3 4]
 - Client 865: [8 8 2 3 6 5 8 1 7 2]
 - Client 866: [4 6 6 3 5 6 7 6 5 2]
 - Client 867: [ 0  4  4 13  6  6  4  3  9  1]
 - Client 868: [6 6 3 8 5 3 7 4 3 5]
 - Client 869: [5 5 7 2 4 3 4 8 6 6]
 - Client 870: [ 4  6  5 12  6  6  2  1  3  5]
 - Client 871: [ 7  3  2  5  4  4  7 11  3  4]
 - Client 872: [5 2 7 6 4 7 4 5 4 6]
 - Client 873: [ 3  8  8  5  3  3  1 11  3  5]
 - Client 874: [6 6 6 5 6 1 5 4 5 6]
 - Client 875: [5 4 7 6 6 6 4 7 4 1]
 - Client 876: [1 5 7 8 5 6 4 5 5 4]
 - Client 877: [5 3 5 7 6 6 3 2 7 6]
 - Client 878: [3 7 6 6 3 8 5 5 2 5]
 - Client 879: [7 6 5 7 3 6 3 5 4 4]
 - Client 880: [2 3 8 7 6 5 3 5 8 3]
 - Client 881: [6 4 2 4 5 3 7 6 7 6]
 - Client 882: [5 3 3 7 5 4 8 9 4 2]
 - Client 883: [ 3  4  5  6  4 10  5  3  6  4]
 - Client 884: [6 0 8 5 6 5 7 2 6 5]
 - Client 885: [7 2 5 4 8 6 3 7 6 2]
 - Client 886: [2 4 4 6 7 8 5 4 3 7]
 - Client 887: [6 5 5 2 4 4 6 6 6 6]
 - Client 888: [6 4 5 2 5 8 3 4 8 5]
 - Client 889: [7 4 7 4 2 5 6 8 4 3]
 - Client 890: [6 8 8 3 4 4 2 2 6 7]
 - Client 891: [3 7 7 9 4 3 7 5 3 2]
 - Client 892: [7 6 4 4 5 5 8 4 3 4]
 - Client 893: [6 6 6 3 7 8 2 2 4 6]
 - Client 894: [5 9 7 3 2 2 3 6 9 4]
 - Client 895: [1 4 7 5 3 6 9 5 7 3]
 - Client 896: [3 7 6 8 8 1 1 3 9 4]
 - Client 897: [ 1  5  7  4  7  4 13  3  3  3]
 - Client 898: [6 5 9 5 2 7 5 2 5 4]
 - Client 899: [ 3  6  3  3  2 11  6  7  6  3]
 - Client 900: [ 3  3  9  4  6  4  5  2  4 10]
 - Client 901: [5 2 7 2 2 7 5 8 7 5]
 - Client 902: [ 7  3  6  1  5  3 10  5  4  6]
 - Client 903: [ 5  2  2 11  4  2 12  3  3  6]
 - Client 904: [6 3 2 1 6 9 6 6 7 4]
 - Client 905: [8 7 5 9 6 3 2 4 3 3]
 - Client 906: [2 6 4 5 5 5 6 5 5 7]
 - Client 907: [ 4  5  3  5 11  4  3  4  4  7]
 - Client 908: [8 4 7 6 5 1 6 6 2 5]
 - Client 909: [7 3 3 3 7 5 6 4 5 7]
 - Client 910: [2 4 6 6 2 5 4 7 6 8]
 - Client 911: [5 5 3 4 8 6 5 5 2 7]
 - Client 912: [2 7 8 3 7 5 6 4 3 5]
 - Client 913: [5 4 2 3 7 0 8 8 9 4]
 - Client 914: [7 2 4 6 6 5 3 8 4 5]
 - Client 915: [2 8 3 8 4 7 3 5 5 5]
 - Client 916: [8 6 5 6 4 5 4 4 4 4]
 - Client 917: [9 7 2 5 5 7 4 3 4 4]
 - Client 918: [ 3 10  7  5  8  5  0  4  4  4]
 - Client 919: [7 2 3 8 4 7 8 3 7 1]
 - Client 920: [10  6  5  6  4  4  2  2  6  5]
 - Client 921: [0 7 5 6 4 3 9 4 5 7]
 - Client 922: [8 5 5 5 5 6 1 3 7 5]
 - Client 923: [3 5 2 3 6 6 7 3 8 7]
 - Client 924: [7 9 3 2 5 5 6 4 5 4]
 - Client 925: [7 7 7 5 4 5 6 5 2 2]
 - Client 926: [7 6 4 4 7 6 3 7 2 4]
 - Client 927: [2 2 5 7 5 3 9 7 5 5]
 - Client 928: [ 5  3 11  4  5  4  8  3  4  3]
 - Client 929: [ 3  6 12  4  5  4  7  6  1  2]
 - Client 930: [4 4 8 8 2 6 6 5 5 2]
 - Client 931: [3 4 8 7 4 3 5 6 6 4]
 - Client 932: [ 2  3  4 10  3 12  3  5  4  4]
 - Client 933: [9 2 2 8 5 9 1 3 4 7]
 - Client 934: [3 7 7 5 4 8 2 5 3 6]
 - Client 935: [4 6 6 4 4 4 8 7 1 6]
 - Client 936: [ 3  4  5  3 13  4  6  5  1  6]
 - Client 937: [8 5 3 4 3 8 7 4 5 3]
 - Client 938: [ 3  6  8  3  5  1  4 10  5  5]
 - Client 939: [5 4 2 7 6 6 7 6 6 1]
 - Client 940: [3 8 8 1 5 1 7 7 6 4]
 - Client 941: [6 5 6 4 6 3 4 5 5 6]
 - Client 942: [4 3 7 4 7 3 4 2 7 9]
 - Client 943: [7 2 4 4 4 7 5 6 6 5]
 - Client 944: [5 4 5 6 6 6 4 3 5 6]
 - Client 945: [6 5 7 2 3 6 8 2 5 6]
 - Client 946: [ 3  7 10  7  5  1  4  6  4  3]
 - Client 947: [ 2  8  3  2  7  3 10  4  6  5]
 - Client 948: [3 6 7 7 4 7 6 3 3 4]
 - Client 949: [9 6 2 5 1 7 7 3 4 6]
 - Client 950: [5 3 5 4 5 6 7 3 5 7]
 - Client 951: [7 4 4 4 6 6 6 4 6 3]
 - Client 952: [3 4 6 9 4 6 5 5 4 4]
 - Client 953: [6 6 5 4 6 4 5 4 6 4]
 - Client 954: [3 3 6 4 6 3 9 3 6 7]
 - Client 955: [11  3  1  7  6  5  5  4  6  2]
 - Client 956: [ 2  8  5  3  3  5  3  5  5 11]
 - Client 957: [2 6 3 9 2 6 7 6 1 8]
 - Client 958: [4 8 6 7 5 4 5 3 2 6]
 - Client 959: [8 5 8 4 6 4 5 3 3 4]
 - Client 960: [ 5  4 10  2  5  5  2  5  7  5]
 - Client 961: [3 8 3 7 6 5 6 4 3 5]
 - Client 962: [3 6 7 6 2 5 4 7 3 7]
 - Client 963: [5 2 6 9 4 8 8 4 2 2]
 - Client 964: [5 7 6 5 3 6 4 4 5 5]
 - Client 965: [5 6 3 3 2 5 4 9 5 8]
 - Client 966: [8 6 3 4 5 5 5 4 5 5]
 - Client 967: [5 4 8 5 4 7 5 2 4 6]
 - Client 968: [5 6 0 3 7 7 4 9 4 5]
 - Client 969: [ 5  2  5  4  5  3  5  5  3 13]
 - Client 970: [9 5 3 5 4 4 6 7 3 4]
 - Client 971: [7 5 2 8 5 2 4 5 7 5]
 - Client 972: [5 5 8 3 1 5 4 6 7 6]
 - Client 973: [3 2 4 5 6 5 8 5 7 5]
 - Client 974: [7 7 0 7 9 1 4 4 6 5]
 - Client 975: [ 2  4  5  5  6 10  5  4  5  4]
 - Client 976: [8 5 9 3 2 6 5 2 7 3]
 - Client 977: [4 4 8 2 2 4 6 9 7 4]
 - Client 978: [8 4 5 4 6 4 3 1 9 6]
 - Client 979: [4 7 2 1 5 7 3 9 5 7]
 - Client 980: [ 7  4  8  1  3  5  3 11  5  3]
 - Client 981: [4 6 1 5 5 6 9 8 4 2]
 - Client 982: [3 4 3 6 3 5 8 7 8 3]
 - Client 983: [6 4 9 1 3 2 7 6 4 8]
 - Client 984: [ 2  2  4 10  4  3  9  3  5  8]
 - Client 985: [5 4 5 4 4 4 2 7 7 8]
 - Client 986: [2 5 5 6 5 9 5 5 4 4]
 - Client 987: [9 2 5 4 5 2 5 7 3 8]
 - Client 988: [6 2 2 8 3 6 7 7 4 5]
 - Client 989: [4 6 6 4 4 7 5 0 8 6]
 - Client 990: [4 4 6 4 4 6 4 3 7 8]
 - Client 991: [4 6 3 9 3 5 4 6 5 5]
 - Client 992: [2 2 5 9 8 5 5 4 6 4]
 - Client 993: [6 6 5 2 4 6 6 6 2 7]
 - Client 994: [3 1 7 4 4 5 7 8 6 5]
 - Client 995: [5 3 6 6 5 3 7 4 6 5]
 - Client 996: [3 6 6 7 4 5 3 5 6 5]
 - Client 997: [ 8  2  7  6 11  3  3  5  4  1]
 - Client 998: [ 3  4  3  7  7  3  3  4  5 11]
 - Client 999: [4 6 6 3 9 1 7 5 2 7]

Model:
 - conv1.weight                   [6, 3, 5, 5]
 - conv1.bias                     [6]
 - conv2.weight                   [16, 6, 5, 5]
 - conv2.bias                     [16]
 - fc1.weight                     [120, 400]
 - fc1.bias                       [120]
 - fc2.weight                     [84, 120]
 - fc2.bias                       [84]
 - fc3.weight                     [10, 84]
 - fc3.bias                       [10]
Total number of Parameters:  62006

Start Distributed Training..

Experiment: main (1/2)
{'communication_round': 1, 'lr': 0.002, 'epochs': 1}
{'client_train_loss': 2.296631097793579}
{'server_val_accuracy': 0.0905}
Saved results to  /mnt/output/manyclients/xp_13751.npz
Remaining Time (approx.): 07:16:20 [0.01%]

Experiment: main (1/2)
{'communication_round': 100, 'lr': 0.002, 'epochs': 100}
{'client_train_loss': 2.3067004680633545}
{'server_val_accuracy': 0.0928}
Saved results to  /mnt/output/manyclients/xp_13751.npz
Remaining Time (approx.): 00:30:18 [1.00%]

Experiment: main (1/2)
{'communication_round': 200, 'lr': 0.002, 'epochs': 200}
{'client_train_loss': 2.313749313354492}
{'server_val_accuracy': 0.0979}
Saved results to  /mnt/output/manyclients/xp_13751.npz
Remaining Time (approx.): 00:27:47 [2.00%]

Experiment: main (1/2)
{'communication_round': 300, 'lr': 0.002, 'epochs': 300}
{'client_train_loss': 2.3065779209136963}
{'server_val_accuracy': 0.1106}
Saved results to  /mnt/output/manyclients/xp_13751.npz
Remaining Time (approx.): 00:26:45 [3.00%]

Experiment: main (1/2)
{'communication_round': 400, 'lr': 0.002, 'epochs': 400}
{'client_train_loss': 2.2895355224609375}
{'server_val_accuracy': 0.1231}
Saved results to  /mnt/output/manyclients/xp_13751.npz
Remaining Time (approx.): 00:26:08 [4.00%]

Experiment: main (1/2)
{'communication_round': 500, 'lr': 0.002, 'epochs': 500}
{'client_train_loss': 2.2957019805908203}
{'server_val_accuracy': 0.1164}
Saved results to  /mnt/output/manyclients/xp_13751.npz
Remaining Time (approx.): 00:25:37 [5.00%]

Experiment: main (1/2)
{'communication_round': 600, 'lr': 0.002, 'epochs': 600}
{'client_train_loss': 2.2922425270080566}
{'server_val_accuracy': 0.1116}
Saved results to  /mnt/output/manyclients/xp_13751.npz
Remaining Time (approx.): 00:25:14 [6.00%]

Experiment: main (1/2)
{'communication_round': 700, 'lr': 0.002, 'epochs': 700}
{'client_train_loss': 2.277230978012085}
{'server_val_accuracy': 0.1153}
Saved results to  /mnt/output/manyclients/xp_13751.npz
Remaining Time (approx.): 00:24:52 [7.00%]

Experiment: main (1/2)
{'communication_round': 800, 'lr': 0.002, 'epochs': 800}
{'client_train_loss': 2.2756459712982178}
{'server_val_accuracy': 0.1349}
Saved results to  /mnt/output/manyclients/xp_13751.npz
Remaining Time (approx.): 00:24:32 [8.00%]

Experiment: main (1/2)
{'communication_round': 900, 'lr': 0.002, 'epochs': 900}
{'client_train_loss': 2.2689173221588135}
{'server_val_accuracy': 0.1613}
Saved results to  /mnt/output/manyclients/xp_13751.npz
Remaining Time (approx.): 00:24:13 [9.00%]

Experiment: main (1/2)
{'communication_round': 1000, 'lr': 0.002, 'epochs': 1000}
{'client_train_loss': 2.2666776180267334}
{'server_val_accuracy': 0.1787}
Saved results to  /mnt/output/manyclients/xp_13751.npz
Remaining Time (approx.): 00:23:55 [10.00%]

Experiment: main (1/2)
{'communication_round': 1100, 'lr': 0.002, 'epochs': 1100}
{'client_train_loss': 2.2665822505950928}
{'server_val_accuracy': 0.1961}
Saved results to  /mnt/output/manyclients/xp_13751.npz
Remaining Time (approx.): 00:23:38 [11.00%]

Experiment: main (1/2)
{'communication_round': 1200, 'lr': 0.002, 'epochs': 1200}
{'client_train_loss': 2.1642262935638428}
{'server_val_accuracy': 0.2078}
Saved results to  /mnt/output/manyclients/xp_13751.npz
Remaining Time (approx.): 00:23:21 [12.00%]

Experiment: main (1/2)
{'communication_round': 1300, 'lr': 0.002, 'epochs': 1300}
{'client_train_loss': 2.0163729190826416}
{'server_val_accuracy': 0.2382}
Saved results to  /mnt/output/manyclients/xp_13751.npz
Remaining Time (approx.): 00:23:05 [13.00%]

Experiment: main (1/2)
{'communication_round': 1400, 'lr': 0.002, 'epochs': 1400}
{'client_train_loss': 2.0483264923095703}
{'server_val_accuracy': 0.2403}
Saved results to  /mnt/output/manyclients/xp_13751.npz
Remaining Time (approx.): 00:22:49 [14.00%]

Experiment: main (1/2)
{'communication_round': 1500, 'lr': 0.002, 'epochs': 1500}
{'client_train_loss': 2.2257156372070312}
{'server_val_accuracy': 0.2475}
Saved results to  /mnt/output/manyclients/xp_13751.npz
Remaining Time (approx.): 00:22:32 [15.00%]

Experiment: main (1/2)
{'communication_round': 1600, 'lr': 0.002, 'epochs': 1600}
{'client_train_loss': 1.9923900365829468}
{'server_val_accuracy': 0.256}
Saved results to  /mnt/output/manyclients/xp_13751.npz
Remaining Time (approx.): 00:22:16 [16.00%]

Experiment: main (1/2)
{'communication_round': 1700, 'lr': 0.002, 'epochs': 1700}
{'client_train_loss': 1.929823398590088}
{'server_val_accuracy': 0.2778}
Saved results to  /mnt/output/manyclients/xp_13751.npz
Remaining Time (approx.): 00:22:00 [17.00%]

Experiment: main (1/2)
{'communication_round': 1800, 'lr': 0.002, 'epochs': 1800}
{'client_train_loss': 2.1288676261901855}
{'server_val_accuracy': 0.2633}
Saved results to  /mnt/output/manyclients/xp_13751.npz
Remaining Time (approx.): 00:21:44 [18.00%]

Experiment: main (1/2)
{'communication_round': 1900, 'lr': 0.002, 'epochs': 1900}
{'client_train_loss': 1.8360602855682373}
{'server_val_accuracy': 0.2965}
Saved results to  /mnt/output/manyclients/xp_13751.npz
Remaining Time (approx.): 00:21:28 [19.00%]

Experiment: main (1/2)
{'communication_round': 2000, 'lr': 0.002, 'epochs': 2000}
{'client_train_loss': 1.8620736598968506}
{'server_val_accuracy': 0.309}
Saved results to  /mnt/output/manyclients/xp_13751.npz
Remaining Time (approx.): 00:21:13 [20.00%]

Experiment: main (1/2)
{'communication_round': 2100, 'lr': 0.002, 'epochs': 2100}
{'client_train_loss': 2.1302382946014404}
{'server_val_accuracy': 0.3181}
Saved results to  /mnt/output/manyclients/xp_13751.npz
Remaining Time (approx.): 00:20:57 [21.00%]

Experiment: main (1/2)
{'communication_round': 2200, 'lr': 0.002, 'epochs': 2200}
{'client_train_loss': 1.8480851650238037}
{'server_val_accuracy': 0.3391}
Saved results to  /mnt/output/manyclients/xp_13751.npz
Remaining Time (approx.): 00:20:41 [22.00%]

Experiment: main (1/2)
{'communication_round': 2300, 'lr': 0.002, 'epochs': 2300}
{'client_train_loss': 1.7951171398162842}
{'server_val_accuracy': 0.3348}
Saved results to  /mnt/output/manyclients/xp_13751.npz
slurmstepd: error: *** JOB 11275 ON vca-gpu-211-01 CANCELLED AT 2020-03-12T15:05:45 ***
