Running 2 Experiments..

Hyperparameters: 
 - dataset                 cifar10
 - net                     lenet_cifar
 - n_clients               1000
 - n_data                  None
 - communication_rounds    1000
 - local_epochs            10
 - participation_rate      0.01
 - classes_per_client      0
 - batch_size              128
 - balancedness            1.0
 - pretrained              None
 - save_model              None
 - log_frequency           -100
 - log_path                manyclients/
 - finished                False
 - log_id                  63610

Files already downloaded and verified
Files already downloaded and verified
Data split:
 - Client 0: [6 2 7 6 8 7 4 3 4 3]
 - Client 1: [9 3 4 4 8 6 3 3 4 6]
 - Client 2: [5 9 3 4 2 6 4 5 8 4]
 - Client 3: [5 2 6 4 7 5 7 5 6 3]
 - Client 4: [7 7 2 8 3 7 5 2 4 5]
 - Client 5: [6 4 8 3 2 2 2 7 8 8]
 - Client 6: [5 4 4 8 5 5 4 6 5 4]
 - Client 7: [ 4  5  5  4  2  6  3  6 10  5]
 - Client 8: [4 3 3 6 6 6 5 7 5 5]
 - Client 9: [4 4 4 8 4 4 5 5 5 7]
 - Client 10: [6 6 4 6 3 5 3 6 6 5]
 - Client 11: [5 4 6 5 8 2 5 4 9 2]
 - Client 12: [4 6 1 5 8 6 3 7 3 7]
 - Client 13: [4 5 3 6 6 3 4 4 8 7]
 - Client 14: [3 5 6 7 5 4 5 3 7 5]
 - Client 15: [ 6  2  4  5  4  2  2  6 12  7]
 - Client 16: [ 3  5  3  5  4  7  5  4  3 11]
 - Client 17: [5 4 4 6 6 2 6 2 7 8]
 - Client 18: [4 4 5 6 4 7 2 7 7 4]
 - Client 19: [6 8 4 2 8 6 3 4 4 5]
 - Client 20: [9 2 5 7 1 5 8 8 2 3]
 - Client 21: [5 6 7 6 4 8 4 4 3 3]
 - Client 22: [ 5  5  6  3  4  4  4 10  4  5]
 - Client 23: [4 3 8 7 6 4 3 5 8 2]
 - Client 24: [3 5 6 4 2 8 6 4 4 8]
 - Client 25: [4 3 7 4 4 8 6 7 2 5]
 - Client 26: [5 4 5 7 5 8 6 4 3 3]
 - Client 27: [5 2 3 5 1 7 8 6 5 8]
 - Client 28: [13  9  2  2  2  5  3  4  6  4]
 - Client 29: [3 9 6 6 4 3 5 4 3 7]
 - Client 30: [6 5 6 7 4 1 3 5 5 8]
 - Client 31: [4 5 3 6 4 8 4 3 5 8]
 - Client 32: [ 5  4  5  4 11  3  3  7  4  4]
 - Client 33: [3 6 9 5 7 4 6 7 2 1]
 - Client 34: [5 4 5 6 3 6 6 4 7 4]
 - Client 35: [4 4 5 3 3 8 7 9 7 0]
 - Client 36: [2 5 5 3 6 6 5 4 9 5]
 - Client 37: [8 3 5 2 7 4 4 6 6 5]
 - Client 38: [ 6  8  2  8  2 10  5  2  4  3]
 - Client 39: [5 3 3 5 6 6 6 4 5 7]
 - Client 40: [6 5 5 4 8 4 6 3 4 5]
 - Client 41: [9 2 7 3 1 4 6 7 5 6]
 - Client 42: [7 0 6 3 7 3 7 6 5 6]
 - Client 43: [ 4  5  6 10  7  3  4  4  4  3]
 - Client 44: [4 7 6 4 5 8 1 5 6 4]
 - Client 45: [6 3 5 6 7 5 8 5 2 3]
 - Client 46: [ 2  4  2  6  5  3  6  6  5 11]
 - Client 47: [ 3  5  5  4  9 11  1  6  2  4]
 - Client 48: [ 5  3  4  1 10  5  8  5  6  3]
 - Client 49: [ 2  7  6  6  3  7  3 10  2  4]
 - Client 50: [ 2  7 11  5  4  6  3  3  3  6]
 - Client 51: [ 6  3  2  4  5  5 10  4  6  5]
 - Client 52: [5 1 6 6 4 6 5 3 6 8]
 - Client 53: [6 4 4 4 7 6 2 5 6 6]
 - Client 54: [2 2 2 5 8 5 3 5 9 9]
 - Client 55: [3 3 7 7 7 4 3 3 6 7]
 - Client 56: [3 8 5 2 4 4 5 9 8 2]
 - Client 57: [6 6 0 2 9 3 6 9 4 5]
 - Client 58: [3 4 5 3 3 3 6 8 8 7]
 - Client 59: [5 5 8 3 2 4 6 4 5 8]
 - Client 60: [6 5 6 5 5 3 4 4 4 8]
 - Client 61: [5 8 3 3 3 9 6 4 6 3]
 - Client 62: [6 2 5 3 5 7 8 3 5 6]
 - Client 63: [4 4 5 5 5 6 4 4 7 6]
 - Client 64: [5 3 5 7 7 3 7 7 3 3]
 - Client 65: [8 4 8 3 4 2 8 6 3 4]
 - Client 66: [4 7 6 5 4 5 7 5 3 4]
 - Client 67: [2 8 7 3 7 2 8 7 2 4]
 - Client 68: [ 8  3  2  6 12  4  3  4  3  5]
 - Client 69: [6 6 5 3 4 4 4 8 3 7]
 - Client 70: [ 6  3  6  5 10  5  6  2  3  4]
 - Client 71: [6 6 8 4 7 2 5 2 3 7]
 - Client 72: [ 5  3  2  5  4  4 11  3  6  7]
 - Client 73: [5 5 8 4 7 6 3 5 3 4]
 - Client 74: [ 5 10  4  8  2  2  3  7  4  5]
 - Client 75: [4 4 5 5 5 3 7 7 5 5]
 - Client 76: [3 3 7 4 3 9 4 3 7 7]
 - Client 77: [3 9 7 3 4 4 6 8 2 4]
 - Client 78: [ 4  4  3  5  5  3  8  2 10  6]
 - Client 79: [5 6 8 5 3 8 1 4 6 4]
 - Client 80: [ 2  1  5  4  5  6  7 11  7  2]
 - Client 81: [ 4  4  1  4  9  5 13  1  7  2]
 - Client 82: [8 7 4 6 5 6 3 5 0 6]
 - Client 83: [3 5 7 2 3 6 4 9 4 7]
 - Client 84: [ 4  4  5  1 10  6  8  1  4  7]
 - Client 85: [5 5 9 5 4 6 7 5 3 1]
 - Client 86: [8 1 2 6 8 5 4 3 7 6]
 - Client 87: [ 6 10  2  4  3  3  8  4  7  3]
 - Client 88: [4 6 7 4 5 7 4 4 5 4]
 - Client 89: [ 3  8  7 10  4  3  5  2  5  3]
 - Client 90: [6 9 4 3 5 5 3 5 7 3]
 - Client 91: [ 3  4  5  4  3 11  4  6  4  6]
 - Client 92: [ 3  6  4  5  6  4  7  1 10  4]
 - Client 93: [10  3  4  5  9  3  6  2  3  5]
 - Client 94: [5 7 7 3 6 2 6 8 4 2]
 - Client 95: [6 5 2 3 8 5 4 8 6 3]
 - Client 96: [ 5  4  7 10  2  0  2  8  8  4]
 - Client 97: [4 3 6 7 9 3 3 2 7 6]
 - Client 98: [4 3 5 7 2 3 8 7 5 6]
 - Client 99: [5 2 3 6 7 8 4 3 5 7]
 - Client 100: [4 8 5 5 3 5 5 6 2 7]
 - Client 101: [ 1  4 10  7  3  3  3  4  9  6]
 - Client 102: [ 5  5  6  1 11  6  6  6  1  3]
 - Client 103: [2 2 8 8 5 6 5 8 1 5]
 - Client 104: [ 6  4  4  7  3  4  3  2  5 12]
 - Client 105: [5 6 4 5 6 6 6 5 3 4]
 - Client 106: [ 6  7  3  4  2  5  3  6  4 10]
 - Client 107: [4 9 2 7 8 2 2 3 7 6]
 - Client 108: [5 4 9 3 1 9 3 6 4 6]
 - Client 109: [7 6 6 5 5 5 7 3 4 2]
 - Client 110: [4 4 4 7 3 5 4 5 9 5]
 - Client 111: [8 7 4 5 3 5 6 3 6 3]
 - Client 112: [8 4 7 4 5 8 3 2 4 5]
 - Client 113: [4 4 3 6 2 3 8 5 7 8]
 - Client 114: [ 5  4  2  2 10  7  5  6  2  7]
 - Client 115: [ 6  4  6  1  0  5  9  4 12  3]
 - Client 116: [5 4 3 6 4 5 7 6 7 3]
 - Client 117: [2 4 7 5 6 5 6 1 5 9]
 - Client 118: [6 5 5 4 5 7 5 5 5 3]
 - Client 119: [ 3  8  1 10  4  5  5  2  4  8]
 - Client 120: [4 3 6 6 7 9 2 2 5 6]
 - Client 121: [5 3 5 6 3 7 5 7 6 3]
 - Client 122: [7 4 2 7 4 8 5 5 5 3]
 - Client 123: [ 5  2  5 10  4  6  5  2  4  7]
 - Client 124: [5 9 5 2 8 6 3 5 5 2]
 - Client 125: [5 3 5 4 6 8 6 2 5 6]
 - Client 126: [6 3 5 4 6 8 8 1 3 6]
 - Client 127: [8 7 4 5 2 7 1 7 5 4]
 - Client 128: [5 4 5 2 6 7 3 6 8 4]
 - Client 129: [7 4 4 3 3 5 5 8 4 7]
 - Client 130: [7 6 5 7 6 4 4 3 5 3]
 - Client 131: [ 5  6  5  5  3 10  1  5  6  4]
 - Client 132: [3 4 7 3 9 3 8 4 7 2]
 - Client 133: [4 5 5 3 5 5 5 2 9 7]
 - Client 134: [ 8  3  5  4  3  6  3 10  3  5]
 - Client 135: [5 5 5 7 3 6 8 3 2 6]
 - Client 136: [ 3  4  7  3 10  3  7  2  5  6]
 - Client 137: [4 3 1 9 6 3 6 5 4 9]
 - Client 138: [4 4 7 9 3 4 4 6 9 0]
 - Client 139: [ 5  5  2  8  3  2  3  4  7 11]
 - Client 140: [8 2 3 5 3 5 7 1 7 9]
 - Client 141: [7 5 3 6 8 2 7 1 5 6]
 - Client 142: [6 5 3 4 4 5 6 8 6 3]
 - Client 143: [4 4 8 4 5 5 7 5 4 4]
 - Client 144: [4 4 3 5 6 6 3 8 3 8]
 - Client 145: [6 4 4 5 9 5 3 5 6 3]
 - Client 146: [ 2  6  7  4  3  6  0  5 13  4]
 - Client 147: [7 3 5 4 4 4 4 6 5 8]
 - Client 148: [ 5  6  4  5  6  2 10  1  5  6]
 - Client 149: [4 7 7 4 7 6 5 2 3 5]
 - Client 150: [ 2  2  4 10  5  9  1  7  6  4]
 - Client 151: [7 3 5 6 8 5 6 1 8 1]
 - Client 152: [3 6 5 2 4 7 3 9 6 5]
 - Client 153: [9 7 3 4 5 6 4 5 5 2]
 - Client 154: [5 5 5 4 4 4 6 6 4 7]
 - Client 155: [6 3 3 3 6 6 6 5 5 7]
 - Client 156: [6 1 4 6 3 7 4 5 6 8]
 - Client 157: [ 2  7  3  7  3  5 10  3  7  3]
 - Client 158: [ 5  5  1  4  6  3  5  5  4 12]
 - Client 159: [7 5 7 5 6 3 5 4 5 3]
 - Client 160: [4 7 5 5 4 6 5 1 4 9]
 - Client 161: [ 9  8  4 10  2  2  6  2  4  3]
 - Client 162: [5 6 5 5 6 5 5 6 5 2]
 - Client 163: [4 2 7 5 8 5 6 6 4 3]
 - Client 164: [1 6 5 7 6 6 4 5 5 5]
 - Client 165: [3 3 4 5 7 7 6 5 4 6]
 - Client 166: [5 5 3 4 4 7 7 2 9 4]
 - Client 167: [7 5 5 1 5 6 8 4 4 5]
 - Client 168: [6 6 1 3 8 4 6 6 7 3]
 - Client 169: [4 2 7 2 6 6 4 6 6 7]
 - Client 170: [6 5 4 7 3 1 4 4 7 9]
 - Client 171: [5 5 5 4 5 6 5 4 7 4]
 - Client 172: [ 3  4  7  3 10  4  4  5  5  5]
 - Client 173: [8 7 6 4 2 7 6 1 4 5]
 - Client 174: [4 7 5 6 4 6 6 2 4 6]
 - Client 175: [ 5  4  3  4  4 10  6  4  3  7]
 - Client 176: [8 9 2 5 6 7 2 2 5 4]
 - Client 177: [6 9 8 3 6 3 4 4 4 3]
 - Client 178: [4 7 2 9 7 4 5 3 3 6]
 - Client 179: [5 8 7 3 3 4 2 6 6 6]
 - Client 180: [2 5 6 2 7 3 7 5 7 6]
 - Client 181: [9 3 3 4 5 6 5 3 9 3]
 - Client 182: [4 3 4 6 8 1 7 5 8 4]
 - Client 183: [8 8 3 5 8 1 5 6 2 4]
 - Client 184: [2 3 9 5 6 4 3 4 8 6]
 - Client 185: [8 5 3 3 8 3 4 6 4 6]
 - Client 186: [4 4 7 3 6 4 9 7 3 3]
 - Client 187: [2 7 5 4 8 7 1 5 5 6]
 - Client 188: [7 9 2 5 7 5 4 3 3 5]
 - Client 189: [7 4 2 5 7 8 3 2 7 5]
 - Client 190: [4 7 3 5 7 8 4 2 5 5]
 - Client 191: [6 4 6 2 1 7 8 6 5 5]
 - Client 192: [7 6 1 7 2 4 9 5 5 4]
 - Client 193: [6 6 5 3 4 6 4 6 5 5]
 - Client 194: [7 9 6 5 3 2 3 8 2 5]
 - Client 195: [ 6  3 11  4  5  2  3  3  3 10]
 - Client 196: [6 3 7 7 4 2 6 3 6 6]
 - Client 197: [3 6 6 4 4 5 8 3 6 5]
 - Client 198: [ 3  6  3  4  4  7 10  3  8  2]
 - Client 199: [4 6 1 7 4 7 4 6 4 7]
 - Client 200: [4 2 5 8 1 5 7 7 6 5]
 - Client 201: [ 5  8  6  4  2  4  4 10  4  3]
 - Client 202: [4 4 5 8 5 4 6 3 5 6]
 - Client 203: [9 2 7 2 5 5 3 4 9 4]
 - Client 204: [4 6 7 6 5 3 3 8 4 4]
 - Client 205: [5 6 5 6 5 6 3 7 5 2]
 - Client 206: [ 2  3  4  6  5 10  6  4  5  5]
 - Client 207: [1 3 1 3 8 8 6 6 9 5]
 - Client 208: [4 2 8 5 3 5 8 2 6 7]
 - Client 209: [3 5 7 8 9 5 3 4 3 3]
 - Client 210: [4 4 5 5 6 3 6 3 5 9]
 - Client 211: [5 3 5 3 5 7 5 3 9 5]
 - Client 212: [ 6  6  4  3 12  6  2  4  3  4]
 - Client 213: [2 5 7 2 4 4 9 6 7 4]
 - Client 214: [7 6 6 5 5 2 3 5 8 3]
 - Client 215: [5 7 3 3 4 9 4 6 5 4]
 - Client 216: [4 3 3 6 8 3 5 6 5 7]
 - Client 217: [2 6 5 3 8 8 4 2 5 7]
 - Client 218: [5 5 3 5 9 4 7 0 6 6]
 - Client 219: [ 6  4  4  5  6  4  4  4 11  2]
 - Client 220: [8 1 6 4 5 6 5 7 3 5]
 - Client 221: [ 2  5  5  5  4  7 11  3  6  2]
 - Client 222: [ 2  5  4  2  5  7  4  5  6 10]
 - Client 223: [7 7 3 7 4 3 5 5 4 5]
 - Client 224: [ 7  3 12  2  3  5  5  2  6  5]
 - Client 225: [7 6 3 6 8 3 2 5 7 3]
 - Client 226: [6 5 4 6 1 4 8 4 8 4]
 - Client 227: [ 3 10  5  3  4  5  4 11  2  3]
 - Client 228: [1 5 8 1 4 8 8 6 7 2]
 - Client 229: [5 8 7 8 7 2 4 5 2 2]
 - Client 230: [5 4 5 6 7 6 4 4 5 4]
 - Client 231: [7 6 2 9 4 6 6 4 5 1]
 - Client 232: [ 3  3  5  2  4  8 10  4  8  3]
 - Client 233: [4 8 2 7 5 2 6 6 5 5]
 - Client 234: [1 8 5 5 9 3 3 7 6 3]
 - Client 235: [3 5 7 3 5 4 6 5 6 6]
 - Client 236: [4 7 6 9 4 7 4 2 3 4]
 - Client 237: [ 5  5  3  6  2  5 10  7  4  3]
 - Client 238: [ 5  5  2  4  5  8  4  4  3 10]
 - Client 239: [4 8 5 4 3 7 2 5 7 5]
 - Client 240: [5 3 6 6 3 3 7 6 4 7]
 - Client 241: [5 9 1 5 4 2 2 7 9 6]
 - Client 242: [4 5 3 7 4 4 9 5 2 7]
 - Client 243: [1 6 7 6 3 8 2 6 5 6]
 - Client 244: [3 8 2 6 7 4 5 5 6 4]
 - Client 245: [8 7 4 8 2 3 3 2 6 7]
 - Client 246: [7 2 4 3 2 6 0 8 9 9]
 - Client 247: [5 1 6 5 8 6 3 6 1 9]
 - Client 248: [ 1  3  6  4 10  7  5  4  6  4]
 - Client 249: [1 8 6 6 5 2 8 3 8 3]
 - Client 250: [7 5 7 4 5 1 7 3 7 4]
 - Client 251: [ 9 11  2  4  4  6  4  3  3  4]
 - Client 252: [ 4 11  5  5  3  6  2  6  4  4]
 - Client 253: [7 4 4 8 4 3 6 4 3 7]
 - Client 254: [4 3 6 3 4 5 7 6 5 7]
 - Client 255: [6 8 3 3 7 5 8 4 2 4]
 - Client 256: [ 4  8  4 12  4  2  6  2  7  1]
 - Client 257: [8 8 5 9 3 2 7 3 3 2]
 - Client 258: [5 3 6 3 5 6 3 7 7 5]
 - Client 259: [7 6 2 7 4 4 4 2 5 9]
 - Client 260: [7 2 6 6 4 5 6 6 6 2]
 - Client 261: [7 7 6 8 5 4 5 5 0 3]
 - Client 262: [ 4 11  6  7  0  3  2  5  7  5]
 - Client 263: [4 7 3 2 5 8 6 4 4 7]
 - Client 264: [6 6 4 4 6 6 8 6 4 0]
 - Client 265: [8 4 3 8 9 5 2 3 3 5]
 - Client 266: [4 9 8 7 2 4 4 7 3 2]
 - Client 267: [6 6 4 0 7 6 5 8 5 3]
 - Client 268: [6 5 4 3 3 6 9 8 3 3]
 - Client 269: [6 3 6 5 4 8 8 2 4 4]
 - Client 270: [8 6 5 3 5 4 3 6 5 5]
 - Client 271: [7 4 5 5 5 7 7 5 1 4]
 - Client 272: [5 9 5 3 4 6 5 4 7 2]
 - Client 273: [ 4  6  4  6  3  3  3  3 11  7]
 - Client 274: [6 6 6 4 4 5 4 2 6 7]
 - Client 275: [7 3 7 4 4 6 5 3 6 5]
 - Client 276: [5 4 8 6 2 9 2 6 6 2]
 - Client 277: [3 4 0 4 6 6 4 9 6 8]
 - Client 278: [6 4 7 3 1 7 7 5 3 7]
 - Client 279: [3 5 8 9 4 4 4 4 2 7]
 - Client 280: [6 6 8 4 4 5 5 3 6 3]
 - Client 281: [2 5 7 6 6 5 3 4 6 6]
 - Client 282: [6 5 1 7 4 5 1 8 4 9]
 - Client 283: [3 9 6 3 2 3 5 8 8 3]
 - Client 284: [7 4 5 3 9 3 6 5 6 2]
 - Client 285: [9 2 3 6 2 7 8 5 4 4]
 - Client 286: [13  3  2  6  7  2  4  3  5  5]
 - Client 287: [2 4 4 7 5 9 6 2 4 7]
 - Client 288: [6 3 2 7 4 5 5 8 5 5]
 - Client 289: [4 4 5 7 6 5 6 3 5 5]
 - Client 290: [8 7 2 7 5 4 5 4 6 2]
 - Client 291: [5 6 9 3 6 5 6 4 3 3]
 - Client 292: [10  4  6  1  6  2  4  6  8  3]
 - Client 293: [4 7 5 8 8 3 2 4 6 3]
 - Client 294: [5 7 5 2 6 5 5 5 8 2]
 - Client 295: [6 2 6 4 5 6 5 7 6 3]
 - Client 296: [3 5 3 7 4 6 6 5 5 6]
 - Client 297: [10  3  0  8  6  2  7  3  3  8]
 - Client 298: [ 4  9  1  6  3 11  4  6  2  4]
 - Client 299: [8 4 4 1 3 7 8 7 5 3]
 - Client 300: [6 9 4 4 4 2 5 7 3 6]
 - Client 301: [8 1 8 6 4 3 3 6 4 7]
 - Client 302: [3 7 4 5 7 6 6 7 3 2]
 - Client 303: [1 4 6 6 5 9 4 6 8 1]
 - Client 304: [5 6 6 3 4 7 5 4 6 4]
 - Client 305: [ 5  6  5  5  1 10  5  1  7  5]
 - Client 306: [ 4  3  4  5  5  5  3  5  6 10]
 - Client 307: [4 4 9 8 7 6 1 2 5 4]
 - Client 308: [2 7 5 4 6 5 3 5 9 4]
 - Client 309: [2 5 9 8 4 4 3 5 4 6]
 - Client 310: [3 5 7 7 6 3 4 5 1 9]
 - Client 311: [7 5 4 5 9 4 3 5 3 5]
 - Client 312: [9 6 6 3 7 4 2 3 5 5]
 - Client 313: [ 2  5 10  5  5  8  4  3  1  7]
 - Client 314: [3 4 8 3 5 2 5 8 6 6]
 - Client 315: [4 0 7 9 8 4 4 2 6 6]
 - Client 316: [5 7 5 5 3 4 4 5 5 7]
 - Client 317: [ 8  3  1  3  3  4 13  7  4  4]
 - Client 318: [3 5 6 3 8 4 6 4 5 6]
 - Client 319: [6 3 7 4 2 4 6 6 4 8]
 - Client 320: [6 8 3 3 5 1 9 3 8 4]
 - Client 321: [3 7 4 3 4 7 5 5 7 5]
 - Client 322: [6 7 9 5 5 5 4 3 2 4]
 - Client 323: [6 4 4 3 4 9 4 5 6 5]
 - Client 324: [6 5 5 4 4 9 4 4 8 1]
 - Client 325: [2 7 8 3 7 4 8 2 6 3]
 - Client 326: [6 4 2 7 6 7 5 4 5 4]
 - Client 327: [7 4 2 7 7 3 3 5 4 8]
 - Client 328: [6 4 5 5 3 6 4 7 7 3]
 - Client 329: [6 3 5 2 5 3 3 6 9 8]
 - Client 330: [6 3 8 4 4 5 6 5 4 5]
 - Client 331: [4 5 5 4 5 6 5 5 5 6]
 - Client 332: [2 4 4 5 3 9 3 7 7 6]
 - Client 333: [4 5 4 5 5 6 5 5 3 8]
 - Client 334: [6 5 2 5 4 7 1 6 7 7]
 - Client 335: [ 6  3  6  3  3 10  8  4  3  4]
 - Client 336: [6 3 3 6 7 3 9 5 4 4]
 - Client 337: [2 5 6 5 5 8 6 3 5 5]
 - Client 338: [6 5 5 4 2 6 6 4 7 5]
 - Client 339: [5 4 8 4 5 5 2 7 7 3]
 - Client 340: [ 4  3  3  4  3  6  2 12  8  5]
 - Client 341: [ 6  4  8 10  5  1  4  4  3  5]
 - Client 342: [6 5 3 1 4 8 5 4 6 8]
 - Client 343: [6 4 5 8 6 7 2 3 5 4]
 - Client 344: [4 5 5 5 9 4 4 5 4 5]
 - Client 345: [5 7 4 7 4 6 3 6 3 5]
 - Client 346: [7 2 2 6 9 5 4 7 3 5]
 - Client 347: [ 5  8 10  6  4  1  2  4  5  5]
 - Client 348: [3 7 4 5 8 5 2 4 7 5]
 - Client 349: [5 8 8 3 2 3 4 7 6 4]
 - Client 350: [5 7 4 4 7 7 4 2 6 4]
 - Client 351: [7 5 6 5 2 7 3 4 4 7]
 - Client 352: [6 4 5 3 6 4 5 7 3 7]
 - Client 353: [5 5 6 6 1 7 6 2 4 8]
 - Client 354: [6 4 3 6 4 8 7 4 5 3]
 - Client 355: [ 4  7 11  4  3  1  5  1  6  8]
 - Client 356: [3 4 3 6 6 4 6 7 8 3]
 - Client 357: [3 5 3 9 3 2 4 7 7 7]
 - Client 358: [2 4 9 6 5 3 5 8 3 5]
 - Client 359: [4 6 3 5 6 6 3 6 8 3]
 - Client 360: [ 3  1 10  5  4  8  2 11  4  2]
 - Client 361: [2 3 3 3 5 5 9 7 5 8]
 - Client 362: [4 7 3 8 6 4 7 1 7 3]
 - Client 363: [3 7 4 5 5 5 6 2 7 6]
 - Client 364: [ 4  4  5  5  5  2  8 11  2  4]
 - Client 365: [ 4  4  1 10  5  6  6  4  4  6]
 - Client 366: [6 5 4 3 2 4 5 8 5 8]
 - Client 367: [ 5  5 10  5  4  6  5  5  4  1]
 - Client 368: [1 7 5 3 4 3 9 8 4 6]
 - Client 369: [5 6 2 5 2 6 4 7 5 8]
 - Client 370: [5 7 8 5 3 5 3 8 4 2]
 - Client 371: [6 2 5 6 5 4 7 4 5 6]
 - Client 372: [5 6 2 2 3 3 8 5 7 9]
 - Client 373: [6 6 5 3 8 4 4 4 5 5]
 - Client 374: [6 5 4 4 6 3 2 4 9 7]
 - Client 375: [7 5 5 2 8 3 5 4 6 5]
 - Client 376: [ 4  5  8  2  6 10  5  4  3  3]
 - Client 377: [4 4 4 3 7 5 3 7 5 8]
 - Client 378: [7 8 2 4 6 5 7 3 4 4]
 - Client 379: [7 5 7 4 6 2 4 8 6 1]
 - Client 380: [8 7 4 2 6 4 4 5 8 2]
 - Client 381: [ 6  2 11  7  5  3  5  3  4  4]
 - Client 382: [3 4 8 5 7 7 5 3 5 3]
 - Client 383: [4 8 6 4 4 8 0 4 4 8]
 - Client 384: [ 9  4  4  4  2  4 13  5  2  3]
 - Client 385: [9 4 2 7 5 3 5 7 6 2]
 - Client 386: [8 3 2 6 5 4 6 6 6 4]
 - Client 387: [7 2 4 4 5 6 5 7 6 4]
 - Client 388: [4 7 2 4 6 6 5 4 8 4]
 - Client 389: [6 6 8 7 6 6 3 4 3 1]
 - Client 390: [4 5 5 6 4 8 5 3 5 5]
 - Client 391: [5 8 3 5 8 4 7 2 4 4]
 - Client 392: [4 5 3 5 5 8 3 3 8 6]
 - Client 393: [1 3 5 7 6 2 6 5 8 7]
 - Client 394: [6 2 5 7 8 4 5 3 6 4]
 - Client 395: [6 7 7 5 6 0 4 6 6 3]
 - Client 396: [ 7  1  5  2  5  4  5  3  8 10]
 - Client 397: [7 4 6 4 4 5 5 3 6 6]
 - Client 398: [5 4 9 4 2 4 5 6 6 5]
 - Client 399: [ 7  3 10  6  1  3  3  8  2  7]
 - Client 400: [ 4  6  5 11  3  3  2  6  7  3]
 - Client 401: [5 5 6 5 4 5 3 7 3 7]
 - Client 402: [8 5 3 5 4 5 5 3 5 7]
 - Client 403: [1 5 5 7 8 2 4 7 4 7]
 - Client 404: [6 9 9 7 1 5 3 8 1 1]
 - Client 405: [ 5  3  3 11  6  4  5  5  4  4]
 - Client 406: [7 2 5 2 6 8 6 3 4 7]
 - Client 407: [5 6 6 6 6 2 2 6 4 7]
 - Client 408: [6 2 4 5 4 4 7 6 9 3]
 - Client 409: [4 5 8 4 5 4 4 6 3 7]
 - Client 410: [6 5 7 7 4 2 3 7 5 4]
 - Client 411: [9 6 5 3 2 3 4 9 2 7]
 - Client 412: [8 4 3 2 6 2 9 5 3 8]
 - Client 413: [2 4 7 8 4 5 6 4 5 5]
 - Client 414: [6 2 7 6 3 5 3 8 5 5]
 - Client 415: [6 5 6 4 4 5 5 3 4 8]
 - Client 416: [7 6 7 6 3 3 2 5 7 4]
 - Client 417: [5 5 6 4 5 5 5 5 4 6]
 - Client 418: [7 8 3 6 8 5 2 6 0 5]
 - Client 419: [2 6 6 6 6 4 8 3 7 2]
 - Client 420: [ 2  5  7  5  3 10  4  4  4  6]
 - Client 421: [5 5 5 5 4 5 5 3 6 7]
 - Client 422: [5 6 5 3 7 4 5 4 5 6]
 - Client 423: [9 4 5 6 3 3 8 4 6 2]
 - Client 424: [ 3  3  3 10  7  5  7  4  5  3]
 - Client 425: [5 6 4 2 5 5 7 8 3 5]
 - Client 426: [6 7 5 8 7 3 3 5 1 5]
 - Client 427: [4 5 4 4 4 8 4 5 6 6]
 - Client 428: [5 6 4 4 3 6 8 5 5 4]
 - Client 429: [7 5 8 7 2 3 6 3 2 7]
 - Client 430: [ 2  4  4  5  3  8  5  5 10  4]
 - Client 431: [6 6 3 8 3 3 4 7 5 5]
 - Client 432: [3 6 4 0 6 6 6 9 3 7]
 - Client 433: [2 7 6 4 3 9 6 4 3 6]
 - Client 434: [ 4  3  4  6  3  5  3  6  6 10]
 - Client 435: [5 8 7 1 4 2 5 7 6 5]
 - Client 436: [10  6  3  6  6  8  4  1  2  4]
 - Client 437: [ 3  3 13  6  6  4  5  3  0  7]
 - Client 438: [10  5  6 10  2  3  7  1  2  4]
 - Client 439: [2 3 8 2 6 5 5 5 8 6]
 - Client 440: [6 9 7 6 2 4 6 4 3 3]
 - Client 441: [4 8 2 5 3 5 3 5 8 7]
 - Client 442: [4 2 9 1 5 4 7 3 6 9]
 - Client 443: [8 2 8 6 2 4 4 7 6 3]
 - Client 444: [3 4 3 7 8 6 3 6 6 4]
 - Client 445: [ 1  6  7  8  4 10  6  4  1  3]
 - Client 446: [4 5 3 3 5 6 5 9 4 6]
 - Client 447: [4 3 4 8 2 4 5 5 9 6]
 - Client 448: [8 3 4 3 3 4 8 4 4 9]
 - Client 449: [ 9  3  4  2  3  8  3  6 10  2]
 - Client 450: [5 7 7 6 4 6 6 4 3 2]
 - Client 451: [ 5  5 13  5  3  7  4  1  3  4]
 - Client 452: [ 6  2  6  5 10  4  6  2  5  4]
 - Client 453: [6 5 7 4 5 3 5 5 2 8]
 - Client 454: [9 6 5 4 4 6 5 4 4 3]
 - Client 455: [6 5 7 1 4 9 1 8 5 4]
 - Client 456: [5 5 2 4 1 8 9 5 4 7]
 - Client 457: [8 2 4 6 4 3 4 6 4 9]
 - Client 458: [ 3  5  9  5 10  0  3  6  3  6]
 - Client 459: [ 7  4  7  3  6  4  4  2  3 10]
 - Client 460: [6 4 5 6 4 2 7 4 8 4]
 - Client 461: [4 7 5 3 3 7 4 5 7 5]
 - Client 462: [5 2 2 5 8 7 7 6 4 4]
 - Client 463: [7 3 7 3 4 8 3 3 5 7]
 - Client 464: [ 2  5  5 10  4  4  5  6  3  6]
 - Client 465: [3 7 2 6 5 5 4 6 4 8]
 - Client 466: [5 5 5 7 2 5 4 5 4 8]
 - Client 467: [4 5 7 8 7 5 5 2 2 5]
 - Client 468: [ 5  7  5  3  5  2 11  3  4  5]
 - Client 469: [2 6 6 4 4 6 6 3 9 4]
 - Client 470: [4 3 3 4 6 7 4 5 5 9]
 - Client 471: [6 6 5 5 2 2 5 7 4 8]
 - Client 472: [6 6 3 6 2 1 9 4 7 6]
 - Client 473: [7 5 6 8 2 4 4 4 8 2]
 - Client 474: [4 5 3 6 5 4 7 9 4 3]
 - Client 475: [10  2  4  4  6  2  5  3  8  6]
 - Client 476: [3 7 7 5 7 4 3 6 2 6]
 - Client 477: [ 6  5  2  6  1  7  6 10  2  5]
 - Client 478: [6 5 3 4 3 6 5 5 4 9]
 - Client 479: [ 4  4  5  6  5  4  5  5 11  1]
 - Client 480: [2 4 2 5 8 7 7 7 2 6]
 - Client 481: [6 3 2 6 4 5 6 5 5 8]
 - Client 482: [5 2 9 5 9 3 3 4 6 4]
 - Client 483: [5 3 4 6 4 9 5 5 4 5]
 - Client 484: [ 4  2  6  3  3  9  9  2 11  1]
 - Client 485: [6 6 4 5 4 8 4 3 6 4]
 - Client 486: [3 6 7 5 3 1 6 7 7 5]
 - Client 487: [ 3  0 10  4  8 10  5  2  7  1]
 - Client 488: [1 6 7 6 5 5 6 5 4 5]
 - Client 489: [6 5 2 2 7 6 5 4 9 4]
 - Client 490: [5 3 6 2 4 6 7 2 6 9]
 - Client 491: [ 6  4  5 13  2  0  6  4  4  6]
 - Client 492: [10  5  3  6  5  2  7  4  5  3]
 - Client 493: [6 4 2 5 6 2 6 7 9 3]
 - Client 494: [7 4 4 3 5 2 8 8 9 0]
 - Client 495: [4 3 8 6 7 1 7 6 6 2]
 - Client 496: [2 5 5 5 8 8 4 6 2 5]
 - Client 497: [6 4 6 2 3 8 4 6 4 7]
 - Client 498: [3 5 3 5 4 5 5 8 8 4]
 - Client 499: [1 4 9 6 5 9 2 6 6 2]
 - Client 500: [5 7 4 5 4 4 3 5 7 6]
 - Client 501: [6 7 3 5 5 4 5 3 5 7]
 - Client 502: [4 8 3 8 7 4 2 6 3 5]
 - Client 503: [ 7  6  0  7  3  3 10  6  5  3]
 - Client 504: [2 5 7 4 5 7 7 6 4 3]
 - Client 505: [ 5  1  2 10  7  7  5  6  4  3]
 - Client 506: [ 2  4  2  8 10  4  2  6  4  8]
 - Client 507: [7 2 5 5 6 4 9 5 2 5]
 - Client 508: [ 5  7  4  5  2  1 11  5  7  3]
 - Client 509: [5 5 3 2 8 8 5 6 2 6]
 - Client 510: [6 4 5 3 4 6 8 7 4 3]
 - Client 511: [5 2 7 5 4 5 4 9 7 2]
 - Client 512: [8 9 2 8 3 3 9 3 4 1]
 - Client 513: [7 3 4 1 1 4 8 9 5 8]
 - Client 514: [2 4 3 8 6 8 4 7 3 5]
 - Client 515: [6 7 8 5 5 1 6 6 4 2]
 - Client 516: [8 6 3 5 3 1 6 6 8 4]
 - Client 517: [3 1 8 5 6 4 8 5 6 4]
 - Client 518: [4 6 6 5 7 6 4 4 5 3]
 - Client 519: [9 5 4 4 4 5 3 7 5 4]
 - Client 520: [ 6  1  3  8  5  5 11  6  3  2]
 - Client 521: [5 1 6 6 6 1 5 6 6 8]
 - Client 522: [4 6 3 3 7 5 7 6 3 6]
 - Client 523: [6 4 1 7 3 6 5 7 6 5]
 - Client 524: [2 4 4 5 5 5 6 4 8 7]
 - Client 525: [4 6 3 7 7 2 7 8 2 4]
 - Client 526: [2 7 3 9 5 2 3 5 9 5]
 - Client 527: [5 6 4 4 7 7 7 2 4 4]
 - Client 528: [6 2 6 5 6 2 6 4 5 8]
 - Client 529: [7 4 5 3 7 5 4 6 4 5]
 - Client 530: [5 9 9 4 4 3 2 6 4 4]
 - Client 531: [3 4 4 5 4 5 6 5 8 6]
 - Client 532: [4 2 6 7 7 7 5 5 1 6]
 - Client 533: [2 8 7 3 8 4 4 6 5 3]
 - Client 534: [6 8 8 4 3 4 6 4 2 5]
 - Client 535: [6 6 2 4 9 4 2 4 4 9]
 - Client 536: [5 6 1 6 5 4 9 2 4 8]
 - Client 537: [5 5 9 6 4 1 5 3 5 7]
 - Client 538: [ 4 10  3  5  5  6  5  3  5  4]
 - Client 539: [ 3  4  5  2  5  3 11  6  5  6]
 - Client 540: [ 3  4  4  6  5  5  3  5  5 10]
 - Client 541: [ 5  4  5  4 10  6  5  3  4  4]
 - Client 542: [ 4  3  5  4  5  6  3  3 11  6]
 - Client 543: [5 5 9 6 0 9 3 1 4 8]
 - Client 544: [6 4 7 4 7 7 2 4 2 7]
 - Client 545: [6 3 4 8 1 7 5 2 8 6]
 - Client 546: [7 4 5 8 7 4 6 3 3 3]
 - Client 547: [ 3 10  5  5  1  2  4  6  9  5]
 - Client 548: [ 9  5  4  3  1  5  5  7 10  1]
 - Client 549: [5 9 3 4 7 4 3 8 3 4]
 - Client 550: [5 5 4 7 3 4 5 4 5 8]
 - Client 551: [4 8 4 6 5 3 6 5 4 5]
 - Client 552: [ 4  3  4  2 10  3  5 10  6  3]
 - Client 553: [ 8  3  3  4 12  2  2  4  6  6]
 - Client 554: [11  8  1  6  3  4  2  3  6  6]
 - Client 555: [7 8 4 7 5 3 2 4 4 6]
 - Client 556: [ 7  4  4  5  4  4  5 10  4  3]
 - Client 557: [8 2 3 7 2 6 7 4 6 5]
 - Client 558: [1 6 6 7 2 2 7 5 7 7]
 - Client 559: [11  0  3  7  8  2  3  5  8  3]
 - Client 560: [ 4  6  2 10  4  6  2  8  4  4]
 - Client 561: [3 7 5 3 5 5 5 5 5 7]
 - Client 562: [4 4 6 6 7 5 5 5 5 3]
 - Client 563: [9 5 3 1 5 7 4 4 8 4]
 - Client 564: [ 6  3  1  4  7  3  4  6 10  6]
 - Client 565: [ 4  3  2  6  5  8  5 10  0  7]
 - Client 566: [1 8 6 5 6 3 5 5 5 6]
 - Client 567: [7 2 4 4 5 5 8 1 6 8]
 - Client 568: [ 4  7  5  0  5  3  1 12  6  7]
 - Client 569: [10  2  6  3 11  5  5  2  3  3]
 - Client 570: [10  5  6  5  3  7  1  5  4  4]
 - Client 571: [8 6 3 7 6 5 1 7 5 2]
 - Client 572: [6 4 3 2 7 5 7 8 5 3]
 - Client 573: [ 7  5  4  6 10  2  3  4  6  3]
 - Client 574: [7 3 3 4 5 4 4 7 6 7]
 - Client 575: [2 3 7 4 8 5 5 7 3 6]
 - Client 576: [ 3 10  2  5  5  5  2  3  7  8]
 - Client 577: [8 2 6 4 3 8 5 4 4 6]
 - Client 578: [5 6 4 6 4 6 7 5 4 3]
 - Client 579: [7 5 2 5 4 5 7 8 6 1]
 - Client 580: [8 7 6 0 5 7 7 5 3 2]
 - Client 581: [ 5  2  3  6  5 10  5  1  6  7]
 - Client 582: [4 6 5 2 7 3 5 7 4 7]
 - Client 583: [6 0 3 3 8 4 6 8 5 7]
 - Client 584: [6 3 4 6 1 5 7 8 8 2]
 - Client 585: [6 4 6 7 5 4 3 9 3 3]
 - Client 586: [3 3 5 6 6 7 0 3 8 9]
 - Client 587: [ 3  6  1  4 10  6  6  4  3  7]
 - Client 588: [6 4 6 2 7 6 5 3 2 9]
 - Client 589: [9 6 2 9 4 3 4 3 7 3]
 - Client 590: [4 4 6 5 3 5 9 6 5 3]
 - Client 591: [3 3 3 7 7 8 5 5 5 4]
 - Client 592: [6 5 5 5 6 7 7 3 3 3]
 - Client 593: [3 6 5 6 4 4 9 7 5 1]
 - Client 594: [4 5 4 4 6 5 5 4 9 4]
 - Client 595: [4 9 4 1 7 4 6 5 5 5]
 - Client 596: [6 4 2 2 4 6 9 3 5 9]
 - Client 597: [3 6 2 6 6 3 7 9 5 3]
 - Client 598: [5 4 4 4 5 6 7 5 5 5]
 - Client 599: [8 5 4 5 3 2 6 6 5 6]
 - Client 600: [5 6 8 9 4 2 5 3 4 4]
 - Client 601: [6 6 2 4 8 4 5 7 3 5]
 - Client 602: [5 9 8 3 4 3 2 5 4 7]
 - Client 603: [ 6  3 11  6  2  3  3  3  7  6]
 - Client 604: [4 2 6 5 8 3 7 3 9 3]
 - Client 605: [6 7 4 8 6 3 2 5 6 3]
 - Client 606: [ 9  3  3  3  1  1  5  9  6 10]
 - Client 607: [10  6  1  3  5  5  6  6  2  6]
 - Client 608: [ 4  3  5  5 13  4  2  4  9  1]
 - Client 609: [6 5 5 4 5 4 5 6 4 6]
 - Client 610: [7 5 8 6 6 4 1 5 5 3]
 - Client 611: [4 7 7 6 3 3 5 4 3 8]
 - Client 612: [3 7 4 5 4 3 9 5 5 5]
 - Client 613: [6 3 5 6 3 6 4 8 4 5]
 - Client 614: [5 6 5 4 4 5 4 6 4 7]
 - Client 615: [5 6 7 6 1 8 5 6 3 3]
 - Client 616: [3 2 6 6 8 6 4 3 6 6]
 - Client 617: [3 6 9 6 3 2 6 6 4 5]
 - Client 618: [10  2  5  6  3  4  4  7  7  2]
 - Client 619: [3 4 3 6 7 8 7 6 5 1]
 - Client 620: [3 6 7 3 6 6 6 5 3 5]
 - Client 621: [2 3 8 6 2 8 6 6 5 4]
 - Client 622: [5 5 8 2 5 7 6 3 6 3]
 - Client 623: [7 4 6 5 3 7 3 4 2 9]
 - Client 624: [5 8 6 6 5 3 4 4 6 3]
 - Client 625: [8 7 5 4 6 3 7 1 4 5]
 - Client 626: [8 6 7 7 3 5 2 3 1 8]
 - Client 627: [4 6 6 3 7 2 4 9 4 5]
 - Client 628: [ 6  3  4  3  6  3  4 10  4  7]
 - Client 629: [ 4  5  7  2  4  5  5  5 10  3]
 - Client 630: [ 9  6  4  1  1 12  5  2  2  8]
 - Client 631: [4 6 5 3 5 5 5 5 7 5]
 - Client 632: [5 5 2 4 8 5 4 6 6 5]
 - Client 633: [6 6 6 4 4 5 7 5 2 5]
 - Client 634: [4 5 7 5 7 4 6 4 8 0]
 - Client 635: [ 3  2  2  5  2  5  4  7 12  8]
 - Client 636: [ 4  3  3  5  6  6  3  4 10  6]
 - Client 637: [5 3 4 6 6 7 4 7 3 5]
 - Client 638: [4 2 6 5 4 5 5 6 8 5]
 - Client 639: [5 4 5 5 4 8 3 9 2 5]
 - Client 640: [2 8 9 4 7 2 7 2 4 5]
 - Client 641: [4 5 6 3 7 5 6 2 5 7]
 - Client 642: [ 8 12  4  5  7  2  3  3  1  5]
 - Client 643: [8 5 5 5 1 8 6 7 1 4]
 - Client 644: [5 9 4 9 5 3 5 3 3 4]
 - Client 645: [9 4 4 4 7 3 4 5 6 4]
 - Client 646: [ 2  3  4 11  4  6  5  6  6  3]
 - Client 647: [ 7  8  0  7 10  4  5  4  3  2]
 - Client 648: [8 3 6 5 8 3 5 4 4 4]
 - Client 649: [5 4 2 7 5 2 4 7 8 6]
 - Client 650: [4 4 4 5 4 6 8 6 5 4]
 - Client 651: [7 5 4 3 5 7 4 6 7 2]
 - Client 652: [6 5 7 5 2 3 9 6 2 5]
 - Client 653: [ 4  7  4  4  5  2  6  5  3 10]
 - Client 654: [3 6 3 5 5 8 5 4 6 5]
 - Client 655: [ 5  5  4  6  4  7  4  3  2 10]
 - Client 656: [7 5 5 4 3 7 3 2 6 8]
 - Client 657: [ 3 10  4  4  6  6  4  3  7  3]
 - Client 658: [6 7 3 4 2 7 6 7 4 4]
 - Client 659: [2 4 9 3 8 5 5 5 6 3]
 - Client 660: [4 3 4 6 7 2 8 6 7 3]
 - Client 661: [6 4 5 8 8 5 5 4 4 1]
 - Client 662: [9 8 6 4 7 4 3 4 2 3]
 - Client 663: [ 3  3  5  0  4 11  4  9  4  7]
 - Client 664: [6 2 9 6 5 8 2 3 2 7]
 - Client 665: [3 3 4 5 4 5 5 8 8 5]
 - Client 666: [7 3 4 5 6 7 2 5 5 6]
 - Client 667: [7 4 4 5 6 3 5 7 3 6]
 - Client 668: [9 4 3 5 8 2 4 5 6 4]
 - Client 669: [ 2  4  3 11  8  6  2  5  5  4]
 - Client 670: [3 9 4 2 2 6 2 7 8 7]
 - Client 671: [ 7  3  6  3  3  2  3  5  8 10]
 - Client 672: [5 5 8 4 5 3 5 4 7 4]
 - Client 673: [6 8 4 4 5 6 7 2 3 5]
 - Client 674: [3 5 3 7 6 4 4 3 8 7]
 - Client 675: [2 7 3 9 8 4 4 5 6 2]
 - Client 676: [5 4 3 6 4 4 5 9 3 7]
 - Client 677: [3 4 6 5 9 5 3 8 3 4]
 - Client 678: [4 9 6 7 2 2 6 5 5 4]
 - Client 679: [8 7 7 5 3 4 3 4 4 5]
 - Client 680: [8 4 4 6 5 7 3 5 3 5]
 - Client 681: [4 5 5 2 3 4 6 8 5 8]
 - Client 682: [5 6 8 3 4 5 5 5 5 4]
 - Client 683: [4 4 6 7 2 5 4 6 7 5]
 - Client 684: [4 6 6 7 5 4 2 6 3 7]
 - Client 685: [9 3 4 6 3 4 7 4 4 6]
 - Client 686: [6 8 5 5 2 6 4 3 7 4]
 - Client 687: [5 7 8 5 4 4 2 6 5 4]
 - Client 688: [4 7 4 3 6 7 6 4 3 6]
 - Client 689: [5 6 7 5 6 6 6 1 8 0]
 - Client 690: [3 2 7 3 5 7 6 9 3 5]
 - Client 691: [7 6 4 9 4 4 4 3 5 4]
 - Client 692: [9 5 4 8 4 9 3 3 1 4]
 - Client 693: [5 8 8 5 6 4 3 6 4 1]
 - Client 694: [ 5  6 10  4  1  4  3 10  0  7]
 - Client 695: [4 9 0 9 6 3 6 6 2 5]
 - Client 696: [8 3 5 3 6 2 5 3 8 7]
 - Client 697: [7 3 3 5 5 2 3 5 8 9]
 - Client 698: [7 4 6 9 5 5 2 3 4 5]
 - Client 699: [4 3 8 7 4 8 4 2 9 1]
 - Client 700: [7 1 7 3 1 6 5 6 5 9]
 - Client 701: [1 5 4 6 6 3 7 7 4 7]
 - Client 702: [3 2 5 5 5 5 8 6 4 7]
 - Client 703: [6 5 3 4 7 3 3 8 8 3]
 - Client 704: [6 6 5 4 9 1 5 5 4 5]
 - Client 705: [ 5 10  4  2  6  5  7  7  4  0]
 - Client 706: [7 6 8 4 2 3 3 6 8 3]
 - Client 707: [3 8 5 7 2 4 7 5 5 4]
 - Client 708: [2 8 5 4 5 4 8 7 3 4]
 - Client 709: [7 3 7 2 6 6 6 1 8 4]
 - Client 710: [8 3 8 4 3 8 4 5 3 4]
 - Client 711: [2 3 5 6 7 8 5 6 6 2]
 - Client 712: [ 8  5  2 11  4  7  3  3  2  5]
 - Client 713: [9 5 6 3 4 6 2 4 3 8]
 - Client 714: [1 9 4 5 3 8 7 5 3 5]
 - Client 715: [6 7 9 4 2 4 3 5 7 3]
 - Client 716: [4 6 5 6 2 9 4 3 7 4]
 - Client 717: [4 4 5 7 8 3 3 7 6 3]
 - Client 718: [1 5 4 6 5 6 3 8 7 5]
 - Client 719: [5 5 5 6 4 6 9 2 5 3]
 - Client 720: [6 3 5 5 9 5 3 8 2 4]
 - Client 721: [4 7 4 5 1 6 5 5 7 6]
 - Client 722: [3 5 4 4 6 6 5 8 5 4]
 - Client 723: [5 7 4 7 6 4 4 5 1 7]
 - Client 724: [5 8 8 4 5 4 5 4 4 3]
 - Client 725: [6 1 3 5 6 7 6 4 6 6]
 - Client 726: [1 5 7 9 8 3 5 6 3 3]
 - Client 727: [6 2 5 5 5 7 6 3 7 4]
 - Client 728: [9 4 4 3 9 3 7 5 3 3]
 - Client 729: [7 4 7 3 6 3 5 5 2 8]
 - Client 730: [8 2 4 3 8 2 4 4 8 7]
 - Client 731: [6 4 4 4 6 7 7 3 6 3]
 - Client 732: [3 5 5 5 4 8 4 3 9 4]
 - Client 733: [9 2 3 7 9 3 5 2 5 5]
 - Client 734: [3 3 6 6 8 4 5 7 2 6]
 - Client 735: [ 1 14  6  5  6  3  3  4  3  5]
 - Client 736: [5 7 2 4 5 7 7 4 3 6]
 - Client 737: [ 3 10  5  6  4  4  5  5  2  6]
 - Client 738: [3 5 5 5 3 8 7 4 5 5]
 - Client 739: [ 6  4  7  3  3  4  3 12  2  6]
 - Client 740: [6 7 7 2 7 1 5 5 2 8]
 - Client 741: [ 2  4  6  4  5  6  5  3 10  5]
 - Client 742: [5 8 4 6 7 5 4 5 3 3]
 - Client 743: [6 6 5 5 8 5 5 6 3 1]
 - Client 744: [2 4 5 4 7 7 4 6 6 5]
 - Client 745: [4 5 5 2 4 8 8 5 4 5]
 - Client 746: [5 4 5 4 6 8 8 3 6 1]
 - Client 747: [5 8 4 7 5 2 6 5 5 3]
 - Client 748: [6 3 5 5 3 5 7 9 4 3]
 - Client 749: [5 4 5 5 7 5 8 3 3 5]
 - Client 750: [3 4 4 2 4 8 5 7 6 7]
 - Client 751: [5 5 7 8 2 3 4 5 4 7]
 - Client 752: [4 3 4 6 8 6 5 6 3 5]
 - Client 753: [4 5 4 6 4 6 6 8 5 2]
 - Client 754: [ 1  7  4  6  3  6  4  6  3 10]
 - Client 755: [5 7 4 7 5 5 8 4 2 3]
 - Client 756: [3 3 4 6 6 6 8 4 5 5]
 - Client 757: [4 9 3 5 7 3 6 7 3 3]
 - Client 758: [4 9 3 8 5 6 1 8 0 6]
 - Client 759: [ 5 10  7  5  4  5  5  3  3  3]
 - Client 760: [8 8 3 6 4 5 4 2 3 7]
 - Client 761: [2 5 5 7 5 5 4 8 4 5]
 - Client 762: [ 3  2  3  9  6  3  4 10  4  6]
 - Client 763: [1 5 5 9 3 5 4 7 6 5]
 - Client 764: [3 7 7 6 6 7 2 6 4 2]
 - Client 765: [4 5 6 7 4 4 7 5 4 4]
 - Client 766: [5 2 3 6 5 6 5 7 6 5]
 - Client 767: [3 7 3 6 7 8 3 5 6 2]
 - Client 768: [3 4 2 6 6 5 5 7 4 8]
 - Client 769: [6 4 3 3 4 4 6 5 7 8]
 - Client 770: [6 6 2 4 5 7 4 9 4 3]
 - Client 771: [6 6 3 2 3 7 3 7 4 9]
 - Client 772: [9 2 2 2 9 9 4 4 5 4]
 - Client 773: [6 4 9 4 7 4 5 6 2 3]
 - Client 774: [1 9 3 4 4 7 4 7 3 8]
 - Client 775: [7 5 1 5 6 5 5 5 5 6]
 - Client 776: [3 1 7 7 4 4 6 5 9 4]
 - Client 777: [2 6 3 5 9 3 3 9 6 4]
 - Client 778: [4 9 8 4 5 1 7 3 4 5]
 - Client 779: [7 6 4 5 5 4 6 2 7 4]
 - Client 780: [2 3 4 8 6 6 3 6 8 4]
 - Client 781: [5 5 5 7 6 4 5 5 4 4]
 - Client 782: [8 1 6 7 6 6 2 5 6 3]
 - Client 783: [3 9 2 7 5 6 5 2 3 8]
 - Client 784: [5 7 5 0 5 4 8 3 6 7]
 - Client 785: [5 6 5 1 2 5 7 5 9 5]
 - Client 786: [3 5 5 6 4 4 2 5 9 7]
 - Client 787: [4 6 3 4 9 3 5 7 3 6]
 - Client 788: [5 6 8 5 6 1 6 2 6 5]
 - Client 789: [3 9 7 7 3 3 4 8 1 5]
 - Client 790: [ 6  4  7  5  1  4 11  2  3  7]
 - Client 791: [5 6 6 4 3 6 2 6 5 7]
 - Client 792: [5 5 4 3 3 7 5 4 7 7]
 - Client 793: [7 0 3 6 4 8 7 7 6 2]
 - Client 794: [5 6 4 5 4 4 7 4 6 5]
 - Client 795: [ 6  2  3  7  6  3 10  4  3  6]
 - Client 796: [8 4 4 6 5 4 2 7 4 6]
 - Client 797: [4 6 6 2 5 6 5 5 6 5]
 - Client 798: [2 6 3 6 4 4 8 6 5 6]
 - Client 799: [3 4 2 9 5 3 7 5 7 5]
 - Client 800: [5 5 5 5 3 6 5 6 5 5]
 - Client 801: [6 2 8 5 5 3 7 2 6 6]
 - Client 802: [ 2  4  6  2  4  7  7  3 11  4]
 - Client 803: [6 7 6 7 5 3 5 3 4 4]
 - Client 804: [ 4  3  7 10  6  2  7  1  7  3]
 - Client 805: [2 6 7 5 7 4 4 6 5 4]
 - Client 806: [5 2 6 8 5 5 7 2 6 4]
 - Client 807: [5 1 5 5 7 9 4 5 8 1]
 - Client 808: [3 8 3 7 3 4 8 4 6 4]
 - Client 809: [3 9 7 6 2 3 8 4 4 4]
 - Client 810: [7 6 1 4 5 7 6 5 5 4]
 - Client 811: [ 5  3  7  5  6 10  2  6  2  4]
 - Client 812: [2 9 9 6 5 2 3 8 2 4]
 - Client 813: [ 8  1  6  5  0  8  2  4  6 10]
 - Client 814: [5 9 4 5 0 6 4 9 3 5]
 - Client 815: [1 7 7 4 5 6 4 4 5 7]
 - Client 816: [9 5 8 2 1 4 5 4 5 7]
 - Client 817: [2 7 2 1 5 8 9 7 3 6]
 - Client 818: [3 3 9 3 5 6 3 7 8 3]
 - Client 819: [3 5 6 5 6 5 3 7 4 6]
 - Client 820: [6 3 3 3 8 7 5 5 6 4]
 - Client 821: [ 5  3  5  6 10  6  3  6  1  5]
 - Client 822: [3 3 4 4 9 7 6 2 9 3]
 - Client 823: [9 5 1 8 5 5 4 3 4 6]
 - Client 824: [ 5  1  3  5 10  5  6  3  7  5]
 - Client 825: [7 1 2 5 8 5 5 5 5 7]
 - Client 826: [8 2 8 4 8 3 3 5 5 4]
 - Client 827: [4 4 6 1 6 1 6 8 8 6]
 - Client 828: [7 3 8 7 4 3 4 6 4 4]
 - Client 829: [10  8  5 10  4  3  2  3  2  3]
 - Client 830: [ 6  5  3  3 10  3  9  6  4  1]
 - Client 831: [ 5  8 13  3  4  4  4  3  1  5]
 - Client 832: [ 4  4  0  6  8  3 10  5  5  5]
 - Client 833: [5 7 6 4 4 7 3 6 3 5]
 - Client 834: [8 3 5 6 6 0 6 6 4 6]
 - Client 835: [4 6 5 3 5 3 8 6 6 4]
 - Client 836: [3 6 8 5 2 6 3 8 5 4]
 - Client 837: [2 6 5 4 4 5 6 9 5 4]
 - Client 838: [7 5 9 4 3 6 5 4 5 2]
 - Client 839: [5 5 3 4 9 5 4 2 5 8]
 - Client 840: [5 6 2 9 5 6 3 4 6 4]
 - Client 841: [ 5 10  2  6  3  3  3  9  4  5]
 - Client 842: [6 5 6 6 6 2 3 5 6 5]
 - Client 843: [8 1 7 3 9 9 3 3 4 3]
 - Client 844: [6 5 6 5 6 3 3 9 3 4]
 - Client 845: [7 7 4 3 8 8 4 3 4 2]
 - Client 846: [5 2 6 7 7 5 8 3 2 5]
 - Client 847: [9 7 6 5 6 5 4 2 2 4]
 - Client 848: [2 6 5 5 6 5 3 6 3 9]
 - Client 849: [3 4 3 8 7 5 3 6 6 5]
 - Client 850: [ 3  3  2  6  5  5  4  6 10  6]
 - Client 851: [6 1 2 6 9 6 3 7 5 5]
 - Client 852: [2 6 3 5 2 6 9 8 4 5]
 - Client 853: [ 3  4  3  3  4  7  7  8  0 11]
 - Client 854: [ 8  5  4  4 10  4  5  6  4  0]
 - Client 855: [3 7 4 6 6 5 5 5 5 4]
 - Client 856: [5 4 7 3 1 9 9 3 5 4]
 - Client 857: [1 8 6 6 2 4 6 9 3 5]
 - Client 858: [6 7 3 2 4 6 3 4 7 8]
 - Client 859: [8 9 4 2 6 3 8 5 3 2]
 - Client 860: [ 3  6 13  5  3  6  2  3  4  5]
 - Client 861: [2 8 3 5 3 5 3 7 7 7]
 - Client 862: [ 2 11  8  3  4  9  4  5  3  1]
 - Client 863: [3 5 6 2 5 5 3 9 6 6]
 - Client 864: [1 5 5 6 9 6 6 5 4 3]
 - Client 865: [6 2 5 6 5 2 7 6 7 4]
 - Client 866: [5 8 3 4 8 3 4 6 5 4]
 - Client 867: [5 5 3 4 7 2 4 6 5 9]
 - Client 868: [5 7 4 4 4 5 4 5 5 7]
 - Client 869: [5 5 6 6 2 6 4 3 6 7]
 - Client 870: [3 2 7 8 3 3 7 7 4 6]
 - Client 871: [ 4  4 10  9  5  2  5  3  6  2]
 - Client 872: [ 5  7 11  6  3  4  4  0  6  4]
 - Client 873: [10  7  4  5  3  7  3  6  2  3]
 - Client 874: [ 3  3  5  2 10  4  5  5  5  8]
 - Client 875: [ 2  3  7  5  2  4  6  4 11  6]
 - Client 876: [3 4 7 6 3 7 6 5 3 6]
 - Client 877: [5 6 6 8 7 3 2 5 4 4]
 - Client 878: [3 7 8 2 5 7 6 5 4 3]
 - Client 879: [4 7 7 2 4 8 3 5 4 6]
 - Client 880: [ 2 10  5  8  8  4  6  5  1  1]
 - Client 881: [5 5 8 4 5 6 4 2 5 6]
 - Client 882: [ 3  6  6  5  2 11  4  8  3  2]
 - Client 883: [4 5 6 3 6 7 8 3 5 3]
 - Client 884: [4 7 4 3 4 7 6 3 4 8]
 - Client 885: [3 5 4 7 4 7 6 5 4 5]
 - Client 886: [7 6 2 5 2 5 6 3 7 7]
 - Client 887: [4 6 6 2 6 6 6 5 4 5]
 - Client 888: [7 4 5 3 8 3 4 4 5 7]
 - Client 889: [ 4  4  5  3  1 13  7  4  3  6]
 - Client 890: [5 7 7 7 3 2 3 4 6 6]
 - Client 891: [5 2 2 9 5 7 4 8 5 3]
 - Client 892: [3 4 7 6 3 7 4 5 4 7]
 - Client 893: [ 3  6 10  7  4  7  4  2  0  7]
 - Client 894: [3 2 6 5 7 6 2 5 7 7]
 - Client 895: [5 5 7 3 2 5 4 6 9 4]
 - Client 896: [7 4 5 2 6 9 5 2 5 5]
 - Client 897: [7 6 3 4 2 5 7 3 8 5]
 - Client 898: [ 4  7 10  2  5  5  3  7  3  4]
 - Client 899: [3 3 6 5 4 3 5 6 6 9]
 - Client 900: [7 4 5 6 9 5 3 3 5 3]
 - Client 901: [ 5  6 10  4  2  5  3  5  4  6]
 - Client 902: [3 0 9 6 4 7 4 8 4 5]
 - Client 903: [6 7 5 1 3 8 4 9 3 4]
 - Client 904: [8 7 5 3 5 4 7 6 2 3]
 - Client 905: [3 4 8 8 4 5 5 2 6 5]
 - Client 906: [ 3  7  6  9  4  2 10  2  2  5]
 - Client 907: [4 7 6 5 2 7 3 8 5 3]
 - Client 908: [3 7 2 5 3 4 4 8 9 5]
 - Client 909: [5 4 4 6 1 8 6 3 7 6]
 - Client 910: [5 1 8 4 4 4 8 5 6 5]
 - Client 911: [5 8 5 2 3 3 4 8 5 7]
 - Client 912: [4 3 5 6 8 6 5 4 4 5]
 - Client 913: [6 7 5 6 5 6 4 3 3 5]
 - Client 914: [6 6 9 5 2 5 7 0 7 3]
 - Client 915: [4 7 9 5 5 4 2 5 4 5]
 - Client 916: [6 4 6 6 7 3 4 5 3 6]
 - Client 917: [5 3 3 6 7 4 5 6 5 6]
 - Client 918: [ 5  3  2 13  2  1 11  2  4  7]
 - Client 919: [6 4 9 8 6 3 4 3 5 2]
 - Client 920: [ 4  3  2  3  4 12  4  4  8  6]
 - Client 921: [9 4 5 4 2 5 8 4 3 6]
 - Client 922: [3 2 5 5 4 9 8 6 5 3]
 - Client 923: [ 5 10  4  5  7  2  6  7  3  1]
 - Client 924: [6 6 3 8 8 5 2 1 6 5]
 - Client 925: [5 3 5 4 7 0 6 5 9 6]
 - Client 926: [5 2 7 4 3 7 3 6 9 4]
 - Client 927: [5 3 6 5 8 4 6 4 4 5]
 - Client 928: [7 6 8 3 4 7 2 6 4 3]
 - Client 929: [5 3 7 3 4 4 6 8 6 4]
 - Client 930: [4 4 4 4 5 5 5 9 5 5]
 - Client 931: [6 5 5 9 2 5 6 4 3 5]
 - Client 932: [4 5 4 4 8 9 4 5 3 4]
 - Client 933: [4 6 5 3 4 8 7 7 4 2]
 - Client 934: [3 6 2 4 7 7 3 7 5 6]
 - Client 935: [4 5 3 5 4 9 4 4 4 8]
 - Client 936: [7 7 6 4 4 6 2 7 4 3]
 - Client 937: [ 6  3  5  5  5 11  3  5  4  3]
 - Client 938: [4 6 6 4 4 3 2 7 8 6]
 - Client 939: [ 5  2  5  4  7 10  4  5  3  5]
 - Client 940: [8 3 5 1 5 7 2 7 3 9]
 - Client 941: [2 6 3 7 4 7 5 3 7 6]
 - Client 942: [ 6  5  5  4  6  2  3  3  6 10]
 - Client 943: [5 6 6 7 3 8 4 2 7 2]
 - Client 944: [5 6 2 2 2 6 8 4 7 8]
 - Client 945: [5 5 7 5 4 3 6 5 3 7]
 - Client 946: [2 2 9 5 5 6 5 4 5 7]
 - Client 947: [ 4  6  4 11  6  2  4  5  4  4]
 - Client 948: [8 4 4 5 6 8 4 3 2 6]
 - Client 949: [ 4 10  4  9  9  3  4  1  3  3]
 - Client 950: [5 4 7 4 4 4 6 4 6 6]
 - Client 951: [3 8 7 5 6 2 5 4 7 3]
 - Client 952: [4 6 3 4 3 4 8 4 8 6]
 - Client 953: [6 8 4 5 5 4 2 7 5 4]
 - Client 954: [8 5 6 6 5 3 5 3 3 6]
 - Client 955: [ 5  3  2  6  5  6 11  4  3  5]
 - Client 956: [4 5 4 4 4 5 9 6 4 5]
 - Client 957: [ 9  5  3  2  2  5 11  5  5  3]
 - Client 958: [6 6 7 4 4 3 5 5 5 5]
 - Client 959: [3 7 7 4 9 3 4 7 3 3]
 - Client 960: [4 6 2 6 4 8 6 1 8 5]
 - Client 961: [0 7 8 4 6 4 4 4 7 6]
 - Client 962: [4 6 8 2 8 3 6 5 2 6]
 - Client 963: [4 3 7 8 3 5 9 8 1 2]
 - Client 964: [2 5 5 8 9 4 6 2 3 6]
 - Client 965: [2 6 2 2 7 8 7 8 5 3]
 - Client 966: [4 3 4 7 6 4 5 6 6 5]
 - Client 967: [5 2 5 6 5 4 9 5 3 6]
 - Client 968: [ 8  2  5  1  8  4 10  2  3  7]
 - Client 969: [8 3 3 6 5 7 4 4 6 4]
 - Client 970: [ 8  1  8  3  2 11  2  7  4  4]
 - Client 971: [6 2 9 4 8 5 1 6 4 5]
 - Client 972: [4 4 5 3 5 7 5 8 2 7]
 - Client 973: [5 3 7 5 7 8 9 3 2 1]
 - Client 974: [ 3 11  7  5  4  2  2  4  4  8]
 - Client 975: [5 6 6 2 4 4 5 7 2 9]
 - Client 976: [4 6 3 5 2 8 4 5 4 9]
 - Client 977: [ 2  2  5  5  5  7  5  5 10  4]
 - Client 978: [ 4  2  7  7  5  2  4  4  4 11]
 - Client 979: [5 6 3 6 9 4 3 4 2 8]
 - Client 980: [6 4 4 8 3 3 5 6 5 6]
 - Client 981: [ 4 10  8  2  5  2  8  4  3  4]
 - Client 982: [11  2  2  4  1  7  7  4  6  6]
 - Client 983: [3 7 4 6 9 4 4 6 4 3]
 - Client 984: [7 7 6 7 4 3 3 3 4 6]
 - Client 985: [8 7 6 3 5 3 2 6 6 4]
 - Client 986: [3 7 9 6 6 3 1 8 6 1]
 - Client 987: [2 4 4 4 4 7 8 8 5 4]
 - Client 988: [2 5 8 8 6 4 5 5 2 5]
 - Client 989: [4 6 4 9 3 6 5 3 5 5]
 - Client 990: [7 5 9 4 1 5 6 4 5 4]
 - Client 991: [4 6 9 7 6 2 3 4 6 3]
 - Client 992: [7 5 7 2 6 3 7 6 4 3]
 - Client 993: [8 3 6 5 3 3 9 4 5 4]
 - Client 994: [3 2 4 9 1 5 5 8 6 7]
 - Client 995: [3 6 2 3 8 5 5 5 8 5]
 - Client 996: [5 9 5 3 7 6 7 3 4 1]
 - Client 997: [5 7 3 2 4 8 4 6 6 5]
 - Client 998: [4 8 3 2 5 7 5 5 7 4]
 - Client 999: [ 4  0  4  7  7  1  6 10  5  6]

Model:
 - conv1.weight                   [6, 3, 5, 5]
 - conv1.bias                     [6]
 - conv2.weight                   [16, 6, 5, 5]
 - conv2.bias                     [16]
 - fc1.weight                     [120, 400]
 - fc1.bias                       [120]
 - fc2.weight                     [84, 120]
 - fc2.bias                       [84]
 - fc3.weight                     [10, 84]
 - fc3.bias                       [10]
Total number of Parameters:  62006

Start Distributed Training..

Experiment: main (1/2)
{'communication_round': 1, 'lr': 0.002, 'epochs': 10}
{'client_train_loss': 2.282577896118164}
{'server_val_accuracy': 0.1029}
Saved results to  /opt/small_files/manyclients/xp_63610.npz
Remaining Time (approx.): 00:55:08 [0.10%]

Experiment: main (1/2)
{'communication_round': 100, 'lr': 0.002, 'epochs': 1000}
{'client_train_loss': 2.284877562522888}
{'server_val_accuracy': 0.1053}
Saved results to  /opt/small_files/manyclients/xp_63610.npz
Remaining Time (approx.): 00:14:35 [10.00%]

Experiment: main (1/2)
{'communication_round': 200, 'lr': 0.002, 'epochs': 2000}
{'client_train_loss': 1.8410176038742065}
{'server_val_accuracy': 0.2431}
Saved results to  /opt/small_files/manyclients/xp_63610.npz
Remaining Time (approx.): 00:12:48 [20.00%]

Experiment: main (1/2)
{'communication_round': 300, 'lr': 0.002, 'epochs': 3000}
{'client_train_loss': 1.6643551468849183}
{'server_val_accuracy': 0.3131}
Saved results to  /opt/small_files/manyclients/xp_63610.npz
Remaining Time (approx.): 00:11:07 [30.00%]

Experiment: main (1/2)
{'communication_round': 400, 'lr': 0.002, 'epochs': 4000}
{'client_train_loss': 1.7009437203407287}
{'server_val_accuracy': 0.3921}
Saved results to  /opt/small_files/manyclients/xp_63610.npz
Remaining Time (approx.): 00:09:28 [40.00%]

Experiment: main (1/2)
{'communication_round': 500, 'lr': 0.002, 'epochs': 5000}
{'client_train_loss': 1.1549547791481019}
{'server_val_accuracy': 0.4343}
Saved results to  /opt/small_files/manyclients/xp_63610.npz
Remaining Time (approx.): 00:07:54 [50.00%]

Experiment: main (1/2)
{'communication_round': 600, 'lr': 0.002, 'epochs': 6000}
{'client_train_loss': 0.6793428465723992}
{'server_val_accuracy': 0.4577}
Saved results to  /opt/small_files/manyclients/xp_63610.npz
Remaining Time (approx.): 00:06:18 [60.00%]

Experiment: main (1/2)
{'communication_round': 700, 'lr': 0.002, 'epochs': 7000}
{'client_train_loss': 0.42200931198894975}
{'server_val_accuracy': 0.478}
Saved results to  /opt/small_files/manyclients/xp_63610.npz
Remaining Time (approx.): 00:04:43 [70.00%]

Experiment: main (1/2)
{'communication_round': 800, 'lr': 0.002, 'epochs': 8000}
{'client_train_loss': 0.5450547199696303}
{'server_val_accuracy': 0.4979}
Saved results to  /opt/small_files/manyclients/xp_63610.npz
Remaining Time (approx.): 00:03:08 [80.00%]

Experiment: main (1/2)
{'communication_round': 900, 'lr': 0.002, 'epochs': 9000}
{'client_train_loss': 0.2942207222804427}
{'server_val_accuracy': 0.5059}
Saved results to  /opt/small_files/manyclients/xp_63610.npz
Remaining Time (approx.): 00:01:34 [90.00%]

Experiment: main (1/2)
{'communication_round': 1000, 'lr': 0.002, 'epochs': 10000}
{'client_train_loss': 0.16895292922854424}
{'server_val_accuracy': 0.5216}
Saved results to  /opt/small_files/manyclients/xp_63610.npz
Remaining Time (approx.): 00:00:00 [100.00%]

Hyperparameters: 
 - dataset                 cifar10
 - net                     lenet_cifar
 - n_clients               1000
 - n_data                  None
 - communication_rounds    1000
 - local_epochs            10
 - participation_rate      0.01
 - classes_per_client      1
 - batch_size              128
 - balancedness            1.0
 - pretrained              None
 - save_model              None
 - log_frequency           -100
 - log_path                manyclients/
 - finished                False
 - log_id                  21863

Files already downloaded and verified
Files already downloaded and verified
Data split:
 - Client 0: [ 0  0 50  0  0  0  0  0  0  0]
 - Client 1: [ 0  0  0  0  0  0  0 50  0  0]
 - Client 2: [50  0  0  0  0  0  0  0  0  0]
 - Client 3: [ 0  0  0  0  0 50  0  0  0  0]
 - Client 4: [ 0  0  0  0 50  0  0  0  0  0]
 - Client 5: [ 0  0  0 50  0  0  0  0  0  0]
 - Client 6: [50  0  0  0  0  0  0  0  0  0]
 - Client 7: [ 0  0  0  0  0  0  0  0  0 50]
 - Client 8: [50  0  0  0  0  0  0  0  0  0]
 - Client 9: [ 0  0  0  0  0  0  0  0  0 50]
 - Client 10: [50  0  0  0  0  0  0  0  0  0]
 - Client 11: [ 0  0  0  0  0  0  0 50  0  0]
 - Client 12: [ 0  0 50  0  0  0  0  0  0  0]
 - Client 13: [ 0 50  0  0  0  0  0  0  0  0]
 - Client 14: [ 0  0  0 50  0  0  0  0  0  0]
 - Client 15: [ 0  0 50  0  0  0  0  0  0  0]
 - Client 16: [ 0  0  0  0  0  0  0 50  0  0]
 - Client 17: [50  0  0  0  0  0  0  0  0  0]
 - Client 18: [ 0 50  0  0  0  0  0  0  0  0]
 - Client 19: [ 0  0 50  0  0  0  0  0  0  0]
 - Client 20: [ 0  0  0  0  0  0  0  0  0 50]
 - Client 21: [ 0  0  0  0 50  0  0  0  0  0]
 - Client 22: [ 0  0  0  0  0  0  0  0 50  0]
 - Client 23: [ 0  0  0 50  0  0  0  0  0  0]
 - Client 24: [ 0  0  0  0  0  0 50  0  0  0]
 - Client 25: [ 0  0  0  0  0 50  0  0  0  0]
 - Client 26: [ 0  0  0  0  0  0  0  0 50  0]
 - Client 27: [ 0  0  0  0  0  0 50  0  0  0]
 - Client 28: [ 0  0  0  0  0  0  0  0 50  0]
 - Client 29: [ 0  0  0  0  0  0  0  0  0 50]
 - Client 30: [ 0  0  0  0 50  0  0  0  0  0]
 - Client 31: [50  0  0  0  0  0  0  0  0  0]
 - Client 32: [ 0  0  0  0 50  0  0  0  0  0]
 - Client 33: [ 0 50  0  0  0  0  0  0  0  0]
 - Client 34: [50  0  0  0  0  0  0  0  0  0]
 - Client 35: [ 0  0 50  0  0  0  0  0  0  0]
 - Client 36: [ 0 50  0  0  0  0  0  0  0  0]
 - Client 37: [ 0 50  0  0  0  0  0  0  0  0]
 - Client 38: [ 0  0 50  0  0  0  0  0  0  0]
 - Client 39: [ 0  0  0  0  0  0 50  0  0  0]
 - Client 40: [50  0  0  0  0  0  0  0  0  0]
 - Client 41: [ 0  0  0  0  0  0  0 50  0  0]
 - Client 42: [ 0  0  0  0  0  0  0 50  0  0]
 - Client 43: [ 0  0 50  0  0  0  0  0  0  0]
 - Client 44: [ 0  0  0 50  0  0  0  0  0  0]
 - Client 45: [50  0  0  0  0  0  0  0  0  0]
 - Client 46: [ 0  0  0  0  0  0  0  0 50  0]
 - Client 47: [ 0  0 50  0  0  0  0  0  0  0]
 - Client 48: [ 0  0 50  0  0  0  0  0  0  0]
 - Client 49: [ 0  0  0  0  0  0  0  0  0 50]
 - Client 50: [ 0  0  0  0  0 50  0  0  0  0]
 - Client 51: [ 0  0  0  0 50  0  0  0  0  0]
 - Client 52: [ 0  0  0  0  0  0  0  0  0 50]
 - Client 53: [50  0  0  0  0  0  0  0  0  0]
 - Client 54: [ 0  0  0  0  0  0  0  0  0 50]
 - Client 55: [ 0  0  0  0  0  0 50  0  0  0]
 - Client 56: [ 0  0  0  0  0  0  0 50  0  0]
 - Client 57: [ 0  0  0  0  0  0  0  0 50  0]
 - Client 58: [ 0  0  0  0 50  0  0  0  0  0]
 - Client 59: [ 0 50  0  0  0  0  0  0  0  0]
 - Client 60: [ 0  0  0  0  0  0 50  0  0  0]
 - Client 61: [ 0 50  0  0  0  0  0  0  0  0]
 - Client 62: [ 0  0  0  0  0  0  0 50  0  0]
 - Client 63: [ 0  0  0  0  0  0 50  0  0  0]
 - Client 64: [50  0  0  0  0  0  0  0  0  0]
 - Client 65: [ 0  0  0  0  0 50  0  0  0  0]
 - Client 66: [ 0  0  0  0 50  0  0  0  0  0]
 - Client 67: [ 0  0  0  0  0 50  0  0  0  0]
 - Client 68: [ 0  0  0  0  0  0 50  0  0  0]
 - Client 69: [ 0 50  0  0  0  0  0  0  0  0]
 - Client 70: [ 0 50  0  0  0  0  0  0  0  0]
 - Client 71: [ 0  0  0  0  0  0  0  0 50  0]
 - Client 72: [ 0  0  0  0  0  0 50  0  0  0]
 - Client 73: [ 0  0  0  0  0  0  0  0 50  0]
 - Client 74: [ 0  0  0  0  0  0  0  0  0 50]
 - Client 75: [50  0  0  0  0  0  0  0  0  0]
 - Client 76: [50  0  0  0  0  0  0  0  0  0]
 - Client 77: [ 0  0  0  0  0  0 50  0  0  0]
 - Client 78: [ 0  0  0  0  0  0  0  0 50  0]
 - Client 79: [ 0  0  0  0  0  0  0 50  0  0]
 - Client 80: [ 0  0  0 50  0  0  0  0  0  0]
 - Client 81: [ 0  0  0  0 50  0  0  0  0  0]
 - Client 82: [ 0  0  0  0  0  0  0  0 50  0]
 - Client 83: [ 0  0  0  0  0  0  0  0  0 50]
 - Client 84: [ 0 50  0  0  0  0  0  0  0  0]
 - Client 85: [ 0  0  0  0 50  0  0  0  0  0]
 - Client 86: [ 0  0  0  0  0  0  0 50  0  0]
 - Client 87: [ 0  0  0  0 50  0  0  0  0  0]
 - Client 88: [ 0 50  0  0  0  0  0  0  0  0]
 - Client 89: [ 0  0  0  0 50  0  0  0  0  0]
 - Client 90: [ 0  0  0  0  0  0 50  0  0  0]
 - Client 91: [50  0  0  0  0  0  0  0  0  0]
 - Client 92: [ 0  0  0  0  0  0  0 50  0  0]
 - Client 93: [ 0  0  0  0  0  0  0 50  0  0]
 - Client 94: [ 0  0 50  0  0  0  0  0  0  0]
 - Client 95: [ 0  0  0  0 50  0  0  0  0  0]
 - Client 96: [ 0  0  0  0  0 50  0  0  0  0]
 - Client 97: [50  0  0  0  0  0  0  0  0  0]
 - Client 98: [ 0  0  0  0  0 50  0  0  0  0]
 - Client 99: [ 0  0 50  0  0  0  0  0  0  0]
 - Client 100: [ 0  0  0  0  0 50  0  0  0  0]
 - Client 101: [ 0  0  0  0 50  0  0  0  0  0]
 - Client 102: [ 0  0  0  0  0  0  0  0 50  0]
 - Client 103: [50  0  0  0  0  0  0  0  0  0]
 - Client 104: [ 0  0  0  0 50  0  0  0  0  0]
 - Client 105: [ 0  0  0  0  0  0 50  0  0  0]
 - Client 106: [50  0  0  0  0  0  0  0  0  0]
 - Client 107: [ 0  0  0  0  0  0 50  0  0  0]
 - Client 108: [50  0  0  0  0  0  0  0  0  0]
 - Client 109: [ 0  0  0  0  0  0  0  0  0 50]
 - Client 110: [ 0  0  0  0  0  0 50  0  0  0]
 - Client 111: [ 0  0 50  0  0  0  0  0  0  0]
 - Client 112: [ 0  0 50  0  0  0  0  0  0  0]
 - Client 113: [ 0  0  0  0  0  0  0  0 50  0]
 - Client 114: [ 0  0 50  0  0  0  0  0  0  0]
 - Client 115: [ 0  0  0  0  0 50  0  0  0  0]
 - Client 116: [ 0  0  0  0 50  0  0  0  0  0]
 - Client 117: [ 0  0  0  0  0 50  0  0  0  0]
 - Client 118: [50  0  0  0  0  0  0  0  0  0]
 - Client 119: [ 0  0  0  0  0  0  0  0  0 50]
 - Client 120: [ 0  0 50  0  0  0  0  0  0  0]
 - Client 121: [ 0  0  0  0  0  0  0  0  0 50]
 - Client 122: [50  0  0  0  0  0  0  0  0  0]
 - Client 123: [ 0  0 50  0  0  0  0  0  0  0]
 - Client 124: [50  0  0  0  0  0  0  0  0  0]
 - Client 125: [ 0  0  0  0  0  0  0 50  0  0]
 - Client 126: [ 0  0  0  0  0  0  0 50  0  0]
 - Client 127: [ 0  0  0  0  0  0  0  0 50  0]
 - Client 128: [ 0  0  0  0 50  0  0  0  0  0]
 - Client 129: [ 0  0 50  0  0  0  0  0  0  0]
 - Client 130: [ 0  0  0  0  0  0  0  0  0 50]
 - Client 131: [ 0  0  0 50  0  0  0  0  0  0]
 - Client 132: [ 0  0  0  0  0  0 50  0  0  0]
 - Client 133: [ 0  0  0  0  0  0  0  0  0 50]
 - Client 134: [ 0  0  0 50  0  0  0  0  0  0]
 - Client 135: [50  0  0  0  0  0  0  0  0  0]
 - Client 136: [ 0  0  0  0  0  0  0  0 50  0]
 - Client 137: [ 0  0  0  0  0  0  0 50  0  0]
 - Client 138: [ 0  0 50  0  0  0  0  0  0  0]
 - Client 139: [ 0  0  0  0  0  0  0  0 50  0]
 - Client 140: [ 0  0  0  0 50  0  0  0  0  0]
 - Client 141: [ 0 50  0  0  0  0  0  0  0  0]
 - Client 142: [ 0 50  0  0  0  0  0  0  0  0]
 - Client 143: [ 0  0  0 50  0  0  0  0  0  0]
 - Client 144: [50  0  0  0  0  0  0  0  0  0]
 - Client 145: [ 0  0  0  0  0  0  0  0 50  0]
 - Client 146: [ 0  0  0  0 50  0  0  0  0  0]
 - Client 147: [ 0  0  0 50  0  0  0  0  0  0]
 - Client 148: [ 0  0  0  0 50  0  0  0  0  0]
 - Client 149: [50  0  0  0  0  0  0  0  0  0]
 - Client 150: [ 0  0  0  0 50  0  0  0  0  0]
 - Client 151: [ 0  0  0  0  0  0  0  0  0 50]
 - Client 152: [ 0  0  0  0  0  0  0 50  0  0]
 - Client 153: [ 0  0  0  0  0  0  0 50  0  0]
 - Client 154: [ 0  0  0 50  0  0  0  0  0  0]
 - Client 155: [ 0  0  0  0  0  0  0 50  0  0]
 - Client 156: [ 0  0  0  0  0  0  0 50  0  0]
 - Client 157: [ 0  0  0  0 50  0  0  0  0  0]
 - Client 158: [50  0  0  0  0  0  0  0  0  0]
 - Client 159: [ 0  0  0  0  0  0  0 50  0  0]
 - Client 160: [ 0  0  0  0  0  0 50  0  0  0]
 - Client 161: [ 0  0 50  0  0  0  0  0  0  0]
 - Client 162: [50  0  0  0  0  0  0  0  0  0]
 - Client 163: [ 0  0  0  0  0  0 50  0  0  0]
 - Client 164: [ 0  0  0  0  0 50  0  0  0  0]
 - Client 165: [50  0  0  0  0  0  0  0  0  0]
 - Client 166: [ 0  0  0 50  0  0  0  0  0  0]
 - Client 167: [ 0  0  0  0 50  0  0  0  0  0]
 - Client 168: [ 0  0  0  0  0  0 50  0  0  0]
 - Client 169: [ 0  0  0  0  0  0 50  0  0  0]
 - Client 170: [50  0  0  0  0  0  0  0  0  0]
 - Client 171: [ 0  0  0  0  0  0  0  0  0 50]
 - Client 172: [ 0  0  0 50  0  0  0  0  0  0]
 - Client 173: [ 0 50  0  0  0  0  0  0  0  0]
 - Client 174: [ 0  0  0  0  0  0  0  0 50  0]
 - Client 175: [ 0  0  0  0  0  0  0 50  0  0]
 - Client 176: [ 0  0  0  0  0 50  0  0  0  0]
 - Client 177: [ 0  0  0  0 50  0  0  0  0  0]
 - Client 178: [ 0  0  0  0  0  0 50  0  0  0]
 - Client 179: [ 0  0  0 50  0  0  0  0  0  0]
 - Client 180: [ 0  0  0  0  0  0  0  0  0 50]
 - Client 181: [ 0 50  0  0  0  0  0  0  0  0]
 - Client 182: [ 0  0  0  0 50  0  0  0  0  0]
 - Client 183: [ 0  0  0  0  0  0  0  0 50  0]
 - Client 184: [ 0  0  0  0 50  0  0  0  0  0]
 - Client 185: [50  0  0  0  0  0  0  0  0  0]
 - Client 186: [ 0 50  0  0  0  0  0  0  0  0]
 - Client 187: [ 0  0  0  0  0 50  0  0  0  0]
 - Client 188: [ 0  0  0  0  0  0  0  0 50  0]
 - Client 189: [ 0  0 50  0  0  0  0  0  0  0]
 - Client 190: [ 0  0  0  0  0  0  0  0 50  0]
 - Client 191: [ 0 50  0  0  0  0  0  0  0  0]
 - Client 192: [ 0  0 50  0  0  0  0  0  0  0]
 - Client 193: [ 0 50  0  0  0  0  0  0  0  0]
 - Client 194: [50  0  0  0  0  0  0  0  0  0]
 - Client 195: [ 0 50  0  0  0  0  0  0  0  0]
 - Client 196: [ 0  0  0  0  0  0  0  0 50  0]
 - Client 197: [ 0  0  0 50  0  0  0  0  0  0]
 - Client 198: [ 0  0 50  0  0  0  0  0  0  0]
 - Client 199: [ 0  0  0  0  0 50  0  0  0  0]
 - Client 200: [50  0  0  0  0  0  0  0  0  0]
 - Client 201: [ 0  0  0  0  0  0  0  0 50  0]
 - Client 202: [ 0  0  0  0  0 50  0  0  0  0]
 - Client 203: [50  0  0  0  0  0  0  0  0  0]
 - Client 204: [50  0  0  0  0  0  0  0  0  0]
 - Client 205: [ 0  0  0  0 50  0  0  0  0  0]
 - Client 206: [ 0  0  0  0  0  0 50  0  0  0]
 - Client 207: [ 0  0  0 50  0  0  0  0  0  0]
 - Client 208: [ 0  0  0  0  0  0  0 50  0  0]
 - Client 209: [ 0  0  0  0  0  0  0 50  0  0]
 - Client 210: [ 0 50  0  0  0  0  0  0  0  0]
 - Client 211: [ 0  0  0  0  0 50  0  0  0  0]
 - Client 212: [ 0  0  0  0  0  0  0  0  0 50]
 - Client 213: [ 0 50  0  0  0  0  0  0  0  0]
 - Client 214: [50  0  0  0  0  0  0  0  0  0]
 - Client 215: [ 0  0  0  0  0  0  0 50  0  0]
 - Client 216: [ 0  0  0  0 50  0  0  0  0  0]
 - Client 217: [ 0  0  0 50  0  0  0  0  0  0]
 - Client 218: [50  0  0  0  0  0  0  0  0  0]
 - Client 219: [ 0  0  0  0  0  0  0 50  0  0]
 - Client 220: [ 0  0  0  0  0  0  0  0  0 50]
 - Client 221: [50  0  0  0  0  0  0  0  0  0]
 - Client 222: [ 0  0  0  0  0  0 50  0  0  0]
 - Client 223: [ 0  0  0  0 50  0  0  0  0  0]
 - Client 224: [ 0  0  0  0  0 50  0  0  0  0]
 - Client 225: [ 0  0  0  0  0  0  0 50  0  0]
 - Client 226: [ 0 50  0  0  0  0  0  0  0  0]
 - Client 227: [ 0  0  0  0  0  0  0  0 50  0]
 - Client 228: [ 0  0  0 50  0  0  0  0  0  0]
 - Client 229: [ 0  0  0 50  0  0  0  0  0  0]
 - Client 230: [ 0  0  0  0  0  0  0  0 50  0]
 - Client 231: [ 0  0  0  0  0  0  0 50  0  0]
 - Client 232: [ 0  0  0  0 50  0  0  0  0  0]
 - Client 233: [ 0  0  0  0  0  0  0  0  0 50]
 - Client 234: [ 0  0  0  0  0  0  0 50  0  0]
 - Client 235: [ 0  0  0  0  0  0  0  0  0 50]
 - Client 236: [50  0  0  0  0  0  0  0  0  0]
 - Client 237: [ 0  0  0  0  0 50  0  0  0  0]
 - Client 238: [ 0  0  0  0 50  0  0  0  0  0]
 - Client 239: [ 0  0  0  0  0 50  0  0  0  0]
 - Client 240: [ 0  0  0  0 50  0  0  0  0  0]
 - Client 241: [ 0  0 50  0  0  0  0  0  0  0]
 - Client 242: [ 0  0  0 50  0  0  0  0  0  0]
 - Client 243: [ 0 50  0  0  0  0  0  0  0  0]
 - Client 244: [ 0  0  0  0  0 50  0  0  0  0]
 - Client 245: [50  0  0  0  0  0  0  0  0  0]
 - Client 246: [ 0 50  0  0  0  0  0  0  0  0]
 - Client 247: [ 0  0  0 50  0  0  0  0  0  0]
 - Client 248: [50  0  0  0  0  0  0  0  0  0]
 - Client 249: [ 0 50  0  0  0  0  0  0  0  0]
 - Client 250: [ 0  0  0 50  0  0  0  0  0  0]
 - Client 251: [ 0  0 50  0  0  0  0  0  0  0]
 - Client 252: [ 0  0  0  0  0  0 50  0  0  0]
 - Client 253: [ 0  0  0  0  0  0  0  0 50  0]
 - Client 254: [ 0  0  0  0  0  0  0  0 50  0]
 - Client 255: [50  0  0  0  0  0  0  0  0  0]
 - Client 256: [ 0  0 50  0  0  0  0  0  0  0]
 - Client 257: [ 0  0  0  0  0  0  0  0  0 50]
 - Client 258: [ 0  0  0 50  0  0  0  0  0  0]
 - Client 259: [ 0  0  0  0  0  0 50  0  0  0]
 - Client 260: [ 0  0  0  0  0  0  0  0 50  0]
 - Client 261: [ 0  0  0  0  0  0 50  0  0  0]
 - Client 262: [ 0  0  0  0  0  0  0 50  0  0]
 - Client 263: [ 0 50  0  0  0  0  0  0  0  0]
 - Client 264: [ 0  0  0  0  0 50  0  0  0  0]
 - Client 265: [50  0  0  0  0  0  0  0  0  0]
 - Client 266: [ 0  0  0  0  0 50  0  0  0  0]
 - Client 267: [ 0  0  0  0 50  0  0  0  0  0]
 - Client 268: [ 0  0  0  0  0 50  0  0  0  0]
 - Client 269: [ 0  0  0  0  0  0  0 50  0  0]
 - Client 270: [50  0  0  0  0  0  0  0  0  0]
 - Client 271: [ 0  0  0 50  0  0  0  0  0  0]
 - Client 272: [ 0  0  0  0  0  0  0  0 50  0]
 - Client 273: [50  0  0  0  0  0  0  0  0  0]
 - Client 274: [ 0  0  0  0 50  0  0  0  0  0]
 - Client 275: [50  0  0  0  0  0  0  0  0  0]
 - Client 276: [ 0  0  0  0  0  0 50  0  0  0]
 - Client 277: [ 0  0 50  0  0  0  0  0  0  0]
 - Client 278: [ 0  0  0  0  0  0  0  0  0 50]
 - Client 279: [ 0  0  0  0  0  0 50  0  0  0]
 - Client 280: [ 0 50  0  0  0  0  0  0  0  0]
 - Client 281: [ 0  0  0  0  0 50  0  0  0  0]
 - Client 282: [ 0  0  0  0  0  0 50  0  0  0]
 - Client 283: [ 0  0  0  0 50  0  0  0  0  0]
 - Client 284: [50  0  0  0  0  0  0  0  0  0]
 - Client 285: [ 0  0  0 50  0  0  0  0  0  0]
 - Client 286: [ 0  0  0  0 50  0  0  0  0  0]
 - Client 287: [ 0  0  0  0  0  0  0 50  0  0]
 - Client 288: [ 0  0  0  0  0  0  0  0  0 50]
 - Client 289: [ 0 50  0  0  0  0  0  0  0  0]
 - Client 290: [ 0  0  0  0  0  0 50  0  0  0]
 - Client 291: [ 0  0  0  0  0  0  0  0  0 50]
 - Client 292: [ 0  0  0  0  0  0  0  0 50  0]
 - Client 293: [ 0 50  0  0  0  0  0  0  0  0]
 - Client 294: [ 0  0  0  0  0  0 50  0  0  0]
 - Client 295: [ 0  0  0  0  0 50  0  0  0  0]
 - Client 296: [50  0  0  0  0  0  0  0  0  0]
 - Client 297: [ 0  0  0  0  0 50  0  0  0  0]
 - Client 298: [ 0  0  0  0  0  0 50  0  0  0]
 - Client 299: [ 0 50  0  0  0  0  0  0  0  0]
 - Client 300: [ 0  0  0  0  0  0  0 50  0  0]
 - Client 301: [ 0  0  0  0  0  0  0 50  0  0]
 - Client 302: [50  0  0  0  0  0  0  0  0  0]
 - Client 303: [50  0  0  0  0  0  0  0  0  0]
 - Client 304: [ 0  0  0  0  0  0 50  0  0  0]
 - Client 305: [50  0  0  0  0  0  0  0  0  0]
 - Client 306: [ 0 50  0  0  0  0  0  0  0  0]
 - Client 307: [ 0  0 50  0  0  0  0  0  0  0]
 - Client 308: [ 0  0  0  0  0  0  0  0 50  0]
 - Client 309: [ 0  0 50  0  0  0  0  0  0  0]
 - Client 310: [50  0  0  0  0  0  0  0  0  0]
 - Client 311: [ 0  0  0  0  0  0 50  0  0  0]
 - Client 312: [ 0  0  0  0  0  0  0  0 50  0]
 - Client 313: [ 0  0 50  0  0  0  0  0  0  0]
 - Client 314: [ 0  0 50  0  0  0  0  0  0  0]
 - Client 315: [ 0  0  0  0  0  0  0  0  0 50]
 - Client 316: [ 0  0  0  0  0 50  0  0  0  0]
 - Client 317: [ 0  0  0  0  0  0  0 50  0  0]
 - Client 318: [ 0  0  0  0 50  0  0  0  0  0]
 - Client 319: [ 0  0  0  0  0  0  0  0  0 50]
 - Client 320: [ 0  0  0  0 50  0  0  0  0  0]
 - Client 321: [ 0  0  0  0  0  0 50  0  0  0]
 - Client 322: [ 0  0  0 50  0  0  0  0  0  0]
 - Client 323: [ 0  0 50  0  0  0  0  0  0  0]
 - Client 324: [ 0  0  0  0  0 50  0  0  0  0]
 - Client 325: [ 0 50  0  0  0  0  0  0  0  0]
 - Client 326: [ 0  0  0 50  0  0  0  0  0  0]
 - Client 327: [ 0 50  0  0  0  0  0  0  0  0]
 - Client 328: [ 0 50  0  0  0  0  0  0  0  0]
 - Client 329: [ 0  0  0  0 50  0  0  0  0  0]
 - Client 330: [ 0  0 50  0  0  0  0  0  0  0]
 - Client 331: [ 0  0  0  0 50  0  0  0  0  0]
 - Client 332: [50  0  0  0  0  0  0  0  0  0]
 - Client 333: [ 0  0  0  0  0  0  0 50  0  0]
 - Client 334: [ 0  0  0  0  0  0  0 50  0  0]
 - Client 335: [ 0  0  0  0  0  0 50  0  0  0]
 - Client 336: [ 0  0  0  0  0  0  0  0 50  0]
 - Client 337: [ 0  0  0  0  0 50  0  0  0  0]
 - Client 338: [ 0  0  0  0  0 50  0  0  0  0]
 - Client 339: [ 0  0  0  0  0  0  0  0 50  0]
 - Client 340: [ 0  0  0  0  0 50  0  0  0  0]
 - Client 341: [ 0  0  0  0  0  0  0  0 50  0]
 - Client 342: [ 0  0  0 50  0  0  0  0  0  0]
 - Client 343: [ 0  0  0  0  0  0 50  0  0  0]
 - Client 344: [ 0  0  0 50  0  0  0  0  0  0]
 - Client 345: [ 0  0  0 50  0  0  0  0  0  0]
 - Client 346: [ 0  0  0  0  0  0 50  0  0  0]
 - Client 347: [ 0  0  0  0  0  0 50  0  0  0]
 - Client 348: [ 0  0  0  0  0  0 50  0  0  0]
 - Client 349: [ 0  0  0  0  0  0  0 50  0  0]
 - Client 350: [ 0 50  0  0  0  0  0  0  0  0]
 - Client 351: [ 0  0  0  0  0 50  0  0  0  0]
 - Client 352: [ 0  0  0  0  0  0  0 50  0  0]
 - Client 353: [50  0  0  0  0  0  0  0  0  0]
 - Client 354: [ 0  0  0  0  0  0 50  0  0  0]
 - Client 355: [ 0  0  0  0 50  0  0  0  0  0]
 - Client 356: [ 0 50  0  0  0  0  0  0  0  0]
 - Client 357: [ 0  0  0  0  0  0  0 50  0  0]
 - Client 358: [ 0  0  0  0  0  0  0  0 50  0]
 - Client 359: [ 0  0  0  0  0  0  0  0 50  0]
 - Client 360: [ 0  0  0  0 50  0  0  0  0  0]
 - Client 361: [ 0  0  0  0  0  0  0  0  0 50]
 - Client 362: [ 0  0  0  0  0  0  0 50  0  0]
 - Client 363: [ 0  0  0  0  0  0  0  0  0 50]
 - Client 364: [ 0  0  0  0  0  0  0  0  0 50]
 - Client 365: [ 0  0  0  0  0  0  0  0 50  0]
 - Client 366: [50  0  0  0  0  0  0  0  0  0]
 - Client 367: [ 0  0 50  0  0  0  0  0  0  0]
 - Client 368: [ 0  0 50  0  0  0  0  0  0  0]
 - Client 369: [ 0  0  0  0  0  0  0  0 50  0]
 - Client 370: [ 0  0 50  0  0  0  0  0  0  0]
 - Client 371: [ 0  0  0  0 50  0  0  0  0  0]
 - Client 372: [ 0  0  0 50  0  0  0  0  0  0]
 - Client 373: [ 0  0  0  0  0  0 50  0  0  0]
 - Client 374: [ 0  0 50  0  0  0  0  0  0  0]
 - Client 375: [ 0  0  0  0 50  0  0  0  0  0]
 - Client 376: [ 0 50  0  0  0  0  0  0  0  0]
 - Client 377: [ 0  0  0  0 50  0  0  0  0  0]
 - Client 378: [ 0  0  0  0  0  0  0  0  0 50]
 - Client 379: [ 0  0  0  0  0  0  0 50  0  0]
 - Client 380: [ 0 50  0  0  0  0  0  0  0  0]
 - Client 381: [ 0  0  0  0  0  0  0  0 50  0]
 - Client 382: [ 0  0 50  0  0  0  0  0  0  0]
 - Client 383: [ 0  0  0  0  0 50  0  0  0  0]
 - Client 384: [ 0  0  0  0  0 50  0  0  0  0]
 - Client 385: [ 0  0  0  0  0  0  0  0  0 50]
 - Client 386: [ 0  0 50  0  0  0  0  0  0  0]
 - Client 387: [ 0 50  0  0  0  0  0  0  0  0]
 - Client 388: [ 0  0 50  0  0  0  0  0  0  0]
 - Client 389: [50  0  0  0  0  0  0  0  0  0]
 - Client 390: [ 0  0  0 50  0  0  0  0  0  0]
 - Client 391: [ 0 50  0  0  0  0  0  0  0  0]
 - Client 392: [ 0  0  0  0  0  0 50  0  0  0]
 - Client 393: [ 0  0  0  0  0 50  0  0  0  0]
 - Client 394: [ 0  0  0  0  0  0  0 50  0  0]
 - Client 395: [ 0  0  0  0  0  0  0 50  0  0]
 - Client 396: [ 0 50  0  0  0  0  0  0  0  0]
 - Client 397: [ 0  0  0  0 50  0  0  0  0  0]
 - Client 398: [ 0  0 50  0  0  0  0  0  0  0]
 - Client 399: [ 0  0 50  0  0  0  0  0  0  0]
 - Client 400: [ 0  0 50  0  0  0  0  0  0  0]
 - Client 401: [ 0 50  0  0  0  0  0  0  0  0]
 - Client 402: [ 0  0  0  0  0  0 50  0  0  0]
 - Client 403: [ 0  0  0  0  0  0  0 50  0  0]
 - Client 404: [ 0  0  0  0  0  0  0  0 50  0]
 - Client 405: [ 0 50  0  0  0  0  0  0  0  0]
 - Client 406: [ 0  0  0  0  0  0 50  0  0  0]
 - Client 407: [ 0  0  0  0  0  0  0 50  0  0]
 - Client 408: [ 0  0  0  0  0 50  0  0  0  0]
 - Client 409: [ 0  0  0  0 50  0  0  0  0  0]
 - Client 410: [ 0  0  0  0  0  0  0 50  0  0]
 - Client 411: [ 0  0  0  0  0 50  0  0  0  0]
 - Client 412: [ 0  0  0  0  0  0  0 50  0  0]
 - Client 413: [ 0  0 50  0  0  0  0  0  0  0]
 - Client 414: [ 0  0  0 50  0  0  0  0  0  0]
 - Client 415: [50  0  0  0  0  0  0  0  0  0]
 - Client 416: [ 0  0  0  0  0  0 50  0  0  0]
 - Client 417: [ 0  0  0  0  0  0  0  0 50  0]
 - Client 418: [ 0  0  0  0  0  0  0  0  0 50]
 - Client 419: [ 0  0  0  0  0  0  0  0 50  0]
 - Client 420: [ 0  0  0  0  0  0  0  0 50  0]
 - Client 421: [ 0  0  0 50  0  0  0  0  0  0]
 - Client 422: [50  0  0  0  0  0  0  0  0  0]
 - Client 423: [ 0  0  0  0  0  0  0  0  0 50]
 - Client 424: [ 0  0 50  0  0  0  0  0  0  0]
 - Client 425: [ 0 50  0  0  0  0  0  0  0  0]
 - Client 426: [ 0  0  0  0  0  0 50  0  0  0]
 - Client 427: [ 0  0  0 50  0  0  0  0  0  0]
 - Client 428: [ 0  0  0  0 50  0  0  0  0  0]
 - Client 429: [ 0  0  0  0  0  0 50  0  0  0]
 - Client 430: [ 0  0  0  0  0  0  0  0  0 50]
 - Client 431: [ 0  0  0  0  0  0 50  0  0  0]
 - Client 432: [ 0 50  0  0  0  0  0  0  0  0]
 - Client 433: [ 0  0  0  0  0  0  0  0 50  0]
 - Client 434: [ 0 50  0  0  0  0  0  0  0  0]
 - Client 435: [ 0  0  0  0  0 50  0  0  0  0]
 - Client 436: [ 0  0 50  0  0  0  0  0  0  0]
 - Client 437: [ 0  0  0 50  0  0  0  0  0  0]
 - Client 438: [ 0  0  0  0  0 50  0  0  0  0]
 - Client 439: [ 0  0  0  0  0  0  0  0  0 50]
 - Client 440: [ 0  0  0  0  0  0  0  0  0 50]
 - Client 441: [ 0  0  0  0  0  0  0  0  0 50]
 - Client 442: [ 0  0  0  0 50  0  0  0  0  0]
 - Client 443: [ 0  0  0  0  0  0  0  0 50  0]
 - Client 444: [ 0  0  0 50  0  0  0  0  0  0]
 - Client 445: [ 0  0  0  0  0  0  0 50  0  0]
 - Client 446: [ 0  0  0 50  0  0  0  0  0  0]
 - Client 447: [ 0  0  0  0  0  0  0  0 50  0]
 - Client 448: [ 0  0  0 50  0  0  0  0  0  0]
 - Client 449: [ 0 50  0  0  0  0  0  0  0  0]
 - Client 450: [ 0  0  0  0  0  0 50  0  0  0]
 - Client 451: [ 0  0  0  0  0 50  0  0  0  0]
 - Client 452: [ 0  0  0  0  0  0  0  0  0 50]
 - Client 453: [ 0  0  0  0  0  0 50  0  0  0]
 - Client 454: [ 0  0  0 50  0  0  0  0  0  0]
 - Client 455: [ 0  0  0 50  0  0  0  0  0  0]
 - Client 456: [ 0  0 50  0  0  0  0  0  0  0]
 - Client 457: [ 0  0  0  0  0  0  0  0 50  0]
 - Client 458: [ 0  0  0  0  0  0 50  0  0  0]
 - Client 459: [ 0  0  0  0  0 50  0  0  0  0]
 - Client 460: [ 0  0  0  0  0  0 50  0  0  0]
 - Client 461: [ 0  0  0  0  0  0  0 50  0  0]
 - Client 462: [ 0  0  0  0  0  0 50  0  0  0]
 - Client 463: [ 0  0  0  0 50  0  0  0  0  0]
 - Client 464: [ 0  0  0  0 50  0  0  0  0  0]
 - Client 465: [ 0  0  0  0  0  0  0 50  0  0]
 - Client 466: [ 0  0  0  0 50  0  0  0  0  0]
 - Client 467: [ 0  0  0  0  0  0  0  0 50  0]
 - Client 468: [ 0  0  0  0  0  0  0  0 50  0]
 - Client 469: [ 0  0  0  0  0  0 50  0  0  0]
 - Client 470: [ 0  0  0 50  0  0  0  0  0  0]
 - Client 471: [ 0  0  0  0 50  0  0  0  0  0]
 - Client 472: [ 0  0  0  0  0  0 50  0  0  0]
 - Client 473: [ 0  0  0  0  0 50  0  0  0  0]
 - Client 474: [ 0  0 50  0  0  0  0  0  0  0]
 - Client 475: [50  0  0  0  0  0  0  0  0  0]
 - Client 476: [ 0  0  0 50  0  0  0  0  0  0]
 - Client 477: [ 0  0  0  0  0  0 50  0  0  0]
 - Client 478: [ 0  0  0  0 50  0  0  0  0  0]
 - Client 479: [50  0  0  0  0  0  0  0  0  0]
 - Client 480: [ 0  0  0  0 50  0  0  0  0  0]
 - Client 481: [ 0  0  0  0  0 50  0  0  0  0]
 - Client 482: [ 0  0  0  0  0  0  0 50  0  0]
 - Client 483: [ 0  0  0  0 50  0  0  0  0  0]
 - Client 484: [50  0  0  0  0  0  0  0  0  0]
 - Client 485: [ 0  0  0  0  0  0  0  0 50  0]
 - Client 486: [50  0  0  0  0  0  0  0  0  0]
 - Client 487: [ 0  0  0  0  0  0  0  0  0 50]
 - Client 488: [ 0 50  0  0  0  0  0  0  0  0]
 - Client 489: [ 0  0  0  0  0 50  0  0  0  0]
 - Client 490: [ 0 50  0  0  0  0  0  0  0  0]
 - Client 491: [ 0  0  0  0  0  0  0 50  0  0]
 - Client 492: [ 0  0  0  0  0 50  0  0  0  0]
 - Client 493: [50  0  0  0  0  0  0  0  0  0]
 - Client 494: [ 0 50  0  0  0  0  0  0  0  0]
 - Client 495: [ 0  0  0  0  0  0 50  0  0  0]
 - Client 496: [50  0  0  0  0  0  0  0  0  0]
 - Client 497: [ 0  0  0  0  0 50  0  0  0  0]
 - Client 498: [ 0  0 50  0  0  0  0  0  0  0]
 - Client 499: [ 0 50  0  0  0  0  0  0  0  0]
 - Client 500: [ 0  0  0  0  0  0 50  0  0  0]
 - Client 501: [ 0  0  0 50  0  0  0  0  0  0]
 - Client 502: [ 0  0 50  0  0  0  0  0  0  0]
 - Client 503: [ 0  0  0  0  0  0  0  0 50  0]
 - Client 504: [ 0  0  0  0  0  0 50  0  0  0]
 - Client 505: [ 0  0  0 50  0  0  0  0  0  0]
 - Client 506: [ 0  0  0  0  0  0  0 50  0  0]
 - Client 507: [ 0  0 50  0  0  0  0  0  0  0]
 - Client 508: [ 0  0  0  0  0  0  0 50  0  0]
 - Client 509: [ 0  0  0  0  0 50  0  0  0  0]
 - Client 510: [ 0  0 50  0  0  0  0  0  0  0]
 - Client 511: [ 0  0  0 50  0  0  0  0  0  0]
 - Client 512: [ 0  0  0  0  0  0 50  0  0  0]
 - Client 513: [ 0  0  0  0  0  0  0 50  0  0]
 - Client 514: [ 0  0  0  0  0  0  0 50  0  0]
 - Client 515: [ 0  0  0  0  0  0  0  0 50  0]
 - Client 516: [ 0 50  0  0  0  0  0  0  0  0]
 - Client 517: [ 0  0  0  0  0 50  0  0  0  0]
 - Client 518: [ 0  0  0  0  0  0  0  0  0 50]
 - Client 519: [ 0  0  0  0  0 50  0  0  0  0]
 - Client 520: [ 0  0  0  0 50  0  0  0  0  0]
 - Client 521: [ 0  0  0  0  0 50  0  0  0  0]
 - Client 522: [ 0  0  0  0  0  0  0 50  0  0]
 - Client 523: [ 0  0  0  0  0  0  0  0  0 50]
 - Client 524: [ 0  0  0 50  0  0  0  0  0  0]
 - Client 525: [ 0 50  0  0  0  0  0  0  0  0]
 - Client 526: [ 0  0  0 50  0  0  0  0  0  0]
 - Client 527: [ 0  0  0  0  0  0  0  0 50  0]
 - Client 528: [ 0  0  0  0  0  0  0 50  0  0]
 - Client 529: [ 0  0  0  0  0 50  0  0  0  0]
 - Client 530: [ 0 50  0  0  0  0  0  0  0  0]
 - Client 531: [ 0  0  0  0  0 50  0  0  0  0]
 - Client 532: [ 0  0  0  0  0 50  0  0  0  0]
 - Client 533: [ 0  0  0  0  0  0  0  0 50  0]
 - Client 534: [ 0  0  0  0  0 50  0  0  0  0]
 - Client 535: [ 0  0  0  0  0  0  0  0  0 50]
 - Client 536: [ 0  0 50  0  0  0  0  0  0  0]
 - Client 537: [ 0  0  0  0 50  0  0  0  0  0]
 - Client 538: [ 0  0  0  0  0  0  0  0  0 50]
 - Client 539: [ 0  0 50  0  0  0  0  0  0  0]
 - Client 540: [ 0  0  0  0  0  0  0 50  0  0]
 - Client 541: [ 0  0  0  0  0  0  0 50  0  0]
 - Client 542: [ 0  0  0  0  0  0 50  0  0  0]
 - Client 543: [ 0  0  0  0 50  0  0  0  0  0]
 - Client 544: [ 0  0  0  0  0 50  0  0  0  0]
 - Client 545: [ 0  0  0  0  0  0  0  0  0 50]
 - Client 546: [ 0  0  0  0 50  0  0  0  0  0]
 - Client 547: [ 0 50  0  0  0  0  0  0  0  0]
 - Client 548: [ 0  0  0  0 50  0  0  0  0  0]
 - Client 549: [ 0  0  0  0  0  0 50  0  0  0]
 - Client 550: [ 0  0  0  0 50  0  0  0  0  0]
 - Client 551: [ 0  0 50  0  0  0  0  0  0  0]
 - Client 552: [ 0  0  0  0  0  0  0 50  0  0]
 - Client 553: [ 0  0  0  0  0 50  0  0  0  0]
 - Client 554: [ 0  0  0  0  0  0 50  0  0  0]
 - Client 555: [ 0  0  0 50  0  0  0  0  0  0]
 - Client 556: [ 0  0  0  0  0  0  0  0 50  0]
 - Client 557: [ 0  0  0  0  0  0  0  0  0 50]
 - Client 558: [ 0  0  0  0  0  0  0  0 50  0]
 - Client 559: [ 0  0  0 50  0  0  0  0  0  0]
 - Client 560: [ 0  0  0  0  0  0  0 50  0  0]
 - Client 561: [ 0  0  0  0  0  0  0  0  0 50]
 - Client 562: [50  0  0  0  0  0  0  0  0  0]
 - Client 563: [ 0  0  0  0  0  0 50  0  0  0]
 - Client 564: [50  0  0  0  0  0  0  0  0  0]
 - Client 565: [ 0  0  0  0  0  0 50  0  0  0]
 - Client 566: [ 0  0  0  0  0  0 50  0  0  0]
 - Client 567: [ 0  0  0 50  0  0  0  0  0  0]
 - Client 568: [ 0  0  0  0  0  0  0  0  0 50]
 - Client 569: [50  0  0  0  0  0  0  0  0  0]
 - Client 570: [ 0 50  0  0  0  0  0  0  0  0]
 - Client 571: [ 0  0  0  0  0  0  0  0 50  0]
 - Client 572: [ 0  0  0  0  0  0 50  0  0  0]
 - Client 573: [50  0  0  0  0  0  0  0  0  0]
 - Client 574: [ 0  0  0  0 50  0  0  0  0  0]
 - Client 575: [ 0  0  0 50  0  0  0  0  0  0]
 - Client 576: [ 0  0  0  0  0 50  0  0  0  0]
 - Client 577: [ 0  0  0 50  0  0  0  0  0  0]
 - Client 578: [ 0  0  0 50  0  0  0  0  0  0]
 - Client 579: [ 0  0  0  0 50  0  0  0  0  0]
 - Client 580: [ 0  0  0 50  0  0  0  0  0  0]
 - Client 581: [ 0 50  0  0  0  0  0  0  0  0]
 - Client 582: [ 0  0 50  0  0  0  0  0  0  0]
 - Client 583: [ 0 50  0  0  0  0  0  0  0  0]
 - Client 584: [50  0  0  0  0  0  0  0  0  0]
 - Client 585: [ 0  0 50  0  0  0  0  0  0  0]
 - Client 586: [ 0  0  0  0  0  0  0  0  0 50]
 - Client 587: [ 0  0  0  0  0  0 50  0  0  0]
 - Client 588: [ 0  0  0  0 50  0  0  0  0  0]
 - Client 589: [ 0  0  0 50  0  0  0  0  0  0]
 - Client 590: [ 0  0 50  0  0  0  0  0  0  0]
 - Client 591: [ 0  0  0  0 50  0  0  0  0  0]
 - Client 592: [ 0  0  0  0  0  0  0 50  0  0]
 - Client 593: [ 0  0  0  0  0  0 50  0  0  0]
 - Client 594: [ 0  0  0  0  0  0  0  0  0 50]
 - Client 595: [ 0  0  0  0 50  0  0  0  0  0]
 - Client 596: [ 0  0  0  0  0 50  0  0  0  0]
 - Client 597: [ 0  0  0  0  0  0 50  0  0  0]
 - Client 598: [ 0  0  0  0  0  0  0  0 50  0]
 - Client 599: [50  0  0  0  0  0  0  0  0  0]
 - Client 600: [ 0 50  0  0  0  0  0  0  0  0]
 - Client 601: [ 0  0  0  0  0  0  0  0  0 50]
 - Client 602: [ 0  0  0 50  0  0  0  0  0  0]
 - Client 603: [ 0  0  0  0  0  0  0  0  0 50]
 - Client 604: [ 0  0  0  0  0  0  0  0  0 50]
 - Client 605: [ 0  0  0  0 50  0  0  0  0  0]
 - Client 606: [ 0  0  0 50  0  0  0  0  0  0]
 - Client 607: [ 0  0  0  0  0  0  0 50  0  0]
 - Client 608: [50  0  0  0  0  0  0  0  0  0]
 - Client 609: [ 0  0  0  0  0  0  0  0  0 50]
 - Client 610: [ 0  0  0  0  0 50  0  0  0  0]
 - Client 611: [ 0  0  0  0 50  0  0  0  0  0]
 - Client 612: [ 0  0  0  0  0  0  0  0  0 50]
 - Client 613: [ 0 50  0  0  0  0  0  0  0  0]
 - Client 614: [ 0  0  0  0  0  0  0  0  0 50]
 - Client 615: [ 0 50  0  0  0  0  0  0  0  0]
 - Client 616: [50  0  0  0  0  0  0  0  0  0]
 - Client 617: [ 0  0  0  0 50  0  0  0  0  0]
 - Client 618: [ 0  0  0  0  0  0  0 50  0  0]
 - Client 619: [ 0 50  0  0  0  0  0  0  0  0]
 - Client 620: [ 0  0 50  0  0  0  0  0  0  0]
 - Client 621: [ 0 50  0  0  0  0  0  0  0  0]
 - Client 622: [ 0  0  0  0  0 50  0  0  0  0]
 - Client 623: [ 0  0 50  0  0  0  0  0  0  0]
 - Client 624: [ 0  0 50  0  0  0  0  0  0  0]
 - Client 625: [ 0  0  0 50  0  0  0  0  0  0]
 - Client 626: [ 0 50  0  0  0  0  0  0  0  0]
 - Client 627: [ 0  0  0  0  0  0 50  0  0  0]
 - Client 628: [ 0  0  0  0  0  0  0 50  0  0]
 - Client 629: [ 0  0 50  0  0  0  0  0  0  0]
 - Client 630: [ 0  0  0  0 50  0  0  0  0  0]
 - Client 631: [ 0  0  0  0  0  0  0  0  0 50]
 - Client 632: [ 0  0  0 50  0  0  0  0  0  0]
 - Client 633: [ 0  0  0  0  0  0 50  0  0  0]
 - Client 634: [ 0  0  0  0  0  0  0 50  0  0]
 - Client 635: [ 0  0  0 50  0  0  0  0  0  0]
 - Client 636: [ 0  0  0 50  0  0  0  0  0  0]
 - Client 637: [ 0  0  0  0  0  0 50  0  0  0]
 - Client 638: [ 0 50  0  0  0  0  0  0  0  0]
 - Client 639: [ 0  0 50  0  0  0  0  0  0  0]
 - Client 640: [ 0  0 50  0  0  0  0  0  0  0]
 - Client 641: [ 0  0  0  0  0  0  0 50  0  0]
 - Client 642: [50  0  0  0  0  0  0  0  0  0]
 - Client 643: [ 0  0  0  0  0  0  0  0 50  0]
 - Client 644: [ 0  0 50  0  0  0  0  0  0  0]
 - Client 645: [ 0  0  0  0  0  0  0 50  0  0]
 - Client 646: [50  0  0  0  0  0  0  0  0  0]
 - Client 647: [ 0  0  0  0  0  0  0  0  0 50]
 - Client 648: [ 0  0  0  0  0  0  0  0  0 50]
 - Client 649: [ 0  0  0  0  0  0  0 50  0  0]
 - Client 650: [ 0  0  0 50  0  0  0  0  0  0]
 - Client 651: [ 0  0 50  0  0  0  0  0  0  0]
 - Client 652: [ 0  0  0  0  0 50  0  0  0  0]
 - Client 653: [ 0  0  0  0  0  0  0  0  0 50]
 - Client 654: [50  0  0  0  0  0  0  0  0  0]
 - Client 655: [ 0  0  0  0  0  0 50  0  0  0]
 - Client 656: [ 0  0  0  0  0  0  0  0  0 50]
 - Client 657: [ 0  0  0  0  0  0 50  0  0  0]
 - Client 658: [ 0  0  0  0  0  0  0  0  0 50]
 - Client 659: [ 0  0 50  0  0  0  0  0  0  0]
 - Client 660: [ 0  0  0  0  0  0  0  0  0 50]
 - Client 661: [ 0  0  0  0  0  0  0  0 50  0]
 - Client 662: [50  0  0  0  0  0  0  0  0  0]
 - Client 663: [ 0  0  0 50  0  0  0  0  0  0]
 - Client 664: [ 0  0  0  0  0 50  0  0  0  0]
 - Client 665: [ 0  0  0  0  0  0  0  0 50  0]
 - Client 666: [ 0  0  0  0  0 50  0  0  0  0]
 - Client 667: [ 0  0  0  0  0 50  0  0  0  0]
 - Client 668: [ 0  0 50  0  0  0  0  0  0  0]
 - Client 669: [ 0 50  0  0  0  0  0  0  0  0]
 - Client 670: [ 0  0  0 50  0  0  0  0  0  0]
 - Client 671: [ 0  0  0  0  0  0  0  0  0 50]
 - Client 672: [ 0 50  0  0  0  0  0  0  0  0]
 - Client 673: [ 0  0  0  0  0 50  0  0  0  0]
 - Client 674: [ 0 50  0  0  0  0  0  0  0  0]
 - Client 675: [ 0  0  0  0  0 50  0  0  0  0]
 - Client 676: [ 0  0  0  0  0  0  0 50  0  0]
 - Client 677: [ 0  0  0  0 50  0  0  0  0  0]
 - Client 678: [ 0 50  0  0  0  0  0  0  0  0]
 - Client 679: [ 0  0 50  0  0  0  0  0  0  0]
 - Client 680: [ 0  0  0  0  0  0  0  0 50  0]
 - Client 681: [50  0  0  0  0  0  0  0  0  0]
 - Client 682: [ 0  0  0  0 50  0  0  0  0  0]
 - Client 683: [ 0  0  0  0  0  0  0  0  0 50]
 - Client 684: [ 0  0  0  0 50  0  0  0  0  0]
 - Client 685: [50  0  0  0  0  0  0  0  0  0]
 - Client 686: [ 0  0  0  0  0  0  0  0  0 50]
 - Client 687: [ 0  0  0 50  0  0  0  0  0  0]
 - Client 688: [ 0  0  0  0  0  0  0  0 50  0]
 - Client 689: [ 0  0  0  0  0  0  0  0  0 50]
 - Client 690: [ 0 50  0  0  0  0  0  0  0  0]
 - Client 691: [ 0  0  0  0  0 50  0  0  0  0]
 - Client 692: [ 0  0  0  0 50  0  0  0  0  0]
 - Client 693: [ 0  0 50  0  0  0  0  0  0  0]
 - Client 694: [ 0  0  0 50  0  0  0  0  0  0]
 - Client 695: [ 0  0  0  0  0  0 50  0  0  0]
 - Client 696: [ 0  0  0  0  0  0 50  0  0  0]
 - Client 697: [50  0  0  0  0  0  0  0  0  0]
 - Client 698: [50  0  0  0  0  0  0  0  0  0]
 - Client 699: [ 0  0  0  0  0  0  0  0 50  0]
 - Client 700: [ 0  0  0  0 50  0  0  0  0  0]
 - Client 701: [ 0  0 50  0  0  0  0  0  0  0]
 - Client 702: [ 0  0  0 50  0  0  0  0  0  0]
 - Client 703: [50  0  0  0  0  0  0  0  0  0]
 - Client 704: [ 0  0  0 50  0  0  0  0  0  0]
 - Client 705: [ 0  0  0  0  0 50  0  0  0  0]
 - Client 706: [ 0  0  0  0  0  0  0  0 50  0]
 - Client 707: [ 0 50  0  0  0  0  0  0  0  0]
 - Client 708: [50  0  0  0  0  0  0  0  0  0]
 - Client 709: [ 0  0  0  0  0 50  0  0  0  0]
 - Client 710: [ 0  0 50  0  0  0  0  0  0  0]
 - Client 711: [ 0  0  0  0  0  0  0  0  0 50]
 - Client 712: [ 0 50  0  0  0  0  0  0  0  0]
 - Client 713: [ 0  0 50  0  0  0  0  0  0  0]
 - Client 714: [50  0  0  0  0  0  0  0  0  0]
 - Client 715: [ 0  0  0  0  0  0  0  0  0 50]
 - Client 716: [ 0  0 50  0  0  0  0  0  0  0]
 - Client 717: [ 0  0  0  0  0  0  0 50  0  0]
 - Client 718: [ 0  0  0 50  0  0  0  0  0  0]
 - Client 719: [ 0 50  0  0  0  0  0  0  0  0]
 - Client 720: [50  0  0  0  0  0  0  0  0  0]
 - Client 721: [50  0  0  0  0  0  0  0  0  0]
 - Client 722: [ 0  0  0 50  0  0  0  0  0  0]
 - Client 723: [ 0  0  0 50  0  0  0  0  0  0]
 - Client 724: [ 0  0  0  0  0  0  0 50  0  0]
 - Client 725: [ 0  0  0  0  0  0  0  0 50  0]
 - Client 726: [ 0  0  0  0  0  0  0  0  0 50]
 - Client 727: [ 0  0  0  0 50  0  0  0  0  0]
 - Client 728: [ 0  0  0  0  0  0  0  0 50  0]
 - Client 729: [ 0  0  0  0 50  0  0  0  0  0]
 - Client 730: [ 0  0  0  0  0 50  0  0  0  0]
 - Client 731: [ 0  0  0  0  0  0  0 50  0  0]
 - Client 732: [ 0  0 50  0  0  0  0  0  0  0]
 - Client 733: [ 0  0  0  0  0 50  0  0  0  0]
 - Client 734: [ 0  0  0  0  0  0  0  0 50  0]
 - Client 735: [ 0  0  0  0  0  0 50  0  0  0]
 - Client 736: [ 0  0  0  0  0  0 50  0  0  0]
 - Client 737: [ 0  0  0  0  0  0  0  0 50  0]
 - Client 738: [ 0  0  0  0  0  0 50  0  0  0]
 - Client 739: [ 0  0  0  0  0  0  0  0  0 50]
 - Client 740: [ 0  0  0  0  0 50  0  0  0  0]
 - Client 741: [ 0  0 50  0  0  0  0  0  0  0]
 - Client 742: [ 0  0  0 50  0  0  0  0  0  0]
 - Client 743: [ 0  0 50  0  0  0  0  0  0  0]
 - Client 744: [ 0  0  0  0  0  0  0  0 50  0]
 - Client 745: [ 0  0  0  0  0  0  0  0  0 50]
 - Client 746: [ 0  0  0  0 50  0  0  0  0  0]
 - Client 747: [ 0  0  0  0  0  0  0 50  0  0]
 - Client 748: [ 0 50  0  0  0  0  0  0  0  0]
 - Client 749: [ 0 50  0  0  0  0  0  0  0  0]
 - Client 750: [ 0  0 50  0  0  0  0  0  0  0]
 - Client 751: [ 0  0  0  0  0  0 50  0  0  0]
 - Client 752: [ 0  0  0  0  0  0 50  0  0  0]
 - Client 753: [ 0  0 50  0  0  0  0  0  0  0]
 - Client 754: [50  0  0  0  0  0  0  0  0  0]
 - Client 755: [ 0  0 50  0  0  0  0  0  0  0]
 - Client 756: [ 0  0  0 50  0  0  0  0  0  0]
 - Client 757: [ 0  0 50  0  0  0  0  0  0  0]
 - Client 758: [ 0  0  0  0  0  0  0 50  0  0]
 - Client 759: [ 0  0  0  0  0  0 50  0  0  0]
 - Client 760: [ 0 50  0  0  0  0  0  0  0  0]
 - Client 761: [ 0  0  0  0  0  0  0  0  0 50]
 - Client 762: [ 0  0  0  0  0 50  0  0  0  0]
 - Client 763: [ 0  0  0  0  0  0  0  0 50  0]
 - Client 764: [ 0  0  0  0  0  0  0 50  0  0]
 - Client 765: [ 0  0  0  0  0  0 50  0  0  0]
 - Client 766: [50  0  0  0  0  0  0  0  0  0]
 - Client 767: [ 0  0  0  0  0 50  0  0  0  0]
 - Client 768: [ 0 50  0  0  0  0  0  0  0  0]
 - Client 769: [ 0  0  0  0  0  0 50  0  0  0]
 - Client 770: [ 0  0  0  0  0  0  0  0 50  0]
 - Client 771: [ 0  0 50  0  0  0  0  0  0  0]
 - Client 772: [ 0  0  0  0  0  0  0 50  0  0]
 - Client 773: [ 0  0 50  0  0  0  0  0  0  0]
 - Client 774: [ 0  0  0  0  0 50  0  0  0  0]
 - Client 775: [ 0  0  0 50  0  0  0  0  0  0]
 - Client 776: [ 0  0  0  0  0  0  0  0  0 50]
 - Client 777: [ 0 50  0  0  0  0  0  0  0  0]
 - Client 778: [ 0  0  0 50  0  0  0  0  0  0]
 - Client 779: [ 0  0  0 50  0  0  0  0  0  0]
 - Client 780: [ 0 50  0  0  0  0  0  0  0  0]
 - Client 781: [ 0  0  0  0 50  0  0  0  0  0]
 - Client 782: [ 0 50  0  0  0  0  0  0  0  0]
 - Client 783: [ 0  0  0  0 50  0  0  0  0  0]
 - Client 784: [ 0  0  0  0  0 50  0  0  0  0]
 - Client 785: [ 0  0  0  0  0  0  0 50  0  0]
 - Client 786: [ 0  0  0  0 50  0  0  0  0  0]
 - Client 787: [ 0  0 50  0  0  0  0  0  0  0]
 - Client 788: [50  0  0  0  0  0  0  0  0  0]
 - Client 789: [ 0  0  0  0  0  0  0  0 50  0]
 - Client 790: [ 0  0  0  0 50  0  0  0  0  0]
 - Client 791: [ 0 50  0  0  0  0  0  0  0  0]
 - Client 792: [ 0  0  0  0  0 50  0  0  0  0]
 - Client 793: [ 0  0  0  0  0 50  0  0  0  0]
 - Client 794: [ 0  0 50  0  0  0  0  0  0  0]
 - Client 795: [ 0  0 50  0  0  0  0  0  0  0]
 - Client 796: [ 0  0  0  0  0  0  0 50  0  0]
 - Client 797: [ 0 50  0  0  0  0  0  0  0  0]
 - Client 798: [ 0  0  0 50  0  0  0  0  0  0]
 - Client 799: [ 0  0  0  0  0  0 50  0  0  0]
 - Client 800: [ 0  0  0 50  0  0  0  0  0  0]
 - Client 801: [ 0  0  0  0  0  0  0 50  0  0]
 - Client 802: [ 0  0  0  0  0 50  0  0  0  0]
 - Client 803: [ 0  0  0  0 50  0  0  0  0  0]
 - Client 804: [ 0 50  0  0  0  0  0  0  0  0]
 - Client 805: [ 0  0  0  0  0  0  0  0 50  0]
 - Client 806: [ 0  0  0  0 50  0  0  0  0  0]
 - Client 807: [ 0  0  0 50  0  0  0  0  0  0]
 - Client 808: [ 0  0  0  0  0 50  0  0  0  0]
 - Client 809: [50  0  0  0  0  0  0  0  0  0]
 - Client 810: [ 0  0  0  0 50  0  0  0  0  0]
 - Client 811: [ 0  0  0  0  0  0  0  0 50  0]
 - Client 812: [ 0  0  0  0 50  0  0  0  0  0]
 - Client 813: [50  0  0  0  0  0  0  0  0  0]
 - Client 814: [ 0  0  0  0  0  0  0 50  0  0]
 - Client 815: [ 0  0  0  0  0  0  0  0  0 50]
 - Client 816: [ 0  0  0  0  0  0 50  0  0  0]
 - Client 817: [ 0  0  0  0  0 50  0  0  0  0]
 - Client 818: [ 0  0  0  0  0  0  0 50  0  0]
 - Client 819: [ 0  0  0  0  0  0  0  0 50  0]
 - Client 820: [ 0  0  0 50  0  0  0  0  0  0]
 - Client 821: [50  0  0  0  0  0  0  0  0  0]
 - Client 822: [ 0 50  0  0  0  0  0  0  0  0]
 - Client 823: [50  0  0  0  0  0  0  0  0  0]
 - Client 824: [50  0  0  0  0  0  0  0  0  0]
 - Client 825: [ 0  0  0  0 50  0  0  0  0  0]
 - Client 826: [ 0 50  0  0  0  0  0  0  0  0]
 - Client 827: [ 0  0  0  0  0  0  0  0  0 50]
 - Client 828: [ 0  0  0  0  0  0  0 50  0  0]
 - Client 829: [ 0  0  0  0  0  0  0 50  0  0]
 - Client 830: [ 0  0  0  0  0  0 50  0  0  0]
 - Client 831: [50  0  0  0  0  0  0  0  0  0]
 - Client 832: [ 0  0 50  0  0  0  0  0  0  0]
 - Client 833: [ 0  0 50  0  0  0  0  0  0  0]
 - Client 834: [ 0  0  0 50  0  0  0  0  0  0]
 - Client 835: [ 0  0  0  0  0  0  0  0 50  0]
 - Client 836: [50  0  0  0  0  0  0  0  0  0]
 - Client 837: [ 0  0  0  0  0  0 50  0  0  0]
 - Client 838: [ 0  0  0  0  0 50  0  0  0  0]
 - Client 839: [ 0  0  0  0  0  0  0 50  0  0]
 - Client 840: [50  0  0  0  0  0  0  0  0  0]
 - Client 841: [ 0 50  0  0  0  0  0  0  0  0]
 - Client 842: [ 0  0  0  0  0 50  0  0  0  0]
 - Client 843: [ 0  0  0  0  0  0  0  0 50  0]
 - Client 844: [50  0  0  0  0  0  0  0  0  0]
 - Client 845: [ 0  0  0 50  0  0  0  0  0  0]
 - Client 846: [ 0  0  0  0  0  0  0  0 50  0]
 - Client 847: [ 0  0 50  0  0  0  0  0  0  0]
 - Client 848: [ 0  0  0  0 50  0  0  0  0  0]
 - Client 849: [ 0  0  0  0  0  0 50  0  0  0]
 - Client 850: [ 0 50  0  0  0  0  0  0  0  0]
 - Client 851: [ 0  0 50  0  0  0  0  0  0  0]
 - Client 852: [ 0  0  0  0  0  0  0 50  0  0]
 - Client 853: [ 0  0  0  0  0  0 50  0  0  0]
 - Client 854: [ 0  0  0  0  0  0  0  0  0 50]
 - Client 855: [ 0  0  0  0  0  0  0 50  0  0]
 - Client 856: [50  0  0  0  0  0  0  0  0  0]
 - Client 857: [50  0  0  0  0  0  0  0  0  0]
 - Client 858: [ 0  0  0  0  0  0  0 50  0  0]
 - Client 859: [ 0  0  0  0  0  0  0  0 50  0]
 - Client 860: [50  0  0  0  0  0  0  0  0  0]
 - Client 861: [ 0 50  0  0  0  0  0  0  0  0]
 - Client 862: [ 0  0  0  0  0  0 50  0  0  0]
 - Client 863: [50  0  0  0  0  0  0  0  0  0]
 - Client 864: [ 0  0  0  0  0 50  0  0  0  0]
 - Client 865: [50  0  0  0  0  0  0  0  0  0]
 - Client 866: [ 0 50  0  0  0  0  0  0  0  0]
 - Client 867: [ 0  0  0  0  0  0  0  0  0 50]
 - Client 868: [ 0 50  0  0  0  0  0  0  0  0]
 - Client 869: [ 0  0  0  0  0  0  0  0 50  0]
 - Client 870: [ 0  0  0  0  0  0 50  0  0  0]
 - Client 871: [ 0 50  0  0  0  0  0  0  0  0]
 - Client 872: [ 0 50  0  0  0  0  0  0  0  0]
 - Client 873: [ 0  0  0  0  0  0  0  0  0 50]
 - Client 874: [ 0  0  0 50  0  0  0  0  0  0]
 - Client 875: [ 0  0  0  0  0  0  0  0 50  0]
 - Client 876: [ 0  0  0  0  0  0 50  0  0  0]
 - Client 877: [ 0  0 50  0  0  0  0  0  0  0]
 - Client 878: [ 0  0  0  0  0  0  0 50  0  0]
 - Client 879: [ 0  0  0  0 50  0  0  0  0  0]
 - Client 880: [ 0  0  0 50  0  0  0  0  0  0]
 - Client 881: [ 0  0  0  0 50  0  0  0  0  0]
 - Client 882: [ 0  0  0  0  0  0  0  0  0 50]
 - Client 883: [ 0 50  0  0  0  0  0  0  0  0]
 - Client 884: [ 0  0  0  0  0  0 50  0  0  0]
 - Client 885: [ 0 50  0  0  0  0  0  0  0  0]
 - Client 886: [ 0  0  0  0  0  0  0  0 50  0]
 - Client 887: [ 0  0  0  0 50  0  0  0  0  0]
 - Client 888: [ 0 50  0  0  0  0  0  0  0  0]
 - Client 889: [ 0  0  0  0  0  0  0  0  0 50]
 - Client 890: [ 0  0  0  0  0  0  0  0  0 50]
 - Client 891: [ 0 50  0  0  0  0  0  0  0  0]
 - Client 892: [ 0  0  0  0  0 50  0  0  0  0]
 - Client 893: [ 0  0  0  0  0  0 50  0  0  0]
 - Client 894: [ 0 50  0  0  0  0  0  0  0  0]
 - Client 895: [ 0  0  0  0  0  0  0  0 50  0]
 - Client 896: [ 0  0  0  0  0 50  0  0  0  0]
 - Client 897: [ 0  0  0  0  0  0  0  0 50  0]
 - Client 898: [ 0  0 50  0  0  0  0  0  0  0]
 - Client 899: [ 0  0  0 50  0  0  0  0  0  0]
 - Client 900: [ 0  0  0  0  0  0  0  0 50  0]
 - Client 901: [ 0  0  0  0  0  0 50  0  0  0]
 - Client 902: [ 0  0  0  0  0  0 50  0  0  0]
 - Client 903: [ 0  0  0  0  0  0 50  0  0  0]
 - Client 904: [ 0 50  0  0  0  0  0  0  0  0]
 - Client 905: [ 0  0  0  0  0  0  0 50  0  0]
 - Client 906: [ 0  0  0  0  0 50  0  0  0  0]
 - Client 907: [ 0  0  0  0  0  0  0 50  0  0]
 - Client 908: [ 0  0 50  0  0  0  0  0  0  0]
 - Client 909: [ 0 50  0  0  0  0  0  0  0  0]
 - Client 910: [ 0  0  0  0  0  0  0 50  0  0]
 - Client 911: [ 0  0  0  0  0  0  0  0 50  0]
 - Client 912: [ 0  0  0  0  0  0  0  0 50  0]
 - Client 913: [ 0  0  0  0  0 50  0  0  0  0]
 - Client 914: [ 0  0  0  0  0  0  0 50  0  0]
 - Client 915: [ 0  0  0  0  0  0 50  0  0  0]
 - Client 916: [ 0  0  0  0  0  0  0  0 50  0]
 - Client 917: [ 0  0  0  0  0  0  0  0  0 50]
 - Client 918: [ 0  0  0  0  0  0 50  0  0  0]
 - Client 919: [ 0  0  0 50  0  0  0  0  0  0]
 - Client 920: [ 0 50  0  0  0  0  0  0  0  0]
 - Client 921: [ 0  0  0  0  0  0  0  0 50  0]
 - Client 922: [ 0  0 50  0  0  0  0  0  0  0]
 - Client 923: [ 0  0  0  0  0  0  0  0  0 50]
 - Client 924: [ 0  0  0  0  0  0  0  0 50  0]
 - Client 925: [ 0  0  0 50  0  0  0  0  0  0]
 - Client 926: [ 0  0 50  0  0  0  0  0  0  0]
 - Client 927: [ 0  0  0  0  0  0  0  0  0 50]
 - Client 928: [ 0  0  0  0  0  0  0 50  0  0]
 - Client 929: [ 0  0  0  0 50  0  0  0  0  0]
 - Client 930: [ 0  0  0  0  0 50  0  0  0  0]
 - Client 931: [ 0  0  0  0 50  0  0  0  0  0]
 - Client 932: [ 0  0  0 50  0  0  0  0  0  0]
 - Client 933: [ 0  0 50  0  0  0  0  0  0  0]
 - Client 934: [ 0  0  0  0  0 50  0  0  0  0]
 - Client 935: [ 0  0  0  0  0 50  0  0  0  0]
 - Client 936: [ 0  0 50  0  0  0  0  0  0  0]
 - Client 937: [ 0  0 50  0  0  0  0  0  0  0]
 - Client 938: [ 0  0  0  0  0  0  0  0  0 50]
 - Client 939: [ 0  0  0  0  0  0  0 50  0  0]
 - Client 940: [ 0  0  0  0 50  0  0  0  0  0]
 - Client 941: [ 0  0 50  0  0  0  0  0  0  0]
 - Client 942: [ 0  0 50  0  0  0  0  0  0  0]
 - Client 943: [ 0  0 50  0  0  0  0  0  0  0]
 - Client 944: [ 0  0  0  0  0  0  0 50  0  0]
 - Client 945: [ 0  0  0 50  0  0  0  0  0  0]
 - Client 946: [ 0  0  0  0  0  0  0  0  0 50]
 - Client 947: [ 0  0  0  0  0  0  0  0  0 50]
 - Client 948: [ 0  0  0 50  0  0  0  0  0  0]
 - Client 949: [ 0  0  0 50  0  0  0  0  0  0]
 - Client 950: [ 0  0  0 50  0  0  0  0  0  0]
 - Client 951: [ 0  0  0  0  0 50  0  0  0  0]
 - Client 952: [ 0  0  0  0 50  0  0  0  0  0]
 - Client 953: [ 0  0  0  0  0  0  0  0  0 50]
 - Client 954: [ 0  0  0  0  0  0  0 50  0  0]
 - Client 955: [ 0  0  0 50  0  0  0  0  0  0]
 - Client 956: [ 0  0  0  0  0  0  0 50  0  0]
 - Client 957: [ 0  0  0  0  0  0  0 50  0  0]
 - Client 958: [ 0  0  0  0  0  0  0 50  0  0]
 - Client 959: [ 0  0  0  0  0  0  0  0  0 50]
 - Client 960: [ 0  0  0 50  0  0  0  0  0  0]
 - Client 961: [ 0  0  0  0  0  0  0  0 50  0]
 - Client 962: [ 0  0  0 50  0  0  0  0  0  0]
 - Client 963: [ 0  0  0 50  0  0  0  0  0  0]
 - Client 964: [ 0  0  0 50  0  0  0  0  0  0]
 - Client 965: [ 0  0  0  0  0  0  0  0  0 50]
 - Client 966: [ 0  0  0  0 50  0  0  0  0  0]
 - Client 967: [ 0  0  0 50  0  0  0  0  0  0]
 - Client 968: [ 0  0  0  0  0  0  0  0 50  0]
 - Client 969: [ 0  0  0 50  0  0  0  0  0  0]
 - Client 970: [ 0  0  0  0  0  0  0  0 50  0]
 - Client 971: [ 0  0  0  0  0  0  0  0 50  0]
 - Client 972: [ 0  0  0  0  0 50  0  0  0  0]
 - Client 973: [ 0  0  0 50  0  0  0  0  0  0]
 - Client 974: [ 0  0  0  0  0  0  0  0 50  0]
 - Client 975: [ 0  0  0  0 50  0  0  0  0  0]
 - Client 976: [ 0  0  0  0  0  0  0  0  0 50]
 - Client 977: [ 0  0  0  0  0  0  0  0  0 50]
 - Client 978: [ 0  0  0  0  0  0  0  0 50  0]
 - Client 979: [ 0  0  0  0 50  0  0  0  0  0]
 - Client 980: [ 0  0  0  0 50  0  0  0  0  0]
 - Client 981: [ 0  0  0  0 50  0  0  0  0  0]
 - Client 982: [ 0  0  0  0  0 50  0  0  0  0]
 - Client 983: [ 0  0  0  0  0  0  0  0 50  0]
 - Client 984: [ 0  0  0  0  0 50  0  0  0  0]
 - Client 985: [ 0  0  0  0  0 50  0  0  0  0]
 - Client 986: [ 0  0  0  0  0 50  0  0  0  0]
 - Client 987: [ 0  0  0  0  0  0  0  0  0 50]
 - Client 988: [ 0  0  0  0  0 50  0  0  0  0]
 - Client 989: [ 0  0  0  0  0 50  0  0  0  0]
 - Client 990: [ 0  0  0  0  0 50  0  0  0  0]
 - Client 991: [ 0  0  0  0  0  0  0  0 50  0]
 - Client 992: [ 0  0  0  0  0  0  0  0 50  0]
 - Client 993: [ 0  0  0  0  0  0  0  0 50  0]
 - Client 994: [ 0  0  0  0  0  0  0  0  0 50]
 - Client 995: [ 0  0  0  0  0  0  0  0  0 50]
 - Client 996: [ 0  0  0  0  0  0  0  0  0 50]
 - Client 997: [ 0  0  0  0  0  0  0  0  0 50]
 - Client 998: [ 0  0  0  0  0  0  0  0  0 50]
 - Client 999: [ 0  0  0  0  0  0  0  0  0 50]

Model:
 - conv1.weight                   [6, 3, 5, 5]
 - conv1.bias                     [6]
 - conv2.weight                   [16, 6, 5, 5]
 - conv2.bias                     [16]
 - fc1.weight                     [120, 400]
 - fc1.bias                       [120]
 - fc2.weight                     [84, 120]
 - fc2.bias                       [84]
 - fc3.weight                     [10, 84]
 - fc3.bias                       [10]
Total number of Parameters:  62006

Start Distributed Training..

Experiment: main (2/2)
{'communication_round': 1, 'lr': 0.002, 'epochs': 10}
{'client_train_loss': 2.207754445075989}
{'server_val_accuracy': 0.0992}
Saved results to  /opt/small_files/manyclients/xp_21863.npz
Remaining Time (approx.): 00:40:32 [0.10%]

Experiment: main (2/2)
{'communication_round': 100, 'lr': 0.002, 'epochs': 1000}
{'client_train_loss': 0.3688831710815066}
{'server_val_accuracy': 0.1734}
Saved results to  /opt/small_files/manyclients/xp_21863.npz
Remaining Time (approx.): 00:14:26 [10.00%]

Experiment: main (2/2)
{'communication_round': 200, 'lr': 0.002, 'epochs': 2000}
{'client_train_loss': 0.4379815040902443}
{'server_val_accuracy': 0.108}
Saved results to  /opt/small_files/manyclients/xp_21863.npz
Remaining Time (approx.): 00:12:42 [20.00%]

Experiment: main (2/2)
{'communication_round': 300, 'lr': 0.002, 'epochs': 3000}
{'client_train_loss': 0.4590565171421076}
{'server_val_accuracy': 0.1619}
Saved results to  /opt/small_files/manyclients/xp_21863.npz
Remaining Time (approx.): 00:11:05 [30.00%]

Experiment: main (2/2)
{'communication_round': 400, 'lr': 0.002, 'epochs': 4000}
{'client_train_loss': 0.26854837036275114}
{'server_val_accuracy': 0.1469}
Saved results to  /opt/small_files/manyclients/xp_21863.npz
Remaining Time (approx.): 00:09:28 [40.00%]

Experiment: main (2/2)
{'communication_round': 500, 'lr': 0.002, 'epochs': 5000}
{'client_train_loss': 0.2532672070602281}
{'server_val_accuracy': 0.1862}
Saved results to  /opt/small_files/manyclients/xp_21863.npz
Remaining Time (approx.): 00:07:52 [50.00%]

Experiment: main (2/2)
{'communication_round': 600, 'lr': 0.002, 'epochs': 6000}
{'client_train_loss': 0.15265602386104363}
{'server_val_accuracy': 0.2219}
Saved results to  /opt/small_files/manyclients/xp_21863.npz
Remaining Time (approx.): 00:06:18 [60.00%]

Experiment: main (2/2)
{'communication_round': 700, 'lr': 0.002, 'epochs': 7000}
{'client_train_loss': 0.18656157159123055}
{'server_val_accuracy': 0.2523}
Saved results to  /opt/small_files/manyclients/xp_21863.npz
Remaining Time (approx.): 00:04:43 [70.00%]

Experiment: main (2/2)
{'communication_round': 800, 'lr': 0.002, 'epochs': 8000}
{'client_train_loss': 0.0967658407747031}
{'server_val_accuracy': 0.3041}
Saved results to  /opt/small_files/manyclients/xp_21863.npz
Remaining Time (approx.): 00:03:08 [80.00%]

Experiment: main (2/2)
{'communication_round': 900, 'lr': 0.002, 'epochs': 9000}
{'client_train_loss': 0.23169871412046775}
{'server_val_accuracy': 0.3181}
Saved results to  /opt/small_files/manyclients/xp_21863.npz
Remaining Time (approx.): 00:01:34 [90.00%]

Experiment: main (2/2)
{'communication_round': 1000, 'lr': 0.002, 'epochs': 10000}
{'client_train_loss': 0.22475628846771228}
{'server_val_accuracy': 0.3643}
Saved results to  /opt/small_files/manyclients/xp_21863.npz
Remaining Time (approx.): 00:00:00 [100.00%]

