[{ "dataset" : ["cifar10"], "net" : ["lenet_cifar"], "n_clients" : [1000], "n_data" : [null], "communication_rounds" : [1000], "local_epochs" : [1, 3, 10], "participation_rate" : [0.01, 0.1], "classes_per_client" : [2], "batch_size" : [128], "balancedness" : [1.0], "pretrained" : [null], "save_model" : [null], "log_frequency" : [-100], "log_path" : ["manyclients_big/"] }]
Running 6 Experiments..

Hyperparameters: 
 - dataset                 cifar10
 - net                     lenet_cifar
 - n_clients               1000
 - n_data                  None
 - communication_rounds    1000
 - local_epochs            1
 - participation_rate      0.01
 - classes_per_client      2
 - batch_size              128
 - balancedness            1.0
 - pretrained              None
 - save_model              None
 - log_frequency           -100
 - log_path                manyclients_big/
 - finished                False
 - log_id                  96063

Files already downloaded and verified
Files already downloaded and verified
Data split:
 - Client 0: [25 25  0  0  0  0  0  0  0  0]
 - Client 1: [ 0  0  0  0  0  0  0 25 25  0]
 - Client 2: [25  0  0  0  0  0  0  0  0 25]
 - Client 3: [ 0  0  0  0  0  0 25 25  0  0]
 - Client 4: [25 25  0  0  0  0  0  0  0  0]
 - Client 5: [ 0  0  0  0  0  0  0  0 25 25]
 - Client 6: [ 0 25 25  0  0  0  0  0  0  0]
 - Client 7: [25  0  0  0  0  0  0  0  0 25]
 - Client 8: [ 0  0  0  0  0  0 25 25  0  0]
 - Client 9: [ 0  0  0  0  0  0  0  0 25 25]
 - Client 10: [ 0  0  0 25 25  0  0  0  0  0]
 - Client 11: [ 0  0  0 25 25  0  0  0  0  0]
 - Client 12: [ 0 25 25  0  0  0  0  0  0  0]
 - Client 13: [ 0  0  0 25 25  0  0  0  0  0]
 - Client 14: [25  0  0  0  0  0  0  0  0 25]
 - Client 15: [ 0  0  0  0  0  0  0 25 25  0]
 - Client 16: [ 0  0 25 25  0  0  0  0  0  0]
 - Client 17: [25  0  0  0  0  0  0  0  0 25]
 - Client 18: [ 0  0  0 25 25  0  0  0  0  0]
 - Client 19: [25  0  0  0  0  0  0  0  0 25]
 - Client 20: [ 0  0  0  0  0  0  0 25 25  0]
 - Client 21: [ 0  0  0  0  0  0 25 25  0  0]
 - Client 22: [ 0  0  0  0  0 25 25  0  0  0]
 - Client 23: [ 0  0  0 25 25  0  0  0  0  0]
 - Client 24: [ 0  0 25 25  0  0  0  0  0  0]
 - Client 25: [ 0  0  0  0  0 25 25  0  0  0]
 - Client 26: [ 0  0  0  0 25 25  0  0  0  0]
 - Client 27: [25  0  0  0  0  0  0  0  0 25]
 - Client 28: [ 0  0  0  0  0  0  0 25 25  0]
 - Client 29: [25  0  0  0  0  0  0  0  0 25]
 - Client 30: [ 0  0 25 25  0  0  0  0  0  0]
 - Client 31: [ 0  0  0  0  0  0  0  0 25 25]
 - Client 32: [ 0 25 25  0  0  0  0  0  0  0]
 - Client 33: [ 0 25 25  0  0  0  0  0  0  0]
 - Client 34: [ 0  0  0  0 25 25  0  0  0  0]
 - Client 35: [ 0  0  0 25 25  0  0  0  0  0]
 - Client 36: [ 0  0  0  0 25 25  0  0  0  0]
 - Client 37: [ 0 25 25  0  0  0  0  0  0  0]
 - Client 38: [ 0  0  0  0  0  0  0 25 25  0]
 - Client 39: [ 0  0  0  0  0 25 25  0  0  0]
 - Client 40: [ 0  0 25 25  0  0  0  0  0  0]
 - Client 41: [ 0  0  0  0 25 25  0  0  0  0]
 - Client 42: [ 0  0  0  0  0  0  0 25 25  0]
 - Client 43: [ 0  0  0  0  0  0 25 25  0  0]
 - Client 44: [ 0  0  0  0  0  0  0 25 25  0]
 - Client 45: [ 0  0  0  0 25 25  0  0  0  0]
 - Client 46: [ 0  0  0  0  0  0 25 25  0  0]
 - Client 47: [25  0  0  0  0  0  0  0  0 25]
 - Client 48: [ 0  0  0  0  0  0 25 25  0  0]
 - Client 49: [25 25  0  0  0  0  0  0  0  0]
 - Client 50: [ 0  0  0  0  0  0  0  0 25 25]
 - Client 51: [ 0  0 25 25  0  0  0  0  0  0]
 - Client 52: [ 0  0  0  0  0  0 25 25  0  0]
 - Client 53: [25  0  0  0  0  0  0  0  0 25]
 - Client 54: [25 25  0  0  0  0  0  0  0  0]
 - Client 55: [ 0  0 25 25  0  0  0  0  0  0]
 - Client 56: [ 0  0  0  0  0  0  0  0 25 25]
 - Client 57: [ 0  0  0  0  0  0  0 25 25  0]
 - Client 58: [ 0  0  0  0  0  0  0 25 25  0]
 - Client 59: [ 0  0  0  0  0  0  0  0 25 25]
 - Client 60: [ 0  0  0  0 25 25  0  0  0  0]
 - Client 61: [25  0  0  0  0  0  0  0  0 25]
 - Client 62: [ 0 25 25  0  0  0  0  0  0  0]
 - Client 63: [ 0  0  0  0  0  0  0  0 25 25]
 - Client 64: [ 0  0  0  0  0 25 25  0  0  0]
 - Client 65: [25  0  0  0  0  0  0  0  0 25]
 - Client 66: [ 0  0  0  0  0 25 25  0  0  0]
 - Client 67: [ 0  0  0  0  0  0  0  0 25 25]
 - Client 68: [ 0  0  0  0  0 25 25  0  0  0]
 - Client 69: [ 0  0  0  0  0  0 25 25  0  0]
 - Client 70: [ 0  0  0  0  0 25 25  0  0  0]
 - Client 71: [ 0 25 25  0  0  0  0  0  0  0]
 - Client 72: [25 25  0  0  0  0  0  0  0  0]
 - Client 73: [ 0  0  0  0  0  0 25 25  0  0]
 - Client 74: [ 0  0 25 25  0  0  0  0  0  0]
 - Client 75: [ 0  0  0  0  0 25 25  0  0  0]
 - Client 76: [ 0  0  0  0 25 25  0  0  0  0]
 - Client 77: [25  0  0  0  0  0  0  0  0 25]
 - Client 78: [ 0  0 25 25  0  0  0  0  0  0]
 - Client 79: [ 0  0  0 25 25  0  0  0  0  0]
 - Client 80: [ 0 25 25  0  0  0  0  0  0  0]
 - Client 81: [ 0  0  0  0  0  0 25 25  0  0]
 - Client 82: [ 0  0  0  0  0  0  0  0 25 25]
 - Client 83: [ 0  0  0 25 25  0  0  0  0  0]
 - Client 84: [25  0  0  0  0  0  0  0  0 25]
 - Client 85: [25 25  0  0  0  0  0  0  0  0]
 - Client 86: [ 0  0  0  0  0  0 25 25  0  0]
 - Client 87: [25 25  0  0  0  0  0  0  0  0]
 - Client 88: [ 0  0  0  0  0  0  0 25 25  0]
 - Client 89: [ 0  0  0  0  0  0 25 25  0  0]
 - Client 90: [ 0  0 25 25  0  0  0  0  0  0]
 - Client 91: [ 0  0  0  0  0  0  0 25 25  0]
 - Client 92: [ 0  0  0  0  0  0  0 25 25  0]
 - Client 93: [ 0 25 25  0  0  0  0  0  0  0]
 - Client 94: [25 25  0  0  0  0  0  0  0  0]
 - Client 95: [ 0  0  0  0  0  0 25 25  0  0]
 - Client 96: [25  0  0  0  0  0  0  0  0 25]
 - Client 97: [ 0  0  0  0  0  0  0  0 25 25]
 - Client 98: [ 0  0  0  0  0  0  0 25 25  0]
 - Client 99: [ 0  0 25 25  0  0  0  0  0  0]
 - Client 100: [ 0  0  0 25 25  0  0  0  0  0]
 - Client 101: [25 25  0  0  0  0  0  0  0  0]
 - Client 102: [ 0  0 25 25  0  0  0  0  0  0]
 - Client 103: [ 0  0  0 25 25  0  0  0  0  0]
 - Client 104: [ 0  0  0 25 25  0  0  0  0  0]
 - Client 105: [25 25  0  0  0  0  0  0  0  0]
 - Client 106: [ 0  0  0  0 25 25  0  0  0  0]
 - Client 107: [ 0 25 25  0  0  0  0  0  0  0]
 - Client 108: [ 0  0 25 25  0  0  0  0  0  0]
 - Client 109: [ 0  0  0  0  0 25 25  0  0  0]
 - Client 110: [ 0  0  0  0 25 25  0  0  0  0]
 - Client 111: [ 0  0 25 25  0  0  0  0  0  0]
 - Client 112: [ 0  0  0  0  0  0  0 25 25  0]
 - Client 113: [ 0  0  0  0  0 25 25  0  0  0]
 - Client 114: [25 25  0  0  0  0  0  0  0  0]
 - Client 115: [ 0 25 25  0  0  0  0  0  0  0]
 - Client 116: [25 25  0  0  0  0  0  0  0  0]
 - Client 117: [ 0  0  0  0  0 25 25  0  0  0]
 - Client 118: [ 0  0  0 25 25  0  0  0  0  0]
 - Client 119: [25 25  0  0  0  0  0  0  0  0]
 - Client 120: [ 0  0 25 25  0  0  0  0  0  0]
 - Client 121: [ 0  0  0 25 25  0  0  0  0  0]
 - Client 122: [ 0  0  0 25 25  0  0  0  0  0]
 - Client 123: [25  0  0  0  0  0  0  0  0 25]
 - Client 124: [25 25  0  0  0  0  0  0  0  0]
 - Client 125: [ 0  0  0  0  0  0  0 25 25  0]
 - Client 126: [ 0  0  0  0  0  0 25 25  0  0]
 - Client 127: [ 0  0  0  0 25 25  0  0  0  0]
 - Client 128: [ 0 25 25  0  0  0  0  0  0  0]
 - Client 129: [25 25  0  0  0  0  0  0  0  0]
 - Client 130: [ 0  0  0  0  0  0  0 25 25  0]
 - Client 131: [ 0  0  0  0  0 25 25  0  0  0]
 - Client 132: [ 0  0  0  0  0  0 25 25  0  0]
 - Client 133: [ 0 25 25  0  0  0  0  0  0  0]
 - Client 134: [25 25  0  0  0  0  0  0  0  0]
 - Client 135: [ 0  0 25 25  0  0  0  0  0  0]
 - Client 136: [ 0  0  0 25 25  0  0  0  0  0]
 - Client 137: [ 0  0  0  0  0  0  0 25 25  0]
 - Client 138: [ 0  0  0  0  0 25 25  0  0  0]
 - Client 139: [ 0  0  0  0  0  0  0  0 25 25]
 - Client 140: [ 0 25 25  0  0  0  0  0  0  0]
 - Client 141: [ 0  0  0  0  0  0  0 25 25  0]
 - Client 142: [ 0  0  0  0  0 25 25  0  0  0]
 - Client 143: [25  0  0  0  0  0  0  0  0 25]
 - Client 144: [ 0  0  0  0  0  0 25 25  0  0]
 - Client 145: [ 0  0  0 25 25  0  0  0  0  0]
 - Client 146: [25 25  0  0  0  0  0  0  0  0]
 - Client 147: [ 0  0  0  0  0  0 25 25  0  0]
 - Client 148: [25  0  0  0  0  0  0  0  0 25]
 - Client 149: [ 0  0  0  0  0 25 25  0  0  0]
 - Client 150: [ 0  0  0 25 25  0  0  0  0  0]
 - Client 151: [ 0  0  0  0  0  0 25 25  0  0]
 - Client 152: [ 0  0  0  0 25 25  0  0  0  0]
 - Client 153: [ 0  0  0  0 25 25  0  0  0  0]
 - Client 154: [ 0  0  0 25 25  0  0  0  0  0]
 - Client 155: [ 0  0  0  0 25 25  0  0  0  0]
 - Client 156: [25 25  0  0  0  0  0  0  0  0]
 - Client 157: [ 0  0  0  0  0  0  0 25 25  0]
 - Client 158: [ 0  0  0 25 25  0  0  0  0  0]
 - Client 159: [ 0  0  0  0  0  0 25 25  0  0]
 - Client 160: [25 25  0  0  0  0  0  0  0  0]
 - Client 161: [ 0  0  0  0  0  0  0  0 25 25]
 - Client 162: [ 0  0  0  0  0  0  0  0 25 25]
 - Client 163: [25 25  0  0  0  0  0  0  0  0]
 - Client 164: [ 0  0  0 25 25  0  0  0  0  0]
 - Client 165: [ 0  0 25 25  0  0  0  0  0  0]
 - Client 166: [ 0  0  0  0  0  0 25 25  0  0]
 - Client 167: [ 0  0  0  0  0  0  0 25 25  0]
 - Client 168: [ 0  0  0  0  0  0  0 25 25  0]
 - Client 169: [25  0  0  0  0  0  0  0  0 25]
 - Client 170: [ 0  0 25 25  0  0  0  0  0  0]
 - Client 171: [ 0  0  0  0  0  0 25 25  0  0]
 - Client 172: [ 0  0  0  0  0  0  0 25 25  0]
 - Client 173: [25 25  0  0  0  0  0  0  0  0]
 - Client 174: [ 0 25 25  0  0  0  0  0  0  0]
 - Client 175: [25 25  0  0  0  0  0  0  0  0]
 - Client 176: [ 0  0  0  0  0  0  0 25 25  0]
 - Client 177: [ 0 25 25  0  0  0  0  0  0  0]
 - Client 178: [ 0  0  0  0  0  0  0  0 25 25]
 - Client 179: [ 0  0  0  0  0 25 25  0  0  0]
 - Client 180: [ 0  0 25 25  0  0  0  0  0  0]
 - Client 181: [25  0  0  0  0  0  0  0  0 25]
 - Client 182: [ 0 25 25  0  0  0  0  0  0  0]
 - Client 183: [ 0 25 25  0  0  0  0  0  0  0]
 - Client 184: [25  0  0  0  0  0  0  0  0 25]
 - Client 185: [ 0  0  0  0  0  0 25 25  0  0]
 - Client 186: [ 0  0  0  0  0  0  0  0 25 25]
 - Client 187: [ 0  0  0 25 25  0  0  0  0  0]
 - Client 188: [ 0  0  0  0  0 25 25  0  0  0]
 - Client 189: [ 0 25 25  0  0  0  0  0  0  0]
 - Client 190: [ 0  0 25 25  0  0  0  0  0  0]
 - Client 191: [ 0  0  0  0  0  0  0 25 25  0]
 - Client 192: [ 0 25 25  0  0  0  0  0  0  0]
 - Client 193: [ 0  0  0 25 25  0  0  0  0  0]
 - Client 194: [ 0  0  0  0  0  0 25 25  0  0]
 - Client 195: [ 0  0 25 25  0  0  0  0  0  0]
 - Client 196: [ 0  0  0  0  0  0  0  0 25 25]
 - Client 197: [25 25  0  0  0  0  0  0  0  0]
 - Client 198: [ 0  0  0  0  0  0  0  0 25 25]
 - Client 199: [25 25  0  0  0  0  0  0  0  0]
 - Client 200: [ 0  0  0  0  0 25 25  0  0  0]
 - Client 201: [ 0  0  0  0  0  0 25 25  0  0]
 - Client 202: [ 0  0  0 25 25  0  0  0  0  0]
 - Client 203: [ 0  0  0  0  0 25 25  0  0  0]
 - Client 204: [ 0  0  0  0  0  0 25 25  0  0]
 - Client 205: [ 0  0  0  0  0  0  0  0 25 25]
 - Client 206: [25  0  0  0  0  0  0  0  0 25]
 - Client 207: [ 0  0  0 25 25  0  0  0  0  0]
 - Client 208: [ 0  0  0  0  0 25 25  0  0  0]
 - Client 209: [ 0  0  0  0  0  0 25 25  0  0]
 - Client 210: [ 0  0 25 25  0  0  0  0  0  0]
 - Client 211: [25  0  0  0  0  0  0  0  0 25]
 - Client 212: [ 0  0  0  0  0  0  0  0 25 25]
 - Client 213: [ 0  0 25 25  0  0  0  0  0  0]
 - Client 214: [ 0 25 25  0  0  0  0  0  0  0]
 - Client 215: [ 0  0  0  0  0  0 25 25  0  0]
 - Client 216: [ 0 25 25  0  0  0  0  0  0  0]
 - Client 217: [ 0  0  0  0  0 25 25  0  0  0]
 - Client 218: [ 0  0  0 25 25  0  0  0  0  0]
 - Client 219: [25 25  0  0  0  0  0  0  0  0]
 - Client 220: [25  0  0  0  0  0  0  0  0 25]
 - Client 221: [ 0 25 25  0  0  0  0  0  0  0]
 - Client 222: [ 0  0 25 25  0  0  0  0  0  0]
 - Client 223: [25  0  0  0  0  0  0  0  0 25]
 - Client 224: [25 25  0  0  0  0  0  0  0  0]
 - Client 225: [ 0  0  0  0  0  0 25 25  0  0]
 - Client 226: [ 0  0  0  0  0  0  0  0 25 25]
 - Client 227: [ 0 25 25  0  0  0  0  0  0  0]
 - Client 228: [25  0  0  0  0  0  0  0  0 25]
 - Client 229: [ 0  0  0  0  0 25 25  0  0  0]
 - Client 230: [ 0  0  0  0  0 25 25  0  0  0]
 - Client 231: [25  0  0  0  0  0  0  0  0 25]
 - Client 232: [ 0  0 25 25  0  0  0  0  0  0]
 - Client 233: [ 0  0  0  0  0  0  0  0 25 25]
 - Client 234: [ 0  0  0  0  0 25 25  0  0  0]
 - Client 235: [25 25  0  0  0  0  0  0  0  0]
 - Client 236: [25 25  0  0  0  0  0  0  0  0]
 - Client 237: [ 0  0  0  0  0  0  0 25 25  0]
 - Client 238: [ 0  0  0  0  0  0  0  0 25 25]
 - Client 239: [ 0  0  0 25 25  0  0  0  0  0]
 - Client 240: [ 0  0  0  0 25 25  0  0  0  0]
 - Client 241: [ 0 25 25  0  0  0  0  0  0  0]
 - Client 242: [ 0 25 25  0  0  0  0  0  0  0]
 - Client 243: [ 0  0  0 25 25  0  0  0  0  0]
 - Client 244: [25 25  0  0  0  0  0  0  0  0]
 - Client 245: [ 0  0  0  0  0  0  0  0 25 25]
 - Client 246: [ 0 25 25  0  0  0  0  0  0  0]
 - Client 247: [25 25  0  0  0  0  0  0  0  0]
 - Client 248: [ 0  0  0  0 25 25  0  0  0  0]
 - Client 249: [ 0  0  0  0  0 25 25  0  0  0]
 - Client 250: [ 0  0  0  0  0  0 25 25  0  0]
 - Client 251: [ 0  0  0  0  0  0  0  0 25 25]
 - Client 252: [25  0  0  0  0  0  0  0  0 25]
 - Client 253: [ 0  0  0  0 25 25  0  0  0  0]
 - Client 254: [ 0  0  0  0  0 25 25  0  0  0]
 - Client 255: [25 25  0  0  0  0  0  0  0  0]
 - Client 256: [ 0  0  0  0  0  0  0 25 25  0]
 - Client 257: [ 0 25 25  0  0  0  0  0  0  0]
 - Client 258: [ 0  0  0  0  0 25 25  0  0  0]
 - Client 259: [ 0  0  0  0  0 25 25  0  0  0]
 - Client 260: [ 0  0  0 25 25  0  0  0  0  0]
 - Client 261: [ 0  0  0  0  0  0  0 25 25  0]
 - Client 262: [ 0 25 25  0  0  0  0  0  0  0]
 - Client 263: [ 0  0  0  0  0  0  0 25 25  0]
 - Client 264: [ 0  0  0  0  0  0  0 25 25  0]
 - Client 265: [ 0  0  0  0 25 25  0  0  0  0]
 - Client 266: [ 0  0  0 25 25  0  0  0  0  0]
 - Client 267: [ 0  0  0  0 25 25  0  0  0  0]
 - Client 268: [ 0  0  0  0  0 25 25  0  0  0]
 - Client 269: [ 0 25 25  0  0  0  0  0  0  0]
 - Client 270: [ 0  0 25 25  0  0  0  0  0  0]
 - Client 271: [ 0  0  0  0  0 25 25  0  0  0]
 - Client 272: [ 0 25 25  0  0  0  0  0  0  0]
 - Client 273: [ 0 25 25  0  0  0  0  0  0  0]
 - Client 274: [ 0  0  0  0 25 25  0  0  0  0]
 - Client 275: [ 0  0  0  0  0  0  0 25 25  0]
 - Client 276: [ 0  0  0  0 25 25  0  0  0  0]
 - Client 277: [ 0  0  0  0 25 25  0  0  0  0]
 - Client 278: [ 0  0  0  0  0  0 25 25  0  0]
 - Client 279: [ 0  0  0  0  0  0 25 25  0  0]
 - Client 280: [ 0  0  0  0  0  0  0  0 25 25]
 - Client 281: [25 25  0  0  0  0  0  0  0  0]
 - Client 282: [ 0 25 25  0  0  0  0  0  0  0]
 - Client 283: [ 0  0  0  0  0  0 25 25  0  0]
 - Client 284: [ 0  0  0  0 25 25  0  0  0  0]
 - Client 285: [25 25  0  0  0  0  0  0  0  0]
 - Client 286: [ 0  0 25 25  0  0  0  0  0  0]
 - Client 287: [ 0  0  0  0  0  0  0 25 25  0]
 - Client 288: [ 0  0  0  0 25 25  0  0  0  0]
 - Client 289: [ 0  0 25 25  0  0  0  0  0  0]
 - Client 290: [25 25  0  0  0  0  0  0  0  0]
 - Client 291: [ 0 25 25  0  0  0  0  0  0  0]
 - Client 292: [ 0  0  0 25 25  0  0  0  0  0]
 - Client 293: [ 0  0  0  0  0  0  0  0 25 25]
 - Client 294: [ 0  0  0  0 25 25  0  0  0  0]
 - Client 295: [25  0  0  0  0  0  0  0  0 25]
 - Client 296: [ 0  0  0  0  0  0  0 25 25  0]
 - Client 297: [25 25  0  0  0  0  0  0  0  0]
 - Client 298: [ 0  0  0  0  0  0  0  0 25 25]
 - Client 299: [ 0  0  0  0  0  0  0 25 25  0]
 - Client 300: [ 0  0  0  0  0  0 25 25  0  0]
 - Client 301: [ 0  0  0  0  0  0 25 25  0  0]
 - Client 302: [ 0 25 25  0  0  0  0  0  0  0]
 - Client 303: [ 0 25 25  0  0  0  0  0  0  0]
 - Client 304: [ 0  0  0  0  0  0 25 25  0  0]
 - Client 305: [ 0  0  0 25 25  0  0  0  0  0]
 - Client 306: [ 0  0  0  0  0  0 25 25  0  0]
 - Client 307: [ 0  0  0  0  0  0 25 25  0  0]
 - Client 308: [ 0 25 25  0  0  0  0  0  0  0]
 - Client 309: [ 0  0  0  0  0  0 25 25  0  0]
 - Client 310: [ 0  0  0  0  0 25 25  0  0  0]
 - Client 311: [ 0  0  0  0  0 25 25  0  0  0]
 - Client 312: [25 25  0  0  0  0  0  0  0  0]
 - Client 313: [ 0  0  0  0  0 25 25  0  0  0]
 - Client 314: [ 0  0  0  0  0  0  0 25 25  0]
 - Client 315: [ 0  0  0  0  0  0  0 25 25  0]
 - Client 316: [ 0  0  0  0 25 25  0  0  0  0]
 - Client 317: [ 0  0  0  0 25 25  0  0  0  0]
 - Client 318: [ 0  0  0  0  0 25 25  0  0  0]
 - Client 319: [ 0  0  0  0 25 25  0  0  0  0]
 - Client 320: [ 0 25 25  0  0  0  0  0  0  0]
 - Client 321: [25 25  0  0  0  0  0  0  0  0]
 - Client 322: [ 0  0  0  0 25 25  0  0  0  0]
 - Client 323: [25 25  0  0  0  0  0  0  0  0]
 - Client 324: [ 0  0  0  0 25 25  0  0  0  0]
 - Client 325: [ 0  0  0  0  0  0  0 25 25  0]
 - Client 326: [ 0  0  0  0  0  0  0 25 25  0]
 - Client 327: [ 0  0 25 25  0  0  0  0  0  0]
 - Client 328: [ 0  0  0 25 25  0  0  0  0  0]
 - Client 329: [25  0  0  0  0  0  0  0  0 25]
 - Client 330: [ 0  0  0  0  0  0  0 25 25  0]
 - Client 331: [ 0  0  0  0 25 25  0  0  0  0]
 - Client 332: [ 0 25 25  0  0  0  0  0  0  0]
 - Client 333: [ 0 25 25  0  0  0  0  0  0  0]
 - Client 334: [ 0  0  0 25 25  0  0  0  0  0]
 - Client 335: [ 0  0  0  0  0  0  0 25 25  0]
 - Client 336: [ 0  0 25 25  0  0  0  0  0  0]
 - Client 337: [ 0  0  0  0  0  0  0 25 25  0]
 - Client 338: [ 0  0  0  0  0  0  0  0 25 25]
 - Client 339: [ 0  0  0  0  0  0  0 25 25  0]
 - Client 340: [25 25  0  0  0  0  0  0  0  0]
 - Client 341: [ 0  0  0  0  0  0  0  0 25 25]
 - Client 342: [ 0  0 25 25  0  0  0  0  0  0]
 - Client 343: [ 0 25 25  0  0  0  0  0  0  0]
 - Client 344: [ 0  0  0  0  0 25 25  0  0  0]
 - Client 345: [25 25  0  0  0  0  0  0  0  0]
 - Client 346: [ 0  0  0  0  0  0  0  0 25 25]
 - Client 347: [ 0  0  0  0  0  0  0  0 25 25]
 - Client 348: [ 0  0 25 25  0  0  0  0  0  0]
 - Client 349: [ 0  0  0  0  0  0  0  0 25 25]
 - Client 350: [ 0  0  0 25 25  0  0  0  0  0]
 - Client 351: [25 25  0  0  0  0  0  0  0  0]
 - Client 352: [ 0  0 25 25  0  0  0  0  0  0]
 - Client 353: [ 0  0  0  0  0  0  0  0 25 25]
 - Client 354: [ 0  0  0  0  0  0 25 25  0  0]
 - Client 355: [ 0  0  0  0  0  0  0 25 25  0]
 - Client 356: [ 0  0  0 25 25  0  0  0  0  0]
 - Client 357: [ 0 25 25  0  0  0  0  0  0  0]
 - Client 358: [25 25  0  0  0  0  0  0  0  0]
 - Client 359: [25  0  0  0  0  0  0  0  0 25]
 - Client 360: [25 25  0  0  0  0  0  0  0  0]
 - Client 361: [ 0  0  0  0 25 25  0  0  0  0]
 - Client 362: [25  0  0  0  0  0  0  0  0 25]
 - Client 363: [ 0  0  0  0  0  0  0  0 25 25]
 - Client 364: [ 0  0  0 25 25  0  0  0  0  0]
 - Client 365: [ 0  0  0  0  0  0  0  0 25 25]
 - Client 366: [ 0  0  0  0 25 25  0  0  0  0]
 - Client 367: [ 0  0  0  0  0  0 25 25  0  0]
 - Client 368: [ 0  0 25 25  0  0  0  0  0  0]
 - Client 369: [ 0 25 25  0  0  0  0  0  0  0]
 - Client 370: [ 0  0  0  0 25 25  0  0  0  0]
 - Client 371: [ 0 25 25  0  0  0  0  0  0  0]
 - Client 372: [ 0  0  0  0 25 25  0  0  0  0]
 - Client 373: [25 25  0  0  0  0  0  0  0  0]
 - Client 374: [ 0  0  0  0  0  0  0  0 25 25]
 - Client 375: [ 0  0  0  0  0  0  0  0 25 25]
 - Client 376: [ 0  0  0 25 25  0  0  0  0  0]
 - Client 377: [ 0  0  0  0  0 25 25  0  0  0]
 - Client 378: [ 0  0  0  0  0 25 25  0  0  0]
 - Client 379: [ 0  0  0  0  0  0  0 25 25  0]
 - Client 380: [ 0  0 25 25  0  0  0  0  0  0]
 - Client 381: [25  0  0  0  0  0  0  0  0 25]
 - Client 382: [ 0  0  0  0  0  0 25 25  0  0]
 - Client 383: [ 0 25 25  0  0  0  0  0  0  0]
 - Client 384: [ 0  0  0  0  0  0 25 25  0  0]
 - Client 385: [ 0  0  0  0  0  0  0 25 25  0]
 - Client 386: [25 25  0  0  0  0  0  0  0  0]
 - Client 387: [ 0 25 25  0  0  0  0  0  0  0]
 - Client 388: [ 0  0 25 25  0  0  0  0  0  0]
 - Client 389: [25 25  0  0  0  0  0  0  0  0]
 - Client 390: [ 0 25 25  0  0  0  0  0  0  0]
 - Client 391: [ 0  0  0  0  0  0  0  0 25 25]
 - Client 392: [25  0  0  0  0  0  0  0  0 25]
 - Client 393: [ 0 25 25  0  0  0  0  0  0  0]
 - Client 394: [ 0  0  0  0  0  0  0  0 25 25]
 - Client 395: [ 0  0  0  0  0  0 25 25  0  0]
 - Client 396: [ 0  0 25 25  0  0  0  0  0  0]
 - Client 397: [ 0  0  0  0  0  0  0  0 25 25]
 - Client 398: [25  0  0  0  0  0  0  0  0 25]
 - Client 399: [ 0  0  0 25 25  0  0  0  0  0]
 - Client 400: [ 0  0  0  0  0  0  0 25 25  0]
 - Client 401: [ 0  0  0  0  0  0  0 25 25  0]
 - Client 402: [ 0 25 25  0  0  0  0  0  0  0]
 - Client 403: [ 0  0  0  0  0  0 25 25  0  0]
 - Client 404: [ 0  0 25 25  0  0  0  0  0  0]
 - Client 405: [25 25  0  0  0  0  0  0  0  0]
 - Client 406: [ 0 25 25  0  0  0  0  0  0  0]
 - Client 407: [ 0  0  0  0  0  0  0  0 25 25]
 - Client 408: [ 0  0  0  0  0  0  0  0 25 25]
 - Client 409: [ 0  0  0  0  0 25 25  0  0  0]
 - Client 410: [ 0 25 25  0  0  0  0  0  0  0]
 - Client 411: [25  0  0  0  0  0  0  0  0 25]
 - Client 412: [25 25  0  0  0  0  0  0  0  0]
 - Client 413: [25  0  0  0  0  0  0  0  0 25]
 - Client 414: [ 0 25 25  0  0  0  0  0  0  0]
 - Client 415: [ 0 25 25  0  0  0  0  0  0  0]
 - Client 416: [25 25  0  0  0  0  0  0  0  0]
 - Client 417: [ 0  0  0 25 25  0  0  0  0  0]
 - Client 418: [25 25  0  0  0  0  0  0  0  0]
 - Client 419: [ 0  0  0  0  0 25 25  0  0  0]
 - Client 420: [25  0  0  0  0  0  0  0  0 25]
 - Client 421: [ 0  0  0 25 25  0  0  0  0  0]
 - Client 422: [ 0  0  0 25 25  0  0  0  0  0]
 - Client 423: [25  0  0  0  0  0  0  0  0 25]
 - Client 424: [ 0  0  0  0  0 25 25  0  0  0]
 - Client 425: [ 0 25 25  0  0  0  0  0  0  0]
 - Client 426: [25 25  0  0  0  0  0  0  0  0]
 - Client 427: [25  0  0  0  0  0  0  0  0 25]
 - Client 428: [ 0  0  0  0  0  0 25 25  0  0]
 - Client 429: [ 0  0  0  0  0  0  0 25 25  0]
 - Client 430: [ 0  0  0  0  0  0  0 25 25  0]
 - Client 431: [25  0  0  0  0  0  0  0  0 25]
 - Client 432: [ 0  0  0  0  0  0 25 25  0  0]
 - Client 433: [ 0  0  0  0  0  0 25 25  0  0]
 - Client 434: [ 0 25 25  0  0  0  0  0  0  0]
 - Client 435: [ 0  0  0 25 25  0  0  0  0  0]
 - Client 436: [25 25  0  0  0  0  0  0  0  0]
 - Client 437: [ 0 25 25  0  0  0  0  0  0  0]
 - Client 438: [25 25  0  0  0  0  0  0  0  0]
 - Client 439: [ 0  0  0  0 25 25  0  0  0  0]
 - Client 440: [ 0  0  0  0  0 25 25  0  0  0]
 - Client 441: [ 0  0  0  0 25 25  0  0  0  0]
 - Client 442: [ 0  0  0  0 25 25  0  0  0  0]
 - Client 443: [25  0  0  0  0  0  0  0  0 25]
 - Client 444: [ 0  0  0  0 25 25  0  0  0  0]
 - Client 445: [25 25  0  0  0  0  0  0  0  0]
 - Client 446: [ 0  0  0  0 25 25  0  0  0  0]
 - Client 447: [ 0  0  0  0 25 25  0  0  0  0]
 - Client 448: [ 0  0  0  0  0 25 25  0  0  0]
 - Client 449: [25 25  0  0  0  0  0  0  0  0]
 - Client 450: [ 0  0  0  0  0  0  0 25 25  0]
 - Client 451: [ 0 25 25  0  0  0  0  0  0  0]
 - Client 452: [ 0  0 25 25  0  0  0  0  0  0]
 - Client 453: [ 0  0 25 25  0  0  0  0  0  0]
 - Client 454: [ 0 25 25  0  0  0  0  0  0  0]
 - Client 455: [ 0  0  0 25 25  0  0  0  0  0]
 - Client 456: [ 0  0  0  0  0 25 25  0  0  0]
 - Client 457: [ 0  0  0  0  0  0  0  0 25 25]
 - Client 458: [ 0  0  0  0  0  0  0  0 25 25]
 - Client 459: [ 0  0  0  0  0  0 25 25  0  0]
 - Client 460: [ 0  0 25 25  0  0  0  0  0  0]
 - Client 461: [ 0  0  0 25 25  0  0  0  0  0]
 - Client 462: [ 0  0  0 25 25  0  0  0  0  0]
 - Client 463: [ 0  0  0 25 25  0  0  0  0  0]
 - Client 464: [ 0  0 25 25  0  0  0  0  0  0]
 - Client 465: [25  0  0  0  0  0  0  0  0 25]
 - Client 466: [ 0  0  0 25 25  0  0  0  0  0]
 - Client 467: [ 0  0  0  0 25 25  0  0  0  0]
 - Client 468: [ 0 25 25  0  0  0  0  0  0  0]
 - Client 469: [ 0  0 25 25  0  0  0  0  0  0]
 - Client 470: [ 0  0  0  0 25 25  0  0  0  0]
 - Client 471: [ 0  0  0  0  0  0 25 25  0  0]
 - Client 472: [ 0  0  0 25 25  0  0  0  0  0]
 - Client 473: [ 0  0  0  0  0  0  0  0 25 25]
 - Client 474: [ 0  0  0  0  0  0  0  0 25 25]
 - Client 475: [ 0  0 25 25  0  0  0  0  0  0]
 - Client 476: [ 0  0  0 25 25  0  0  0  0  0]
 - Client 477: [25  0  0  0  0  0  0  0  0 25]
 - Client 478: [ 0  0  0 25 25  0  0  0  0  0]
 - Client 479: [ 0  0  0 25 25  0  0  0  0  0]
 - Client 480: [ 0  0  0  0  0  0 25 25  0  0]
 - Client 481: [25  0  0  0  0  0  0  0  0 25]
 - Client 482: [ 0  0  0 25 25  0  0  0  0  0]
 - Client 483: [ 0  0  0 25 25  0  0  0  0  0]
 - Client 484: [ 0  0 25 25  0  0  0  0  0  0]
 - Client 485: [ 0  0  0  0 25 25  0  0  0  0]
 - Client 486: [ 0  0  0  0  0 25 25  0  0  0]
 - Client 487: [ 0  0  0  0  0  0  0 25 25  0]
 - Client 488: [ 0  0  0 25 25  0  0  0  0  0]
 - Client 489: [ 0  0  0  0  0  0  0  0 25 25]
 - Client 490: [25  0  0  0  0  0  0  0  0 25]
 - Client 491: [ 0  0  0  0  0  0  0  0 25 25]
 - Client 492: [ 0  0  0  0 25 25  0  0  0  0]
 - Client 493: [ 0  0  0  0  0 25 25  0  0  0]
 - Client 494: [ 0  0  0  0 25 25  0  0  0  0]
 - Client 495: [ 0  0  0  0  0  0 25 25  0  0]
 - Client 496: [ 0  0  0  0  0  0  0 25 25  0]
 - Client 497: [ 0  0 25 25  0  0  0  0  0  0]
 - Client 498: [25  0  0  0  0  0  0  0  0 25]
 - Client 499: [25 25  0  0  0  0  0  0  0  0]
 - Client 500: [ 0  0  0  0  0  0  0  0 25 25]
 - Client 501: [ 0  0  0  0  0  0  0 25 25  0]
 - Client 502: [ 0  0  0  0  0 25 25  0  0  0]
 - Client 503: [ 0 25 25  0  0  0  0  0  0  0]
 - Client 504: [25 25  0  0  0  0  0  0  0  0]
 - Client 505: [25  0  0  0  0  0  0  0  0 25]
 - Client 506: [ 0  0  0 25 25  0  0  0  0  0]
 - Client 507: [25 25  0  0  0  0  0  0  0  0]
 - Client 508: [25  0  0  0  0  0  0  0  0 25]
 - Client 509: [ 0  0  0  0  0  0  0 25 25  0]
 - Client 510: [ 0  0 25 25  0  0  0  0  0  0]
 - Client 511: [ 0  0 25 25  0  0  0  0  0  0]
 - Client 512: [ 0  0  0  0  0  0  0  0 25 25]
 - Client 513: [ 0  0  0  0  0  0  0 25 25  0]
 - Client 514: [ 0  0 25 25  0  0  0  0  0  0]
 - Client 515: [ 0  0  0  0  0  0 25 25  0  0]
 - Client 516: [ 0  0  0 25 25  0  0  0  0  0]
 - Client 517: [ 0  0  0  0  0 25 25  0  0  0]
 - Client 518: [ 0  0  0  0 25 25  0  0  0  0]
 - Client 519: [ 0 25 25  0  0  0  0  0  0  0]
 - Client 520: [ 0 25 25  0  0  0  0  0  0  0]
 - Client 521: [ 0  0  0  0  0  0 25 25  0  0]
 - Client 522: [ 0  0 25 25  0  0  0  0  0  0]
 - Client 523: [ 0  0 25 25  0  0  0  0  0  0]
 - Client 524: [ 0  0  0 25 25  0  0  0  0  0]
 - Client 525: [ 0  0  0  0  0  0  0  0 25 25]
 - Client 526: [ 0  0  0 25 25  0  0  0  0  0]
 - Client 527: [ 0  0  0 25 25  0  0  0  0  0]
 - Client 528: [ 0  0  0  0  0 25 25  0  0  0]
 - Client 529: [ 0 25 25  0  0  0  0  0  0  0]
 - Client 530: [25 25  0  0  0  0  0  0  0  0]
 - Client 531: [ 0  0  0  0  0  0  0  0 25 25]
 - Client 532: [ 0  0  0  0  0 25 25  0  0  0]
 - Client 533: [25  0  0  0  0  0  0  0  0 25]
 - Client 534: [ 0 25 25  0  0  0  0  0  0  0]
 - Client 535: [ 0  0  0 25 25  0  0  0  0  0]
 - Client 536: [ 0 25 25  0  0  0  0  0  0  0]
 - Client 537: [ 0  0 25 25  0  0  0  0  0  0]
 - Client 538: [ 0  0  0  0  0  0 25 25  0  0]
 - Client 539: [25 25  0  0  0  0  0  0  0  0]
 - Client 540: [ 0  0  0  0 25 25  0  0  0  0]
 - Client 541: [ 0 25 25  0  0  0  0  0  0  0]
 - Client 542: [ 0  0  0  0  0  0  0  0 25 25]
 - Client 543: [ 0  0  0  0  0  0  0  0 25 25]
 - Client 544: [25 25  0  0  0  0  0  0  0  0]
 - Client 545: [ 0  0  0  0  0 25 25  0  0  0]
 - Client 546: [ 0  0 25 25  0  0  0  0  0  0]
 - Client 547: [ 0  0  0  0  0  0  0 25 25  0]
 - Client 548: [ 0  0 25 25  0  0  0  0  0  0]
 - Client 549: [ 0  0  0  0  0 25 25  0  0  0]
 - Client 550: [ 0  0  0 25 25  0  0  0  0  0]
 - Client 551: [ 0  0 25 25  0  0  0  0  0  0]
 - Client 552: [ 0  0  0  0  0  0  0 25 25  0]
 - Client 553: [25  0  0  0  0  0  0  0  0 25]
 - Client 554: [ 0  0  0 25 25  0  0  0  0  0]
 - Client 555: [ 0  0  0  0  0 25 25  0  0  0]
 - Client 556: [25  0  0  0  0  0  0  0  0 25]
 - Client 557: [25 25  0  0  0  0  0  0  0  0]
 - Client 558: [ 0  0  0  0  0  0  0  0 25 25]
 - Client 559: [ 0 25 25  0  0  0  0  0  0  0]
 - Client 560: [ 0  0  0  0  0  0  0 25 25  0]
 - Client 561: [ 0  0 25 25  0  0  0  0  0  0]
 - Client 562: [ 0  0  0  0  0 25 25  0  0  0]
 - Client 563: [ 0 25 25  0  0  0  0  0  0  0]
 - Client 564: [ 0 25 25  0  0  0  0  0  0  0]
 - Client 565: [25 25  0  0  0  0  0  0  0  0]
 - Client 566: [ 0  0  0  0  0 25 25  0  0  0]
 - Client 567: [ 0  0  0  0  0 25 25  0  0  0]
 - Client 568: [ 0  0  0  0  0  0  0 25 25  0]
 - Client 569: [ 0 25 25  0  0  0  0  0  0  0]
 - Client 570: [ 0  0  0  0  0  0 25 25  0  0]
 - Client 571: [ 0  0  0  0  0  0 25 25  0  0]
 - Client 572: [ 0 25 25  0  0  0  0  0  0  0]
 - Client 573: [ 0  0  0  0  0  0 25 25  0  0]
 - Client 574: [25 25  0  0  0  0  0  0  0  0]
 - Client 575: [ 0  0  0 25 25  0  0  0  0  0]
 - Client 576: [ 0  0  0  0  0  0 25 25  0  0]
 - Client 577: [ 0  0 25 25  0  0  0  0  0  0]
 - Client 578: [25  0  0  0  0  0  0  0  0 25]
 - Client 579: [ 0  0  0  0  0  0  0  0 25 25]
 - Client 580: [ 0  0  0  0 25 25  0  0  0  0]
 - Client 581: [ 0 25 25  0  0  0  0  0  0  0]
 - Client 582: [ 0  0  0  0  0  0  0  0 25 25]
 - Client 583: [ 0  0  0  0  0 25 25  0  0  0]
 - Client 584: [25 25  0  0  0  0  0  0  0  0]
 - Client 585: [ 0  0  0  0  0  0  0 25 25  0]
 - Client 586: [25 25  0  0  0  0  0  0  0  0]
 - Client 587: [ 0  0  0  0  0  0  0 25 25  0]
 - Client 588: [ 0  0  0  0  0  0  0  0 25 25]
 - Client 589: [ 0 25 25  0  0  0  0  0  0  0]
 - Client 590: [ 0  0  0  0  0  0 25 25  0  0]
 - Client 591: [ 0 25 25  0  0  0  0  0  0  0]
 - Client 592: [ 0  0  0 25 25  0  0  0  0  0]
 - Client 593: [25 25  0  0  0  0  0  0  0  0]
 - Client 594: [ 0  0  0  0  0  0 25 25  0  0]
 - Client 595: [ 0  0 25 25  0  0  0  0  0  0]
 - Client 596: [25  0  0  0  0  0  0  0  0 25]
 - Client 597: [ 0  0  0  0  0 25 25  0  0  0]
 - Client 598: [ 0  0  0  0  0  0  0 25 25  0]
 - Client 599: [ 0  0  0 25 25  0  0  0  0  0]
 - Client 600: [ 0 25 25  0  0  0  0  0  0  0]
 - Client 601: [ 0 25 25  0  0  0  0  0  0  0]
 - Client 602: [ 0  0  0  0  0  0  0  0 25 25]
 - Client 603: [ 0  0 25 25  0  0  0  0  0  0]
 - Client 604: [ 0  0 25 25  0  0  0  0  0  0]
 - Client 605: [25  0  0  0  0  0  0  0  0 25]
 - Client 606: [25 25  0  0  0  0  0  0  0  0]
 - Client 607: [ 0  0  0  0  0  0 25 25  0  0]
 - Client 608: [25  0  0  0  0  0  0  0  0 25]
 - Client 609: [ 0  0  0 25 25  0  0  0  0  0]
 - Client 610: [ 0  0  0  0 25 25  0  0  0  0]
 - Client 611: [25 25  0  0  0  0  0  0  0  0]
 - Client 612: [ 0  0 25 25  0  0  0  0  0  0]
 - Client 613: [ 0  0  0  0  0 25 25  0  0  0]
 - Client 614: [ 0  0  0  0  0  0 25 25  0  0]
 - Client 615: [ 0  0  0  0  0  0  0 25 25  0]
 - Client 616: [ 0  0  0  0  0 25 25  0  0  0]
 - Client 617: [ 0  0  0  0 25 25  0  0  0  0]
 - Client 618: [25  0  0  0  0  0  0  0  0 25]
 - Client 619: [25  0  0  0  0  0  0  0  0 25]
 - Client 620: [ 0  0  0  0  0  0  0 25 25  0]
 - Client 621: [ 0  0 25 25  0  0  0  0  0  0]
 - Client 622: [ 0  0  0  0  0 25 25  0  0  0]
 - Client 623: [ 0 25 25  0  0  0  0  0  0  0]
 - Client 624: [ 0  0  0  0  0 25 25  0  0  0]
 - Client 625: [ 0  0  0  0  0 25 25  0  0  0]
 - Client 626: [ 0  0 25 25  0  0  0  0  0  0]
 - Client 627: [ 0  0  0  0  0  0 25 25  0  0]
 - Client 628: [ 0  0 25 25  0  0  0  0  0  0]
 - Client 629: [ 0  0  0  0  0  0 25 25  0  0]
 - Client 630: [ 0  0  0 25 25  0  0  0  0  0]
 - Client 631: [ 0  0  0  0 25 25  0  0  0  0]
 - Client 632: [ 0  0  0  0  0  0 25 25  0  0]
 - Client 633: [ 0  0  0  0  0  0  0  0 25 25]
 - Client 634: [ 0  0  0  0 25 25  0  0  0  0]
 - Client 635: [ 0  0  0  0  0  0 25 25  0  0]
 - Client 636: [ 0  0  0  0  0  0 25 25  0  0]
 - Client 637: [ 0  0 25 25  0  0  0  0  0  0]
 - Client 638: [ 0  0  0  0 25 25  0  0  0  0]
 - Client 639: [ 0  0 25 25  0  0  0  0  0  0]
 - Client 640: [25 25  0  0  0  0  0  0  0  0]
 - Client 641: [25 25  0  0  0  0  0  0  0  0]
 - Client 642: [ 0  0  0 25 25  0  0  0  0  0]
 - Client 643: [ 0 25 25  0  0  0  0  0  0  0]
 - Client 644: [ 0 25 25  0  0  0  0  0  0  0]
 - Client 645: [ 0 25 25  0  0  0  0  0  0  0]
 - Client 646: [25  0  0  0  0  0  0  0  0 25]
 - Client 647: [ 0  0  0  0  0 25 25  0  0  0]
 - Client 648: [ 0  0 25 25  0  0  0  0  0  0]
 - Client 649: [ 0  0  0  0  0  0  0  0 25 25]
 - Client 650: [ 0 25 25  0  0  0  0  0  0  0]
 - Client 651: [ 0  0  0  0  0  0  0 25 25  0]
 - Client 652: [ 0  0  0  0  0  0 25 25  0  0]
 - Client 653: [ 0 25 25  0  0  0  0  0  0  0]
 - Client 654: [ 0  0  0  0  0  0  0 25 25  0]
 - Client 655: [ 0  0  0  0  0  0 25 25  0  0]
 - Client 656: [25 25  0  0  0  0  0  0  0  0]
 - Client 657: [ 0  0  0  0  0 25 25  0  0  0]
 - Client 658: [ 0  0  0  0  0  0  0 25 25  0]
 - Client 659: [ 0  0  0  0  0 25 25  0  0  0]
 - Client 660: [ 0  0  0  0 25 25  0  0  0  0]
 - Client 661: [25 25  0  0  0  0  0  0  0  0]
 - Client 662: [ 0  0  0  0 25 25  0  0  0  0]
 - Client 663: [25 25  0  0  0  0  0  0  0  0]
 - Client 664: [ 0  0  0  0 25 25  0  0  0  0]
 - Client 665: [ 0  0  0  0  0  0  0  0 25 25]
 - Client 666: [ 0  0  0  0  0  0  0 25 25  0]
 - Client 667: [ 0  0  0  0  0  0 25 25  0  0]
 - Client 668: [ 0  0  0  0  0 25 25  0  0  0]
 - Client 669: [25  0  0  0  0  0  0  0  0 25]
 - Client 670: [ 0 25 25  0  0  0  0  0  0  0]
 - Client 671: [ 0  0  0  0  0  0 25 25  0  0]
 - Client 672: [25  0  0  0  0  0  0  0  0 25]
 - Client 673: [ 0  0  0 25 25  0  0  0  0  0]
 - Client 674: [ 0  0  0  0  0  0  0  0 25 25]
 - Client 675: [ 0  0  0  0  0  0 25 25  0  0]
 - Client 676: [25  0  0  0  0  0  0  0  0 25]
 - Client 677: [ 0  0  0  0  0 25 25  0  0  0]
 - Client 678: [ 0  0  0  0  0 25 25  0  0  0]
 - Client 679: [ 0  0  0  0  0 25 25  0  0  0]
 - Client 680: [ 0  0  0  0  0  0  0 25 25  0]
 - Client 681: [ 0  0  0  0  0 25 25  0  0  0]
 - Client 682: [ 0  0  0  0  0  0 25 25  0  0]
 - Client 683: [ 0  0  0  0  0  0 25 25  0  0]
 - Client 684: [ 0  0 25 25  0  0  0  0  0  0]
 - Client 685: [ 0  0  0 25 25  0  0  0  0  0]
 - Client 686: [ 0  0  0  0  0 25 25  0  0  0]
 - Client 687: [ 0  0 25 25  0  0  0  0  0  0]
 - Client 688: [ 0  0  0  0  0 25 25  0  0  0]
 - Client 689: [ 0  0  0  0  0  0 25 25  0  0]
 - Client 690: [ 0  0  0  0  0  0  0  0 25 25]
 - Client 691: [ 0  0  0  0  0 25 25  0  0  0]
 - Client 692: [ 0  0  0  0  0 25 25  0  0  0]
 - Client 693: [25  0  0  0  0  0  0  0  0 25]
 - Client 694: [ 0  0 25 25  0  0  0  0  0  0]
 - Client 695: [ 0  0 25 25  0  0  0  0  0  0]
 - Client 696: [ 0 25 25  0  0  0  0  0  0  0]
 - Client 697: [ 0  0  0  0 25 25  0  0  0  0]
 - Client 698: [ 0  0  0  0  0  0  0  0 25 25]
 - Client 699: [25 25  0  0  0  0  0  0  0  0]
 - Client 700: [ 0 25 25  0  0  0  0  0  0  0]
 - Client 701: [ 0  0  0  0  0  0  0 25 25  0]
 - Client 702: [ 0  0  0  0  0  0  0 25 25  0]
 - Client 703: [25  0  0  0  0  0  0  0  0 25]
 - Client 704: [ 0  0  0  0  0 25 25  0  0  0]
 - Client 705: [ 0  0  0  0  0  0 25 25  0  0]
 - Client 706: [ 0  0  0  0  0  0  0 25 25  0]
 - Client 707: [ 0  0  0  0 25 25  0  0  0  0]
 - Client 708: [ 0  0  0  0  0  0  0 25 25  0]
 - Client 709: [ 0  0  0 25 25  0  0  0  0  0]
 - Client 710: [ 0  0  0 25 25  0  0  0  0  0]
 - Client 711: [ 0  0 25 25  0  0  0  0  0  0]
 - Client 712: [ 0  0  0  0  0 25 25  0  0  0]
 - Client 713: [ 0 25 25  0  0  0  0  0  0  0]
 - Client 714: [25  0  0  0  0  0  0  0  0 25]
 - Client 715: [25 25  0  0  0  0  0  0  0  0]
 - Client 716: [25 25  0  0  0  0  0  0  0  0]
 - Client 717: [ 0  0  0  0  0  0  0  0 25 25]
 - Client 718: [ 0  0  0  0  0  0  0 25 25  0]
 - Client 719: [25  0  0  0  0  0  0  0  0 25]
 - Client 720: [25 25  0  0  0  0  0  0  0  0]
 - Client 721: [25 25  0  0  0  0  0  0  0  0]
 - Client 722: [25  0  0  0  0  0  0  0  0 25]
 - Client 723: [ 0  0  0  0 25 25  0  0  0  0]
 - Client 724: [ 0  0 25 25  0  0  0  0  0  0]
 - Client 725: [ 0  0  0  0  0  0  0 25 25  0]
 - Client 726: [25 25  0  0  0  0  0  0  0  0]
 - Client 727: [ 0  0  0  0 25 25  0  0  0  0]
 - Client 728: [ 0  0  0  0  0  0  0 25 25  0]
 - Client 729: [ 0  0  0  0  0 25 25  0  0  0]
 - Client 730: [ 0  0 25 25  0  0  0  0  0  0]
 - Client 731: [ 0 25 25  0  0  0  0  0  0  0]
 - Client 732: [ 0  0  0  0  0  0  0  0 25 25]
 - Client 733: [ 0 25 25  0  0  0  0  0  0  0]
 - Client 734: [25 25  0  0  0  0  0  0  0  0]
 - Client 735: [ 0  0  0  0  0  0 25 25  0  0]
 - Client 736: [ 0  0  0  0 25 25  0  0  0  0]
 - Client 737: [ 0  0  0  0  0  0 25 25  0  0]
 - Client 738: [ 0  0  0  0 25 25  0  0  0  0]
 - Client 739: [ 0  0  0  0 25 25  0  0  0  0]
 - Client 740: [ 0  0  0  0  0 25 25  0  0  0]
 - Client 741: [ 0 25 25  0  0  0  0  0  0  0]
 - Client 742: [ 0 25 25  0  0  0  0  0  0  0]
 - Client 743: [ 0 25 25  0  0  0  0  0  0  0]
 - Client 744: [ 0  0  0  0  0  0 25 25  0  0]
 - Client 745: [ 0  0  0  0  0 25 25  0  0  0]
 - Client 746: [ 0  0  0  0  0 25 25  0  0  0]
 - Client 747: [ 0  0  0  0  0  0  0  0 25 25]
 - Client 748: [25 25  0  0  0  0  0  0  0  0]
 - Client 749: [25 25  0  0  0  0  0  0  0  0]
 - Client 750: [ 0  0  0  0  0 25 25  0  0  0]
 - Client 751: [ 0  0  0  0  0  0 25 25  0  0]
 - Client 752: [ 0 25 25  0  0  0  0  0  0  0]
 - Client 753: [25 25  0  0  0  0  0  0  0  0]
 - Client 754: [ 0  0  0  0  0  0  0 25 25  0]
 - Client 755: [ 0  0  0  0 25 25  0  0  0  0]
 - Client 756: [ 0  0 25 25  0  0  0  0  0  0]
 - Client 757: [25 25  0  0  0  0  0  0  0  0]
 - Client 758: [ 0 25 25  0  0  0  0  0  0  0]
 - Client 759: [ 0  0  0  0  0  0 25 25  0  0]
 - Client 760: [ 0  0  0 25 25  0  0  0  0  0]
 - Client 761: [ 0  0  0  0  0  0  0 25 25  0]
 - Client 762: [ 0  0  0  0  0 25 25  0  0  0]
 - Client 763: [ 0  0  0  0  0  0  0 25 25  0]
 - Client 764: [ 0  0  0  0  0  0  0 25 25  0]
 - Client 765: [ 0  0 25 25  0  0  0  0  0  0]
 - Client 766: [25  0  0  0  0  0  0  0  0 25]
 - Client 767: [ 0  0  0  0  0  0  0 25 25  0]
 - Client 768: [ 0  0  0  0  0 25 25  0  0  0]
 - Client 769: [ 0  0  0  0  0 25 25  0  0  0]
 - Client 770: [ 0 25 25  0  0  0  0  0  0  0]
 - Client 771: [ 0 25 25  0  0  0  0  0  0  0]
 - Client 772: [ 0  0  0  0  0  0 25 25  0  0]
 - Client 773: [ 0  0  0  0  0 25 25  0  0  0]
 - Client 774: [ 0  0  0  0  0  0  0 25 25  0]
 - Client 775: [25  0  0  0  0  0  0  0  0 25]
 - Client 776: [ 0  0  0  0  0 25 25  0  0  0]
 - Client 777: [ 0 25 25  0  0  0  0  0  0  0]
 - Client 778: [ 0  0  0  0  0  0  0  0 25 25]
 - Client 779: [ 0  0  0  0  0  0  0  0 25 25]
 - Client 780: [ 0  0  0 25 25  0  0  0  0  0]
 - Client 781: [ 0  0  0  0  0  0  0  0 25 25]
 - Client 782: [ 0  0 25 25  0  0  0  0  0  0]
 - Client 783: [ 0  0  0  0  0 25 25  0  0  0]
 - Client 784: [25 25  0  0  0  0  0  0  0  0]
 - Client 785: [25 25  0  0  0  0  0  0  0  0]
 - Client 786: [25  0  0  0  0  0  0  0  0 25]
 - Client 787: [ 0  0  0  0  0 25 25  0  0  0]
 - Client 788: [ 0 25 25  0  0  0  0  0  0  0]
 - Client 789: [ 0  0 25 25  0  0  0  0  0  0]
 - Client 790: [ 0  0 25 25  0  0  0  0  0  0]
 - Client 791: [ 0  0  0  0  0  0  0 25 25  0]
 - Client 792: [ 0  0  0  0  0  0  0  0 25 25]
 - Client 793: [25  0  0  0  0  0  0  0  0 25]
 - Client 794: [ 0  0  0  0  0  0  0 25 25  0]
 - Client 795: [ 0  0  0  0  0  0  0  0 25 25]
 - Client 796: [25 25  0  0  0  0  0  0  0  0]
 - Client 797: [ 0  0  0  0  0  0  0  0 25 25]
 - Client 798: [ 0  0  0  0  0  0 25 25  0  0]
 - Client 799: [ 0 25 25  0  0  0  0  0  0  0]
 - Client 800: [25  0  0  0  0  0  0  0  0 25]
 - Client 801: [ 0 25 25  0  0  0  0  0  0  0]
 - Client 802: [ 0  0  0  0 25 25  0  0  0  0]
 - Client 803: [ 0  0  0  0  0  0  0  0 25 25]
 - Client 804: [ 0  0  0  0  0  0 25 25  0  0]
 - Client 805: [ 0  0  0  0  0  0  0 25 25  0]
 - Client 806: [ 0  0 25 25  0  0  0  0  0  0]
 - Client 807: [ 0  0  0  0  0 25 25  0  0  0]
 - Client 808: [25  0  0  0  0  0  0  0  0 25]
 - Client 809: [ 0  0  0  0  0 25 25  0  0  0]
 - Client 810: [25 25  0  0  0  0  0  0  0  0]
 - Client 811: [ 0  0  0  0  0  0 25 25  0  0]
 - Client 812: [ 0  0  0  0  0  0 25 25  0  0]
 - Client 813: [ 0  0 25 25  0  0  0  0  0  0]
 - Client 814: [ 0  0  0  0 25 25  0  0  0  0]
 - Client 815: [ 0  0  0 25 25  0  0  0  0  0]
 - Client 816: [ 0  0  0  0  0 25 25  0  0  0]
 - Client 817: [ 0  0  0 25 25  0  0  0  0  0]
 - Client 818: [ 0 25 25  0  0  0  0  0  0  0]
 - Client 819: [ 0  0  0  0  0  0 25 25  0  0]
 - Client 820: [ 0  0 25 25  0  0  0  0  0  0]
 - Client 821: [ 0  0  0  0  0 25 25  0  0  0]
 - Client 822: [ 0  0  0  0 25 25  0  0  0  0]
 - Client 823: [ 0  0  0  0 25 25  0  0  0  0]
 - Client 824: [ 0  0  0  0  0  0  0 25 25  0]
 - Client 825: [ 0  0  0  0  0 25 25  0  0  0]
 - Client 826: [ 0  0  0  0  0  0  0  0 25 25]
 - Client 827: [25 25  0  0  0  0  0  0  0  0]
 - Client 828: [ 0  0  0  0 25 25  0  0  0  0]
 - Client 829: [ 0  0  0  0 25 25  0  0  0  0]
 - Client 830: [ 0  0  0  0  0  0 25 25  0  0]
 - Client 831: [25  0  0  0  0  0  0  0  0 25]
 - Client 832: [25 25  0  0  0  0  0  0  0  0]
 - Client 833: [ 0  0  0  0  0  0  0 25 25  0]
 - Client 834: [ 0  0  0  0  0 25 25  0  0  0]
 - Client 835: [25  0  0  0  0  0  0  0  0 25]
 - Client 836: [ 0  0  0 25 25  0  0  0  0  0]
 - Client 837: [ 0  0  0  0  0  0 25 25  0  0]
 - Client 838: [ 0  0 25 25  0  0  0  0  0  0]
 - Client 839: [ 0  0  0  0  0  0  0 25 25  0]
 - Client 840: [ 0  0 25 25  0  0  0  0  0  0]
 - Client 841: [ 0  0  0  0  0  0  0  0 25 25]
 - Client 842: [25 25  0  0  0  0  0  0  0  0]
 - Client 843: [ 0 25 25  0  0  0  0  0  0  0]
 - Client 844: [ 0  0  0  0  0  0 25 25  0  0]
 - Client 845: [25 25  0  0  0  0  0  0  0  0]
 - Client 846: [ 0  0  0  0  0 25 25  0  0  0]
 - Client 847: [25  0  0  0  0  0  0  0  0 25]
 - Client 848: [ 0 25 25  0  0  0  0  0  0  0]
 - Client 849: [ 0 25 25  0  0  0  0  0  0  0]
 - Client 850: [ 0  0  0 25 25  0  0  0  0  0]
 - Client 851: [25  0  0  0  0  0  0  0  0 25]
 - Client 852: [ 0  0  0  0 25 25  0  0  0  0]
 - Client 853: [ 0  0 25 25  0  0  0  0  0  0]
 - Client 854: [ 0  0  0 25 25  0  0  0  0  0]
 - Client 855: [ 0 25 25  0  0  0  0  0  0  0]
 - Client 856: [ 0  0  0  0  0  0  0  0 25 25]
 - Client 857: [ 0 25 25  0  0  0  0  0  0  0]
 - Client 858: [ 0  0 25 25  0  0  0  0  0  0]
 - Client 859: [ 0  0  0  0  0  0 25 25  0  0]
 - Client 860: [ 0  0 25 25  0  0  0  0  0  0]
 - Client 861: [ 0 25 25  0  0  0  0  0  0  0]
 - Client 862: [ 0  0 25 25  0  0  0  0  0  0]
 - Client 863: [25  0  0  0  0  0  0  0  0 25]
 - Client 864: [25  0  0  0  0  0  0  0  0 25]
 - Client 865: [ 0 25 25  0  0  0  0  0  0  0]
 - Client 866: [25  0 25  0  0  0  0  0  0  0]
 - Client 867: [ 0  0  0  0  0 25 25  0  0  0]
 - Client 868: [ 0  0 25 25  0  0  0  0  0  0]
 - Client 869: [ 0  0  0  0  0  0  0  0 25 25]
 - Client 870: [ 0  0  0  0  0  0  0  0 25 25]
 - Client 871: [ 0  0  0 25 25  0  0  0  0  0]
 - Client 872: [ 0  0 25 25  0  0  0  0  0  0]
 - Client 873: [ 0  0  0  0  0 25 25  0  0  0]
 - Client 874: [ 0  0  0  0  0  0  0 25 25  0]
 - Client 875: [ 0  0  0  0 25 25  0  0  0  0]
 - Client 876: [ 0  0  0  0 25 25  0  0  0  0]
 - Client 877: [25  0 25  0  0  0  0  0  0  0]
 - Client 878: [25  0 25  0  0  0  0  0  0  0]
 - Client 879: [ 0  0  0  0  0  0  0  0 25 25]
 - Client 880: [ 0  0  0  0 25 25  0  0  0  0]
 - Client 881: [ 0  0  0  0  0  0  0  0 25 25]
 - Client 882: [ 0  0  0  0  0  0  0  0 25 25]
 - Client 883: [25  0 25  0  0  0  0  0  0  0]
 - Client 884: [25  0  0  0  0  0  0  0  0 25]
 - Client 885: [ 0  0  0  0  0 25 25  0  0  0]
 - Client 886: [25  0  0 25  0  0  0  0  0  0]
 - Client 887: [ 0  0  0 25 25  0  0  0  0  0]
 - Client 888: [ 0  0  0  0  0  0  0 25 25  0]
 - Client 889: [25  0  0 25  0  0  0  0  0  0]
 - Client 890: [ 0  0  0  0  0  0  0 25 25  0]
 - Client 891: [ 0  0  0  0  0 25 25  0  0  0]
 - Client 892: [ 0  0  0  0  0 25 25  0  0  0]
 - Client 893: [ 0  0  0  0  0 25 25  0  0  0]
 - Client 894: [ 0  0  0  0  0  0  0  0 25 25]
 - Client 895: [25  0  0  0  0  0  0  0  0 25]
 - Client 896: [ 0  0  0  0  0  0 25 25  0  0]
 - Client 897: [ 0  0  0 25 25  0  0  0  0  0]
 - Client 898: [ 0  0  0  0 25 25  0  0  0  0]
 - Client 899: [ 0  0  0  0 25 25  0  0  0  0]
 - Client 900: [ 0  0  0 25 25  0  0  0  0  0]
 - Client 901: [25  0  0 25  0  0  0  0  0  0]
 - Client 902: [ 0  0  0  0  0  0 25 25  0  0]
 - Client 903: [ 0  0  0 25 25  0  0  0  0  0]
 - Client 904: [ 0  0  0 25 25  0  0  0  0  0]
 - Client 905: [ 0  0  0 25 25  0  0  0  0  0]
 - Client 906: [ 0  0  0 25 25  0  0  0  0  0]
 - Client 907: [ 0  0  0  0  0  0  0 25 25  0]
 - Client 908: [ 0  0  0  0  0  0  0 25 25  0]
 - Client 909: [ 0  0  0  0 25 25  0  0  0  0]
 - Client 910: [ 0  0  0 25 25  0  0  0  0  0]
 - Client 911: [ 0  0  0  0 25 25  0  0  0  0]
 - Client 912: [ 0  0  0  0 25 25  0  0  0  0]
 - Client 913: [ 0  0  0  0  0  0  0 25 25  0]
 - Client 914: [ 0  0  0  0  0 25 25  0  0  0]
 - Client 915: [ 0  0  0  0  0 25 25  0  0  0]
 - Client 916: [ 0  0  0  0  0 25 25  0  0  0]
 - Client 917: [25  0  0  0  0  0  0  0  0 25]
 - Client 918: [25  0  0  0  0  0  0  0  0 25]
 - Client 919: [ 0  0  0  0  0  0  0  0 25 25]
 - Client 920: [ 0  0  0  0  0 25 25  0  0  0]
 - Client 921: [25  0  0  0  0  0  0  0  0 25]
 - Client 922: [ 0  0  0 25 25  0  0  0  0  0]
 - Client 923: [ 0  0  0  0  0  0 25 25  0  0]
 - Client 924: [ 0  0  0 25 25  0  0  0  0  0]
 - Client 925: [25  0  0  0  0  0  0  0  0 25]
 - Client 926: [ 0  0  0  0  0 25 25  0  0  0]
 - Client 927: [25  0  0 25  0  0  0  0  0  0]
 - Client 928: [ 0  0  0 25 25  0  0  0  0  0]
 - Client 929: [ 0  0  0  0  0 25  0 25  0  0]
 - Client 930: [ 0  0  0  0 25 25  0  0  0  0]
 - Client 931: [ 0  0  0  0 25 25  0  0  0  0]
 - Client 932: [ 0  0  0 25 25  0  0  0  0  0]
 - Client 933: [ 0  0  0  0  0 25  0 25  0  0]
 - Client 934: [ 0  0  0  0  0  0  0 25 25  0]
 - Client 935: [25  0  0 25  0  0  0  0  0  0]
 - Client 936: [ 0  0  0  0 25 25  0  0  0  0]
 - Client 937: [ 0  0  0  0  0 25  0 25  0  0]
 - Client 938: [ 0  0  0  0  0  0  0 25 25  0]
 - Client 939: [ 0  0  0  0  0  0  0  0 25 25]
 - Client 940: [ 0  0  0  0 25 25  0  0  0  0]
 - Client 941: [ 0  0  0  0  0 25  0 25  0  0]
 - Client 942: [25  0  0 25  0  0  0  0  0  0]
 - Client 943: [ 0  0  0  0  0 25  0 25  0  0]
 - Client 944: [ 0  0  0 25 25  0  0  0  0  0]
 - Client 945: [ 0  0  0 25 25  0  0  0  0  0]
 - Client 946: [ 0  0  0  0  0  0  0 25 25  0]
 - Client 947: [ 0  0  0 25 25  0  0  0  0  0]
 - Client 948: [ 0  0  0  0 25 25  0  0  0  0]
 - Client 949: [ 0  0  0  0  0  0  0  0 25 25]
 - Client 950: [ 0  0  0  0  0  0  0  0 25 25]
 - Client 951: [ 0  0  0  0  0 25  0 25  0  0]
 - Client 952: [ 0  0  0 25 25  0  0  0  0  0]
 - Client 953: [ 0  0  0 25 25  0  0  0  0  0]
 - Client 954: [ 0  0  0  0  0  0  0 25 25  0]
 - Client 955: [25  0  0 25  0  0  0  0  0  0]
 - Client 956: [ 0  0  0  0  0  0  0 25 25  0]
 - Client 957: [ 0  0  0  0  0  0  0 25 25  0]
 - Client 958: [ 0  0  0 25 25  0  0  0  0  0]
 - Client 959: [ 0  0  0 25 25  0  0  0  0  0]
 - Client 960: [ 0  0  0  0  0  0  0  0 25 25]
 - Client 961: [ 0  0  0  0  0  0  0 25 25  0]
 - Client 962: [ 0  0  0 25 25  0  0  0  0  0]
 - Client 963: [25  0  0  0  0  0  0  0  0 25]
 - Client 964: [ 0  0  0  0  0  0  0  0 25 25]
 - Client 965: [ 0  0  0  0  0  0  0  0 25 25]
 - Client 966: [ 0  0  0  0  0  0  0  0 25 25]
 - Client 967: [ 0  0  0 25 25  0  0  0  0  0]
 - Client 968: [ 0  0  0 25 25  0  0  0  0  0]
 - Client 969: [25  0  0 25  0  0  0  0  0  0]
 - Client 970: [ 0  0  0  0  0  0  0  0 25 25]
 - Client 971: [25  0  0  0  0  0  0  0  0 25]
 - Client 972: [ 0  0  0  0  0  0  0  0 25 25]
 - Client 973: [ 0  0  0  0  0  0  0  0 25 25]
 - Client 974: [ 0  0  0 25 25  0  0  0  0  0]
 - Client 975: [ 0  0  0  0 25 25  0  0  0  0]
 - Client 976: [ 0  0  0  0  0 25  0  0 25  0]
 - Client 977: [ 0  0  0  0 25 25  0  0  0  0]
 - Client 978: [ 0  0  0  0 25 25  0  0  0  0]
 - Client 979: [ 0  0  0  0 25  0  0  0 25  0]
 - Client 980: [ 0  0  0  0 25  0  0  0 25  0]
 - Client 981: [ 0  0  0  0  0  0  0  0 25 25]
 - Client 982: [ 0  0  0  0  0  0  0  0 25 25]
 - Client 983: [25  0  0  0  0  0  0  0  0 25]
 - Client 984: [ 0  0  0  0 25  0  0  0  0 25]
 - Client 985: [25  0  0  0  0  0  0  0  0 25]
 - Client 986: [ 0  0  0  0 25  0  0  0  0 25]
 - Client 987: [25  0  0  0  0  0  0  0  0 25]
 - Client 988: [25  0  0  0 25  0  0  0  0  0]
 - Client 989: [25  0  0  0 25  0  0  0  0  0]
 - Client 990: [25  0  0  0  0  0  0  0  0 25]
 - Client 991: [25  0  0  0  0  0  0  0  0 25]
 - Client 992: [25  0  0  0  0  0  0  0  0 25]
 - Client 993: [25  0  0  0 25  0  0  0  0  0]
 - Client 994: [ 0  0  0  0 25  0  0  0  0 25]
 - Client 995: [ 0  0  0  0 25  0  0  0  0 25]
 - Client 996: [ 0  0  0  0 25  0  0  0  0 25]
 - Client 997: [ 0  0  0  0  0  0  0  0  0 50]
 - Client 998: [ 0  0  0  0  0  0  0  0  0 50]
 - Client 999: [ 0  0  0  0  0  0  0  0  0 50]

Model:
 - conv1.weight                   [6, 3, 5, 5]
 - conv1.bias                     [6]
 - conv2.weight                   [16, 6, 5, 5]
 - conv2.bias                     [16]
 - fc1.weight                     [120, 400]
 - fc1.bias                       [120]
 - fc2.weight                     [84, 120]
 - fc2.bias                       [84]
 - fc3.weight                     [10, 84]
 - fc3.bias                       [10]
Total number of Parameters:  62006

Start Distributed Training..

Experiment: main (1/6)
{'communication_round': 1, 'lr': 0.002, 'epochs': 1}
{'client_train_loss': 2.2449300289154053}
{'server_val_accuracy': 0.1056}
Saved results to  /opt/small_files/manyclients_big/xp_96063.npz
Remaining Time (approx.): 00:39:28 [0.10%]

Experiment: main (1/6)
{'communication_round': 100, 'lr': 0.002, 'epochs': 100}
{'client_train_loss': 2.350571632385254}
{'server_val_accuracy': 0.1062}
Saved results to  /opt/small_files/manyclients_big/xp_96063.npz
Remaining Time (approx.): 00:02:24 [10.00%]

Experiment: main (1/6)
{'communication_round': 200, 'lr': 0.002, 'epochs': 200}
{'client_train_loss': 2.2882485389709473}
{'server_val_accuracy': 0.1077}
Saved results to  /opt/small_files/manyclients_big/xp_96063.npz
Remaining Time (approx.): 00:01:59 [20.00%]

Experiment: main (1/6)
{'communication_round': 300, 'lr': 0.002, 'epochs': 300}
{'client_train_loss': 2.2905430793762207}
{'server_val_accuracy': 0.109}
Saved results to  /opt/small_files/manyclients_big/xp_96063.npz
Remaining Time (approx.): 00:01:42 [30.00%]

Experiment: main (1/6)
{'communication_round': 400, 'lr': 0.002, 'epochs': 400}
{'client_train_loss': 2.3268840312957764}
{'server_val_accuracy': 0.1092}
Saved results to  /opt/small_files/manyclients_big/xp_96063.npz
Remaining Time (approx.): 00:01:26 [40.00%]

slurmstepd: error: *** JOB 14165 ON vca-gpu-211-01 CANCELLED AT 2020-03-13T11:04:36 ***
