hyperparameters
Running 6 Experiments..

Hyperparameters: 
 - dataset                 cifar10
 - net                     lenet_cifar
 - n_clients               1000
 - n_data                  None
 - communication_rounds    1000
 - local_epochs            1
 - participation_rate      0.01
 - classes_per_client      2
 - batch_size              128
 - balancedness            1.0
 - pretrained              None
 - save_model              None
 - log_frequency           -100
 - log_path                manyclients_big/
 - finished                False
 - log_id                  85480

Files already downloaded and verified
Files already downloaded and verified
Data split:
 - Client 0: [ 0  0  0  0  0  0  0  0 25 25]
 - Client 1: [ 0  0  0  0  0  0  0  0 25 25]
 - Client 2: [ 0  0  0 25 25  0  0  0  0  0]
 - Client 3: [ 0  0 25 25  0  0  0  0  0  0]
 - Client 4: [ 0  0  0  0 25 25  0  0  0  0]
 - Client 5: [ 0  0  0  0  0  0 25 25  0  0]
 - Client 6: [ 0  0  0  0 25 25  0  0  0  0]
 - Client 7: [ 0  0 25 25  0  0  0  0  0  0]
 - Client 8: [ 0  0  0  0  0  0  0 25 25  0]
 - Client 9: [25  0  0  0  0  0  0  0  0 25]
 - Client 10: [ 0  0  0  0  0 25 25  0  0  0]
 - Client 11: [ 0  0  0  0 25 25  0  0  0  0]
 - Client 12: [ 0  0  0  0  0 25 25  0  0  0]
 - Client 13: [ 0 25 25  0  0  0  0  0  0  0]
 - Client 14: [ 0  0  0  0  0  0  0  0 25 25]
 - Client 15: [25 25  0  0  0  0  0  0  0  0]
 - Client 16: [ 0  0  0  0 25 25  0  0  0  0]
 - Client 17: [ 0  0 25 25  0  0  0  0  0  0]
 - Client 18: [25 25  0  0  0  0  0  0  0  0]
 - Client 19: [25 25  0  0  0  0  0  0  0  0]
 - Client 20: [ 0  0  0  0 25 25  0  0  0  0]
 - Client 21: [ 0  0  0 25 25  0  0  0  0  0]
 - Client 22: [ 0  0  0  0  0  0  0  0 25 25]
 - Client 23: [25  0  0  0  0  0  0  0  0 25]
 - Client 24: [25 25  0  0  0  0  0  0  0  0]
 - Client 25: [ 0  0 25 25  0  0  0  0  0  0]
 - Client 26: [ 0  0  0 25 25  0  0  0  0  0]
 - Client 27: [25  0  0  0  0  0  0  0  0 25]
 - Client 28: [ 0  0  0 25 25  0  0  0  0  0]
 - Client 29: [ 0  0  0  0  0  0  0 25 25  0]
 - Client 30: [ 0  0  0  0  0  0 25 25  0  0]
 - Client 31: [ 0  0  0  0  0  0  0 25 25  0]
 - Client 32: [ 0  0  0  0  0 25 25  0  0  0]
 - Client 33: [ 0 25 25  0  0  0  0  0  0  0]
 - Client 34: [ 0  0  0 25 25  0  0  0  0  0]
 - Client 35: [25  0  0  0  0  0  0  0  0 25]
 - Client 36: [ 0  0  0  0  0  0 25 25  0  0]
 - Client 37: [ 0  0  0  0  0  0 25 25  0  0]
 - Client 38: [25  0  0  0  0  0  0  0  0 25]
 - Client 39: [ 0  0  0 25 25  0  0  0  0  0]
 - Client 40: [ 0  0  0  0  0 25 25  0  0  0]
 - Client 41: [25  0  0  0  0  0  0  0  0 25]
 - Client 42: [ 0 25 25  0  0  0  0  0  0  0]
 - Client 43: [ 0  0  0 25 25  0  0  0  0  0]
 - Client 44: [ 0  0  0  0  0  0  0  0 25 25]
 - Client 45: [ 0  0  0 25 25  0  0  0  0  0]
 - Client 46: [25 25  0  0  0  0  0  0  0  0]
 - Client 47: [ 0  0  0  0 25 25  0  0  0  0]
 - Client 48: [25  0  0  0  0  0  0  0  0 25]
 - Client 49: [ 0  0  0  0  0  0  0 25 25  0]
 - Client 50: [25 25  0  0  0  0  0  0  0  0]
 - Client 51: [ 0  0  0 25 25  0  0  0  0  0]
 - Client 52: [25 25  0  0  0  0  0  0  0  0]
 - Client 53: [ 0 25 25  0  0  0  0  0  0  0]
 - Client 54: [ 0 25 25  0  0  0  0  0  0  0]
 - Client 55: [25  0  0  0  0  0  0  0  0 25]
 - Client 56: [ 0  0  0  0  0 25 25  0  0  0]
 - Client 57: [ 0  0 25 25  0  0  0  0  0  0]
 - Client 58: [ 0  0  0  0  0  0 25 25  0  0]
 - Client 59: [25  0  0  0  0  0  0  0  0 25]
 - Client 60: [ 0  0  0  0  0  0  0  0 25 25]
 - Client 61: [ 0  0  0  0  0  0  0  0 25 25]
 - Client 62: [ 0  0 25 25  0  0  0  0  0  0]
 - Client 63: [ 0  0  0  0  0  0  0 25 25  0]
 - Client 64: [25 25  0  0  0  0  0  0  0  0]
 - Client 65: [ 0  0  0  0  0  0  0  0 25 25]
 - Client 66: [ 0  0 25 25  0  0  0  0  0  0]
 - Client 67: [ 0  0  0  0  0  0  0  0 25 25]
 - Client 68: [ 0 25 25  0  0  0  0  0  0  0]
 - Client 69: [25  0  0  0  0  0  0  0  0 25]
 - Client 70: [ 0  0  0  0  0  0  0 25 25  0]
 - Client 71: [25 25  0  0  0  0  0  0  0  0]
 - Client 72: [ 0  0  0  0  0  0 25 25  0  0]
 - Client 73: [ 0  0  0  0  0 25 25  0  0  0]
 - Client 74: [25 25  0  0  0  0  0  0  0  0]
 - Client 75: [ 0  0 25 25  0  0  0  0  0  0]
 - Client 76: [25 25  0  0  0  0  0  0  0  0]
 - Client 77: [ 0  0 25 25  0  0  0  0  0  0]
 - Client 78: [ 0  0 25 25  0  0  0  0  0  0]
 - Client 79: [ 0  0  0  0  0  0  0  0 25 25]
 - Client 80: [ 0  0  0  0 25 25  0  0  0  0]
 - Client 81: [ 0  0  0  0  0  0  0 25 25  0]
 - Client 82: [ 0  0 25 25  0  0  0  0  0  0]
 - Client 83: [ 0  0  0 25 25  0  0  0  0  0]
 - Client 84: [ 0 25 25  0  0  0  0  0  0  0]
 - Client 85: [ 0  0  0  0  0  0 25 25  0  0]
 - Client 86: [ 0  0 25 25  0  0  0  0  0  0]
 - Client 87: [ 0  0  0  0  0  0 25 25  0  0]
 - Client 88: [ 0  0  0 25 25  0  0  0  0  0]
 - Client 89: [ 0  0  0 25 25  0  0  0  0  0]
 - Client 90: [ 0  0  0  0  0  0  0  0 25 25]
 - Client 91: [ 0 25 25  0  0  0  0  0  0  0]
 - Client 92: [ 0 25 25  0  0  0  0  0  0  0]
 - Client 93: [ 0  0  0  0  0  0 25 25  0  0]
 - Client 94: [ 0  0  0 25 25  0  0  0  0  0]
 - Client 95: [ 0  0  0  0  0  0 25 25  0  0]
 - Client 96: [ 0  0  0 25 25  0  0  0  0  0]
 - Client 97: [ 0  0  0  0  0  0 25 25  0  0]
 - Client 98: [ 0  0  0 25 25  0  0  0  0  0]
 - Client 99: [ 0  0  0  0  0  0  0 25 25  0]
 - Client 100: [ 0  0  0  0  0 25 25  0  0  0]
 - Client 101: [ 0  0  0  0 25 25  0  0  0  0]
 - Client 102: [ 0  0 25 25  0  0  0  0  0  0]
 - Client 103: [ 0  0  0  0  0 25 25  0  0  0]
 - Client 104: [ 0  0  0  0  0 25 25  0  0  0]
 - Client 105: [ 0  0  0  0  0  0  0  0 25 25]
 - Client 106: [ 0 25 25  0  0  0  0  0  0  0]
 - Client 107: [ 0  0  0  0  0  0 25 25  0  0]
 - Client 108: [ 0  0  0  0  0 25 25  0  0  0]
 - Client 109: [25 25  0  0  0  0  0  0  0  0]
 - Client 110: [ 0  0  0  0  0  0  0 25 25  0]
 - Client 111: [ 0 25 25  0  0  0  0  0  0  0]
 - Client 112: [ 0 25 25  0  0  0  0  0  0  0]
 - Client 113: [ 0  0 25 25  0  0  0  0  0  0]
 - Client 114: [ 0  0  0  0  0  0  0  0 25 25]
 - Client 115: [25 25  0  0  0  0  0  0  0  0]
 - Client 116: [ 0 25 25  0  0  0  0  0  0  0]
 - Client 117: [ 0 25 25  0  0  0  0  0  0  0]
 - Client 118: [ 0  0  0  0 25 25  0  0  0  0]
 - Client 119: [ 0  0  0  0  0 25 25  0  0  0]
 - Client 120: [ 0  0  0  0  0  0  0  0 25 25]
 - Client 121: [ 0  0 25 25  0  0  0  0  0  0]
 - Client 122: [ 0  0  0  0  0  0  0  0 25 25]
 - Client 123: [ 0  0  0 25 25  0  0  0  0  0]
 - Client 124: [25 25  0  0  0  0  0  0  0  0]
 - Client 125: [ 0  0  0  0  0  0  0  0 25 25]
 - Client 126: [25 25  0  0  0  0  0  0  0  0]
 - Client 127: [ 0 25 25  0  0  0  0  0  0  0]
 - Client 128: [25  0  0  0  0  0  0  0  0 25]
 - Client 129: [ 0  0  0  0  0  0  0  0 25 25]
 - Client 130: [25  0  0  0  0  0  0  0  0 25]
 - Client 131: [ 0  0  0  0  0  0  0  0 25 25]
 - Client 132: [25  0  0  0  0  0  0  0  0 25]
 - Client 133: [ 0  0  0  0 25 25  0  0  0  0]
 - Client 134: [25 25  0  0  0  0  0  0  0  0]
 - Client 135: [ 0  0  0  0  0  0 25 25  0  0]
 - Client 136: [ 0  0  0  0 25 25  0  0  0  0]
 - Client 137: [ 0  0  0 25 25  0  0  0  0  0]
 - Client 138: [ 0  0  0  0  0  0  0 25 25  0]
 - Client 139: [ 0 25 25  0  0  0  0  0  0  0]
 - Client 140: [ 0  0 25 25  0  0  0  0  0  0]
 - Client 141: [ 0  0  0  0  0  0 25 25  0  0]
 - Client 142: [ 0  0 25 25  0  0  0  0  0  0]
 - Client 143: [25  0  0  0  0  0  0  0  0 25]
 - Client 144: [25  0  0  0  0  0  0  0  0 25]
 - Client 145: [ 0  0  0  0  0  0  0  0 25 25]
 - Client 146: [ 0  0 25 25  0  0  0  0  0  0]
 - Client 147: [ 0  0 25 25  0  0  0  0  0  0]
 - Client 148: [ 0  0  0  0  0  0 25 25  0  0]
 - Client 149: [25  0  0  0  0  0  0  0  0 25]
 - Client 150: [ 0  0  0  0 25 25  0  0  0  0]
 - Client 151: [ 0  0  0  0 25 25  0  0  0  0]
 - Client 152: [ 0  0  0  0  0 25 25  0  0  0]
 - Client 153: [ 0  0  0  0  0  0  0 25 25  0]
 - Client 154: [ 0 25 25  0  0  0  0  0  0  0]
 - Client 155: [ 0  0  0  0  0  0 25 25  0  0]
 - Client 156: [25  0  0  0  0  0  0  0  0 25]
 - Client 157: [ 0  0  0  0  0  0  0 25 25  0]
 - Client 158: [ 0  0  0  0  0  0  0 25 25  0]
 - Client 159: [ 0  0  0  0  0 25 25  0  0  0]
 - Client 160: [25 25  0  0  0  0  0  0  0  0]
 - Client 161: [25  0  0  0  0  0  0  0  0 25]
 - Client 162: [ 0  0  0  0  0 25 25  0  0  0]
 - Client 163: [ 0 25 25  0  0  0  0  0  0  0]
 - Client 164: [ 0  0 25 25  0  0  0  0  0  0]
 - Client 165: [ 0  0  0  0  0  0 25 25  0  0]
 - Client 166: [ 0  0  0  0  0 25 25  0  0  0]
 - Client 167: [ 0 25 25  0  0  0  0  0  0  0]
 - Client 168: [ 0  0  0  0  0  0  0  0 25 25]
 - Client 169: [ 0  0  0  0 25 25  0  0  0  0]
 - Client 170: [ 0  0  0  0  0  0  0 25 25  0]
 - Client 171: [ 0  0  0  0  0  0  0 25 25  0]
 - Client 172: [ 0  0 25 25  0  0  0  0  0  0]
 - Client 173: [ 0  0  0  0  0 25 25  0  0  0]
 - Client 174: [25 25  0  0  0  0  0  0  0  0]
 - Client 175: [25  0  0  0  0  0  0  0  0 25]
 - Client 176: [ 0  0  0  0 25 25  0  0  0  0]
 - Client 177: [25  0  0  0  0  0  0  0  0 25]
 - Client 178: [25 25  0  0  0  0  0  0  0  0]
 - Client 179: [ 0  0  0  0  0 25 25  0  0  0]
 - Client 180: [ 0  0  0  0  0  0  0 25 25  0]
 - Client 181: [ 0 25 25  0  0  0  0  0  0  0]
 - Client 182: [25  0  0  0  0  0  0  0  0 25]
 - Client 183: [25  0  0  0  0  0  0  0  0 25]
 - Client 184: [ 0  0 25 25  0  0  0  0  0  0]
 - Client 185: [ 0  0  0 25 25  0  0  0  0  0]
 - Client 186: [ 0  0  0  0  0  0  0 25 25  0]
 - Client 187: [ 0  0  0  0  0  0  0  0 25 25]
 - Client 188: [ 0  0 25 25  0  0  0  0  0  0]
 - Client 189: [ 0  0  0  0  0  0  0 25 25  0]
 - Client 190: [ 0  0  0  0  0  0  0  0 25 25]
 - Client 191: [25  0  0  0  0  0  0  0  0 25]
 - Client 192: [ 0 25 25  0  0  0  0  0  0  0]
 - Client 193: [ 0 25 25  0  0  0  0  0  0  0]
 - Client 194: [ 0  0  0  0  0  0  0  0 25 25]
 - Client 195: [25 25  0  0  0  0  0  0  0  0]
 - Client 196: [ 0  0  0  0 25 25  0  0  0  0]
 - Client 197: [25 25  0  0  0  0  0  0  0  0]
 - Client 198: [ 0  0  0  0 25 25  0  0  0  0]
 - Client 199: [ 0  0 25 25  0  0  0  0  0  0]
 - Client 200: [ 0  0  0  0  0  0  0 25 25  0]
 - Client 201: [25 25  0  0  0  0  0  0  0  0]
 - Client 202: [ 0  0  0  0  0 25 25  0  0  0]
 - Client 203: [ 0  0  0  0  0  0  0  0 25 25]
 - Client 204: [ 0  0  0  0 25 25  0  0  0  0]
 - Client 205: [ 0  0  0  0  0  0  0  0 25 25]
 - Client 206: [ 0  0  0  0  0  0  0 25 25  0]
 - Client 207: [ 0  0  0  0  0  0 25 25  0  0]
 - Client 208: [ 0 25 25  0  0  0  0  0  0  0]
 - Client 209: [ 0  0 25 25  0  0  0  0  0  0]
 - Client 210: [ 0  0  0  0 25 25  0  0  0  0]
 - Client 211: [25  0  0  0  0  0  0  0  0 25]
 - Client 212: [ 0  0  0  0  0  0  0 25 25  0]
 - Client 213: [ 0  0  0  0  0  0  0  0 25 25]
 - Client 214: [25  0  0  0  0  0  0  0  0 25]
 - Client 215: [ 0  0  0  0  0 25 25  0  0  0]
 - Client 216: [ 0  0  0  0  0  0  0  0 25 25]
 - Client 217: [ 0  0  0  0  0 25 25  0  0  0]
 - Client 218: [25 25  0  0  0  0  0  0  0  0]
 - Client 219: [ 0  0  0  0 25 25  0  0  0  0]
 - Client 220: [ 0  0 25 25  0  0  0  0  0  0]
 - Client 221: [ 0  0  0  0  0  0 25 25  0  0]
 - Client 222: [ 0 25 25  0  0  0  0  0  0  0]
 - Client 223: [ 0  0  0  0  0 25 25  0  0  0]
 - Client 224: [ 0 25 25  0  0  0  0  0  0  0]
 - Client 225: [25 25  0  0  0  0  0  0  0  0]
 - Client 226: [ 0 25 25  0  0  0  0  0  0  0]
 - Client 227: [ 0  0  0 25 25  0  0  0  0  0]
 - Client 228: [ 0  0 25 25  0  0  0  0  0  0]
 - Client 229: [ 0  0  0  0  0 25 25  0  0  0]
 - Client 230: [ 0  0  0  0  0 25 25  0  0  0]
 - Client 231: [ 0  0  0  0  0  0 25 25  0  0]
 - Client 232: [25 25  0  0  0  0  0  0  0  0]
 - Client 233: [ 0  0  0  0  0 25 25  0  0  0]
 - Client 234: [25 25  0  0  0  0  0  0  0  0]
 - Client 235: [ 0  0 25 25  0  0  0  0  0  0]
 - Client 236: [ 0  0  0 25 25  0  0  0  0  0]
 - Client 237: [25  0  0  0  0  0  0  0  0 25]
 - Client 238: [ 0  0  0  0  0 25 25  0  0  0]
 - Client 239: [ 0  0  0  0 25 25  0  0  0  0]
 - Client 240: [25  0  0  0  0  0  0  0  0 25]
 - Client 241: [ 0 25 25  0  0  0  0  0  0  0]
 - Client 242: [ 0 25 25  0  0  0  0  0  0  0]
 - Client 243: [ 0  0 25 25  0  0  0  0  0  0]
 - Client 244: [ 0  0  0  0  0  0  0  0 25 25]
 - Client 245: [ 0 25 25  0  0  0  0  0  0  0]
 - Client 246: [ 0  0  0  0  0 25 25  0  0  0]
 - Client 247: [ 0  0 25 25  0  0  0  0  0  0]
 - Client 248: [25 25  0  0  0  0  0  0  0  0]
 - Client 249: [ 0  0  0 25 25  0  0  0  0  0]
 - Client 250: [ 0  0  0  0  0 25 25  0  0  0]
 - Client 251: [ 0  0  0  0  0  0 25 25  0  0]
 - Client 252: [ 0  0  0  0  0 25 25  0  0  0]
 - Client 253: [ 0  0  0  0  0 25 25  0  0  0]
 - Client 254: [25 25  0  0  0  0  0  0  0  0]
 - Client 255: [ 0  0  0  0  0  0  0  0 25 25]
 - Client 256: [ 0  0  0  0  0  0  0 25 25  0]
 - Client 257: [ 0  0  0  0 25 25  0  0  0  0]
 - Client 258: [ 0  0  0  0  0  0 25 25  0  0]
 - Client 259: [25  0  0  0  0  0  0  0  0 25]
 - Client 260: [ 0  0  0  0 25 25  0  0  0  0]
 - Client 261: [ 0  0  0  0 25 25  0  0  0  0]
 - Client 262: [ 0  0  0  0  0  0  0  0 25 25]
 - Client 263: [ 0  0  0  0  0  0 25 25  0  0]
 - Client 264: [ 0  0  0 25 25  0  0  0  0  0]
 - Client 265: [ 0  0  0  0  0  0  0 25 25  0]
 - Client 266: [ 0  0  0  0  0 25 25  0  0  0]
 - Client 267: [ 0  0 25 25  0  0  0  0  0  0]
 - Client 268: [ 0  0 25 25  0  0  0  0  0  0]
 - Client 269: [ 0  0 25 25  0  0  0  0  0  0]
 - Client 270: [ 0 25 25  0  0  0  0  0  0  0]
 - Client 271: [ 0  0  0  0  0  0 25 25  0  0]
 - Client 272: [ 0 25 25  0  0  0  0  0  0  0]
 - Client 273: [25  0  0  0  0  0  0  0  0 25]
 - Client 274: [ 0  0  0  0  0  0  0  0 25 25]
 - Client 275: [25  0  0  0  0  0  0  0  0 25]
 - Client 276: [ 0  0  0  0 25 25  0  0  0  0]
 - Client 277: [ 0  0 25 25  0  0  0  0  0  0]
 - Client 278: [ 0  0  0  0 25 25  0  0  0  0]
 - Client 279: [25  0  0  0  0  0  0  0  0 25]
 - Client 280: [ 0  0  0 25 25  0  0  0  0  0]
 - Client 281: [ 0  0  0  0  0  0  0 25 25  0]
 - Client 282: [ 0  0  0  0  0  0  0  0 25 25]
 - Client 283: [ 0  0  0 25 25  0  0  0  0  0]
 - Client 284: [ 0  0  0  0  0  0  0  0 25 25]
 - Client 285: [ 0  0  0  0 25 25  0  0  0  0]
 - Client 286: [ 0  0  0  0 25 25  0  0  0  0]
 - Client 287: [ 0  0  0  0  0  0  0 25 25  0]
 - Client 288: [ 0  0  0 25 25  0  0  0  0  0]
 - Client 289: [ 0  0  0  0 25 25  0  0  0  0]
 - Client 290: [25  0  0  0  0  0  0  0  0 25]
 - Client 291: [ 0  0  0 25 25  0  0  0  0  0]
 - Client 292: [ 0  0 25 25  0  0  0  0  0  0]
 - Client 293: [ 0  0  0  0  0 25 25  0  0  0]
 - Client 294: [25  0  0  0  0  0  0  0  0 25]
 - Client 295: [ 0 25 25  0  0  0  0  0  0  0]
 - Client 296: [ 0  0  0  0  0  0 25 25  0  0]
 - Client 297: [ 0  0 25 25  0  0  0  0  0  0]
 - Client 298: [ 0  0 25 25  0  0  0  0  0  0]
 - Client 299: [ 0  0 25 25  0  0  0  0  0  0]
 - Client 300: [ 0  0  0  0 25 25  0  0  0  0]
 - Client 301: [ 0  0 25 25  0  0  0  0  0  0]
 - Client 302: [ 0  0 25 25  0  0  0  0  0  0]
 - Client 303: [ 0  0 25 25  0  0  0  0  0  0]
 - Client 304: [ 0  0 25 25  0  0  0  0  0  0]
 - Client 305: [ 0  0  0  0  0  0  0 25 25  0]
 - Client 306: [ 0  0  0 25 25  0  0  0  0  0]
 - Client 307: [ 0  0  0  0 25 25  0  0  0  0]
 - Client 308: [ 0  0  0  0  0  0 25 25  0  0]
 - Client 309: [25  0  0  0  0  0  0  0  0 25]
 - Client 310: [ 0  0  0 25 25  0  0  0  0  0]
 - Client 311: [ 0  0 25 25  0  0  0  0  0  0]
 - Client 312: [ 0  0  0  0  0  0  0 25 25  0]
 - Client 313: [ 0  0  0  0  0 25 25  0  0  0]
 - Client 314: [ 0 25 25  0  0  0  0  0  0  0]
 - Client 315: [ 0 25 25  0  0  0  0  0  0  0]
 - Client 316: [ 0  0  0  0  0  0  0  0 25 25]
 - Client 317: [25 25  0  0  0  0  0  0  0  0]
 - Client 318: [ 0  0  0  0 25 25  0  0  0  0]
 - Client 319: [ 0  0  0  0  0  0  0  0 25 25]
 - Client 320: [ 0  0  0 25 25  0  0  0  0  0]
 - Client 321: [ 0 25 25  0  0  0  0  0  0  0]
 - Client 322: [ 0  0  0 25 25  0  0  0  0  0]
 - Client 323: [ 0  0  0  0  0  0 25 25  0  0]
 - Client 324: [ 0 25 25  0  0  0  0  0  0  0]
 - Client 325: [ 0  0  0  0  0  0  0 25 25  0]
 - Client 326: [ 0  0  0  0  0  0  0 25 25  0]
 - Client 327: [ 0  0 25 25  0  0  0  0  0  0]
 - Client 328: [ 0  0  0 25 25  0  0  0  0  0]
 - Client 329: [25 25  0  0  0  0  0  0  0  0]
 - Client 330: [ 0  0  0  0  0  0  0  0 25 25]
 - Client 331: [ 0  0  0  0  0  0  0 25 25  0]
 - Client 332: [ 0  0  0  0  0  0  0 25 25  0]
 - Client 333: [25 25  0  0  0  0  0  0  0  0]
 - Client 334: [ 0  0  0  0  0 25 25  0  0  0]
 - Client 335: [ 0 25 25  0  0  0  0  0  0  0]
 - Client 336: [ 0  0  0  0  0  0  0  0 25 25]
 - Client 337: [ 0  0  0  0  0  0 25 25  0  0]
 - Client 338: [ 0 25 25  0  0  0  0  0  0  0]
 - Client 339: [ 0  0  0 25 25  0  0  0  0  0]
 - Client 340: [ 0  0  0  0  0  0  0  0 25 25]
 - Client 341: [25  0  0  0  0  0  0  0  0 25]
 - Client 342: [ 0  0 25 25  0  0  0  0  0  0]
 - Client 343: [ 0  0  0  0  0  0 25 25  0  0]
 - Client 344: [ 0  0  0  0  0  0  0 25 25  0]
 - Client 345: [ 0  0  0  0  0  0 25 25  0  0]
 - Client 346: [ 0  0 25 25  0  0  0  0  0  0]
 - Client 347: [25 25  0  0  0  0  0  0  0  0]
 - Client 348: [ 0  0  0  0  0 25 25  0  0  0]
 - Client 349: [ 0 25 25  0  0  0  0  0  0  0]
 - Client 350: [ 0  0  0 25 25  0  0  0  0  0]
 - Client 351: [ 0  0  0  0  0  0  0  0 25 25]
 - Client 352: [ 0  0  0  0  0  0  0 25 25  0]
 - Client 353: [ 0  0  0  0  0 25 25  0  0  0]
 - Client 354: [25  0  0  0  0  0  0  0  0 25]
 - Client 355: [ 0  0  0  0  0  0  0 25 25  0]
 - Client 356: [25  0  0  0  0  0  0  0  0 25]
 - Client 357: [ 0  0  0  0  0  0  0 25 25  0]
 - Client 358: [ 0  0  0  0 25 25  0  0  0  0]
 - Client 359: [ 0  0  0 25 25  0  0  0  0  0]
 - Client 360: [ 0 25 25  0  0  0  0  0  0  0]
 - Client 361: [25 25  0  0  0  0  0  0  0  0]
 - Client 362: [ 0  0 25 25  0  0  0  0  0  0]
 - Client 363: [ 0  0  0  0  0  0  0  0 25 25]
 - Client 364: [ 0  0  0  0  0  0  0 25 25  0]
 - Client 365: [ 0  0  0  0  0  0  0 25 25  0]
 - Client 366: [ 0  0  0  0  0 25 25  0  0  0]
 - Client 367: [ 0  0  0 25 25  0  0  0  0  0]
 - Client 368: [ 0  0  0  0  0  0  0  0 25 25]
 - Client 369: [ 0  0  0  0  0  0 25 25  0  0]
 - Client 370: [ 0 25 25  0  0  0  0  0  0  0]
 - Client 371: [ 0  0 25 25  0  0  0  0  0  0]
 - Client 372: [25 25  0  0  0  0  0  0  0  0]
 - Client 373: [ 0  0 25 25  0  0  0  0  0  0]
 - Client 374: [ 0  0  0  0 25 25  0  0  0  0]
 - Client 375: [ 0  0  0  0 25 25  0  0  0  0]
 - Client 376: [ 0  0  0 25 25  0  0  0  0  0]
 - Client 377: [ 0  0  0  0  0  0  0 25 25  0]
 - Client 378: [ 0  0  0  0 25 25  0  0  0  0]
 - Client 379: [25  0  0  0  0  0  0  0  0 25]
 - Client 380: [ 0  0  0  0  0  0 25 25  0  0]
 - Client 381: [25 25  0  0  0  0  0  0  0  0]
 - Client 382: [ 0  0  0 25 25  0  0  0  0  0]
 - Client 383: [ 0  0  0  0  0 25 25  0  0  0]
 - Client 384: [25  0  0  0  0  0  0  0  0 25]
 - Client 385: [25 25  0  0  0  0  0  0  0  0]
 - Client 386: [ 0 25 25  0  0  0  0  0  0  0]
 - Client 387: [ 0 25 25  0  0  0  0  0  0  0]
 - Client 388: [ 0  0  0  0  0  0  0 25 25  0]
 - Client 389: [ 0  0  0  0  0 25 25  0  0  0]
 - Client 390: [ 0  0  0  0  0  0 25 25  0  0]
 - Client 391: [ 0  0  0  0  0  0 25 25  0  0]
 - Client 392: [ 0  0  0  0  0  0  0  0 25 25]
 - Client 393: [ 0 25 25  0  0  0  0  0  0  0]
 - Client 394: [25 25  0  0  0  0  0  0  0  0]
 - Client 395: [ 0  0  0  0  0  0 25 25  0  0]
 - Client 396: [25  0  0  0  0  0  0  0  0 25]
 - Client 397: [ 0  0  0  0  0  0  0 25 25  0]
 - Client 398: [ 0 25 25  0  0  0  0  0  0  0]
 - Client 399: [25  0  0  0  0  0  0  0  0 25]
 - Client 400: [ 0  0  0  0 25 25  0  0  0  0]
 - Client 401: [ 0  0  0  0 25 25  0  0  0  0]
 - Client 402: [ 0  0 25 25  0  0  0  0  0  0]
 - Client 403: [ 0  0  0 25 25  0  0  0  0  0]
 - Client 404: [ 0  0  0  0  0  0 25 25  0  0]
 - Client 405: [ 0  0  0  0  0 25 25  0  0  0]
 - Client 406: [ 0  0  0 25 25  0  0  0  0  0]
 - Client 407: [ 0  0  0  0  0  0  0  0 25 25]
 - Client 408: [25 25  0  0  0  0  0  0  0  0]
 - Client 409: [ 0  0  0  0 25 25  0  0  0  0]
 - Client 410: [ 0  0  0  0  0 25 25  0  0  0]
 - Client 411: [ 0  0  0  0  0  0  0 25 25  0]
 - Client 412: [ 0  0 25 25  0  0  0  0  0  0]
 - Client 413: [25  0  0  0  0  0  0  0  0 25]
 - Client 414: [ 0  0  0 25 25  0  0  0  0  0]
 - Client 415: [25 25  0  0  0  0  0  0  0  0]
 - Client 416: [ 0  0  0  0 25 25  0  0  0  0]
 - Client 417: [ 0  0  0 25 25  0  0  0  0  0]
 - Client 418: [ 0  0  0  0  0  0  0  0 25 25]
 - Client 419: [ 0 25 25  0  0  0  0  0  0  0]
 - Client 420: [ 0  0  0 25 25  0  0  0  0  0]
 - Client 421: [ 0  0  0  0  0  0 25 25  0  0]
 - Client 422: [ 0  0  0  0 25 25  0  0  0  0]
 - Client 423: [25  0  0  0  0  0  0  0  0 25]
 - Client 424: [ 0  0  0  0  0  0  0 25 25  0]
 - Client 425: [ 0 25 25  0  0  0  0  0  0  0]
 - Client 426: [ 0  0  0  0 25 25  0  0  0  0]
 - Client 427: [25  0  0  0  0  0  0  0  0 25]
 - Client 428: [ 0  0  0  0  0  0  0 25 25  0]
 - Client 429: [ 0  0 25 25  0  0  0  0  0  0]
 - Client 430: [ 0  0  0  0  0 25 25  0  0  0]
 - Client 431: [ 0  0  0  0  0  0  0 25 25  0]
 - Client 432: [ 0  0  0 25 25  0  0  0  0  0]
 - Client 433: [ 0  0  0  0  0 25 25  0  0  0]
 - Client 434: [ 0  0  0  0 25 25  0  0  0  0]
 - Client 435: [ 0  0  0 25 25  0  0  0  0  0]
 - Client 436: [ 0  0 25 25  0  0  0  0  0  0]
 - Client 437: [ 0  0  0  0  0 25 25  0  0  0]
 - Client 438: [ 0  0  0  0  0  0 25 25  0  0]
 - Client 439: [ 0  0  0 25 25  0  0  0  0  0]
 - Client 440: [ 0  0  0 25 25  0  0  0  0  0]
 - Client 441: [ 0  0  0  0  0  0 25 25  0  0]
 - Client 442: [ 0  0  0  0  0  0 25 25  0  0]
 - Client 443: [ 0 25 25  0  0  0  0  0  0  0]
 - Client 444: [ 0  0 25 25  0  0  0  0  0  0]
 - Client 445: [ 0  0  0  0  0  0 25 25  0  0]
 - Client 446: [ 0  0  0  0  0  0 25 25  0  0]
 - Client 447: [ 0  0  0  0  0  0 25 25  0  0]
 - Client 448: [25 25  0  0  0  0  0  0  0  0]
 - Client 449: [ 0  0  0  0 25 25  0  0  0  0]
 - Client 450: [ 0  0  0  0  0  0  0 25 25  0]
 - Client 451: [ 0  0  0  0  0  0 25 25  0  0]
 - Client 452: [25  0  0  0  0  0  0  0  0 25]
 - Client 453: [ 0  0  0 25 25  0  0  0  0  0]
 - Client 454: [ 0  0  0  0  0  0  0 25 25  0]
 - Client 455: [ 0  0  0  0  0 25 25  0  0  0]
 - Client 456: [ 0  0 25 25  0  0  0  0  0  0]
 - Client 457: [ 0  0  0 25 25  0  0  0  0  0]
 - Client 458: [ 0  0  0  0  0 25 25  0  0  0]
 - Client 459: [ 0 25 25  0  0  0  0  0  0  0]
 - Client 460: [ 0  0  0  0  0  0  0 25 25  0]
 - Client 461: [25 25  0  0  0  0  0  0  0  0]
 - Client 462: [ 0  0  0  0 25 25  0  0  0  0]
 - Client 463: [ 0  0 25 25  0  0  0  0  0  0]
 - Client 464: [ 0  0  0  0  0  0  0  0 25 25]
 - Client 465: [ 0  0  0  0  0  0 25 25  0  0]
 - Client 466: [25  0  0  0  0  0  0  0  0 25]
 - Client 467: [ 0  0  0  0  0  0 25 25  0  0]
 - Client 468: [ 0  0  0  0  0 25 25  0  0  0]
 - Client 469: [25 25  0  0  0  0  0  0  0  0]
 - Client 470: [ 0  0  0  0  0  0 25 25  0  0]
 - Client 471: [25 25  0  0  0  0  0  0  0  0]
 - Client 472: [ 0 25 25  0  0  0  0  0  0  0]
 - Client 473: [ 0  0  0  0  0  0  0 25 25  0]
 - Client 474: [ 0  0  0  0  0  0  0  0 25 25]
 - Client 475: [ 0  0  0  0  0  0 25 25  0  0]
 - Client 476: [ 0  0  0  0  0  0 25 25  0  0]
 - Client 477: [ 0  0  0  0  0 25 25  0  0  0]
 - Client 478: [ 0  0  0  0  0 25 25  0  0  0]
 - Client 479: [25 25  0  0  0  0  0  0  0  0]
 - Client 480: [ 0 25 25  0  0  0  0  0  0  0]
 - Client 481: [ 0  0 25 25  0  0  0  0  0  0]
 - Client 482: [ 0  0  0  0  0  0 25 25  0  0]
 - Client 483: [ 0  0  0 25 25  0  0  0  0  0]
 - Client 484: [ 0  0  0  0  0 25 25  0  0  0]
 - Client 485: [25 25  0  0  0  0  0  0  0  0]
 - Client 486: [ 0  0  0  0  0  0  0  0 25 25]
 - Client 487: [ 0  0 25 25  0  0  0  0  0  0]
 - Client 488: [ 0  0  0  0 25 25  0  0  0  0]
 - Client 489: [ 0 25 25  0  0  0  0  0  0  0]
 - Client 490: [ 0  0  0 25 25  0  0  0  0  0]
 - Client 491: [ 0 25 25  0  0  0  0  0  0  0]
 - Client 492: [ 0  0  0  0  0 25 25  0  0  0]
 - Client 493: [ 0  0  0  0  0  0 25 25  0  0]
 - Client 494: [ 0  0  0  0  0  0  0 25 25  0]
 - Client 495: [ 0  0  0  0  0  0 25 25  0  0]
 - Client 496: [ 0 25 25  0  0  0  0  0  0  0]
 - Client 497: [ 0  0  0  0  0  0 25 25  0  0]
 - Client 498: [25 25  0  0  0  0  0  0  0  0]
 - Client 499: [ 0  0  0  0  0  0 25 25  0  0]
 - Client 500: [ 0 25 25  0  0  0  0  0  0  0]
 - Client 501: [ 0 25 25  0  0  0  0  0  0  0]
 - Client 502: [25 25  0  0  0  0  0  0  0  0]
 - Client 503: [ 0  0  0  0 25 25  0  0  0  0]
 - Client 504: [ 0  0  0  0  0 25 25  0  0  0]
 - Client 505: [ 0  0  0 25 25  0  0  0  0  0]
 - Client 506: [ 0  0 25 25  0  0  0  0  0  0]
 - Client 507: [ 0  0 25 25  0  0  0  0  0  0]
 - Client 508: [ 0  0  0  0  0  0  0  0 25 25]
 - Client 509: [ 0  0  0  0 25 25  0  0  0  0]
 - Client 510: [ 0  0  0  0  0  0 25 25  0  0]
 - Client 511: [ 0 25 25  0  0  0  0  0  0  0]
 - Client 512: [ 0  0  0 25 25  0  0  0  0  0]
 - Client 513: [ 0  0  0  0 25 25  0  0  0  0]
 - Client 514: [ 0  0  0  0  0 25 25  0  0  0]
 - Client 515: [ 0  0  0  0  0  0  0 25 25  0]
 - Client 516: [ 0  0  0  0  0  0  0 25 25  0]
 - Client 517: [25 25  0  0  0  0  0  0  0  0]
 - Client 518: [ 0  0  0  0 25 25  0  0  0  0]
 - Client 519: [ 0  0  0 25 25  0  0  0  0  0]
 - Client 520: [25 25  0  0  0  0  0  0  0  0]
 - Client 521: [ 0  0  0  0  0  0 25 25  0  0]
 - Client 522: [25  0  0  0  0  0  0  0  0 25]
 - Client 523: [25  0  0  0  0  0  0  0  0 25]
 - Client 524: [ 0  0  0  0  0 25 25  0  0  0]
 - Client 525: [ 0  0  0  0  0  0  0 25 25  0]
 - Client 526: [ 0  0  0  0  0  0 25 25  0  0]
 - Client 527: [ 0  0 25 25  0  0  0  0  0  0]
 - Client 528: [ 0  0  0  0  0 25 25  0  0  0]
 - Client 529: [ 0  0  0  0  0 25 25  0  0  0]
 - Client 530: [ 0  0 25 25  0  0  0  0  0  0]
 - Client 531: [ 0  0  0  0  0  0  0  0 25 25]
 - Client 532: [ 0  0  0  0 25 25  0  0  0  0]
 - Client 533: [ 0  0  0 25 25  0  0  0  0  0]
 - Client 534: [ 0  0  0  0  0  0  0  0 25 25]
 - Client 535: [ 0 25 25  0  0  0  0  0  0  0]
 - Client 536: [ 0  0  0  0 25 25  0  0  0  0]
 - Client 537: [ 0  0  0  0  0  0  0 25 25  0]
 - Client 538: [ 0  0 25 25  0  0  0  0  0  0]
 - Client 539: [ 0  0 25 25  0  0  0  0  0  0]
 - Client 540: [ 0  0  0  0  0  0 25 25  0  0]
 - Client 541: [25 25  0  0  0  0  0  0  0  0]
 - Client 542: [ 0  0  0 25 25  0  0  0  0  0]
 - Client 543: [ 0 25 25  0  0  0  0  0  0  0]
 - Client 544: [ 0  0  0  0  0 25 25  0  0  0]
 - Client 545: [ 0  0  0  0  0  0  0 25 25  0]
 - Client 546: [ 0  0 25 25  0  0  0  0  0  0]
 - Client 547: [ 0  0  0 25 25  0  0  0  0  0]
 - Client 548: [ 0  0  0  0  0  0  0 25 25  0]
 - Client 549: [ 0  0  0  0  0  0  0 25 25  0]
 - Client 550: [25 25  0  0  0  0  0  0  0  0]
 - Client 551: [ 0 25 25  0  0  0  0  0  0  0]
 - Client 552: [ 0  0  0  0  0  0  0 25 25  0]
 - Client 553: [ 0  0  0  0  0  0  0 25 25  0]
 - Client 554: [ 0  0 25 25  0  0  0  0  0  0]
 - Client 555: [ 0  0  0  0  0  0 25 25  0  0]
 - Client 556: [ 0  0  0  0  0  0  0  0 25 25]
 - Client 557: [ 0  0  0  0  0  0 25 25  0  0]
 - Client 558: [ 0  0  0  0  0  0 25 25  0  0]
 - Client 559: [ 0  0  0  0  0  0  0 25 25  0]
 - Client 560: [ 0  0  0  0  0  0 25 25  0  0]
 - Client 561: [ 0  0  0  0 25 25  0  0  0  0]
 - Client 562: [ 0  0  0  0  0  0  0  0 25 25]
 - Client 563: [ 0  0  0  0  0 25 25  0  0  0]
 - Client 564: [ 0  0  0  0 25 25  0  0  0  0]
 - Client 565: [ 0  0  0  0 25 25  0  0  0  0]
 - Client 566: [ 0  0 25 25  0  0  0  0  0  0]
 - Client 567: [25 25  0  0  0  0  0  0  0  0]
 - Client 568: [ 0  0  0  0  0  0  0 25 25  0]
 - Client 569: [ 0  0 25 25  0  0  0  0  0  0]
 - Client 570: [ 0  0  0  0  0  0  0 25 25  0]
 - Client 571: [ 0  0  0  0  0 25 25  0  0  0]
 - Client 572: [ 0  0  0  0  0  0  0 25 25  0]
 - Client 573: [ 0  0  0  0  0  0  0 25 25  0]
 - Client 574: [ 0  0 25 25  0  0  0  0  0  0]
 - Client 575: [ 0  0  0  0 25 25  0  0  0  0]
 - Client 576: [ 0  0  0 25 25  0  0  0  0  0]
 - Client 577: [ 0  0  0  0  0  0  0 25 25  0]
 - Client 578: [ 0  0  0  0  0 25 25  0  0  0]
 - Client 579: [ 0  0  0  0  0  0 25 25  0  0]
 - Client 580: [ 0  0  0  0  0  0  0  0 25 25]
 - Client 581: [ 0  0  0  0  0 25 25  0  0  0]
 - Client 582: [ 0 25 25  0  0  0  0  0  0  0]
 - Client 583: [25 25  0  0  0  0  0  0  0  0]
 - Client 584: [ 0  0 25 25  0  0  0  0  0  0]
 - Client 585: [ 0  0  0  0  0 25 25  0  0  0]
 - Client 586: [ 0  0  0  0 25 25  0  0  0  0]
 - Client 587: [ 0  0  0 25 25  0  0  0  0  0]
 - Client 588: [ 0  0  0  0 25 25  0  0  0  0]
 - Client 589: [ 0  0  0  0  0  0  0 25 25  0]
 - Client 590: [ 0 25 25  0  0  0  0  0  0  0]
 - Client 591: [25  0  0  0  0  0  0  0  0 25]
 - Client 592: [ 0  0  0 25 25  0  0  0  0  0]
 - Client 593: [25 25  0  0  0  0  0  0  0  0]
 - Client 594: [ 0  0  0  0  0  0  0  0 25 25]
 - Client 595: [ 0  0  0  0  0  0  0  0 25 25]
 - Client 596: [ 0  0  0 25 25  0  0  0  0  0]
 - Client 597: [ 0 25 25  0  0  0  0  0  0  0]
 - Client 598: [ 0  0  0  0  0  0  0 25 25  0]
 - Client 599: [ 0  0  0  0  0 25 25  0  0  0]
 - Client 600: [ 0  0  0  0 25 25  0  0  0  0]
 - Client 601: [ 0  0  0  0  0  0  0  0 25 25]
 - Client 602: [ 0  0 25 25  0  0  0  0  0  0]
 - Client 603: [ 0  0  0  0  0  0  0  0 25 25]
 - Client 604: [ 0  0  0  0  0 25 25  0  0  0]
 - Client 605: [ 0  0  0  0  0  0  0  0 25 25]
 - Client 606: [25 25  0  0  0  0  0  0  0  0]
 - Client 607: [25  0  0  0  0  0  0  0  0 25]
 - Client 608: [ 0  0  0  0 25 25  0  0  0  0]
 - Client 609: [25  0  0  0  0  0  0  0  0 25]
 - Client 610: [ 0  0  0  0  0  0  0  0 25 25]
 - Client 611: [ 0  0  0  0  0 25 25  0  0  0]
 - Client 612: [ 0 25 25  0  0  0  0  0  0  0]
 - Client 613: [ 0  0  0  0  0  0 25 25  0  0]
 - Client 614: [ 0  0 25 25  0  0  0  0  0  0]
 - Client 615: [ 0  0  0 25 25  0  0  0  0  0]
 - Client 616: [ 0  0  0  0  0 25 25  0  0  0]
 - Client 617: [ 0  0  0  0  0  0 25 25  0  0]
 - Client 618: [ 0  0  0  0  0 25 25  0  0  0]
 - Client 619: [ 0  0  0  0  0 25 25  0  0  0]
 - Client 620: [ 0  0 25 25  0  0  0  0  0  0]
 - Client 621: [ 0  0  0  0 25 25  0  0  0  0]
 - Client 622: [25  0  0  0  0  0  0  0  0 25]
 - Client 623: [25  0  0  0  0  0  0  0  0 25]
 - Client 624: [ 0 25 25  0  0  0  0  0  0  0]
 - Client 625: [25  0  0  0  0  0  0  0  0 25]
 - Client 626: [25  0  0  0  0  0  0  0  0 25]
 - Client 627: [25  0  0  0  0  0  0  0  0 25]
 - Client 628: [ 0 25 25  0  0  0  0  0  0  0]
 - Client 629: [25 25  0  0  0  0  0  0  0  0]
 - Client 630: [25 25  0  0  0  0  0  0  0  0]
 - Client 631: [ 0  0  0  0  0  0  0  0 25 25]
 - Client 632: [25 25  0  0  0  0  0  0  0  0]
 - Client 633: [25  0  0  0  0  0  0  0  0 25]
 - Client 634: [ 0  0  0  0  0  0  0 25 25  0]
 - Client 635: [ 0  0  0  0  0  0  0  0 25 25]
 - Client 636: [ 0  0  0  0  0  0  0  0 25 25]
 - Client 637: [ 0  0  0  0  0 25 25  0  0  0]
 - Client 638: [25  0  0  0  0  0  0  0  0 25]
 - Client 639: [ 0 25 25  0  0  0  0  0  0  0]
 - Client 640: [ 0 25 25  0  0  0  0  0  0  0]
 - Client 641: [ 0  0  0  0  0  0  0  0 25 25]
 - Client 642: [ 0  0  0  0  0 25 25  0  0  0]
 - Client 643: [25  0  0  0  0  0  0  0  0 25]
 - Client 644: [ 0  0  0  0  0  0  0  0 25 25]
 - Client 645: [ 0  0  0  0  0  0 25 25  0  0]
 - Client 646: [25 25  0  0  0  0  0  0  0  0]
 - Client 647: [ 0  0  0  0  0  0 25 25  0  0]
 - Client 648: [25  0  0  0  0  0  0  0  0 25]
 - Client 649: [ 0  0  0  0  0 25 25  0  0  0]
 - Client 650: [ 0  0  0  0  0  0  0  0 25 25]
 - Client 651: [ 0 25 25  0  0  0  0  0  0  0]
 - Client 652: [ 0  0  0  0 25 25  0  0  0  0]
 - Client 653: [25  0  0  0  0  0  0  0  0 25]
 - Client 654: [ 0  0  0  0  0  0 25 25  0  0]
 - Client 655: [ 0  0  0  0  0 25 25  0  0  0]
 - Client 656: [ 0  0  0 25 25  0  0  0  0  0]
 - Client 657: [ 0  0  0  0  0  0  0  0 25 25]
 - Client 658: [ 0  0  0  0  0  0 25 25  0  0]
 - Client 659: [ 0  0  0  0  0  0 25 25  0  0]
 - Client 660: [ 0  0  0  0 25 25  0  0  0  0]
 - Client 661: [ 0  0  0  0  0  0  0  0 25 25]
 - Client 662: [ 0  0 25 25  0  0  0  0  0  0]
 - Client 663: [ 0  0  0  0  0  0  0 25 25  0]
 - Client 664: [ 0  0  0 25 25  0  0  0  0  0]
 - Client 665: [ 0  0  0  0  0  0  0 25 25  0]
 - Client 666: [ 0  0  0  0  0  0  0 25 25  0]
 - Client 667: [ 0  0  0  0 25 25  0  0  0  0]
 - Client 668: [ 0  0  0  0  0  0  0  0 25 25]
 - Client 669: [ 0 25 25  0  0  0  0  0  0  0]
 - Client 670: [ 0  0  0  0  0 25 25  0  0  0]
 - Client 671: [ 0  0  0  0  0  0 25 25  0  0]
 - Client 672: [ 0  0  0  0  0  0  0  0 25 25]
 - Client 673: [ 0  0  0 25 25  0  0  0  0  0]
 - Client 674: [ 0  0  0  0  0 25 25  0  0  0]
 - Client 675: [ 0  0  0  0  0  0 25 25  0  0]
 - Client 676: [25  0  0  0  0  0  0  0  0 25]
 - Client 677: [ 0  0  0  0  0  0  0  0 25 25]
 - Client 678: [25  0  0  0  0  0  0  0  0 25]
 - Client 679: [ 0  0  0  0  0  0 25 25  0  0]
 - Client 680: [25 25  0  0  0  0  0  0  0  0]
 - Client 681: [ 0  0  0 25 25  0  0  0  0  0]
 - Client 682: [ 0  0  0  0  0  0  0 25 25  0]
 - Client 683: [ 0  0  0  0  0  0  0 25 25  0]
 - Client 684: [ 0 25 25  0  0  0  0  0  0  0]
 - Client 685: [ 0  0  0  0  0 25 25  0  0  0]
 - Client 686: [ 0  0  0  0 25 25  0  0  0  0]
 - Client 687: [ 0  0  0  0  0  0  0  0 25 25]
 - Client 688: [ 0  0  0  0 25 25  0  0  0  0]
 - Client 689: [ 0  0  0  0 25 25  0  0  0  0]
 - Client 690: [ 0  0  0 25 25  0  0  0  0  0]
 - Client 691: [ 0  0  0 25 25  0  0  0  0  0]
 - Client 692: [ 0  0  0  0  0  0  0  0 25 25]
 - Client 693: [25 25  0  0  0  0  0  0  0  0]
 - Client 694: [ 0  0  0 25 25  0  0  0  0  0]
 - Client 695: [25 25  0  0  0  0  0  0  0  0]
 - Client 696: [ 0  0  0  0  0  0  0  0 25 25]
 - Client 697: [ 0  0  0  0 25 25  0  0  0  0]
 - Client 698: [ 0  0  0  0  0  0  0  0 25 25]
 - Client 699: [ 0  0 25 25  0  0  0  0  0  0]
 - Client 700: [ 0  0  0  0  0 25 25  0  0  0]
 - Client 701: [ 0  0  0  0 25 25  0  0  0  0]
 - Client 702: [ 0  0 25 25  0  0  0  0  0  0]
 - Client 703: [ 0  0  0  0  0  0 25 25  0  0]
 - Client 704: [ 0  0  0  0  0  0  0 25 25  0]
 - Client 705: [25 25  0  0  0  0  0  0  0  0]
 - Client 706: [ 0  0  0 25 25  0  0  0  0  0]
 - Client 707: [ 0 25 25  0  0  0  0  0  0  0]
 - Client 708: [ 0  0  0  0 25 25  0  0  0  0]
 - Client 709: [ 0  0  0  0  0  0  0 25 25  0]
 - Client 710: [ 0 25 25  0  0  0  0  0  0  0]
 - Client 711: [ 0 25 25  0  0  0  0  0  0  0]
 - Client 712: [ 0  0 25 25  0  0  0  0  0  0]
 - Client 713: [ 0  0  0  0 25 25  0  0  0  0]
 - Client 714: [25  0  0  0  0  0  0  0  0 25]
 - Client 715: [ 0  0  0  0  0  0  0 25 25  0]
 - Client 716: [ 0  0 25 25  0  0  0  0  0  0]
 - Client 717: [ 0  0  0  0 25 25  0  0  0  0]
 - Client 718: [ 0  0  0  0  0  0  0  0 25 25]
 - Client 719: [ 0  0  0 25 25  0  0  0  0  0]
 - Client 720: [25  0  0  0  0  0  0  0  0 25]
 - Client 721: [ 0  0  0 25 25  0  0  0  0  0]
 - Client 722: [ 0  0  0  0 25 25  0  0  0  0]
 - Client 723: [ 0  0 25 25  0  0  0  0  0  0]
 - Client 724: [25  0  0  0  0  0  0  0  0 25]
 - Client 725: [ 0 25 25  0  0  0  0  0  0  0]
 - Client 726: [ 0  0  0  0 25 25  0  0  0  0]
 - Client 727: [ 0  0  0  0  0  0  0  0 25 25]
 - Client 728: [ 0  0  0  0  0 25 25  0  0  0]
 - Client 729: [ 0  0  0  0 25 25  0  0  0  0]
 - Client 730: [ 0  0  0  0  0 25 25  0  0  0]
 - Client 731: [ 0  0  0  0 25 25  0  0  0  0]
 - Client 732: [ 0 25 25  0  0  0  0  0  0  0]
 - Client 733: [ 0  0  0  0  0  0  0  0 25 25]
 - Client 734: [ 0  0  0  0  0 25 25  0  0  0]
 - Client 735: [ 0 25 25  0  0  0  0  0  0  0]
 - Client 736: [ 0  0  0 25 25  0  0  0  0  0]
 - Client 737: [25  0  0  0  0  0  0  0  0 25]
 - Client 738: [ 0  0  0  0 25 25  0  0  0  0]
 - Client 739: [ 0  0  0  0  0 25 25  0  0  0]
 - Client 740: [ 0 25 25  0  0  0  0  0  0  0]
 - Client 741: [ 0  0  0  0 25 25  0  0  0  0]
 - Client 742: [ 0 25 25  0  0  0  0  0  0  0]
 - Client 743: [25  0  0  0  0  0  0  0  0 25]
 - Client 744: [ 0  0  0 25 25  0  0  0  0  0]
 - Client 745: [ 0 25 25  0  0  0  0  0  0  0]
 - Client 746: [ 0  0  0  0  0 25 25  0  0  0]
 - Client 747: [ 0  0  0 25 25  0  0  0  0  0]
 - Client 748: [ 0 25 25  0  0  0  0  0  0  0]
 - Client 749: [ 0  0  0  0  0  0  0 25 25  0]
 - Client 750: [ 0  0  0 25 25  0  0  0  0  0]
 - Client 751: [ 0  0  0  0  0  0  0 25 25  0]
 - Client 752: [ 0  0  0  0  0 25 25  0  0  0]
 - Client 753: [ 0  0  0  0 25 25  0  0  0  0]
 - Client 754: [25 25  0  0  0  0  0  0  0  0]
 - Client 755: [ 0  0  0  0  0  0  0 25 25  0]
 - Client 756: [ 0  0  0  0  0  0  0 25 25  0]
 - Client 757: [ 0  0 25 25  0  0  0  0  0  0]
 - Client 758: [ 0  0  0  0  0 25 25  0  0  0]
 - Client 759: [ 0  0  0  0  0  0 25 25  0  0]
 - Client 760: [25  0  0  0  0  0  0  0  0 25]
 - Client 761: [25 25  0  0  0  0  0  0  0  0]
 - Client 762: [ 0  0  0  0  0  0  0 25 25  0]
 - Client 763: [ 0  0  0  0  0  0 25 25  0  0]
 - Client 764: [ 0  0 25 25  0  0  0  0  0  0]
 - Client 765: [ 0  0  0  0 25 25  0  0  0  0]
 - Client 766: [25 25  0  0  0  0  0  0  0  0]
 - Client 767: [ 0  0  0 25 25  0  0  0  0  0]
 - Client 768: [ 0 25 25  0  0  0  0  0  0  0]
 - Client 769: [ 0  0  0  0 25 25  0  0  0  0]
 - Client 770: [ 0  0  0  0  0 25 25  0  0  0]
 - Client 771: [ 0  0  0 25 25  0  0  0  0  0]
 - Client 772: [ 0  0 25 25  0  0  0  0  0  0]
 - Client 773: [ 0  0  0  0  0 25 25  0  0  0]
 - Client 774: [ 0  0  0  0  0 25 25  0  0  0]
 - Client 775: [ 0  0  0  0  0  0 25 25  0  0]
 - Client 776: [25 25  0  0  0  0  0  0  0  0]
 - Client 777: [ 0 25 25  0  0  0  0  0  0  0]
 - Client 778: [ 0  0  0 25 25  0  0  0  0  0]
 - Client 779: [ 0  0  0 25 25  0  0  0  0  0]
 - Client 780: [ 0  0  0 25 25  0  0  0  0  0]
 - Client 781: [25  0  0  0  0  0  0  0  0 25]
 - Client 782: [ 0  0  0 25 25  0  0  0  0  0]
 - Client 783: [ 0  0  0  0  0  0  0 25 25  0]
 - Client 784: [25 25  0  0  0  0  0  0  0  0]
 - Client 785: [ 0  0  0  0 25 25  0  0  0  0]
 - Client 786: [25 25  0  0  0  0  0  0  0  0]
 - Client 787: [25 25  0  0  0  0  0  0  0  0]
 - Client 788: [25  0  0  0  0  0  0  0  0 25]
 - Client 789: [ 0  0  0  0  0 25 25  0  0  0]
 - Client 790: [ 0  0  0  0  0  0  0  0 25 25]
 - Client 791: [ 0  0  0 25 25  0  0  0  0  0]
 - Client 792: [ 0  0  0 25 25  0  0  0  0  0]
 - Client 793: [ 0  0  0  0  0  0  0 25 25  0]
 - Client 794: [ 0  0 25 25  0  0  0  0  0  0]
 - Client 795: [ 0 25 25  0  0  0  0  0  0  0]
 - Client 796: [25  0  0  0  0  0  0  0  0 25]
 - Client 797: [ 0  0  0  0  0  0  0 25 25  0]
 - Client 798: [ 0  0  0  0  0  0  0 25 25  0]
 - Client 799: [ 0  0  0  0  0  0  0  0 25 25]
 - Client 800: [ 0  0  0  0 25 25  0  0  0  0]
 - Client 801: [ 0  0  0  0 25 25  0  0  0  0]
 - Client 802: [ 0  0  0  0  0  0  0 25 25  0]
 - Client 803: [25  0  0  0  0  0  0  0  0 25]
 - Client 804: [ 0  0  0  0  0  0 25 25  0  0]
 - Client 805: [ 0  0  0 25 25  0  0  0  0  0]
 - Client 806: [ 0  0  0  0  0  0  0  0 25 25]
 - Client 807: [ 0  0  0  0 25 25  0  0  0  0]
 - Client 808: [ 0  0  0  0  0  0 25 25  0  0]
 - Client 809: [ 0  0  0  0  0 25 25  0  0  0]
 - Client 810: [ 0  0  0  0  0 25 25  0  0  0]
 - Client 811: [ 0  0  0 25 25  0  0  0  0  0]
 - Client 812: [ 0  0  0  0  0  0 25 25  0  0]
 - Client 813: [ 0  0  0  0  0  0 25 25  0  0]
 - Client 814: [ 0  0  0  0 25 25  0  0  0  0]
 - Client 815: [ 0  0  0  0 25 25  0  0  0  0]
 - Client 816: [ 0  0  0  0  0  0  0 25 25  0]
 - Client 817: [25  0  0  0  0  0  0  0  0 25]
 - Client 818: [ 0  0  0 25 25  0  0  0  0  0]
 - Client 819: [25  0  0  0  0  0  0  0  0 25]
 - Client 820: [25 25  0  0  0  0  0  0  0  0]
 - Client 821: [ 0  0  0  0  0  0  0  0 25 25]
 - Client 822: [25 25  0  0  0  0  0  0  0  0]
 - Client 823: [ 0  0  0  0 25 25  0  0  0  0]
 - Client 824: [ 0  0  0  0 25 25  0  0  0  0]
 - Client 825: [ 0 25 25  0  0  0  0  0  0  0]
 - Client 826: [ 0  0  0  0  0  0  0  0 25 25]
 - Client 827: [ 0  0  0  0  0 25 25  0  0  0]
 - Client 828: [25  0  0  0  0  0  0  0  0 25]
 - Client 829: [ 0  0  0 25 25  0  0  0  0  0]
 - Client 830: [ 0  0  0  0  0  0 25 25  0  0]
 - Client 831: [ 0  0  0  0  0  0  0 25 25  0]
 - Client 832: [ 0  0  0  0  0 25 25  0  0  0]
 - Client 833: [ 0  0  0  0  0  0 25 25  0  0]
 - Client 834: [ 0  0  0 25 25  0  0  0  0  0]
 - Client 835: [ 0  0 25 25  0  0  0  0  0  0]
 - Client 836: [25  0  0  0  0  0  0  0  0 25]
 - Client 837: [ 0  0  0  0  0  0  0  0 25 25]
 - Client 838: [ 0  0  0  0 25 25  0  0  0  0]
 - Client 839: [ 0  0  0  0  0  0  0  0 25 25]
 - Client 840: [ 0  0  0  0 25 25  0  0  0  0]
 - Client 841: [ 0  0  0  0  0 25 25  0  0  0]
 - Client 842: [ 0  0  0  0  0  0  0 25 25  0]
 - Client 843: [ 0  0  0  0 25 25  0  0  0  0]
 - Client 844: [ 0  0  0  0  0  0 25 25  0  0]
 - Client 845: [25 25  0  0  0  0  0  0  0  0]
 - Client 846: [25  0  0  0  0  0  0  0  0 25]
 - Client 847: [ 0  0  0  0  0 25 25  0  0  0]
 - Client 848: [ 0  0  0  0  0  0  0  0 25 25]
 - Client 849: [ 0 25 25  0  0  0  0  0  0  0]
 - Client 850: [ 0  0  0  0  0 25 25  0  0  0]
 - Client 851: [ 0  0  0  0 25 25  0  0  0  0]
 - Client 852: [ 0  0 25 25  0  0  0  0  0  0]
 - Client 853: [25 25  0  0  0  0  0  0  0  0]
 - Client 854: [ 0  0 25 25  0  0  0  0  0  0]
 - Client 855: [25 25  0  0  0  0  0  0  0  0]
 - Client 856: [ 0  0  0  0  0  0  0  0 25 25]
 - Client 857: [ 0  0  0  0  0  0  0 25 25  0]
 - Client 858: [ 0  0  0  0  0  0 25 25  0  0]
 - Client 859: [25  0  0  0  0  0  0  0  0 25]
 - Client 860: [ 0  0  0  0 25 25  0  0  0  0]
 - Client 861: [ 0  0 25 25  0  0  0  0  0  0]
 - Client 862: [ 0 25 25  0  0  0  0  0  0  0]
 - Client 863: [ 0  0  0  0  0  0 25 25  0  0]
 - Client 864: [ 0  0  0  0  0  0 25 25  0  0]
 - Client 865: [ 0  0  0  0  0  0 25 25  0  0]
 - Client 866: [ 0  0  0  0 25 25  0  0  0  0]
 - Client 867: [ 0  0  0  0  0  0  0  0 25 25]
 - Client 868: [ 0  0  0  0  0  0  0 25 25  0]
 - Client 869: [ 0  0  0  0  0  0 25 25  0  0]
 - Client 870: [25 25  0  0  0  0  0  0  0  0]
 - Client 871: [ 0  0  0  0 25 25  0  0  0  0]
 - Client 872: [ 0  0 25 25  0  0  0  0  0  0]
 - Client 873: [ 0  0  0  0  0 25 25  0  0  0]
 - Client 874: [ 0  0  0  0 25 25  0  0  0  0]
 - Client 875: [ 0 25 25  0  0  0  0  0  0  0]
 - Client 876: [ 0 25 25  0  0  0  0  0  0  0]
 - Client 877: [25  0  0  0  0  0  0  0  0 25]
 - Client 878: [ 0  0  0  0  0  0  0  0 25 25]
 - Client 879: [ 0  0 25 25  0  0  0  0  0  0]
 - Client 880: [ 0  0  0  0  0  0  0  0 25 25]
 - Client 881: [ 0  0  0  0 25 25  0  0  0  0]
 - Client 882: [ 0  0  0 25 25  0  0  0  0  0]
 - Client 883: [ 0  0  0  0  0  0 25 25  0  0]
 - Client 884: [ 0 25 25  0  0  0  0  0  0  0]
 - Client 885: [25  0  0  0  0  0  0  0  0 25]
 - Client 886: [ 0  0  0  0  0 25 25  0  0  0]
 - Client 887: [ 0  0  0  0  0  0  0 25 25  0]
 - Client 888: [ 0  0  0  0  0  0 25 25  0  0]
 - Client 889: [ 0  0  0  0  0  0  0  0 25 25]
 - Client 890: [25 25  0  0  0  0  0  0  0  0]
 - Client 891: [ 0  0  0  0  0  0  0 25 25  0]
 - Client 892: [25  0  0  0  0  0  0  0  0 25]
 - Client 893: [ 0  0  0  0  0  0  0 25 25  0]
 - Client 894: [25  0  0  0  0  0  0  0  0 25]
 - Client 895: [ 0  0  0 25 25  0  0  0  0  0]
 - Client 896: [ 0  0 25 25  0  0  0  0  0  0]
 - Client 897: [ 0  0  0  0  0  0  0  0 25 25]
 - Client 898: [ 0  0  0  0  0  0  0  0 25 25]
 - Client 899: [ 0  0 25 25  0  0  0  0  0  0]
 - Client 900: [ 0  0 25 25  0  0  0  0  0  0]
 - Client 901: [25 25  0  0  0  0  0  0  0  0]
 - Client 902: [25 25  0  0  0  0  0  0  0  0]
 - Client 903: [ 0  0 25 25  0  0  0  0  0  0]
 - Client 904: [ 0  0  0  0 25 25  0  0  0  0]
 - Client 905: [25 25  0  0  0  0  0  0  0  0]
 - Client 906: [ 0 25 25  0  0  0  0  0  0  0]
 - Client 907: [25  0  0  0  0  0  0  0  0 25]
 - Client 908: [ 0  0 25 25  0  0  0  0  0  0]
 - Client 909: [ 0  0 25 25  0  0  0  0  0  0]
 - Client 910: [ 0  0  0  0  0  0 25 25  0  0]
 - Client 911: [ 0  0 25 25  0  0  0  0  0  0]
 - Client 912: [25 25  0  0  0  0  0  0  0  0]
 - Client 913: [ 0  0 25 25  0  0  0  0  0  0]
 - Client 914: [25 25  0  0  0  0  0  0  0  0]
 - Client 915: [ 0  0  0  0  0  0  0  0 25 25]
 - Client 916: [ 0  0  0 25 25  0  0  0  0  0]
 - Client 917: [ 0 25 25  0  0  0  0  0  0  0]
 - Client 918: [ 0  0  0  0  0  0  0 25 25  0]
 - Client 919: [25  0  0  0  0  0  0  0  0 25]
 - Client 920: [ 0  0  0  0  0  0 25 25  0  0]
 - Client 921: [ 0 25 25  0  0  0  0  0  0  0]
 - Client 922: [ 0  0  0  0  0 25 25  0  0  0]
 - Client 923: [ 0  0  0  0 25 25  0  0  0  0]
 - Client 924: [ 0  0  0  0  0  0 25 25  0  0]
 - Client 925: [ 0  0  0 25 25  0  0  0  0  0]
 - Client 926: [ 0  0  0  0  0  0  0 25 25  0]
 - Client 927: [ 0  0  0  0  0  0  0  0 25 25]
 - Client 928: [25  0  0  0  0  0  0  0  0 25]
 - Client 929: [ 0  0  0  0  0  0 25 25  0  0]
 - Client 930: [25  0  0  0  0  0  0  0  0 25]
 - Client 931: [ 0  0 25 25  0  0  0  0  0  0]
 - Client 932: [ 0  0  0  0 25 25  0  0  0  0]
 - Client 933: [ 0  0  0  0  0  0  0 25 25  0]
 - Client 934: [ 0  0  0  0  0  0 25 25  0  0]
 - Client 935: [ 0 25 25  0  0  0  0  0  0  0]
 - Client 936: [ 0  0  0  0  0  0 25 25  0  0]
 - Client 937: [25 25  0  0  0  0  0  0  0  0]
 - Client 938: [25 25  0  0  0  0  0  0  0  0]
 - Client 939: [ 0  0  0  0 25 25  0  0  0  0]
 - Client 940: [ 0  0  0 25 25  0  0  0  0  0]
 - Client 941: [25  0  0  0  0  0  0  0  0 25]
 - Client 942: [25 25  0  0  0  0  0  0  0  0]
 - Client 943: [ 0  0  0  0 25 25  0  0  0  0]
 - Client 944: [ 0  0  0  0  0  0  0  0 25 25]
 - Client 945: [ 0  0 25 25  0  0  0  0  0  0]
 - Client 946: [ 0  0 25 25  0  0  0  0  0  0]
 - Client 947: [ 0  0  0  0  0  0 25 25  0  0]
 - Client 948: [ 0  0  0  0  0  0  0  0 25 25]
 - Client 949: [ 0  0  0  0  0 25 25  0  0  0]
 - Client 950: [25  0  0  0  0  0  0  0  0 25]
 - Client 951: [ 0  0  0  0  0  0  0 25 25  0]
 - Client 952: [25 25  0  0  0  0  0  0  0  0]
 - Client 953: [ 0 25 25  0  0  0  0  0  0  0]
 - Client 954: [25 25  0  0  0  0  0  0  0  0]
 - Client 955: [ 0 25 25  0  0  0  0  0  0  0]
 - Client 956: [ 0  0  0  0  0  0 25 25  0  0]
 - Client 957: [ 0  0  0 25 25  0  0  0  0  0]
 - Client 958: [25  0  0  0  0  0  0  0  0 25]
 - Client 959: [ 0  0 25 25  0  0  0  0  0  0]
 - Client 960: [ 0  0  0  0 25  0 25  0  0  0]
 - Client 961: [ 0  0  0  0  0  0  0 25 25  0]
 - Client 962: [25  0  0  0  0  0  0  0  0 25]
 - Client 963: [ 0 25 25  0  0  0  0  0  0  0]
 - Client 964: [ 0  0  0  0  0  0  0 25 25  0]
 - Client 965: [ 0  0  0  0  0  0 25 25  0  0]
 - Client 966: [ 0  0  0  0  0  0 25 25  0  0]
 - Client 967: [ 0  0  0  0  0  0 25  0 25  0]
 - Client 968: [ 0  0  0  0  0  0  0  0 25 25]
 - Client 969: [ 0  0  0 25 25  0  0  0  0  0]
 - Client 970: [ 0  0  0  0  0  0  0  0 25 25]
 - Client 971: [ 0  0  0  0  0  0  0  0 25 25]
 - Client 972: [ 0  0 25 25  0  0  0  0  0  0]
 - Client 973: [ 0  0  0  0  0  0  0  0 25 25]
 - Client 974: [ 0  0 25 25  0  0  0  0  0  0]
 - Client 975: [25  0  0  0  0  0  0  0  0 25]
 - Client 976: [25  0  0  0  0  0  0  0  0 25]
 - Client 977: [25  0  0  0  0  0  0  0  0 25]
 - Client 978: [25  0  0  0  0  0  0  0  0 25]
 - Client 979: [25  0  0  0  0  0  0  0  0 25]
 - Client 980: [25  0  0  0  0  0  0  0  0 25]
 - Client 981: [25  0  0  0  0  0  0  0  0 25]
 - Client 982: [25 25  0  0  0  0  0  0  0  0]
 - Client 983: [25  0  0  0  0  0  0  0  0 25]
 - Client 984: [ 0 25  0 25  0  0  0  0  0  0]
 - Client 985: [ 0  0  0 25 25  0  0  0  0  0]
 - Client 986: [25  0  0  0  0  0  0  0  0 25]
 - Client 987: [25 25  0  0  0  0  0  0  0  0]
 - Client 988: [25 25  0  0  0  0  0  0  0  0]
 - Client 989: [25 25  0  0  0  0  0  0  0  0]
 - Client 990: [25 25  0  0  0  0  0  0  0  0]
 - Client 991: [25 25  0  0  0  0  0  0  0  0]
 - Client 992: [25 25  0  0  0  0  0  0  0  0]
 - Client 993: [25 25  0  0  0  0  0  0  0  0]
 - Client 994: [25 25  0  0  0  0  0  0  0  0]
 - Client 995: [25 25  0  0  0  0  0  0  0  0]
 - Client 996: [25 25  0  0  0  0  0  0  0  0]
 - Client 997: [25 25  0  0  0  0  0  0  0  0]
 - Client 998: [25 25  0  0  0  0  0  0  0  0]
 - Client 999: [ 0 50  0  0  0  0  0  0  0  0]

Model:
 - conv1.weight                   [6, 3, 5, 5]
 - conv1.bias                     [6]
 - conv2.weight                   [16, 6, 5, 5]
 - conv2.bias                     [16]
 - fc1.weight                     [120, 400]
 - fc1.bias                       [120]
 - fc2.weight                     [84, 120]
 - fc2.bias                       [84]
 - fc3.weight                     [10, 84]
 - fc3.bias                       [10]
Total number of Parameters:  62006

Start Distributed Training..

Experiment: main (1/6)
{'communication_round': 1, 'lr': 0.002, 'epochs': 1}
{'client_train_loss': 2.342385768890381}
{'server_val_accuracy': 0.0826}
Saved results to  /opt/small_files/manyclients_big/xp_85480.npz
Remaining Time (approx.): 00:43:04 [0.10%]

Experiment: main (1/6)
{'communication_round': 100, 'lr': 0.002, 'epochs': 100}
{'client_train_loss': 2.317058801651001}
{'server_val_accuracy': 0.0858}
Saved results to  /opt/small_files/manyclients_big/xp_85480.npz
Remaining Time (approx.): 00:02:27 [10.00%]

Experiment: main (1/6)
{'communication_round': 200, 'lr': 0.002, 'epochs': 200}
{'client_train_loss': 2.315796375274658}
{'server_val_accuracy': 0.0897}
Saved results to  /opt/small_files/manyclients_big/xp_85480.npz
Remaining Time (approx.): 00:02:01 [20.00%]

Experiment: main (1/6)
{'communication_round': 300, 'lr': 0.002, 'epochs': 300}
{'client_train_loss': 2.3283331394195557}
{'server_val_accuracy': 0.1012}
Saved results to  /opt/small_files/manyclients_big/xp_85480.npz
Remaining Time (approx.): 00:01:43 [30.00%]

slurmstepd: error: *** JOB 14164 ON vca-gpu-211-01 CANCELLED AT 2020-03-13T11:02:56 ***
