Running 1 Experiments..

Hyperparameters: 
 - dataset                 cifar10
 - net                     lenet_cifar
 - n_clients               10
 - n_data                  None
 - communication_rounds    3
 - local_epochs            1
 - participation_rate      1.0
 - classes_per_client      0
 - batch_size              128
 - balancedness            1.0
 - pretrained              None
 - save_model              None
 - log_frequency           1
 - log_path                results/trash/
 - finished                False
 - log_id                  43811

Files already downloaded and verified
Files already downloaded and verified
Data split:
 - Client 0: [495 527 490 494 502 491 477 534 487 503]
 - Client 1: [533 483 452 501 544 472 508 535 481 491]
 - Client 2: [515 478 515 502 505 471 494 501 526 493]
 - Client 3: [508 470 494 487 489 511 552 478 502 509]
 - Client 4: [485 502 502 539 469 520 493 484 502 504]
 - Client 5: [547 507 508 468 495 537 452 504 471 511]
 - Client 6: [485 510 497 540 501 522 506 497 476 466]
 - Client 7: [454 497 530 517 489 511 477 461 524 540]
 - Client 8: [481 488 500 484 485 485 532 525 512 508]
 - Client 9: [497 538 512 468 521 480 509 481 519 475]

Model:
 - conv1.weight                   [6, 3, 5, 5]
 - conv1.bias                     [6]
 - conv2.weight                   [16, 6, 5, 5]
 - conv2.bias                     [16]
 - fc1.weight                     [120, 400]
 - fc1.bias                       [120]
 - fc2.weight                     [84, 120]
 - fc2.bias                       [84]
 - fc3.weight                     [10, 84]
 - fc3.bias                       [10]
Total number of Parameters:  62006

Start Distributed Training..

Experiment: main (1/1)
{'communication_round': 1, 'lr': 0.002, 'epochs': 1}
{'client_train_loss': 2.2972616416931153}
{'server_val_accuracy': 0.0978}
Saved results to  results/trash/xp_43811.npz
Remaining Time (approx.): 00:00:21 [33.33%]

Experiment: main (1/1)
{'communication_round': 2, 'lr': 0.002, 'epochs': 2}
{'client_train_loss': 2.289437232208252}
{'server_val_accuracy': 0.1274}
Saved results to  results/trash/xp_43811.npz
Remaining Time (approx.): 00:00:10 [66.67%]

Experiment: main (1/1)
{'communication_round': 3, 'lr': 0.002, 'epochs': 3}
{'client_train_loss': 2.2706446769714357}
{'server_val_accuracy': 0.1799}
Saved results to  results/trash/xp_43811.npz
Remaining Time (approx.): 00:00:00 [100.00%]

