Running 1 Experiments..

Hyperparameters: 
 - dataset                 cifar10
 - net                     lenet_cifar
 - n_clients               10
 - n_data                  None
 - communication_rounds    3
 - local_epochs            1
 - participation_rate      1.0
 - classes_per_client      0
 - batch_size              128
 - balancedness            1.0
 - pretrained              None
 - save_model              None
 - log_frequency           1
 - log_path                results/trash/
 - finished                False
 - log_id                  46806

Files already downloaded and verified
Files already downloaded and verified
Data split:
 - Client 0: [525 521 497 528 509 484 459 503 471 503]
 - Client 1: [514 516 489 487 513 464 516 533 494 474]
 - Client 2: [547 459 478 469 481 524 476 527 525 514]
 - Client 3: [486 499 475 477 525 518 521 476 516 507]
 - Client 4: [504 491 499 518 489 509 483 456 524 527]
 - Client 5: [485 471 523 489 489 533 528 500 505 477]
 - Client 6: [476 528 494 517 476 488 516 495 518 492]
 - Client 7: [483 500 525 481 516 500 494 509 484 508]
 - Client 8: [505 529 531 517 493 498 508 482 467 470]
 - Client 9: [475 486 489 517 509 482 499 519 496 528]

Model:
 - conv1.weight                   [6, 3, 5, 5]
 - conv1.bias                     [6]
 - conv2.weight                   [16, 6, 5, 5]
 - conv2.bias                     [16]
 - fc1.weight                     [120, 400]
 - fc1.bias                       [120]
 - fc2.weight                     [84, 120]
 - fc2.bias                       [84]
 - fc3.weight                     [10, 84]
 - fc3.bias                       [10]
Total number of Parameters:  62006

Start Distributed Training..

Experiment: main (1/1)
{'communication_round': 1, 'lr': 0.002, 'epochs': 1}
{'client_train_loss': 2.3042172187805177}
{'server_val_accuracy': 0.1004}
Saved results to  results/trash/xp_46806.npz
Remaining Time (approx.): 00:00:20 [33.33%]

Experiment: main (1/1)
{'communication_round': 2, 'lr': 0.002, 'epochs': 2}
{'client_train_loss': 2.296279271697998}
{'server_val_accuracy': 0.1013}
Saved results to  results/trash/xp_46806.npz
Remaining Time (approx.): 00:00:09 [66.67%]

Experiment: main (1/1)
{'communication_round': 3, 'lr': 0.002, 'epochs': 3}
{'client_train_loss': 2.2907537216186524}
{'server_val_accuracy': 0.1062}
Saved results to  results/trash/xp_46806.npz
Remaining Time (approx.): 00:00:00 [100.00%]

