Running 1 Experiments..

Hyperparameters: 
 - dataset                 cifar10
 - net                     lenet_cifar
 - n_clients               10
 - n_data                  None
 - communication_rounds    3
 - local_epochs            1
 - participation_rate      1.0
 - classes_per_client      0
 - batch_size              128
 - balancedness            1.0
 - pretrained              None
 - save_model              None
 - log_frequency           1
 - log_path                
 - finished                False
 - log_id                  83241

Files already downloaded and verified
Files already downloaded and verified
Data split:
 - Client 0: [532 486 497 470 489 513 505 504 473 531]
 - Client 1: [520 477 457 506 506 508 519 493 505 509]
 - Client 2: [516 499 514 542 495 485 481 495 490 483]
 - Client 3: [511 498 506 493 490 480 515 511 507 489]
 - Client 4: [503 485 478 489 507 486 513 581 459 499]
 - Client 5: [501 489 492 531 484 526 460 505 505 507]
 - Client 6: [454 525 516 505 488 528 521 488 477 498]
 - Client 7: [495 515 535 483 515 480 496 487 477 517]
 - Client 8: [481 519 504 495 526 471 510 455 565 474]
 - Client 9: [487 507 501 486 500 523 480 481 542 493]

Model:
 - conv1.weight                   [6, 3, 5, 5]
 - conv1.bias                     [6]
 - conv2.weight                   [16, 6, 5, 5]
 - conv2.bias                     [16]
 - fc1.weight                     [120, 400]
 - fc1.bias                       [120]
 - fc2.weight                     [84, 120]
 - fc2.bias                       [84]
 - fc3.weight                     [10, 84]
 - fc3.bias                       [10]
Total number of Parameters:  62006

Start Distributed Training..

Experiment: main (1/1)
{'communication_round': 1, 'lr': 0.002, 'epochs': 1}
{'client_train_loss': 2.30436919631958}
{'server_val_accuracy': 0.1002}
Remaining Time (approx.): 00:00:18 [33.33%]

Experiment: main (1/1)
{'communication_round': 2, 'lr': 0.002, 'epochs': 2}
{'client_train_loss': 2.30384430770874}
{'server_val_accuracy': 0.1126}
Remaining Time (approx.): 00:00:09 [66.67%]

Experiment: main (1/1)
{'communication_round': 3, 'lr': 0.002, 'epochs': 3}
{'client_train_loss': 2.298555428314209}
{'server_val_accuracy': 0.1392}
Remaining Time (approx.): 00:00:00 [100.00%]

