Running 1 Experiments..

Hyperparameters: 
 - dataset                 cifar10
 - net                     lenet_cifar
 - n_clients               10
 - n_data                  None
 - communication_rounds    2
 - local_epochs            1
 - participation_rate      1.0
 - classes_per_client      0
 - batch_size              128
 - balancedness            1.0
 - pretrained              None
 - save_model              None
 - log_frequency           1
 - log_path                /opt/code/test/
 - finished                False
 - log_id                  57178

Files already downloaded and verified
Files already downloaded and verified
Data split:
 - Client 0: [486 497 505 507 497 496 529 477 490 516]
 - Client 1: [488 496 483 527 484 558 497 485 488 494]
 - Client 2: [473 568 543 497 517 454 507 470 474 497]
 - Client 3: [562 464 500 483 514 505 492 493 457 530]
 - Client 4: [500 482 486 501 485 535 485 501 484 541]
 - Client 5: [509 512 493 486 531 466 492 509 519 483]
 - Client 6: [516 504 487 497 486 487 486 507 536 494]
 - Client 7: [465 478 553 503 473 506 512 545 506 459]
 - Client 8: [523 495 461 480 517 508 484 496 533 503]
 - Client 9: [478 504 489 519 496 485 516 517 513 483]

Model:
 - conv1.weight                   [6, 3, 5, 5]
 - conv1.bias                     [6]
 - conv2.weight                   [16, 6, 5, 5]
 - conv2.bias                     [16]
 - fc1.weight                     [120, 400]
 - fc1.bias                       [120]
 - fc2.weight                     [84, 120]
 - fc2.bias                       [84]
 - fc3.weight                     [10, 84]
 - fc3.bias                       [10]
Total number of Parameters:  62006

Start Distributed Training..

Experiment: main (1/1)
{'communication_round': 1, 'lr': 0.002, 'epochs': 1}
{'client_train_loss': 2.302753753662109}
{'server_val_accuracy': 0.1043}
Saved results to  /opt/code/test/xp_57178.npz
Remaining Time (approx.): 00:00:10 [50.00%]

Experiment: main (1/1)
{'communication_round': 2, 'lr': 0.002, 'epochs': 2}
{'client_train_loss': 2.3019707359313966}
{'server_val_accuracy': 0.1107}
Saved results to  /opt/code/test/xp_57178.npz
Remaining Time (approx.): 00:00:00 [100.00%]

