Running 1 Experiments..

Hyperparameters: 
 - dataset                 cifar10
 - net                     lenet_cifar
 - n_clients               10
 - n_data                  None
 - communication_rounds    2
 - local_epochs            1
 - participation_rate      1.0
 - classes_per_client      0
 - batch_size              128
 - balancedness            1.0
 - pretrained              None
 - save_model              None
 - log_frequency           1
 - log_path                /mnt/output/test/
 - finished                False
 - log_id                  75611

Files already downloaded and verified
Files already downloaded and verified
Data split:
 - Client 0: [487 511 509 520 499 504 486 460 519 505]
 - Client 1: [507 509 490 519 527 474 514 467 513 480]
 - Client 2: [514 470 486 499 521 525 512 515 485 473]
 - Client 3: [515 521 482 509 479 494 472 516 471 541]
 - Client 4: [488 486 511 530 480 522 508 480 497 498]
 - Client 5: [479 506 514 489 501 481 506 537 504 483]
 - Client 6: [504 473 496 492 483 491 517 520 505 519]
 - Client 7: [505 472 501 505 497 492 516 487 490 535]
 - Client 8: [497 520 489 472 492 521 483 520 489 517]
 - Client 9: [504 532 522 465 521 496 486 498 527 449]

Model:
 - conv1.weight                   [6, 3, 5, 5]
 - conv1.bias                     [6]
 - conv2.weight                   [16, 6, 5, 5]
 - conv2.bias                     [16]
 - fc1.weight                     [120, 400]
 - fc1.bias                       [120]
 - fc2.weight                     [84, 120]
 - fc2.bias                       [84]
 - fc3.weight                     [10, 84]
 - fc3.bias                       [10]
Total number of Parameters:  62006

Start Distributed Training..

Experiment: main (1/1)
{'communication_round': 1, 'lr': 0.002, 'epochs': 1}
{'client_train_loss': 2.2998906105041503}
{'server_val_accuracy': 0.1284}
Saved results to  /mnt/output/test/xp_75611.npz
Remaining Time (approx.): 00:00:16 [50.00%]

Experiment: main (1/1)
{'communication_round': 2, 'lr': 0.002, 'epochs': 2}
{'client_train_loss': 2.294636619949341}
{'server_val_accuracy': 0.1407}
Saved results to  /mnt/output/test/xp_75611.npz
Remaining Time (approx.): 00:00:00 [100.00%]

cp: cannot stat '/data/local/jobs/5399/5399': No such file or directory
