Running 1 Experiments..

Hyperparameters: 
 - dataset                 cifar10
 - net                     lenet_cifar
 - n_clients               10
 - n_data                  None
 - communication_rounds    2
 - local_epochs            1
 - participation_rate      1.0
 - classes_per_client      0
 - batch_size              128
 - balancedness            1.0
 - pretrained              None
 - save_model              None
 - log_frequency           1
 - log_path                /mnt/output/test/
 - finished                False
 - log_id                  93271

Files already downloaded and verified
Files already downloaded and verified
Data split:
 - Client 0: [519 508 461 490 499 503 526 477 495 522]
 - Client 1: [468 472 518 493 514 506 491 481 556 501]
 - Client 2: [503 514 481 506 501 506 517 504 487 481]
 - Client 3: [489 479 520 511 466 488 500 540 479 528]
 - Client 4: [516 491 524 498 489 481 480 496 528 497]
 - Client 5: [496 469 506 483 505 518 542 520 472 489]
 - Client 6: [492 529 493 499 478 498 482 533 521 475]
 - Client 7: [542 498 496 476 526 511 467 491 478 515]
 - Client 8: [491 540 490 540 486 490 478 466 511 508]
 - Client 9: [484 500 511 504 536 499 517 492 473 484]

Model:
 - conv1.weight                   [6, 3, 5, 5]
 - conv1.bias                     [6]
 - conv2.weight                   [16, 6, 5, 5]
 - conv2.bias                     [16]
 - fc1.weight                     [120, 400]
 - fc1.bias                       [120]
 - fc2.weight                     [84, 120]
 - fc2.bias                       [84]
 - fc3.weight                     [10, 84]
 - fc3.bias                       [10]
Total number of Parameters:  62006

Start Distributed Training..

Experiment: main (1/1)
{'communication_round': 1, 'lr': 0.002, 'epochs': 1}
{'client_train_loss': 2.304086344909668}
{'server_val_accuracy': 0.1025}
Saved results to  /mnt/output/test/xp_93271.npz
Remaining Time (approx.): 00:00:10 [50.00%]

Experiment: main (1/1)
{'communication_round': 2, 'lr': 0.002, 'epochs': 2}
{'client_train_loss': 2.2988806514739992}
{'server_val_accuracy': 0.1415}
Saved results to  /mnt/output/test/xp_93271.npz
Remaining Time (approx.): 00:00:00 [100.00%]

