Running 1 Experiments..

Hyperparameters: 
 - dataset                 cifar10
 - net                     lenet_cifar
 - n_clients               10
 - n_data                  None
 - communication_rounds    2
 - local_epochs            1
 - participation_rate      1.0
 - classes_per_client      0
 - batch_size              128
 - balancedness            1.0
 - pretrained              None
 - save_model              None
 - log_frequency           1
 - log_path                test/
 - finished                False
 - log_id                  83141

Files already downloaded and verified
Files already downloaded and verified
Data split:
 - Client 0: [510 514 473 505 504 491 513 487 500 503]
 - Client 1: [507 491 494 484 517 491 485 513 507 511]
 - Client 2: [525 514 529 463 520 475 526 488 467 493]
 - Client 3: [477 493 528 502 501 517 476 483 512 511]
 - Client 4: [525 489 535 501 506 490 516 502 452 484]
 - Client 5: [483 522 477 509 530 530 475 494 466 514]
 - Client 6: [498 486 462 543 472 489 487 554 514 495]
 - Client 7: [459 493 514 473 494 511 506 502 527 521]
 - Client 8: [496 503 485 516 476 505 499 491 543 486]
 - Client 9: [520 495 503 504 480 501 517 486 512 482]

Model:
 - conv1.weight                   [6, 3, 5, 5]
 - conv1.bias                     [6]
 - conv2.weight                   [16, 6, 5, 5]
 - conv2.bias                     [16]
 - fc1.weight                     [120, 400]
 - fc1.bias                       [120]
 - fc2.weight                     [84, 120]
 - fc2.bias                       [84]
 - fc3.weight                     [10, 84]
 - fc3.bias                       [10]
Total number of Parameters:  62006

Start Distributed Training..

Experiment: main (1/1)
{'communication_round': 1, 'lr': 0.002, 'epochs': 1}
{'client_train_loss': 2.304381676483154}
{'server_val_accuracy': 0.1067}
Traceback (most recent call last):
  File "/opt/code/federated_learning.py", line 106, in <module>
    run()
  File "/opt/code/federated_learning.py", line 102, in run
    run_experiments(experiments)
  File "/opt/code/federated_learning.py", line 78, in run_experiments
    xp.save_to_disc(path=RESULTS_PATH+hp['log_path'])
  File "/opt/code/experiment_manager.py", line 110, in save_to_disc
    save_results(self.to_dict(), RESULTS_PATH+path, 'xp_'+str(self.hyperparameters['log_id']))
NameError: name 'RESULTS_PATH' is not defined
