Running 1 Experiments..

Hyperparameters: 
 - dataset                 cifar10
 - net                     lenet_cifar
 - n_clients               10
 - n_data                  None
 - communication_rounds    2
 - local_epochs            1
 - participation_rate      1.0
 - classes_per_client      0
 - batch_size              128
 - balancedness            1.0
 - pretrained              None
 - save_model              None
 - log_frequency           1
 - log_path                test/
 - finished                False
 - log_id                  8245

Files already downloaded and verified
Files already downloaded and verified
Data split:
 - Client 0: [486 484 470 485 506 502 497 548 514 508]
 - Client 1: [474 498 500 494 512 499 503 483 518 519]
 - Client 2: [514 520 498 524 505 505 464 471 489 510]
 - Client 3: [533 488 472 510 506 501 522 532 467 469]
 - Client 4: [506 525 498 507 496 475 522 480 456 535]
 - Client 5: [501 481 559 491 465 489 487 515 527 485]
 - Client 6: [490 512 535 493 513 509 486 470 486 506]
 - Client 7: [505 484 480 511 519 508 494 504 500 495]
 - Client 8: [504 495 491 501 502 526 521 466 529 465]
 - Client 9: [487 513 497 484 476 486 504 531 514 508]

Model:
 - conv1.weight                   [6, 3, 5, 5]
 - conv1.bias                     [6]
 - conv2.weight                   [16, 6, 5, 5]
 - conv2.bias                     [16]
 - fc1.weight                     [120, 400]
 - fc1.bias                       [120]
 - fc2.weight                     [84, 120]
 - fc2.bias                       [84]
 - fc3.weight                     [10, 84]
 - fc3.bias                       [10]
Total number of Parameters:  62006

Start Distributed Training..

Experiment: main (1/1)
{'communication_round': 1, 'lr': 0.002, 'epochs': 1}
{'client_train_loss': 2.3026223175048828}
{'server_val_accuracy': 0.1051}
Saved results to  /mnt/output/test/xp_8245.npz
Remaining Time (approx.): 00:00:09 [50.00%]

Experiment: main (1/1)
{'communication_round': 2, 'lr': 0.002, 'epochs': 2}
{'client_train_loss': 2.2919831951141356}
{'server_val_accuracy': 0.1067}
Saved results to  /mnt/output/test/xp_8245.npz
Remaining Time (approx.): 00:00:00 [100.00%]

